{"D:\\minshuku-saas\\src\\core\\account\\domain\\entity\\value-objects\\booking-context.vo.ts": {"path":"D:\\minshuku-saas\\src\\core\\account\\domain\\entity\\value-objects\\booking-context.vo.ts","statementMap":{"0":{"start":{"line":19,"column":0},"end":{"line":19,"column":16}},"1":{"start":{"line":20,"column":2},"end":{"line":20,"column":63}},"2":{"start":{"line":20,"column":22},"end":{"line":20,"column":63}},"3":{"start":{"line":21,"column":2},"end":{"line":21,"column":63}},"4":{"start":{"line":21,"column":22},"end":{"line":21,"column":63}},"5":{"start":{"line":22,"column":2},"end":{"line":22,"column":65}},"6":{"start":{"line":22,"column":23},"end":{"line":22,"column":65}},"7":{"start":{"line":23,"column":2},"end":{"line":38,"column":4}}},"fnMap":{"0":{"name":"createBookingContext","decl":{"start":{"line":19,"column":16},"end":{"line":19,"column":36}},"loc":{"start":{"line":19,"column":65},"end":{"line":39,"column":1}}}},"branchMap":{"0":{"loc":{"start":{"line":20,"column":2},"end":{"line":20,"column":63}},"type":"if","locations":[{"start":{"line":20,"column":2},"end":{"line":20,"column":63}},{"start":{},"end":{}}]},"1":{"loc":{"start":{"line":21,"column":2},"end":{"line":21,"column":63}},"type":"if","locations":[{"start":{"line":21,"column":2},"end":{"line":21,"column":63}},{"start":{},"end":{}}]},"2":{"loc":{"start":{"line":22,"column":2},"end":{"line":22,"column":65}},"type":"if","locations":[{"start":{"line":22,"column":2},"end":{"line":22,"column":65}},{"start":{},"end":{}}]},"3":{"loc":{"start":{"line":27,"column":14},"end":{"line":27,"column":32}},"type":"binary-expr","locations":[{"start":{"line":27,"column":14},"end":{"line":27,"column":26}},{"start":{"line":27,"column":30},"end":{"line":27,"column":32}}]},"4":{"loc":{"start":{"line":28,"column":26},"end":{"line":28,"column":55}},"type":"binary-expr","locations":[{"start":{"line":28,"column":26},"end":{"line":28,"column":41}},{"start":{"line":28,"column":45},"end":{"line":28,"column":55}}]},"5":{"loc":{"start":{"line":29,"column":27},"end":{"line":29,"column":57}},"type":"binary-expr","locations":[{"start":{"line":29,"column":27},"end":{"line":29,"column":43}},{"start":{"line":29,"column":47},"end":{"line":29,"column":57}}]},"6":{"loc":{"start":{"line":30,"column":18},"end":{"line":30,"column":39}},"type":"binary-expr","locations":[{"start":{"line":30,"column":18},"end":{"line":30,"column":34}},{"start":{"line":30,"column":38},"end":{"line":30,"column":39}}]},"7":{"loc":{"start":{"line":31,"column":16},"end":{"line":31,"column":35}},"type":"binary-expr","locations":[{"start":{"line":31,"column":16},"end":{"line":31,"column":30}},{"start":{"line":31,"column":34},"end":{"line":31,"column":35}}]},"8":{"loc":{"start":{"line":32,"column":19},"end":{"line":32,"column":41}},"type":"binary-expr","locations":[{"start":{"line":32,"column":19},"end":{"line":32,"column":36}},{"start":{"line":32,"column":40},"end":{"line":32,"column":41}}]},"9":{"loc":{"start":{"line":33,"column":14},"end":{"line":33,"column":31}},"type":"binary-expr","locations":[{"start":{"line":33,"column":14},"end":{"line":33,"column":26}},{"start":{"line":33,"column":30},"end":{"line":33,"column":31}}]},"10":{"loc":{"start":{"line":34,"column":12},"end":{"line":34,"column":35}},"type":"binary-expr","locations":[{"start":{"line":34,"column":12},"end":{"line":34,"column":22}},{"start":{"line":34,"column":26},"end":{"line":34,"column":35}}]},"11":{"loc":{"start":{"line":35,"column":24},"end":{"line":35,"column":51}},"type":"binary-expr","locations":[{"start":{"line":35,"column":24},"end":{"line":35,"column":37}},{"start":{"line":35,"column":41},"end":{"line":35,"column":51}}]}},"s":{"0":1,"1":0,"2":0,"3":0,"4":0,"5":0,"6":0,"7":0},"f":{"0":0},"b":{"0":[0,0],"1":[0,0],"2":[0,0],"3":[0,0],"4":[0,0],"5":[0,0],"6":[0,0],"7":[0,0],"8":[0,0],"9":[0,0],"10":[0,0],"11":[0,0]}}
,"D:\\minshuku-saas\\src\\core\\account\\domain\\entity\\value-objects\\rule-result.vo.ts": {"path":"D:\\minshuku-saas\\src\\core\\account\\domain\\entity\\value-objects\\rule-result.vo.ts","statementMap":{"0":{"start":{"line":9,"column":0},"end":{"line":9,"column":16}},"1":{"start":{"line":13,"column":0},"end":{"line":13,"column":16}},"2":{"start":{"line":10,"column":2},"end":{"line":10,"column":62}},"3":{"start":{"line":14,"column":2},"end":{"line":14,"column":55}}},"fnMap":{"0":{"name":"rulePassed","decl":{"start":{"line":9,"column":16},"end":{"line":9,"column":26}},"loc":{"start":{"line":9,"column":61},"end":{"line":11,"column":1}}},"1":{"name":"ruleFailed","decl":{"start":{"line":13,"column":16},"end":{"line":13,"column":26}},"loc":{"start":{"line":13,"column":95},"end":{"line":15,"column":1}}}},"branchMap":{"0":{"loc":{"start":{"line":10,"column":44},"end":{"line":10,"column":59}},"type":"binary-expr","locations":[{"start":{"line":10,"column":44},"end":{"line":10,"column":51}},{"start":{"line":10,"column":55},"end":{"line":10,"column":59}}]}},"s":{"0":1,"1":1,"2":0,"3":0},"f":{"0":0,"1":0},"b":{"0":[0,0]}}
,"D:\\minshuku-saas\\src\\core\\account\\domain\\rules\\booking-validation.rule.ts": {"path":"D:\\minshuku-saas\\src\\core\\account\\domain\\rules\\booking-validation.rule.ts","statementMap":{"0":{"start":{"line":4,"column":0},"end":{"line":4,"column":92}},"1":{"start":{"line":26,"column":34},"end":{"line":26,"column":36}},"2":{"start":{"line":29,"column":4},"end":{"line":38,"column":5}},"3":{"start":{"line":30,"column":6},"end":{"line":35,"column":8}},"4":{"start":{"line":37,"column":6},"end":{"line":37,"column":60}},"5":{"start":{"line":41,"column":4},"end":{"line":50,"column":5}},"6":{"start":{"line":42,"column":6},"end":{"line":47,"column":8}},"7":{"start":{"line":49,"column":6},"end":{"line":49,"column":49}},"8":{"start":{"line":52,"column":4},"end":{"line":61,"column":5}},"9":{"start":{"line":53,"column":6},"end":{"line":58,"column":8}},"10":{"start":{"line":60,"column":6},"end":{"line":60,"column":55}},"11":{"start":{"line":64,"column":4},"end":{"line":70,"column":5}},"12":{"start":{"line":65,"column":6},"end":{"line":67,"column":8}},"13":{"start":{"line":69,"column":6},"end":{"line":69,"column":48}},"14":{"start":{"line":73,"column":4},"end":{"line":82,"column":5}},"15":{"start":{"line":74,"column":6},"end":{"line":79,"column":8}},"16":{"start":{"line":81,"column":6},"end":{"line":81,"column":55}},"17":{"start":{"line":85,"column":4},"end":{"line":94,"column":5}},"18":{"start":{"line":86,"column":6},"end":{"line":91,"column":8}},"19":{"start":{"line":93,"column":6},"end":{"line":93,"column":53}},"20":{"start":{"line":96,"column":4},"end":{"line":96,"column":19}},"21":{"start":{"line":107,"column":20},"end":{"line":107,"column":75}},"22":{"start":{"line":108,"column":21},"end":{"line":108,"column":53}},"23":{"start":{"line":108,"column":43},"end":{"line":108,"column":52}},"24":{"start":{"line":109,"column":4},"end":{"line":112,"column":5}},"25":{"start":{"line":110,"column":23},"end":{"line":110,"column":85}},"26":{"start":{"line":110,"column":43},"end":{"line":110,"column":73}},"27":{"start":{"line":111,"column":6},"end":{"line":111,"column":65}},"28":{"start":{"line":6,"column":0},"end":{"line":6,"column":13}},"29":{"start":{"line":7,"column":18},"end":{"line":7,"column":51}}},"fnMap":{"0":{"name":"(anonymous_0)","decl":{"start":{"line":21,"column":2},"end":{"line":21,"column":8}},"loc":{"start":{"line":24,"column":32},"end":{"line":97,"column":3}}},"1":{"name":"(anonymous_1)","decl":{"start":{"line":102,"column":2},"end":{"line":102,"column":8}},"loc":{"start":{"line":105,"column":32},"end":{"line":113,"column":3}}},"2":{"name":"(anonymous_2)","decl":{"start":{"line":108,"column":36},"end":{"line":108,"column":37}},"loc":{"start":{"line":108,"column":43},"end":{"line":108,"column":52}}},"3":{"name":"(anonymous_3)","decl":{"start":{"line":110,"column":36},"end":{"line":110,"column":37}},"loc":{"start":{"line":110,"column":43},"end":{"line":110,"column":73}}}},"branchMap":{"0":{"loc":{"start":{"line":23,"column":4},"end":{"line":23,"column":33}},"type":"default-arg","locations":[{"start":{"line":23,"column":32},"end":{"line":23,"column":33}}]},"1":{"loc":{"start":{"line":24,"column":4},"end":{"line":24,"column":32}},"type":"default-arg","locations":[{"start":{"line":24,"column":31},"end":{"line":24,"column":32}}]},"2":{"loc":{"start":{"line":29,"column":4},"end":{"line":38,"column":5}},"type":"if","locations":[{"start":{"line":29,"column":4},"end":{"line":38,"column":5}},{"start":{"line":36,"column":11},"end":{"line":38,"column":5}}]},"3":{"loc":{"start":{"line":41,"column":4},"end":{"line":50,"column":5}},"type":"if","locations":[{"start":{"line":41,"column":4},"end":{"line":50,"column":5}},{"start":{"line":48,"column":11},"end":{"line":50,"column":5}}]},"4":{"loc":{"start":{"line":52,"column":4},"end":{"line":61,"column":5}},"type":"if","locations":[{"start":{"line":52,"column":4},"end":{"line":61,"column":5}},{"start":{"line":59,"column":11},"end":{"line":61,"column":5}}]},"5":{"loc":{"start":{"line":64,"column":4},"end":{"line":70,"column":5}},"type":"if","locations":[{"start":{"line":64,"column":4},"end":{"line":70,"column":5}},{"start":{"line":68,"column":11},"end":{"line":70,"column":5}}]},"6":{"loc":{"start":{"line":73,"column":4},"end":{"line":82,"column":5}},"type":"if","locations":[{"start":{"line":73,"column":4},"end":{"line":82,"column":5}},{"start":{"line":80,"column":11},"end":{"line":82,"column":5}}]},"7":{"loc":{"start":{"line":85,"column":4},"end":{"line":94,"column":5}},"type":"if","locations":[{"start":{"line":85,"column":4},"end":{"line":94,"column":5}},{"start":{"line":92,"column":11},"end":{"line":94,"column":5}}]},"8":{"loc":{"start":{"line":104,"column":4},"end":{"line":104,"column":33}},"type":"default-arg","locations":[{"start":{"line":104,"column":32},"end":{"line":104,"column":33}}]},"9":{"loc":{"start":{"line":105,"column":4},"end":{"line":105,"column":32}},"type":"default-arg","locations":[{"start":{"line":105,"column":31},"end":{"line":105,"column":32}}]},"10":{"loc":{"start":{"line":109,"column":4},"end":{"line":112,"column":5}},"type":"if","locations":[{"start":{"line":109,"column":4},"end":{"line":112,"column":5}},{"start":{},"end":{}}]}},"s":{"0":1,"1":0,"2":0,"3":0,"4":0,"5":0,"6":0,"7":0,"8":0,"9":0,"10":0,"11":0,"12":0,"13":0,"14":0,"15":0,"16":0,"17":0,"18":0,"19":0,"20":0,"21":0,"22":0,"23":0,"24":0,"25":0,"26":0,"27":0,"28":1,"29":1},"f":{"0":0,"1":0,"2":0,"3":0},"b":{"0":[0],"1":[0],"2":[0,0],"3":[0,0],"4":[0,0],"5":[0,0],"6":[0,0],"7":[0,0],"8":[0],"9":[0],"10":[0,0]}}
,"D:\\minshuku-saas\\src\\core\\account\\domain\\rules\\cancellation-policy.rule.ts": {"path":"D:\\minshuku-saas\\src\\core\\account\\domain\\rules\\cancellation-policy.rule.ts","statementMap":{"0":{"start":{"line":4,"column":0},"end":{"line":4,"column":92}},"1":{"start":{"line":18,"column":6},"end":{"line":18,"column":76}},"2":{"start":{"line":21,"column":4},"end":{"line":26,"column":5}},"3":{"start":{"line":22,"column":6},"end":{"line":25,"column":8}},"4":{"start":{"line":29,"column":4},"end":{"line":34,"column":5}},"5":{"start":{"line":30,"column":6},"end":{"line":33,"column":8}},"6":{"start":{"line":37,"column":4},"end":{"line":40,"column":6}},"7":{"start":{"line":6,"column":0},"end":{"line":6,"column":13}},"8":{"start":{"line":7,"column":18},"end":{"line":7,"column":52}},"9":{"start":{"line":8,"column":18},"end":{"line":8,"column":47}}},"fnMap":{"0":{"name":"(anonymous_0)","decl":{"start":{"line":16,"column":2},"end":{"line":16,"column":8}},"loc":{"start":{"line":16,"column":69},"end":{"line":41,"column":3}}}},"branchMap":{"0":{"loc":{"start":{"line":16,"column":39},"end":{"line":16,"column":69}},"type":"default-arg","locations":[{"start":{"line":16,"column":59},"end":{"line":16,"column":69}}]},"1":{"loc":{"start":{"line":21,"column":4},"end":{"line":26,"column":5}},"type":"if","locations":[{"start":{"line":21,"column":4},"end":{"line":26,"column":5}},{"start":{},"end":{}}]},"2":{"loc":{"start":{"line":29,"column":4},"end":{"line":34,"column":5}},"type":"if","locations":[{"start":{"line":29,"column":4},"end":{"line":34,"column":5}},{"start":{},"end":{}}]}},"s":{"0":1,"1":0,"2":0,"3":0,"4":0,"5":0,"6":0,"7":1,"8":1,"9":1},"f":{"0":0},"b":{"0":[0],"1":[0,0],"2":[0,0]}}
,"D:\\minshuku-saas\\src\\core\\account\\domain\\rules\\cleaning-fee.rule.ts": {"path":"D:\\minshuku-saas\\src\\core\\account\\domain\\rules\\cleaning-fee.rule.ts","statementMap":{"0":{"start":{"line":4,"column":0},"end":{"line":4,"column":92}},"1":{"start":{"line":7,"column":26},"end":{"line":7,"column":30}},"2":{"start":{"line":8,"column":34},"end":{"line":8,"column":37}},"3":{"start":{"line":9,"column":40},"end":{"line":9,"column":44}},"4":{"start":{"line":10,"column":35},"end":{"line":10,"column":36}},"5":{"start":{"line":24,"column":21},"end":{"line":24,"column":40}},"6":{"start":{"line":25,"column":19},"end":{"line":26,"column":null}},"7":{"start":{"line":29,"column":4},"end":{"line":34,"column":5}},"8":{"start":{"line":30,"column":6},"end":{"line":33,"column":8}},"9":{"start":{"line":37,"column":14},"end":{"line":37,"column":31}},"10":{"start":{"line":40,"column":27},"end":{"line":40,"column":61}},"11":{"start":{"line":41,"column":4},"end":{"line":41,"column":54}},"12":{"start":{"line":44,"column":4},"end":{"line":46,"column":5}},"13":{"start":{"line":45,"column":6},"end":{"line":45,"column":68}},"14":{"start":{"line":49,"column":4},"end":{"line":54,"column":5}},"15":{"start":{"line":50,"column":6},"end":{"line":53,"column":8}},"16":{"start":{"line":56,"column":4},"end":{"line":62,"column":6}},"17":{"start":{"line":12,"column":0},"end":{"line":12,"column":13}},"18":{"start":{"line":13,"column":18},"end":{"line":13,"column":45}}},"fnMap":{"0":{"name":"(anonymous_0)","decl":{"start":{"line":23,"column":2},"end":{"line":23,"column":8}},"loc":{"start":{"line":23,"column":38},"end":{"line":63,"column":3}}}},"branchMap":{"0":{"loc":{"start":{"line":29,"column":4},"end":{"line":34,"column":5}},"type":"if","locations":[{"start":{"line":29,"column":4},"end":{"line":34,"column":5}},{"start":{},"end":{}}]},"1":{"loc":{"start":{"line":44,"column":4},"end":{"line":46,"column":5}},"type":"if","locations":[{"start":{"line":44,"column":4},"end":{"line":46,"column":5}},{"start":{},"end":{}}]},"2":{"loc":{"start":{"line":49,"column":4},"end":{"line":54,"column":5}},"type":"if","locations":[{"start":{"line":49,"column":4},"end":{"line":54,"column":5}},{"start":{},"end":{}}]},"3":{"loc":{"start":{"line":59,"column":82},"end":{"line":59,"column":136}},"type":"cond-expr","locations":[{"start":{"line":59,"column":103},"end":{"line":59,"column":131}},{"start":{"line":59,"column":134},"end":{"line":59,"column":136}}]},"4":{"loc":{"start":{"line":59,"column":139},"end":{"line":59,"column":212}},"type":"cond-expr","locations":[{"start":{"line":59,"column":177},"end":{"line":59,"column":207}},{"start":{"line":59,"column":210},"end":{"line":59,"column":212}}]}},"s":{"0":1,"1":1,"2":1,"3":1,"4":1,"5":0,"6":0,"7":0,"8":0,"9":0,"10":0,"11":0,"12":0,"13":0,"14":0,"15":0,"16":0,"17":1,"18":1},"f":{"0":0},"b":{"0":[0,0],"1":[0,0],"2":[0,0],"3":[0,0],"4":[0,0]}}
,"D:\\minshuku-saas\\src\\core\\account\\domain\\rules\\coupon.rule.ts": {"path":"D:\\minshuku-saas\\src\\core\\account\\domain\\rules\\coupon.rule.ts","statementMap":{"0":{"start":{"line":22,"column":19},"end":{"line":22,"column":38}},"1":{"start":{"line":36,"column":4},"end":{"line":44,"column":5}},"2":{"start":{"line":37,"column":6},"end":{"line":43,"column":8}},"3":{"start":{"line":47,"column":4},"end":{"line":55,"column":5}},"4":{"start":{"line":48,"column":6},"end":{"line":54,"column":8}},"5":{"start":{"line":58,"column":4},"end":{"line":66,"column":5}},"6":{"start":{"line":59,"column":6},"end":{"line":65,"column":8}},"7":{"start":{"line":69,"column":16},"end":{"line":69,"column":26}},"8":{"start":{"line":70,"column":4},"end":{"line":78,"column":5}},"9":{"start":{"line":71,"column":6},"end":{"line":77,"column":8}},"10":{"start":{"line":81,"column":4},"end":{"line":89,"column":5}},"11":{"start":{"line":82,"column":6},"end":{"line":88,"column":8}},"12":{"start":{"line":92,"column":4},"end":{"line":104,"column":5}},"13":{"start":{"line":97,"column":6},"end":{"line":103,"column":8}},"14":{"start":{"line":107,"column":4},"end":{"line":117,"column":5}},"15":{"start":{"line":108,"column":6},"end":{"line":116,"column":7}},"16":{"start":{"line":109,"column":8},"end":{"line":115,"column":10}},"17":{"start":{"line":120,"column":19},"end":{"line":120,"column":20}},"18":{"start":{"line":121,"column":4},"end":{"line":125,"column":5}},"19":{"start":{"line":122,"column":6},"end":{"line":122,"column":81}},"20":{"start":{"line":124,"column":6},"end":{"line":124,"column":44}},"21":{"start":{"line":128,"column":4},"end":{"line":128,"column":60}},"22":{"start":{"line":131,"column":23},"end":{"line":131,"column":61}},"23":{"start":{"line":133,"column":4},"end":{"line":139,"column":6}},"24":{"start":{"line":24,"column":0},"end":{"line":24,"column":13}},"25":{"start":{"line":25,"column":18},"end":{"line":25,"column":44}}},"fnMap":{"0":{"name":"(anonymous_0)","decl":{"start":{"line":31,"column":2},"end":{"line":31,"column":8}},"loc":{"start":{"line":33,"column":37},"end":{"line":140,"column":3}}}},"branchMap":{"0":{"loc":{"start":{"line":36,"column":4},"end":{"line":44,"column":5}},"type":"if","locations":[{"start":{"line":36,"column":4},"end":{"line":44,"column":5}},{"start":{},"end":{}}]},"1":{"loc":{"start":{"line":36,"column":8},"end":{"line":36,"column":55}},"type":"binary-expr","locations":[{"start":{"line":36,"column":8},"end":{"line":36,"column":23}},{"start":{"line":36,"column":27},"end":{"line":36,"column":55}}]},"2":{"loc":{"start":{"line":47,"column":4},"end":{"line":55,"column":5}},"type":"if","locations":[{"start":{"line":47,"column":4},"end":{"line":55,"column":5}},{"start":{},"end":{}}]},"3":{"loc":{"start":{"line":58,"column":4},"end":{"line":66,"column":5}},"type":"if","locations":[{"start":{"line":58,"column":4},"end":{"line":66,"column":5}},{"start":{},"end":{}}]},"4":{"loc":{"start":{"line":70,"column":4},"end":{"line":78,"column":5}},"type":"if","locations":[{"start":{"line":70,"column":4},"end":{"line":78,"column":5}},{"start":{},"end":{}}]},"5":{"loc":{"start":{"line":70,"column":8},"end":{"line":70,"column":69}},"type":"binary-expr","locations":[{"start":{"line":70,"column":8},"end":{"line":70,"column":36}},{"start":{"line":70,"column":40},"end":{"line":70,"column":69}}]},"6":{"loc":{"start":{"line":81,"column":4},"end":{"line":89,"column":5}},"type":"if","locations":[{"start":{"line":81,"column":4},"end":{"line":89,"column":5}},{"start":{},"end":{}}]},"7":{"loc":{"start":{"line":92,"column":4},"end":{"line":104,"column":5}},"type":"if","locations":[{"start":{"line":92,"column":4},"end":{"line":104,"column":5}},{"start":{},"end":{}}]},"8":{"loc":{"start":{"line":93,"column":6},"end":{"line":95,"column":54}},"type":"binary-expr","locations":[{"start":{"line":93,"column":6},"end":{"line":93,"column":29}},{"start":{"line":94,"column":6},"end":{"line":94,"column":40}},{"start":{"line":95,"column":6},"end":{"line":95,"column":54}}]},"9":{"loc":{"start":{"line":107,"column":4},"end":{"line":117,"column":5}},"type":"if","locations":[{"start":{"line":107,"column":4},"end":{"line":117,"column":5}},{"start":{},"end":{}}]},"10":{"loc":{"start":{"line":107,"column":8},"end":{"line":107,"column":85}},"type":"binary-expr","locations":[{"start":{"line":107,"column":8},"end":{"line":107,"column":45}},{"start":{"line":107,"column":49},"end":{"line":107,"column":85}}]},"11":{"loc":{"start":{"line":108,"column":6},"end":{"line":116,"column":7}},"type":"if","locations":[{"start":{"line":108,"column":6},"end":{"line":116,"column":7}},{"start":{},"end":{}}]},"12":{"loc":{"start":{"line":121,"column":4},"end":{"line":125,"column":5}},"type":"if","locations":[{"start":{"line":121,"column":4},"end":{"line":125,"column":5}},{"start":{"line":123,"column":11},"end":{"line":125,"column":5}}]},"13":{"loc":{"start":{"line":138,"column":48},"end":{"line":138,"column":160}},"type":"cond-expr","locations":[{"start":{"line":138,"column":93},"end":{"line":138,"column":125}},{"start":{"line":138,"column":128},"end":{"line":138,"column":160}}]}},"s":{"0":1,"1":0,"2":0,"3":0,"4":0,"5":0,"6":0,"7":0,"8":0,"9":0,"10":0,"11":0,"12":0,"13":0,"14":0,"15":0,"16":0,"17":0,"18":0,"19":0,"20":0,"21":0,"22":0,"23":0,"24":1,"25":1},"f":{"0":0},"b":{"0":[0,0],"1":[0,0],"2":[0,0],"3":[0,0],"4":[0,0],"5":[0,0],"6":[0,0],"7":[0,0],"8":[0,0,0],"9":[0,0],"10":[0,0],"11":[0,0],"12":[0,0],"13":[0,0]}}
,"D:\\minshuku-saas\\src\\core\\account\\domain\\rules\\holiday-pricing.rule.ts": {"path":"D:\\minshuku-saas\\src\\core\\account\\domain\\rules\\holiday-pricing.rule.ts","statementMap":{"0":{"start":{"line":6,"column":34},"end":{"line":6,"column":36}},"1":{"start":{"line":8,"column":43},"end":{"line":27,"column":2}},"2":{"start":{"line":30,"column":18},"end":{"line":30,"column":49}},"3":{"start":{"line":31,"column":2},"end":{"line":31,"column":52}},"4":{"start":{"line":35,"column":14},"end":{"line":35,"column":27}},"5":{"start":{"line":36,"column":2},"end":{"line":36,"column":32}},"6":{"start":{"line":53,"column":21},"end":{"line":53,"column":40}},"7":{"start":{"line":54,"column":19},"end":{"line":55,"column":null}},"8":{"start":{"line":58,"column":4},"end":{"line":60,"column":5}},"9":{"start":{"line":59,"column":6},"end":{"line":59,"column":64}},"10":{"start":{"line":62,"column":24},"end":{"line":62,"column":25}},"11":{"start":{"line":63,"column":24},"end":{"line":63,"column":25}},"12":{"start":{"line":64,"column":25},"end":{"line":64,"column":26}},"13":{"start":{"line":65,"column":105},"end":{"line":65,"column":107}},"14":{"start":{"line":67,"column":4},"end":{"line":87,"column":5}},"15":{"start":{"line":67,"column":17},"end":{"line":67,"column":18}},"16":{"start":{"line":68,"column":24},"end":{"line":68,"column":74}},"17":{"start":{"line":69,"column":19},"end":{"line":69,"column":35}},"18":{"start":{"line":70,"column":22},"end":{"line":70,"column":23}},"19":{"start":{"line":72,"column":6},"end":{"line":78,"column":7}},"20":{"start":{"line":73,"column":8},"end":{"line":73,"column":61}},"21":{"start":{"line":74,"column":8},"end":{"line":74,"column":24}},"22":{"start":{"line":75,"column":13},"end":{"line":78,"column":7}},"23":{"start":{"line":76,"column":8},"end":{"line":76,"column":32}},"24":{"start":{"line":77,"column":8},"end":{"line":77,"column":24}},"25":{"start":{"line":80,"column":6},"end":{"line":80,"column":34}},"26":{"start":{"line":81,"column":6},"end":{"line":86,"column":9}},"27":{"start":{"line":89,"column":4},"end":{"line":89,"column":92}},"28":{"start":{"line":39,"column":0},"end":{"line":39,"column":13}},"29":{"start":{"line":40,"column":18},"end":{"line":40,"column":48}}},"fnMap":{"0":{"name":"isHoliday","decl":{"start":{"line":29,"column":9},"end":{"line":29,"column":18}},"loc":{"start":{"line":29,"column":29},"end":{"line":32,"column":1}}},"1":{"name":"isWeekend","decl":{"start":{"line":34,"column":9},"end":{"line":34,"column":18}},"loc":{"start":{"line":34,"column":29},"end":{"line":37,"column":1}}},"2":{"name":"(anonymous_2)","decl":{"start":{"line":46,"column":2},"end":{"line":46,"column":8}},"loc":{"start":{"line":46,"column":38},"end":{"line":90,"column":3}}}},"branchMap":{"0":{"loc":{"start":{"line":36,"column":9},"end":{"line":36,"column":31}},"type":"binary-expr","locations":[{"start":{"line":36,"column":9},"end":{"line":36,"column":18}},{"start":{"line":36,"column":22},"end":{"line":36,"column":31}}]},"1":{"loc":{"start":{"line":58,"column":4},"end":{"line":60,"column":5}},"type":"if","locations":[{"start":{"line":58,"column":4},"end":{"line":60,"column":5}},{"start":{},"end":{}}]},"2":{"loc":{"start":{"line":72,"column":6},"end":{"line":78,"column":7}},"type":"if","locations":[{"start":{"line":72,"column":6},"end":{"line":78,"column":7}},{"start":{"line":75,"column":13},"end":{"line":78,"column":7}}]},"3":{"loc":{"start":{"line":75,"column":13},"end":{"line":78,"column":7}},"type":"if","locations":[{"start":{"line":75,"column":13},"end":{"line":78,"column":7}},{"start":{},"end":{}}]}},"s":{"0":1,"1":1,"2":0,"3":0,"4":0,"5":0,"6":0,"7":0,"8":0,"9":0,"10":0,"11":0,"12":0,"13":0,"14":0,"15":0,"16":0,"17":0,"18":0,"19":0,"20":0,"21":0,"22":0,"23":0,"24":0,"25":0,"26":0,"27":0,"28":1,"29":1},"f":{"0":0,"1":0,"2":0},"b":{"0":[0,0],"1":[0,0],"2":[0,0],"3":[0,0]}}
,"D:\\minshuku-saas\\src\\core\\account\\domain\\rules\\multi-room-inventory.rule.ts": {"path":"D:\\minshuku-saas\\src\\core\\account\\domain\\rules\\multi-room-inventory.rule.ts","statementMap":{"0":{"start":{"line":4,"column":0},"end":{"line":4,"column":92}},"1":{"start":{"line":6,"column":30},"end":{"line":6,"column":31}},"2":{"start":{"line":21,"column":22},"end":{"line":21,"column":39}},"3":{"start":{"line":22,"column":23},"end":{"line":22,"column":37}},"4":{"start":{"line":23,"column":21},"end":{"line":23,"column":41}},"5":{"start":{"line":26,"column":4},"end":{"line":35,"column":5}},"6":{"start":{"line":27,"column":6},"end":{"line":34,"column":8}},"7":{"start":{"line":38,"column":4},"end":{"line":50,"column":5}},"8":{"start":{"line":39,"column":6},"end":{"line":49,"column":8}},"9":{"start":{"line":53,"column":4},"end":{"line":65,"column":5}},"10":{"start":{"line":54,"column":6},"end":{"line":64,"column":8}},"11":{"start":{"line":68,"column":4},"end":{"line":80,"column":5}},"12":{"start":{"line":69,"column":6},"end":{"line":79,"column":8}},"13":{"start":{"line":82,"column":4},"end":{"line":89,"column":6}},"14":{"start":{"line":8,"column":0},"end":{"line":8,"column":13}},"15":{"start":{"line":9,"column":18},"end":{"line":9,"column":53}}},"fnMap":{"0":{"name":"(anonymous_0)","decl":{"start":{"line":18,"column":2},"end":{"line":18,"column":8}},"loc":{"start":{"line":19,"column":76},"end":{"line":90,"column":3}}}},"branchMap":{"0":{"loc":{"start":{"line":21,"column":22},"end":{"line":21,"column":39}},"type":"binary-expr","locations":[{"start":{"line":21,"column":22},"end":{"line":21,"column":34}},{"start":{"line":21,"column":38},"end":{"line":21,"column":39}}]},"1":{"loc":{"start":{"line":26,"column":4},"end":{"line":35,"column":5}},"type":"if","locations":[{"start":{"line":26,"column":4},"end":{"line":35,"column":5}},{"start":{},"end":{}}]},"2":{"loc":{"start":{"line":38,"column":4},"end":{"line":50,"column":5}},"type":"if","locations":[{"start":{"line":38,"column":4},"end":{"line":50,"column":5}},{"start":{},"end":{}}]},"3":{"loc":{"start":{"line":53,"column":4},"end":{"line":65,"column":5}},"type":"if","locations":[{"start":{"line":53,"column":4},"end":{"line":65,"column":5}},{"start":{},"end":{}}]},"4":{"loc":{"start":{"line":68,"column":4},"end":{"line":80,"column":5}},"type":"if","locations":[{"start":{"line":68,"column":4},"end":{"line":80,"column":5}},{"start":{},"end":{}}]}},"s":{"0":1,"1":1,"2":0,"3":0,"4":0,"5":0,"6":0,"7":0,"8":0,"9":0,"10":0,"11":0,"12":0,"13":0,"14":1,"15":1},"f":{"0":0},"b":{"0":[0,0],"1":[0,0],"2":[0,0],"3":[0,0],"4":[0,0]}}
,"D:\\minshuku-saas\\src\\core\\account\\domain\\rules\\occupancy-limit.rule.ts": {"path":"D:\\minshuku-saas\\src\\core\\account\\domain\\rules\\occupancy-limit.rule.ts","statementMap":{"0":{"start":{"line":4,"column":0},"end":{"line":4,"column":92}},"1":{"start":{"line":13,"column":4},"end":{"line":18,"column":5}},"2":{"start":{"line":14,"column":6},"end":{"line":17,"column":8}},"3":{"start":{"line":20,"column":4},"end":{"line":25,"column":5}},"4":{"start":{"line":21,"column":6},"end":{"line":24,"column":8}},"5":{"start":{"line":27,"column":4},"end":{"line":32,"column":5}},"6":{"start":{"line":28,"column":6},"end":{"line":31,"column":8}},"7":{"start":{"line":34,"column":4},"end":{"line":37,"column":6}},"8":{"start":{"line":6,"column":0},"end":{"line":6,"column":13}},"9":{"start":{"line":7,"column":18},"end":{"line":7,"column":48}}},"fnMap":{"0":{"name":"(anonymous_0)","decl":{"start":{"line":12,"column":2},"end":{"line":12,"column":8}},"loc":{"start":{"line":12,"column":39},"end":{"line":38,"column":3}}}},"branchMap":{"0":{"loc":{"start":{"line":13,"column":4},"end":{"line":18,"column":5}},"type":"if","locations":[{"start":{"line":13,"column":4},"end":{"line":18,"column":5}},{"start":{},"end":{}}]},"1":{"loc":{"start":{"line":20,"column":4},"end":{"line":25,"column":5}},"type":"if","locations":[{"start":{"line":20,"column":4},"end":{"line":25,"column":5}},{"start":{},"end":{}}]},"2":{"loc":{"start":{"line":27,"column":4},"end":{"line":32,"column":5}},"type":"if","locations":[{"start":{"line":27,"column":4},"end":{"line":32,"column":5}},{"start":{},"end":{}}]}},"s":{"0":1,"1":0,"2":0,"3":0,"4":0,"5":0,"6":0,"7":0,"8":1,"9":1},"f":{"0":0},"b":{"0":[0,0],"1":[0,0],"2":[0,0]}}
,"D:\\minshuku-saas\\src\\core\\account\\domain\\rules\\oversale-check.rule.ts": {"path":"D:\\minshuku-saas\\src\\core\\account\\domain\\rules\\oversale-check.rule.ts","statementMap":{"0":{"start":{"line":4,"column":0},"end":{"line":4,"column":92}},"1":{"start":{"line":17,"column":27},"end":{"line":17,"column":44}},"2":{"start":{"line":18,"column":23},"end":{"line":18,"column":37}},"3":{"start":{"line":19,"column":21},"end":{"line":19,"column":41}},"4":{"start":{"line":21,"column":26},"end":{"line":21,"column":64}},"5":{"start":{"line":23,"column":4},"end":{"line":35,"column":5}},"6":{"start":{"line":24,"column":6},"end":{"line":34,"column":8}},"7":{"start":{"line":37,"column":4},"end":{"line":47,"column":6}},"8":{"start":{"line":6,"column":0},"end":{"line":6,"column":13}},"9":{"start":{"line":7,"column":18},"end":{"line":7,"column":47}}},"fnMap":{"0":{"name":"(anonymous_0)","decl":{"start":{"line":16,"column":2},"end":{"line":16,"column":8}},"loc":{"start":{"line":16,"column":90},"end":{"line":48,"column":3}}}},"branchMap":{"0":{"loc":{"start":{"line":17,"column":27},"end":{"line":17,"column":44}},"type":"binary-expr","locations":[{"start":{"line":17,"column":27},"end":{"line":17,"column":39}},{"start":{"line":17,"column":43},"end":{"line":17,"column":44}}]},"1":{"loc":{"start":{"line":23,"column":4},"end":{"line":35,"column":5}},"type":"if","locations":[{"start":{"line":23,"column":4},"end":{"line":35,"column":5}},{"start":{},"end":{}}]}},"s":{"0":1,"1":0,"2":0,"3":0,"4":0,"5":0,"6":0,"7":0,"8":1,"9":1},"f":{"0":0},"b":{"0":[0,0],"1":[0,0]}}
,"D:\\minshuku-saas\\src\\core\\account\\domain\\rules\\refund.rule.ts": {"path":"D:\\minshuku-saas\\src\\core\\account\\domain\\rules\\refund.rule.ts","statementMap":{"0":{"start":{"line":7,"column":26},"end":{"line":7,"column":28}},"1":{"start":{"line":8,"column":29},"end":{"line":8,"column":31}},"2":{"start":{"line":9,"column":28},"end":{"line":9,"column":32}},"3":{"start":{"line":10,"column":24},"end":{"line":10,"column":26}},"4":{"start":{"line":21,"column":4},"end":{"line":27,"column":5}},"5":{"start":{"line":22,"column":6},"end":{"line":26,"column":8}},"6":{"start":{"line":30,"column":22},"end":{"line":30,"column":36}},"7":{"start":{"line":31,"column":4},"end":{"line":37,"column":5}},"8":{"start":{"line":32,"column":6},"end":{"line":36,"column":8}},"9":{"start":{"line":40,"column":6},"end":{"line":40,"column":80}},"10":{"start":{"line":45,"column":4},"end":{"line":61,"column":5}},"11":{"start":{"line":47,"column":6},"end":{"line":47,"column":23}},"12":{"start":{"line":48,"column":6},"end":{"line":48,"column":81}},"13":{"start":{"line":49,"column":11},"end":{"line":61,"column":5}},"14":{"start":{"line":51,"column":6},"end":{"line":51,"column":39}},"15":{"start":{"line":52,"column":6},"end":{"line":52,"column":115}},"16":{"start":{"line":53,"column":11},"end":{"line":61,"column":5}},"17":{"start":{"line":55,"column":6},"end":{"line":55,"column":21}},"18":{"start":{"line":56,"column":6},"end":{"line":56,"column":126}},"19":{"start":{"line":59,"column":6},"end":{"line":59,"column":21}},"20":{"start":{"line":60,"column":6},"end":{"line":60,"column":61}},"21":{"start":{"line":63,"column":23},"end":{"line":63,"column":62}},"22":{"start":{"line":66,"column":4},"end":{"line":66,"column":53}},"23":{"start":{"line":69,"column":4},"end":{"line":69,"column":45}},"24":{"start":{"line":71,"column":4},"end":{"line":75,"column":6}},"25":{"start":{"line":12,"column":0},"end":{"line":12,"column":13}},"26":{"start":{"line":13,"column":18},"end":{"line":13,"column":44}}},"fnMap":{"0":{"name":"(anonymous_0)","decl":{"start":{"line":19,"column":2},"end":{"line":19,"column":8}},"loc":{"start":{"line":19,"column":37},"end":{"line":76,"column":3}}}},"branchMap":{"0":{"loc":{"start":{"line":21,"column":4},"end":{"line":27,"column":5}},"type":"if","locations":[{"start":{"line":21,"column":4},"end":{"line":27,"column":5}},{"start":{},"end":{}}]},"1":{"loc":{"start":{"line":31,"column":4},"end":{"line":37,"column":5}},"type":"if","locations":[{"start":{"line":31,"column":4},"end":{"line":37,"column":5}},{"start":{},"end":{}}]},"2":{"loc":{"start":{"line":45,"column":4},"end":{"line":61,"column":5}},"type":"if","locations":[{"start":{"line":45,"column":4},"end":{"line":61,"column":5}},{"start":{"line":49,"column":11},"end":{"line":61,"column":5}}]},"3":{"loc":{"start":{"line":49,"column":11},"end":{"line":61,"column":5}},"type":"if","locations":[{"start":{"line":49,"column":11},"end":{"line":61,"column":5}},{"start":{"line":53,"column":11},"end":{"line":61,"column":5}}]},"4":{"loc":{"start":{"line":53,"column":11},"end":{"line":61,"column":5}},"type":"if","locations":[{"start":{"line":53,"column":11},"end":{"line":61,"column":5}},{"start":{"line":57,"column":11},"end":{"line":61,"column":5}}]}},"s":{"0":1,"1":1,"2":1,"3":1,"4":0,"5":0,"6":0,"7":0,"8":0,"9":0,"10":0,"11":0,"12":0,"13":0,"14":0,"15":0,"16":0,"17":0,"18":0,"19":0,"20":0,"21":0,"22":0,"23":0,"24":0,"25":1,"26":1},"f":{"0":0},"b":{"0":[0,0],"1":[0,0],"2":[0,0],"3":[0,0],"4":[0,0]}}
,"D:\\minshuku-saas\\src\\core\\admin\\application\\usecase\\createAuditLog.usecase.ts": {"path":"D:\\minshuku-saas\\src\\core\\admin\\application\\usecase\\createAuditLog.usecase.ts","statementMap":{"0":{"start":{"line":3,"column":0},"end":{"line":3,"column":46}},"1":{"start":{"line":4,"column":0},"end":{"line":4,"column":36}},"2":{"start":{"line":5,"column":0},"end":{"line":5,"column":58}},"3":{"start":{"line":7,"column":0},"end":{"line":7,"column":61}},"4":{"start":{"line":19,"column":15},"end":{"line":39,"column":null}},"5":{"start":{"line":22,"column":12},"end":{"line":22,"column":42}},"6":{"start":{"line":26,"column":16},"end":{"line":35,"column":6}},"7":{"start":{"line":37,"column":4},"end":{"line":37,"column":38}},"8":{"start":{"line":19,"column":21},"end":{"line":39,"column":null}},"9":{"start":{"line":19,"column":21},"end":{"line":19,"column":null}}},"fnMap":{"0":{"name":"(anonymous_4)","decl":{"start":{"line":20,"column":2},"end":{"line":20,"column":null}},"loc":{"start":{"line":22,"column":42},"end":{"line":23,"column":6}}},"1":{"name":"(anonymous_5)","decl":{"start":{"line":25,"column":2},"end":{"line":25,"column":7}},"loc":{"start":{"line":25,"column":42},"end":{"line":38,"column":3}}}},"branchMap":{},"s":{"0":1,"1":1,"2":1,"3":1,"4":1,"5":2,"6":2,"7":2,"8":1,"9":1},"f":{"0":2,"1":2},"b":{}}
,"D:\\minshuku-saas\\src\\core\\admin\\application\\usecase\\createNotification.usecase.ts": {"path":"D:\\minshuku-saas\\src\\core\\admin\\application\\usecase\\createNotification.usecase.ts","statementMap":{"0":{"start":{"line":3,"column":0},"end":{"line":3,"column":46}},"1":{"start":{"line":4,"column":0},"end":{"line":4,"column":36}},"2":{"start":{"line":5,"column":0},"end":{"line":5,"column":66}},"3":{"start":{"line":7,"column":0},"end":{"line":7,"column":61}},"4":{"start":{"line":19,"column":15},"end":{"line":40,"column":null}},"5":{"start":{"line":22,"column":12},"end":{"line":22,"column":53}},"6":{"start":{"line":26,"column":25},"end":{"line":36,"column":6}},"7":{"start":{"line":38,"column":4},"end":{"line":38,"column":54}},"8":{"start":{"line":19,"column":21},"end":{"line":40,"column":null}},"9":{"start":{"line":19,"column":21},"end":{"line":19,"column":null}}},"fnMap":{"0":{"name":"(anonymous_4)","decl":{"start":{"line":20,"column":2},"end":{"line":20,"column":null}},"loc":{"start":{"line":22,"column":53},"end":{"line":23,"column":6}}},"1":{"name":"(anonymous_5)","decl":{"start":{"line":25,"column":2},"end":{"line":25,"column":7}},"loc":{"start":{"line":25,"column":46},"end":{"line":39,"column":3}}}},"branchMap":{},"s":{"0":1,"1":1,"2":1,"3":1,"4":1,"5":3,"6":3,"7":3,"8":1,"9":1},"f":{"0":3,"1":3},"b":{}}
,"D:\\minshuku-saas\\src\\core\\admin\\application\\usecase\\deleteAdmin.usecase.ts": {"path":"D:\\minshuku-saas\\src\\core\\admin\\application\\usecase\\deleteAdmin.usecase.ts","statementMap":{"0":{"start":{"line":1,"column":0},"end":{"line":1,"column":61}},"1":{"start":{"line":2,"column":0},"end":{"line":2,"column":34}},"2":{"start":{"line":5,"column":0},"end":{"line":14,"column":null}},"3":{"start":{"line":8,"column":21},"end":{"line":8,"column":47}},"4":{"start":{"line":12,"column":4},"end":{"line":12,"column":36}},"5":{"start":{"line":5,"column":21},"end":{"line":14,"column":null}},"6":{"start":{"line":5,"column":21},"end":{"line":5,"column":null}}},"fnMap":{"0":{"name":"(anonymous_4)","decl":{"start":{"line":6,"column":2},"end":{"line":6,"column":null}},"loc":{"start":{"line":8,"column":47},"end":{"line":9,"column":6}}},"1":{"name":"(anonymous_5)","decl":{"start":{"line":11,"column":2},"end":{"line":11,"column":7}},"loc":{"start":{"line":11,"column":30},"end":{"line":13,"column":3}}}},"branchMap":{},"s":{"0":1,"1":1,"2":1,"3":4,"4":4,"5":1,"6":1},"f":{"0":4,"1":4},"b":{}}
,"D:\\minshuku-saas\\src\\core\\admin\\application\\usecase\\deleteUser.usecase.ts": {"path":"D:\\minshuku-saas\\src\\core\\admin\\application\\usecase\\deleteUser.usecase.ts","statementMap":{"0":{"start":{"line":3,"column":0},"end":{"line":3,"column":46}},"1":{"start":{"line":5,"column":0},"end":{"line":5,"column":61}},"2":{"start":{"line":6,"column":0},"end":{"line":6,"column":60}},"3":{"start":{"line":9,"column":15},"end":{"line":41,"column":null}},"4":{"start":{"line":12,"column":12},"end":{"line":12,"column":43}},"5":{"start":{"line":17,"column":18},"end":{"line":17,"column":51}},"6":{"start":{"line":19,"column":4},"end":{"line":21,"column":5}},"7":{"start":{"line":20,"column":8},"end":{"line":20,"column":43}},"8":{"start":{"line":24,"column":4},"end":{"line":26,"column":5}},"9":{"start":{"line":25,"column":8},"end":{"line":25,"column":61}},"10":{"start":{"line":29,"column":4},"end":{"line":37,"column":5}},"11":{"start":{"line":31,"column":22},"end":{"line":31,"column":77}},"12":{"start":{"line":32,"column":8},"end":{"line":36,"column":9}},"13":{"start":{"line":33,"column":12},"end":{"line":35,"column":14}},"14":{"start":{"line":39,"column":4},"end":{"line":39,"column":37}},"15":{"start":{"line":9,"column":21},"end":{"line":41,"column":null}},"16":{"start":{"line":9,"column":21},"end":{"line":9,"column":null}}},"fnMap":{"0":{"name":"(anonymous_4)","decl":{"start":{"line":10,"column":2},"end":{"line":10,"column":null}},"loc":{"start":{"line":12,"column":43},"end":{"line":13,"column":6}}},"1":{"name":"(anonymous_5)","decl":{"start":{"line":15,"column":0},"end":{"line":15,"column":5}},"loc":{"start":{"line":15,"column":24},"end":{"line":40,"column":1}}}},"branchMap":{"0":{"loc":{"start":{"line":19,"column":4},"end":{"line":21,"column":5}},"type":"if","locations":[{"start":{"line":19,"column":4},"end":{"line":21,"column":5}},{"start":{},"end":{}}]},"1":{"loc":{"start":{"line":24,"column":4},"end":{"line":26,"column":5}},"type":"if","locations":[{"start":{"line":24,"column":4},"end":{"line":26,"column":5}},{"start":{},"end":{}}]},"2":{"loc":{"start":{"line":29,"column":4},"end":{"line":37,"column":5}},"type":"if","locations":[{"start":{"line":29,"column":4},"end":{"line":37,"column":5}},{"start":{},"end":{}}]},"3":{"loc":{"start":{"line":32,"column":8},"end":{"line":36,"column":9}},"type":"if","locations":[{"start":{"line":32,"column":8},"end":{"line":36,"column":9}},{"start":{},"end":{}}]}},"s":{"0":1,"1":1,"2":1,"3":1,"4":5,"5":5,"6":5,"7":1,"8":4,"9":1,"10":3,"11":2,"12":2,"13":1,"14":2,"15":1,"16":1},"f":{"0":5,"1":5},"b":{"0":[1,4],"1":[1,3],"2":[2,1],"3":[1,1]}}
,"D:\\minshuku-saas\\src\\core\\admin\\application\\usecase\\demoteAdminToUser.usecase.ts": {"path":"D:\\minshuku-saas\\src\\core\\admin\\application\\usecase\\demoteAdminToUser.usecase.ts","statementMap":{"0":{"start":{"line":1,"column":0},"end":{"line":1,"column":61}},"1":{"start":{"line":2,"column":0},"end":{"line":2,"column":34}},"2":{"start":{"line":5,"column":0},"end":{"line":14,"column":null}},"3":{"start":{"line":8,"column":21},"end":{"line":8,"column":47}},"4":{"start":{"line":12,"column":4},"end":{"line":12,"column":46}},"5":{"start":{"line":5,"column":21},"end":{"line":14,"column":null}},"6":{"start":{"line":5,"column":21},"end":{"line":5,"column":null}}},"fnMap":{"0":{"name":"(anonymous_4)","decl":{"start":{"line":6,"column":2},"end":{"line":6,"column":null}},"loc":{"start":{"line":8,"column":47},"end":{"line":9,"column":6}}},"1":{"name":"(anonymous_5)","decl":{"start":{"line":11,"column":2},"end":{"line":11,"column":7}},"loc":{"start":{"line":11,"column":30},"end":{"line":13,"column":3}}}},"branchMap":{},"s":{"0":1,"1":1,"2":1,"3":4,"4":4,"5":1,"6":1},"f":{"0":4,"1":4},"b":{}}
,"D:\\minshuku-saas\\src\\core\\admin\\application\\usecase\\getAdminById.usecase.ts": {"path":"D:\\minshuku-saas\\src\\core\\admin\\application\\usecase\\getAdminById.usecase.ts","statementMap":{"0":{"start":{"line":1,"column":0},"end":{"line":1,"column":61}},"1":{"start":{"line":2,"column":0},"end":{"line":2,"column":34}},"2":{"start":{"line":6,"column":0},"end":{"line":15,"column":null}},"3":{"start":{"line":9,"column":21},"end":{"line":9,"column":47}},"4":{"start":{"line":13,"column":4},"end":{"line":13,"column":34}},"5":{"start":{"line":6,"column":21},"end":{"line":15,"column":null}},"6":{"start":{"line":6,"column":21},"end":{"line":6,"column":null}}},"fnMap":{"0":{"name":"(anonymous_4)","decl":{"start":{"line":7,"column":2},"end":{"line":7,"column":null}},"loc":{"start":{"line":9,"column":47},"end":{"line":10,"column":6}}},"1":{"name":"(anonymous_5)","decl":{"start":{"line":12,"column":2},"end":{"line":12,"column":7}},"loc":{"start":{"line":12,"column":26},"end":{"line":14,"column":3}}}},"branchMap":{},"s":{"0":1,"1":1,"2":1,"3":4,"4":4,"5":1,"6":1},"f":{"0":4,"1":4},"b":{}}
,"D:\\minshuku-saas\\src\\core\\admin\\application\\usecase\\getAllAdmins.usecase.ts": {"path":"D:\\minshuku-saas\\src\\core\\admin\\application\\usecase\\getAllAdmins.usecase.ts","statementMap":{"0":{"start":{"line":1,"column":0},"end":{"line":1,"column":61}},"1":{"start":{"line":2,"column":0},"end":{"line":2,"column":46}},"2":{"start":{"line":5,"column":0},"end":{"line":5,"column":80}},"3":{"start":{"line":8,"column":15},"end":{"line":20,"column":null}},"4":{"start":{"line":11,"column":21},"end":{"line":11,"column":47}},"5":{"start":{"line":15,"column":4},"end":{"line":15,"column":56}},"6":{"start":{"line":16,"column":19},"end":{"line":16,"column":44}},"7":{"start":{"line":17,"column":4},"end":{"line":17,"column":44}},"8":{"start":{"line":18,"column":4},"end":{"line":18,"column":58}},"9":{"start":{"line":18,"column":29},"end":{"line":18,"column":56}},"10":{"start":{"line":8,"column":21},"end":{"line":20,"column":null}},"11":{"start":{"line":8,"column":21},"end":{"line":8,"column":null}}},"fnMap":{"0":{"name":"(anonymous_4)","decl":{"start":{"line":9,"column":2},"end":{"line":9,"column":null}},"loc":{"start":{"line":11,"column":47},"end":{"line":12,"column":6}}},"1":{"name":"(anonymous_5)","decl":{"start":{"line":14,"column":2},"end":{"line":14,"column":7}},"loc":{"start":{"line":14,"column":15},"end":{"line":19,"column":3}}},"2":{"name":"(anonymous_6)","decl":{"start":{"line":18,"column":22},"end":{"line":18,"column":23}},"loc":{"start":{"line":18,"column":29},"end":{"line":18,"column":56}}}},"branchMap":{},"s":{"0":1,"1":1,"2":1,"3":1,"4":4,"5":4,"6":4,"7":3,"8":3,"9":3,"10":1,"11":1},"f":{"0":4,"1":4,"2":3},"b":{}}
,"D:\\minshuku-saas\\src\\core\\admin\\application\\usecase\\getAuditLogCount.usecase.ts": {"path":"D:\\minshuku-saas\\src\\core\\admin\\application\\usecase\\getAuditLogCount.usecase.ts","statementMap":{"0":{"start":{"line":3,"column":0},"end":{"line":3,"column":46}},"1":{"start":{"line":5,"column":0},"end":{"line":5,"column":61}},"2":{"start":{"line":8,"column":15},"end":{"line":20,"column":null}},"3":{"start":{"line":11,"column":12},"end":{"line":11,"column":42}},"4":{"start":{"line":15,"column":4},"end":{"line":17,"column":5}},"5":{"start":{"line":16,"column":6},"end":{"line":16,"column":50}},"6":{"start":{"line":18,"column":4},"end":{"line":18,"column":44}},"7":{"start":{"line":8,"column":21},"end":{"line":20,"column":null}},"8":{"start":{"line":8,"column":21},"end":{"line":8,"column":null}}},"fnMap":{"0":{"name":"(anonymous_4)","decl":{"start":{"line":9,"column":2},"end":{"line":9,"column":null}},"loc":{"start":{"line":11,"column":42},"end":{"line":12,"column":6}}},"1":{"name":"(anonymous_5)","decl":{"start":{"line":14,"column":2},"end":{"line":14,"column":7}},"loc":{"start":{"line":14,"column":39},"end":{"line":19,"column":3}}}},"branchMap":{"0":{"loc":{"start":{"line":15,"column":4},"end":{"line":17,"column":5}},"type":"if","locations":[{"start":{"line":15,"column":4},"end":{"line":17,"column":5}},{"start":{},"end":{}}]},"1":{"loc":{"start":{"line":15,"column":8},"end":{"line":15,"column":48}},"type":"binary-expr","locations":[{"start":{"line":15,"column":8},"end":{"line":15,"column":14}},{"start":{"line":15,"column":18},"end":{"line":15,"column":48}}]}},"s":{"0":1,"1":1,"2":1,"3":3,"4":3,"5":2,"6":1,"7":1,"8":1},"f":{"0":3,"1":3},"b":{"0":[2,1],"1":[3,2]}}
,"D:\\minshuku-saas\\src\\core\\admin\\application\\usecase\\getAuditLogs.usecase.ts": {"path":"D:\\minshuku-saas\\src\\core\\admin\\application\\usecase\\getAuditLogs.usecase.ts","statementMap":{"0":{"start":{"line":3,"column":0},"end":{"line":3,"column":46}},"1":{"start":{"line":5,"column":0},"end":{"line":5,"column":61}},"2":{"start":{"line":8,"column":15},"end":{"line":30,"column":null}},"3":{"start":{"line":11,"column":12},"end":{"line":11,"column":42}},"4":{"start":{"line":15,"column":17},"end":{"line":17,"column":43}},"5":{"start":{"line":19,"column":4},"end":{"line":28,"column":8}},"6":{"start":{"line":19,"column":30},"end":{"line":28,"column":6}},"7":{"start":{"line":8,"column":21},"end":{"line":30,"column":null}},"8":{"start":{"line":8,"column":21},"end":{"line":8,"column":null}}},"fnMap":{"0":{"name":"(anonymous_4)","decl":{"start":{"line":9,"column":2},"end":{"line":9,"column":null}},"loc":{"start":{"line":11,"column":42},"end":{"line":12,"column":6}}},"1":{"name":"(anonymous_5)","decl":{"start":{"line":14,"column":2},"end":{"line":14,"column":7}},"loc":{"start":{"line":14,"column":59},"end":{"line":29,"column":3}}},"2":{"name":"(anonymous_6)","decl":{"start":{"line":19,"column":20},"end":{"line":19,"column":21}},"loc":{"start":{"line":19,"column":30},"end":{"line":28,"column":6}}}},"branchMap":{"0":{"loc":{"start":{"line":14,"column":16},"end":{"line":14,"column":34}},"type":"default-arg","locations":[{"start":{"line":14,"column":32},"end":{"line":14,"column":34}}]},"1":{"loc":{"start":{"line":15,"column":17},"end":{"line":17,"column":43}},"type":"cond-expr","locations":[{"start":{"line":16,"column":8},"end":{"line":16,"column":56}},{"start":{"line":17,"column":8},"end":{"line":17,"column":43}}]}},"s":{"0":1,"1":1,"2":1,"3":4,"4":4,"5":4,"6":3,"7":1,"8":1},"f":{"0":4,"1":4,"2":3},"b":{"0":[1],"1":[1,3]}}
,"D:\\minshuku-saas\\src\\core\\admin\\application\\usecase\\getNotifications.usecase.ts": {"path":"D:\\minshuku-saas\\src\\core\\admin\\application\\usecase\\getNotifications.usecase.ts","statementMap":{"0":{"start":{"line":3,"column":0},"end":{"line":3,"column":46}},"1":{"start":{"line":5,"column":0},"end":{"line":5,"column":61}},"2":{"start":{"line":8,"column":15},"end":{"line":33,"column":null}},"3":{"start":{"line":11,"column":12},"end":{"line":11,"column":53}},"4":{"start":{"line":15,"column":26},"end":{"line":15,"column":83}},"5":{"start":{"line":16,"column":24},"end":{"line":16,"column":72}},"6":{"start":{"line":18,"column":4},"end":{"line":31,"column":6}},"7":{"start":{"line":19,"column":47},"end":{"line":29,"column":8}},"8":{"start":{"line":8,"column":21},"end":{"line":33,"column":null}},"9":{"start":{"line":8,"column":21},"end":{"line":8,"column":null}}},"fnMap":{"0":{"name":"(anonymous_4)","decl":{"start":{"line":9,"column":2},"end":{"line":9,"column":null}},"loc":{"start":{"line":11,"column":53},"end":{"line":12,"column":6}}},"1":{"name":"(anonymous_5)","decl":{"start":{"line":14,"column":2},"end":{"line":14,"column":7}},"loc":{"start":{"line":14,"column":51},"end":{"line":32,"column":3}}},"2":{"name":"(anonymous_6)","decl":{"start":{"line":19,"column":39},"end":{"line":19,"column":40}},"loc":{"start":{"line":19,"column":47},"end":{"line":29,"column":8}}}},"branchMap":{"0":{"loc":{"start":{"line":14,"column":33},"end":{"line":14,"column":51}},"type":"default-arg","locations":[{"start":{"line":14,"column":49},"end":{"line":14,"column":51}}]}},"s":{"0":1,"1":1,"2":1,"3":3,"4":3,"5":3,"6":3,"7":2,"8":1,"9":1},"f":{"0":3,"1":3,"2":2},"b":{"0":[2]}}
,"D:\\minshuku-saas\\src\\core\\admin\\application\\usecase\\getSystemSettings.usecase.ts": {"path":"D:\\minshuku-saas\\src\\core\\admin\\application\\usecase\\getSystemSettings.usecase.ts","statementMap":{"0":{"start":{"line":3,"column":0},"end":{"line":3,"column":46}},"1":{"start":{"line":5,"column":0},"end":{"line":5,"column":61}},"2":{"start":{"line":8,"column":15},"end":{"line":30,"column":null}},"3":{"start":{"line":11,"column":12},"end":{"line":11,"column":51}},"4":{"start":{"line":15,"column":21},"end":{"line":17,"column":41}},"5":{"start":{"line":19,"column":4},"end":{"line":28,"column":8}},"6":{"start":{"line":19,"column":32},"end":{"line":28,"column":6}},"7":{"start":{"line":8,"column":21},"end":{"line":30,"column":null}},"8":{"start":{"line":8,"column":21},"end":{"line":8,"column":null}}},"fnMap":{"0":{"name":"(anonymous_4)","decl":{"start":{"line":9,"column":2},"end":{"line":9,"column":null}},"loc":{"start":{"line":11,"column":51},"end":{"line":12,"column":6}}},"1":{"name":"(anonymous_5)","decl":{"start":{"line":14,"column":2},"end":{"line":14,"column":7}},"loc":{"start":{"line":14,"column":33},"end":{"line":29,"column":3}}},"2":{"name":"(anonymous_6)","decl":{"start":{"line":19,"column":24},"end":{"line":19,"column":25}},"loc":{"start":{"line":19,"column":32},"end":{"line":28,"column":6}}}},"branchMap":{"0":{"loc":{"start":{"line":15,"column":21},"end":{"line":17,"column":41}},"type":"cond-expr","locations":[{"start":{"line":16,"column":8},"end":{"line":16,"column":56}},{"start":{"line":17,"column":8},"end":{"line":17,"column":41}}]}},"s":{"0":1,"1":1,"2":1,"3":3,"4":3,"5":3,"6":2,"7":1,"8":1},"f":{"0":3,"1":3,"2":2},"b":{"0":[1,2]}}
,"D:\\minshuku-saas\\src\\core\\admin\\application\\usecase\\getUserById.usecase.ts": {"path":"D:\\minshuku-saas\\src\\core\\admin\\application\\usecase\\getUserById.usecase.ts","statementMap":{"0":{"start":{"line":3,"column":0},"end":{"line":3,"column":46}},"1":{"start":{"line":5,"column":0},"end":{"line":5,"column":61}},"2":{"start":{"line":8,"column":15},"end":{"line":31,"column":null}},"3":{"start":{"line":11,"column":12},"end":{"line":11,"column":43}},"4":{"start":{"line":15,"column":18},"end":{"line":15,"column":51}},"5":{"start":{"line":16,"column":4},"end":{"line":16,"column":28}},"6":{"start":{"line":16,"column":16},"end":{"line":16,"column":28}},"7":{"start":{"line":18,"column":4},"end":{"line":29,"column":6}},"8":{"start":{"line":8,"column":21},"end":{"line":31,"column":null}},"9":{"start":{"line":8,"column":21},"end":{"line":8,"column":null}}},"fnMap":{"0":{"name":"(anonymous_4)","decl":{"start":{"line":9,"column":2},"end":{"line":9,"column":null}},"loc":{"start":{"line":11,"column":43},"end":{"line":12,"column":6}}},"1":{"name":"(anonymous_5)","decl":{"start":{"line":14,"column":2},"end":{"line":14,"column":7}},"loc":{"start":{"line":14,"column":26},"end":{"line":30,"column":3}}}},"branchMap":{"0":{"loc":{"start":{"line":16,"column":4},"end":{"line":16,"column":28}},"type":"if","locations":[{"start":{"line":16,"column":4},"end":{"line":16,"column":28}},{"start":{},"end":{}}]}},"s":{"0":1,"1":1,"2":1,"3":2,"4":2,"5":2,"6":1,"7":1,"8":1,"9":1},"f":{"0":2,"1":2},"b":{"0":[1,1]}}
,"D:\\minshuku-saas\\src\\core\\admin\\application\\usecase\\listAdmins.usecase.ts": {"path":"D:\\minshuku-saas\\src\\core\\admin\\application\\usecase\\listAdmins.usecase.ts","statementMap":{"0":{"start":{"line":1,"column":0},"end":{"line":1,"column":61}},"1":{"start":{"line":2,"column":0},"end":{"line":2,"column":34}},"2":{"start":{"line":6,"column":0},"end":{"line":15,"column":null}},"3":{"start":{"line":9,"column":21},"end":{"line":9,"column":47}},"4":{"start":{"line":13,"column":4},"end":{"line":13,"column":31}},"5":{"start":{"line":6,"column":21},"end":{"line":15,"column":null}},"6":{"start":{"line":6,"column":21},"end":{"line":6,"column":null}}},"fnMap":{"0":{"name":"(anonymous_4)","decl":{"start":{"line":7,"column":2},"end":{"line":7,"column":null}},"loc":{"start":{"line":9,"column":47},"end":{"line":10,"column":6}}},"1":{"name":"(anonymous_5)","decl":{"start":{"line":12,"column":2},"end":{"line":12,"column":7}},"loc":{"start":{"line":12,"column":15},"end":{"line":14,"column":3}}}},"branchMap":{},"s":{"0":1,"1":1,"2":1,"3":4,"4":4,"5":1,"6":1},"f":{"0":4,"1":4},"b":{}}
,"D:\\minshuku-saas\\src\\core\\admin\\application\\usecase\\markNotificationRead.usecase.ts": {"path":"D:\\minshuku-saas\\src\\core\\admin\\application\\usecase\\markNotificationRead.usecase.ts","statementMap":{"0":{"start":{"line":3,"column":0},"end":{"line":3,"column":46}},"1":{"start":{"line":5,"column":0},"end":{"line":5,"column":61}},"2":{"start":{"line":8,"column":15},"end":{"line":21,"column":null}},"3":{"start":{"line":11,"column":12},"end":{"line":11,"column":53}},"4":{"start":{"line":15,"column":4},"end":{"line":15,"column":48}},"5":{"start":{"line":19,"column":4},"end":{"line":19,"column":56}},"6":{"start":{"line":8,"column":21},"end":{"line":21,"column":null}},"7":{"start":{"line":8,"column":21},"end":{"line":8,"column":null}}},"fnMap":{"0":{"name":"(anonymous_4)","decl":{"start":{"line":9,"column":2},"end":{"line":9,"column":null}},"loc":{"start":{"line":11,"column":53},"end":{"line":12,"column":6}}},"1":{"name":"(anonymous_5)","decl":{"start":{"line":14,"column":2},"end":{"line":14,"column":7}},"loc":{"start":{"line":14,"column":26},"end":{"line":16,"column":3}}},"2":{"name":"(anonymous_6)","decl":{"start":{"line":18,"column":2},"end":{"line":18,"column":7}},"loc":{"start":{"line":18,"column":31},"end":{"line":20,"column":3}}}},"branchMap":{},"s":{"0":1,"1":1,"2":1,"3":4,"4":2,"5":2,"6":1,"7":1},"f":{"0":4,"1":2,"2":2},"b":{}}
,"D:\\minshuku-saas\\src\\core\\admin\\application\\usecase\\promoteUserToAdmin.usecase.ts": {"path":"D:\\minshuku-saas\\src\\core\\admin\\application\\usecase\\promoteUserToAdmin.usecase.ts","statementMap":{"0":{"start":{"line":3,"column":0},"end":{"line":3,"column":61}},"1":{"start":{"line":4,"column":0},"end":{"line":4,"column":34}},"2":{"start":{"line":7,"column":0},"end":{"line":7,"column":59}},"3":{"start":{"line":8,"column":0},"end":{"line":8,"column":49}},"4":{"start":{"line":9,"column":0},"end":{"line":9,"column":60}},"5":{"start":{"line":12,"column":0},"end":{"line":29,"column":null}},"6":{"start":{"line":15,"column":21},"end":{"line":15,"column":57}},"7":{"start":{"line":17,"column":21},"end":{"line":17,"column":52}},"8":{"start":{"line":21,"column":17},"end":{"line":21,"column":59}},"9":{"start":{"line":22,"column":4},"end":{"line":24,"column":5}},"10":{"start":{"line":23,"column":6},"end":{"line":23,"column":40}},"11":{"start":{"line":25,"column":4},"end":{"line":25,"column":62}},"12":{"start":{"line":26,"column":18},"end":{"line":26,"column":62}},"13":{"start":{"line":27,"column":4},"end":{"line":27,"column":69}},"14":{"start":{"line":12,"column":21},"end":{"line":29,"column":null}},"15":{"start":{"line":12,"column":21},"end":{"line":12,"column":null}}},"fnMap":{"0":{"name":"(anonymous_4)","decl":{"start":{"line":13,"column":2},"end":{"line":13,"column":null}},"loc":{"start":{"line":17,"column":52},"end":{"line":18,"column":6}}},"1":{"name":"(anonymous_5)","decl":{"start":{"line":20,"column":2},"end":{"line":20,"column":7}},"loc":{"start":{"line":20,"column":30},"end":{"line":28,"column":3}}}},"branchMap":{"0":{"loc":{"start":{"line":22,"column":4},"end":{"line":24,"column":5}},"type":"if","locations":[{"start":{"line":22,"column":4},"end":{"line":24,"column":5}},{"start":{},"end":{}}]}},"s":{"0":1,"1":1,"2":1,"3":1,"4":1,"5":1,"6":3,"7":3,"8":3,"9":2,"10":1,"11":1,"12":1,"13":1,"14":1,"15":1},"f":{"0":3,"1":3},"b":{"0":[1,1]}}
,"D:\\minshuku-saas\\src\\core\\admin\\application\\usecase\\updateAdmin.usecase.ts": {"path":"D:\\minshuku-saas\\src\\core\\admin\\application\\usecase\\updateAdmin.usecase.ts","statementMap":{"0":{"start":{"line":1,"column":0},"end":{"line":1,"column":61}},"1":{"start":{"line":2,"column":0},"end":{"line":2,"column":34}},"2":{"start":{"line":6,"column":0},"end":{"line":15,"column":null}},"3":{"start":{"line":9,"column":21},"end":{"line":9,"column":47}},"4":{"start":{"line":13,"column":4},"end":{"line":13,"column":39}},"5":{"start":{"line":6,"column":21},"end":{"line":15,"column":null}},"6":{"start":{"line":6,"column":21},"end":{"line":6,"column":null}}},"fnMap":{"0":{"name":"(anonymous_4)","decl":{"start":{"line":7,"column":2},"end":{"line":7,"column":null}},"loc":{"start":{"line":9,"column":47},"end":{"line":10,"column":6}}},"1":{"name":"(anonymous_5)","decl":{"start":{"line":12,"column":2},"end":{"line":12,"column":7}},"loc":{"start":{"line":12,"column":44},"end":{"line":14,"column":3}}}},"branchMap":{},"s":{"0":1,"1":1,"2":1,"3":4,"4":4,"5":1,"6":1},"f":{"0":4,"1":4},"b":{}}
,"D:\\minshuku-saas\\src\\core\\admin\\application\\usecase\\updateAdminUser.usecase.ts": {"path":"D:\\minshuku-saas\\src\\core\\admin\\application\\usecase\\updateAdminUser.usecase.ts","statementMap":{"0":{"start":{"line":3,"column":0},"end":{"line":3,"column":46}},"1":{"start":{"line":5,"column":0},"end":{"line":5,"column":61}},"2":{"start":{"line":15,"column":15},"end":{"line":45,"column":null}},"3":{"start":{"line":18,"column":12},"end":{"line":18,"column":43}},"4":{"start":{"line":22,"column":18},"end":{"line":22,"column":51}},"5":{"start":{"line":23,"column":4},"end":{"line":23,"column":51}},"6":{"start":{"line":23,"column":16},"end":{"line":23,"column":51}},"7":{"start":{"line":25,"column":4},"end":{"line":25,"column":49}},"8":{"start":{"line":25,"column":20},"end":{"line":25,"column":49}},"9":{"start":{"line":26,"column":4},"end":{"line":26,"column":49}},"10":{"start":{"line":26,"column":20},"end":{"line":26,"column":49}},"11":{"start":{"line":27,"column":4},"end":{"line":27,"column":79}},"12":{"start":{"line":27,"column":37},"end":{"line":27,"column":79}},"13":{"start":{"line":28,"column":4},"end":{"line":30,"column":5}},"14":{"start":{"line":29,"column":6},"end":{"line":29,"column":61}},"15":{"start":{"line":32,"column":4},"end":{"line":32,"column":43}},"16":{"start":{"line":33,"column":4},"end":{"line":43,"column":6}},"17":{"start":{"line":15,"column":21},"end":{"line":45,"column":null}},"18":{"start":{"line":15,"column":21},"end":{"line":15,"column":null}}},"fnMap":{"0":{"name":"(anonymous_4)","decl":{"start":{"line":16,"column":2},"end":{"line":16,"column":null}},"loc":{"start":{"line":18,"column":43},"end":{"line":19,"column":6}}},"1":{"name":"(anonymous_5)","decl":{"start":{"line":21,"column":2},"end":{"line":21,"column":7}},"loc":{"start":{"line":21,"column":55},"end":{"line":44,"column":3}}}},"branchMap":{"0":{"loc":{"start":{"line":23,"column":4},"end":{"line":23,"column":51}},"type":"if","locations":[{"start":{"line":23,"column":4},"end":{"line":23,"column":51}},{"start":{},"end":{}}]},"1":{"loc":{"start":{"line":25,"column":4},"end":{"line":25,"column":49}},"type":"if","locations":[{"start":{"line":25,"column":4},"end":{"line":25,"column":49}},{"start":{},"end":{}}]},"2":{"loc":{"start":{"line":26,"column":4},"end":{"line":26,"column":49}},"type":"if","locations":[{"start":{"line":26,"column":4},"end":{"line":26,"column":49}},{"start":{},"end":{}}]},"3":{"loc":{"start":{"line":27,"column":4},"end":{"line":27,"column":79}},"type":"if","locations":[{"start":{"line":27,"column":4},"end":{"line":27,"column":79}},{"start":{},"end":{}}]},"4":{"loc":{"start":{"line":28,"column":4},"end":{"line":30,"column":5}},"type":"if","locations":[{"start":{"line":28,"column":4},"end":{"line":30,"column":5}},{"start":{},"end":{}}]},"5":{"loc":{"start":{"line":29,"column":6},"end":{"line":29,"column":60}},"type":"cond-expr","locations":[{"start":{"line":29,"column":23},"end":{"line":29,"column":39}},{"start":{"line":29,"column":42},"end":{"line":29,"column":60}}]}},"s":{"0":1,"1":1,"2":1,"3":6,"4":6,"5":6,"6":1,"7":5,"8":2,"9":5,"10":1,"11":5,"12":0,"13":5,"14":2,"15":5,"16":5,"17":1,"18":1},"f":{"0":6,"1":6},"b":{"0":[1,5],"1":[2,3],"2":[1,4],"3":[0,5],"4":[2,3],"5":[1,1]}}
,"D:\\minshuku-saas\\src\\core\\admin\\application\\usecase\\updateSystemSetting.usecase.ts": {"path":"D:\\minshuku-saas\\src\\core\\admin\\application\\usecase\\updateSystemSetting.usecase.ts","statementMap":{"0":{"start":{"line":3,"column":0},"end":{"line":3,"column":46}},"1":{"start":{"line":5,"column":0},"end":{"line":5,"column":61}},"2":{"start":{"line":16,"column":15},"end":{"line":42,"column":null}},"3":{"start":{"line":19,"column":12},"end":{"line":19,"column":51}},"4":{"start":{"line":23,"column":20},"end":{"line":28,"column":null}},"5":{"start":{"line":31,"column":4},"end":{"line":40,"column":6}},"6":{"start":{"line":16,"column":21},"end":{"line":42,"column":null}},"7":{"start":{"line":16,"column":21},"end":{"line":16,"column":null}}},"fnMap":{"0":{"name":"(anonymous_4)","decl":{"start":{"line":17,"column":2},"end":{"line":17,"column":null}},"loc":{"start":{"line":19,"column":51},"end":{"line":20,"column":6}}},"1":{"name":"(anonymous_5)","decl":{"start":{"line":22,"column":2},"end":{"line":22,"column":7}},"loc":{"start":{"line":22,"column":47},"end":{"line":41,"column":3}}}},"branchMap":{"0":{"loc":{"start":{"line":26,"column":6},"end":{"line":26,"column":33}},"type":"binary-expr","locations":[{"start":{"line":26,"column":6},"end":{"line":26,"column":20}},{"start":{"line":26,"column":24},"end":{"line":26,"column":33}}]}},"s":{"0":1,"1":1,"2":1,"3":4,"4":4,"5":4,"6":1,"7":1},"f":{"0":4,"1":4},"b":{"0":[4,3]}}
,"D:\\minshuku-saas\\src\\core\\admin\\domain\\entities\\adminUser.ts": {"path":"D:\\minshuku-saas\\src\\core\\admin\\domain\\entities\\adminUser.ts","statementMap":{"0":{"start":{"line":5,"column":0},"end":{"line":5,"column":47}},"1":{"start":{"line":22,"column":4},"end":{"line":22,"column":22}},"2":{"start":{"line":27,"column":1},"end":{"line":33,"column":6}},"3":{"start":{"line":35,"column":4},"end":{"line":35,"column":30}},"4":{"start":{"line":38,"column":13},"end":{"line":38,"column":34}},"5":{"start":{"line":39,"column":16},"end":{"line":39,"column":51}},"6":{"start":{"line":40,"column":15},"end":{"line":40,"column":38}},"7":{"start":{"line":41,"column":15},"end":{"line":41,"column":38}},"8":{"start":{"line":42,"column":17},"end":{"line":42,"column":42}},"9":{"start":{"line":43,"column":19},"end":{"line":43,"column":46}},"10":{"start":{"line":44,"column":20},"end":{"line":44,"column":48}},"11":{"start":{"line":45,"column":22},"end":{"line":45,"column":52}},"12":{"start":{"line":46,"column":20},"end":{"line":46,"column":48}},"13":{"start":{"line":47,"column":20},"end":{"line":47,"column":48}},"14":{"start":{"line":50,"column":4},"end":{"line":50,"column":27}},"15":{"start":{"line":51,"column":4},"end":{"line":51,"column":17}},"16":{"start":{"line":55,"column":4},"end":{"line":55,"column":27}},"17":{"start":{"line":56,"column":4},"end":{"line":56,"column":17}},"18":{"start":{"line":60,"column":4},"end":{"line":60,"column":32}},"19":{"start":{"line":61,"column":4},"end":{"line":61,"column":17}},"20":{"start":{"line":65,"column":4},"end":{"line":65,"column":31}},"21":{"start":{"line":66,"column":4},"end":{"line":66,"column":17}},"22":{"start":{"line":70,"column":4},"end":{"line":70,"column":40}},"23":{"start":{"line":71,"column":4},"end":{"line":71,"column":17}},"24":{"start":{"line":75,"column":4},"end":{"line":75,"column":38}},"25":{"start":{"line":78,"column":4},"end":{"line":89,"column":7}},"26":{"start":{"line":92,"column":4},"end":{"line":92,"column":60}},"27":{"start":{"line":92,"column":19},"end":{"line":92,"column":60}},"28":{"start":{"line":93,"column":4},"end":{"line":93,"column":66}},"29":{"start":{"line":93,"column":22},"end":{"line":93,"column":66}},"30":{"start":{"line":94,"column":4},"end":{"line":94,"column":64}},"31":{"start":{"line":94,"column":21},"end":{"line":94,"column":64}},"32":{"start":{"line":95,"column":4},"end":{"line":95,"column":64}},"33":{"start":{"line":95,"column":21},"end":{"line":95,"column":64}},"34":{"start":{"line":96,"column":4},"end":{"line":96,"column":85}},"35":{"start":{"line":96,"column":38},"end":{"line":96,"column":85}},"36":{"start":{"line":97,"column":4},"end":{"line":97,"column":87}},"37":{"start":{"line":97,"column":39},"end":{"line":97,"column":87}},"38":{"start":{"line":98,"column":4},"end":{"line":98,"column":74}},"39":{"start":{"line":98,"column":26},"end":{"line":98,"column":74}},"40":{"start":{"line":99,"column":4},"end":{"line":99,"column":74}},"41":{"start":{"line":99,"column":26},"end":{"line":99,"column":74}},"42":{"start":{"line":101,"column":4},"end":{"line":101,"column":77}},"43":{"start":{"line":101,"column":33},"end":{"line":101,"column":77}},"44":{"start":{"line":102,"column":4},"end":{"line":102,"column":64}},"45":{"start":{"line":102,"column":21},"end":{"line":102,"column":64}},"46":{"start":{"line":20,"column":0},"end":{"line":20,"column":13}}},"fnMap":{"0":{"name":"(anonymous_0)","decl":{"start":{"line":21,"column":2},"end":{"line":21,"column":8}},"loc":{"start":{"line":21,"column":8},"end":{"line":23,"column":3}}},"1":{"name":"(anonymous_1)","decl":{"start":{"line":26,"column":2},"end":{"line":26,"column":14}},"loc":{"start":{"line":26,"column":35},"end":{"line":36,"column":3}}},"2":{"name":"(anonymous_2)","decl":{"start":{"line":38,"column":2},"end":{"line":38,"column":6}},"loc":{"start":{"line":38,"column":8},"end":{"line":38,"column":36}}},"3":{"name":"(anonymous_3)","decl":{"start":{"line":39,"column":2},"end":{"line":39,"column":6}},"loc":{"start":{"line":39,"column":11},"end":{"line":39,"column":53}}},"4":{"name":"(anonymous_4)","decl":{"start":{"line":40,"column":2},"end":{"line":40,"column":6}},"loc":{"start":{"line":40,"column":10},"end":{"line":40,"column":40}}},"5":{"name":"(anonymous_5)","decl":{"start":{"line":41,"column":2},"end":{"line":41,"column":6}},"loc":{"start":{"line":41,"column":10},"end":{"line":41,"column":40}}},"6":{"name":"(anonymous_6)","decl":{"start":{"line":42,"column":2},"end":{"line":42,"column":6}},"loc":{"start":{"line":42,"column":12},"end":{"line":42,"column":44}}},"7":{"name":"(anonymous_7)","decl":{"start":{"line":43,"column":2},"end":{"line":43,"column":6}},"loc":{"start":{"line":43,"column":14},"end":{"line":43,"column":48}}},"8":{"name":"(anonymous_8)","decl":{"start":{"line":44,"column":2},"end":{"line":44,"column":6}},"loc":{"start":{"line":44,"column":15},"end":{"line":44,"column":50}}},"9":{"name":"(anonymous_9)","decl":{"start":{"line":45,"column":2},"end":{"line":45,"column":6}},"loc":{"start":{"line":45,"column":17},"end":{"line":45,"column":54}}},"10":{"name":"(anonymous_10)","decl":{"start":{"line":46,"column":2},"end":{"line":46,"column":6}},"loc":{"start":{"line":46,"column":15},"end":{"line":46,"column":50}}},"11":{"name":"(anonymous_11)","decl":{"start":{"line":47,"column":2},"end":{"line":47,"column":6}},"loc":{"start":{"line":47,"column":15},"end":{"line":47,"column":50}}},"12":{"name":"(anonymous_12)","decl":{"start":{"line":49,"column":2},"end":{"line":49,"column":12}},"loc":{"start":{"line":49,"column":25},"end":{"line":52,"column":3}}},"13":{"name":"(anonymous_13)","decl":{"start":{"line":54,"column":2},"end":{"line":54,"column":12}},"loc":{"start":{"line":54,"column":75},"end":{"line":57,"column":3}}},"14":{"name":"(anonymous_14)","decl":{"start":{"line":59,"column":2},"end":{"line":59,"column":12}},"loc":{"start":{"line":59,"column":12},"end":{"line":62,"column":3}}},"15":{"name":"(anonymous_15)","decl":{"start":{"line":64,"column":2},"end":{"line":64,"column":10}},"loc":{"start":{"line":64,"column":10},"end":{"line":67,"column":3}}},"16":{"name":"(anonymous_16)","decl":{"start":{"line":69,"column":2},"end":{"line":69,"column":13}},"loc":{"start":{"line":69,"column":13},"end":{"line":72,"column":3}}},"17":{"name":"(anonymous_17)","decl":{"start":{"line":74,"column":10},"end":{"line":74,"column":15}},"loc":{"start":{"line":74,"column":15},"end":{"line":76,"column":3}}},"18":{"name":"(anonymous_18)","decl":{"start":{"line":77,"column":2},"end":{"line":77,"column":8}},"loc":{"start":{"line":77,"column":29},"end":{"line":90,"column":3}}},"19":{"name":"(anonymous_19)","decl":{"start":{"line":91,"column":10},"end":{"line":91,"column":18}},"loc":{"start":{"line":91,"column":40},"end":{"line":103,"column":3}}}},"branchMap":{"0":{"loc":{"start":{"line":31,"column":19},"end":{"line":31,"column":43}},"type":"binary-expr","locations":[{"start":{"line":31,"column":19},"end":{"line":31,"column":34}},{"start":{"line":31,"column":38},"end":{"line":31,"column":43}}]},"1":{"loc":{"start":{"line":92,"column":4},"end":{"line":92,"column":60}},"type":"if","locations":[{"start":{"line":92,"column":4},"end":{"line":92,"column":60}},{"start":{},"end":{}}]},"2":{"loc":{"start":{"line":93,"column":4},"end":{"line":93,"column":66}},"type":"if","locations":[{"start":{"line":93,"column":4},"end":{"line":93,"column":66}},{"start":{},"end":{}}]},"3":{"loc":{"start":{"line":94,"column":4},"end":{"line":94,"column":64}},"type":"if","locations":[{"start":{"line":94,"column":4},"end":{"line":94,"column":64}},{"start":{},"end":{}}]},"4":{"loc":{"start":{"line":95,"column":4},"end":{"line":95,"column":64}},"type":"if","locations":[{"start":{"line":95,"column":4},"end":{"line":95,"column":64}},{"start":{},"end":{}}]},"5":{"loc":{"start":{"line":96,"column":4},"end":{"line":96,"column":85}},"type":"if","locations":[{"start":{"line":96,"column":4},"end":{"line":96,"column":85}},{"start":{},"end":{}}]},"6":{"loc":{"start":{"line":97,"column":4},"end":{"line":97,"column":87}},"type":"if","locations":[{"start":{"line":97,"column":4},"end":{"line":97,"column":87}},{"start":{},"end":{}}]},"7":{"loc":{"start":{"line":98,"column":4},"end":{"line":98,"column":74}},"type":"if","locations":[{"start":{"line":98,"column":4},"end":{"line":98,"column":74}},{"start":{},"end":{}}]},"8":{"loc":{"start":{"line":99,"column":4},"end":{"line":99,"column":74}},"type":"if","locations":[{"start":{"line":99,"column":4},"end":{"line":99,"column":74}},{"start":{},"end":{}}]},"9":{"loc":{"start":{"line":101,"column":4},"end":{"line":101,"column":77}},"type":"if","locations":[{"start":{"line":101,"column":4},"end":{"line":101,"column":77}},{"start":{},"end":{}}]},"10":{"loc":{"start":{"line":102,"column":4},"end":{"line":102,"column":64}},"type":"if","locations":[{"start":{"line":102,"column":4},"end":{"line":102,"column":64}},{"start":{},"end":{}}]}},"s":{"0":3,"1":0,"2":25,"3":25,"4":6,"5":6,"6":9,"7":7,"8":7,"9":8,"10":3,"11":8,"12":5,"13":7,"14":3,"15":3,"16":2,"17":2,"18":2,"19":2,"20":2,"21":2,"22":1,"23":1,"24":10,"25":0,"26":25,"27":1,"28":24,"29":1,"30":23,"31":1,"32":22,"33":1,"34":21,"35":1,"36":20,"37":0,"38":20,"39":1,"40":19,"41":1,"42":18,"43":0,"44":18,"45":0,"46":3},"f":{"0":0,"1":25,"2":6,"3":6,"4":9,"5":7,"6":7,"7":8,"8":3,"9":8,"10":5,"11":7,"12":3,"13":2,"14":2,"15":2,"16":1,"17":10,"18":0,"19":25},"b":{"0":[25,2],"1":[1,24],"2":[1,23],"3":[1,22],"4":[1,21],"5":[1,20],"6":[0,20],"7":[1,19],"8":[1,18],"9":[0,18],"10":[0,18]}}
,"D:\\minshuku-saas\\src\\core\\admin\\domain\\entities\\auditLog.ts": {"path":"D:\\minshuku-saas\\src\\core\\admin\\domain\\entities\\auditLog.ts","statementMap":{"0":{"start":{"line":32,"column":4},"end":{"line":32,"column":23}},"1":{"start":{"line":35,"column":13},"end":{"line":35,"column":34}},"2":{"start":{"line":36,"column":17},"end":{"line":36,"column":42}},"3":{"start":{"line":37,"column":19},"end":{"line":37,"column":46}},"4":{"start":{"line":38,"column":18},"end":{"line":38,"column":44}},"5":{"start":{"line":39,"column":21},"end":{"line":39,"column":50}},"6":{"start":{"line":40,"column":23},"end":{"line":40,"column":54}},"7":{"start":{"line":41,"column":18},"end":{"line":41,"column":44}},"8":{"start":{"line":42,"column":17},"end":{"line":42,"column":42}},"9":{"start":{"line":43,"column":17},"end":{"line":43,"column":42}},"10":{"start":{"line":44,"column":20},"end":{"line":44,"column":48}},"11":{"start":{"line":45,"column":24},"end":{"line":45,"column":56}},"12":{"start":{"line":46,"column":15},"end":{"line":46,"column":38}},"13":{"start":{"line":47,"column":19},"end":{"line":47,"column":46}},"14":{"start":{"line":48,"column":18},"end":{"line":48,"column":44}},"15":{"start":{"line":49,"column":13},"end":{"line":49,"column":34}},"16":{"start":{"line":50,"column":20},"end":{"line":50,"column":48}},"17":{"start":{"line":51,"column":17},"end":{"line":51,"column":42}},"18":{"start":{"line":28,"column":0},"end":{"line":28,"column":13}}},"fnMap":{"0":{"name":"(anonymous_0)","decl":{"start":{"line":31,"column":2},"end":{"line":31,"column":14}},"loc":{"start":{"line":31,"column":34},"end":{"line":33,"column":3}}},"1":{"name":"(anonymous_1)","decl":{"start":{"line":35,"column":2},"end":{"line":35,"column":6}},"loc":{"start":{"line":35,"column":8},"end":{"line":35,"column":36}}},"2":{"name":"(anonymous_2)","decl":{"start":{"line":36,"column":2},"end":{"line":36,"column":6}},"loc":{"start":{"line":36,"column":12},"end":{"line":36,"column":44}}},"3":{"name":"(anonymous_3)","decl":{"start":{"line":37,"column":2},"end":{"line":37,"column":6}},"loc":{"start":{"line":37,"column":14},"end":{"line":37,"column":48}}},"4":{"name":"(anonymous_4)","decl":{"start":{"line":38,"column":2},"end":{"line":38,"column":6}},"loc":{"start":{"line":38,"column":13},"end":{"line":38,"column":46}}},"5":{"name":"(anonymous_5)","decl":{"start":{"line":39,"column":2},"end":{"line":39,"column":6}},"loc":{"start":{"line":39,"column":16},"end":{"line":39,"column":52}}},"6":{"name":"(anonymous_6)","decl":{"start":{"line":40,"column":2},"end":{"line":40,"column":6}},"loc":{"start":{"line":40,"column":18},"end":{"line":40,"column":56}}},"7":{"name":"(anonymous_7)","decl":{"start":{"line":41,"column":2},"end":{"line":41,"column":6}},"loc":{"start":{"line":41,"column":13},"end":{"line":41,"column":46}}},"8":{"name":"(anonymous_8)","decl":{"start":{"line":42,"column":2},"end":{"line":42,"column":6}},"loc":{"start":{"line":42,"column":12},"end":{"line":42,"column":44}}},"9":{"name":"(anonymous_9)","decl":{"start":{"line":43,"column":2},"end":{"line":43,"column":6}},"loc":{"start":{"line":43,"column":12},"end":{"line":43,"column":44}}},"10":{"name":"(anonymous_10)","decl":{"start":{"line":44,"column":2},"end":{"line":44,"column":6}},"loc":{"start":{"line":44,"column":15},"end":{"line":44,"column":50}}},"11":{"name":"(anonymous_11)","decl":{"start":{"line":45,"column":2},"end":{"line":45,"column":6}},"loc":{"start":{"line":45,"column":19},"end":{"line":45,"column":58}}},"12":{"name":"(anonymous_12)","decl":{"start":{"line":46,"column":2},"end":{"line":46,"column":6}},"loc":{"start":{"line":46,"column":10},"end":{"line":46,"column":40}}},"13":{"name":"(anonymous_13)","decl":{"start":{"line":47,"column":2},"end":{"line":47,"column":6}},"loc":{"start":{"line":47,"column":14},"end":{"line":47,"column":48}}},"14":{"name":"(anonymous_14)","decl":{"start":{"line":48,"column":2},"end":{"line":48,"column":6}},"loc":{"start":{"line":48,"column":13},"end":{"line":48,"column":46}}},"15":{"name":"(anonymous_15)","decl":{"start":{"line":49,"column":2},"end":{"line":49,"column":6}},"loc":{"start":{"line":49,"column":8},"end":{"line":49,"column":36}}},"16":{"name":"(anonymous_16)","decl":{"start":{"line":50,"column":2},"end":{"line":50,"column":6}},"loc":{"start":{"line":50,"column":15},"end":{"line":50,"column":50}}},"17":{"name":"(anonymous_17)","decl":{"start":{"line":51,"column":2},"end":{"line":51,"column":6}},"loc":{"start":{"line":51,"column":12},"end":{"line":51,"column":44}}}},"branchMap":{},"s":{"0":10,"1":1,"2":0,"3":0,"4":0,"5":0,"6":0,"7":4,"8":2,"9":2,"10":0,"11":0,"12":0,"13":3,"14":2,"15":5,"16":1,"17":0,"18":3},"f":{"0":10,"1":1,"2":0,"3":0,"4":0,"5":0,"6":0,"7":4,"8":2,"9":2,"10":0,"11":0,"12":0,"13":3,"14":2,"15":5,"16":1,"17":0},"b":{}}
,"D:\\minshuku-saas\\src\\core\\admin\\domain\\entities\\notification.ts": {"path":"D:\\minshuku-saas\\src\\core\\admin\\domain\\entities\\notification.ts","statementMap":{"0":{"start":{"line":19,"column":4},"end":{"line":19,"column":23}},"1":{"start":{"line":22,"column":13},"end":{"line":22,"column":34}},"2":{"start":{"line":23,"column":18},"end":{"line":23,"column":44}},"3":{"start":{"line":24,"column":15},"end":{"line":24,"column":38}},"4":{"start":{"line":25,"column":16},"end":{"line":25,"column":40}},"5":{"start":{"line":26,"column":18},"end":{"line":26,"column":44}},"6":{"start":{"line":27,"column":17},"end":{"line":27,"column":42}},"7":{"start":{"line":28,"column":19},"end":{"line":28,"column":46}},"8":{"start":{"line":29,"column":17},"end":{"line":29,"column":42}},"9":{"start":{"line":30,"column":20},"end":{"line":30,"column":48}},"10":{"start":{"line":33,"column":4},"end":{"line":33,"column":29}},"11":{"start":{"line":37,"column":4},"end":{"line":37,"column":30}},"12":{"start":{"line":15,"column":0},"end":{"line":15,"column":13}}},"fnMap":{"0":{"name":"(anonymous_0)","decl":{"start":{"line":18,"column":2},"end":{"line":18,"column":14}},"loc":{"start":{"line":18,"column":38},"end":{"line":20,"column":3}}},"1":{"name":"(anonymous_1)","decl":{"start":{"line":22,"column":2},"end":{"line":22,"column":6}},"loc":{"start":{"line":22,"column":8},"end":{"line":22,"column":36}}},"2":{"name":"(anonymous_2)","decl":{"start":{"line":23,"column":2},"end":{"line":23,"column":6}},"loc":{"start":{"line":23,"column":13},"end":{"line":23,"column":46}}},"3":{"name":"(anonymous_3)","decl":{"start":{"line":24,"column":2},"end":{"line":24,"column":6}},"loc":{"start":{"line":24,"column":10},"end":{"line":24,"column":40}}},"4":{"name":"(anonymous_4)","decl":{"start":{"line":25,"column":2},"end":{"line":25,"column":6}},"loc":{"start":{"line":25,"column":11},"end":{"line":25,"column":42}}},"5":{"name":"(anonymous_5)","decl":{"start":{"line":26,"column":2},"end":{"line":26,"column":6}},"loc":{"start":{"line":26,"column":13},"end":{"line":26,"column":46}}},"6":{"name":"(anonymous_6)","decl":{"start":{"line":27,"column":2},"end":{"line":27,"column":6}},"loc":{"start":{"line":27,"column":12},"end":{"line":27,"column":44}}},"7":{"name":"(anonymous_7)","decl":{"start":{"line":28,"column":2},"end":{"line":28,"column":6}},"loc":{"start":{"line":28,"column":14},"end":{"line":28,"column":48}}},"8":{"name":"(anonymous_8)","decl":{"start":{"line":29,"column":2},"end":{"line":29,"column":6}},"loc":{"start":{"line":29,"column":12},"end":{"line":29,"column":44}}},"9":{"name":"(anonymous_9)","decl":{"start":{"line":30,"column":2},"end":{"line":30,"column":6}},"loc":{"start":{"line":30,"column":15},"end":{"line":30,"column":50}}},"10":{"name":"(anonymous_10)","decl":{"start":{"line":32,"column":2},"end":{"line":32,"column":12}},"loc":{"start":{"line":32,"column":12},"end":{"line":34,"column":3}}},"11":{"name":"(anonymous_11)","decl":{"start":{"line":36,"column":2},"end":{"line":36,"column":14}},"loc":{"start":{"line":36,"column":14},"end":{"line":38,"column":3}}}},"branchMap":{
[...]
umn":5}}},"1":{"name":"(anonymous_5)","decl":{"start":{"line":20,"column":1},"end":{"line":20,"column":6}},"loc":{"start":{"line":22,"column":21},"end":{"line":112,"column":2}}},"2":{"name":"(anonymous_6)","decl":{"start":{"line":25,"column":5},"end":{"line":25,"column":6}},"loc":{"start":{"line":25,"column":12},"end":{"line":25,"column":41}}},"3":{"name":"(anonymous_7)","decl":{"start":{"line":30,"column":5},"end":{"line":30,"column":6}},"loc":{"start":{"line":30,"column":12},"end":{"line":30,"column":77}}},"4":{"name":"(anonymous_8)","decl":{"start":{"line":117,"column":9},"end":{"line":117,"column":23}},"loc":{"start":{"line":119,"column":21},"end":{"line":146,"column":2}}},"5":{"name":"(anonymous_9)","decl":{"start":{"line":133,"column":37},"end":{"line":133,"column":38}},"loc":{"start":{"line":133,"column":46},"end":{"line":137,"column":4}}},"6":{"name":"(anonymous_10)","decl":{"start":{"line":152,"column":9},"end":{"line":152,"column":23}},"loc":{"start":{"line":154,"column":21},"end":{"line":203,"column":2}}},"7":{"name":"(anonymous_11)","decl":{"start":{"line":170,"column":52},"end":{"line":170,"column":53}},"loc":{"start":{"line":170,"column":59},"end":{"line":170,"column":72}}},"8":{"name":"(anonymous_12)","decl":{"start":{"line":205,"column":9},"end":{"line":205,"column":30}},"loc":{"start":{"line":208,"column":18},"end":{"line":227,"column":2}}},"9":{"name":"(anonymous_13)","decl":{"start":{"line":16,"column":17},"end":{"line":16,"column":20}},"loc":{"start":{"line":16,"column":23},"end":{"line":16,"column":43}}}},"branchMap":{"0":{"loc":{"start":{"line":30,"column":12},"end":{"line":30,"column":77}},"type":"binary-expr","locations":[{"start":{"line":30,"column":12},"end":{"line":30,"column":44}},{"start":{"line":30,"column":48},"end":{"line":30,"column":77}}]},"1":{"loc":{"start":{"line":33,"column":3},"end":{"line":83,"column":4}},"type":"if","locations":[{"start":{"line":33,"column":3},"end":{"line":83,"column":4}},{"start":{},"end":{}}]},"2":{"loc":{"start":{"line":33,"column":7},"end":{"line":33,"column":58}},"type":"binary-expr","locations":[{"start":{"line":33,"column":7},"end":{"line":33,"column":22}},{"start":{"line":33,"column":26},"end":{"line":33,"column":40}},{"start":{"line":33,"column":44},"end":{"line":33,"column":58}}]},"3":{"loc":{"start":{"line":35,"column":5},"end":{"line":49,"column":6}},"type":"if","locations":[{"start":{"line":35,"column":5},"end":{"line":49,"column":6}},{"start":{},"end":{}}]},"4":{"loc":{"start":{"line":35,"column":9},"end":{"line":35,"column":89}},"type":"binary-expr","locations":[{"start":{"line":35,"column":9},"end":{"line":35,"column":41}},{"start":{"line":35,"column":45},"end":{"line":35,"column":89}}]},"5":{"loc":{"start":{"line":53,"column":5},"end":{"line":60,"column":6}},"type":"if","locations":[{"start":{"line":53,"column":5},"end":{"line":60,"column":6}},{"start":{},"end":{}}]},"6":{"loc":{"start":{"line":64,"column":5},"end":{"line":71,"column":6}},"type":"if","locations":[{"start":{"line":64,"column":5},"end":{"line":71,"column":6}},{"start":{},"end":{}}]},"7":{"loc":{"start":{"line":75,"column":5},"end":{"line":82,"column":6}},"type":"if","locations":[{"start":{"line":75,"column":5},"end":{"line":82,"column":6}},{"start":{},"end":{}}]},"8":{"loc":{"start":{"line":75,"column":9},"end":{"line":75,"column":40}},"type":"binary-expr","locations":[{"start":{"line":75,"column":9},"end":{"line":75,"column":17}},{"start":{"line":75,"column":21},"end":{"line":75,"column":40}}]},"9":{"loc":{"start":{"line":85,"column":3},"end":{"line":87,"column":4}},"type":"if","locations":[{"start":{"line":85,"column":3},"end":{"line":87,"column":4}},{"start":{},"end":{}}]},"10":{"loc":{"start":{"line":90,"column":3},"end":{"line":108,"column":4}},"type":"if","locations":[{"start":{"line":90,"column":3},"end":{"line":108,"column":4}},{"start":{},"end":{}}]},"11":{"loc":{"start":{"line":90,"column":7},"end":{"line":90,"column":87}},"type":"binary-expr","locations":[{"start":{"line":90,"column":7},"end":{"line":90,"column":39}},{"start":{"line":90,"column":43},"end":{"line":90,"column":87}}]},"12":{"loc":{"start":{"line":122,"column":3},"end":{"line":122,"column":55}},"type":"if","locations":[{"start":{"line":122,"column":3},"end":{"line":122,"column":55}},{"start":{},"end":{}}]},"13":{"loc":{"start":{"line":122,"column":7},"end":{"line":122,"column":41}},"type":"binary-expr","locations":[{"start":{"line":122,"column":7},"end":{"line":122,"column":16}},{"start":{"line":122,"column":20},"end":{"line":122,"column":41}}]},"14":{"loc":{"start":{"line":130,"column":3},"end":{"line":130,"column":58}},"type":"if","locations":[{"start":{"line":130,"column":3},"end":{"line":130,"column":58}},{"start":{},"end":{}}]},"15":{"loc":{"start":{"line":130,"column":7},"end":{"line":130,"column":44}},"type":"binary-expr","locations":[{"start":{"line":130,"column":7},"end":{"line":130,"column":21}},{"start":{"line":130,"column":25},"end":{"line":130,"column":44}}]},"16":{"loc":{"start":{"line":134,"column":20},"end":{"line":134,"column":61}},"type":"cond-expr","locations":[{"start":{"line":134,"column":50},"end":{"line":134,"column":57}},{"start":{"line":134,"column":60},"end":{"line":134,"column":61}}]},"17":{"loc":{"start":{"line":135,"column":20},"end":{"line":135,"column":61}},"type":"cond-expr","locations":[{"start":{"line":135,"column":50},"end":{"line":135,"column":57}},{"start":{"line":135,"column":60},"end":{"line":135,"column":61}}]},"18":{"loc":{"start":{"line":136,"column":12},"end":{"line":136,"column":61}},"type":"cond-expr","locations":[{"start":{"line":136,"column":28},"end":{"line":136,"column":43}},{"start":{"line":136,"column":46},"end":{"line":136,"column":61}}]},"19":{"loc":{"start":{"line":140,"column":3},"end":{"line":140,"column":28}},"type":"if","locations":[{"start":{"line":140,"column":3},"end":{"line":140,"column":28}},{"start":{},"end":{}}]},"20":{"loc":{"start":{"line":157,"column":3},"end":{"line":157,"column":55}},"type":"if","locations":[{"start":{"line":157,"column":3},"end":{"line":157,"column":55}},{"start":{},"end":{}}]},"21":{"loc":{"start":{"line":157,"column":7},"end":{"line":157,"column":41}},"type":"binary-expr","locations":[{"start":{"line":157,"column":7},"end":{"line":157,"column":16}},{"start":{"line":157,"column":20},"end":{"line":157,"column":41}}]},"22":{"loc":{"start":{"line":167,"column":3},"end":{"line":167,"column":33}},"type":"if","locations":[{"start":{"line":167,"column":3},"end":{"line":167,"column":33}},{"start":{},"end":{}}]},"23":{"loc":{"start":{"line":171,"column":3},"end":{"line":171,"column":42}},"type":"if","locations":[{"start":{"line":171,"column":3},"end":{"line":171,"column":42}},{"start":{},"end":{}}]},"24":{"loc":{"start":{"line":177,"column":20},"end":{"line":177,"column":39}},"type":"binary-expr","locations":[{"start":{"line":177,"column":20},"end":{"line":177,"column":33}},{"start":{"line":177,"column":37},"end":{"line":177,"column":39}}]},"25":{"loc":{"start":{"line":178,"column":22},"end":{"line":178,"column":43}},"type":"binary-expr","locations":[{"start":{"line":178,"column":22},"end":{"line":178,"column":37}},{"start":{"line":178,"column":41},"end":{"line":178,"column":43}}]},"26":{"loc":{"start":{"line":179,"column":19},"end":{"line":179,"column":44}},"type":"binary-expr","locations":[{"start":{"line":179,"column":19},"end":{"line":179,"column":38}},{"start":{"line":179,"column":42},"end":{"line":179,"column":44}}]},"27":{"loc":{"start":{"line":185,"column":7},"end":{"line":187,"column":8}},"type":"if","locations":[{"start":{"line":185,"column":7},"end":{"line":187,"column":8}},{"start":{},"end":{}}]},"28":{"loc":{"start":{"line":190,"column":5},"end":{"line":199,"column":6}},"type":"if","locations":[{"start":{"line":190,"column":5},"end":{"line":199,"column":6}},{"start":{},"end":{}}]},"29":{"loc":{"start":{"line":192,"column":7},"end":{"line":198,"column":8}},"type":"if","locations":[{"start":{"line":192,"column":7},"end":{"line":198,"column":8}},{"start":{},"end":{}}]},"30":{"loc":{"start":{"line":211,"column":3},"end":{"line":211,"column":50}},"type":"if","locations":[{"start":{"line":211,"column":3},"end":{"line":211,"column":50}},{"start":{},"end":{}}]},"31":{"loc":{"start":{"line":211,"column":7},"end":{"line":211,"column":41}},"type":"binary-expr","locations":[{"start":{"line":211,"column":7},"end":{"line":211,"column":16}},{"start":{"line":211,"column":20},"end":{"line":211,"column":41}}]},"32":{"loc":{"start":{"line":217,"column":3},"end":{"line":217,"column":35}},"type":"if","locations":[{"start":{"line":217,"column":3},"end":{"line":217,"column":35}},{"start":{},"end":{}}]},"33":{"loc":{"start":{"line":220,"column":3},"end":{"line":220,"column":23}},"type":"if","locations":[{"start":{"line":220,"column":3},"end":{"line":220,"column":23}},{"start":{},"end":{}}]}},"s":{"0":2,"1":2,"2":2,"3":2,"4":2,"5":16,"6":13,"7":3,"8":13,"9":3,"10":13,"11":13,"12":10,"13":1,"14":1,"15":1,"16":10,"17":10,"18":0,"19":0,"20":10,"21":10,"22":6,"23":6,"24":4,"25":4,"26":3,"27":3,"28":4,"29":2,"30":2,"31":0,"32":0,"33":0,"34":0,"35":2,"36":2,"37":10,"38":10,"39":1,"40":9,"41":9,"42":9,"43":9,"44":9,"45":0,"46":0,"47":0,"48":0,"49":0,"50":0,"51":0,"52":0,"53":10,"54":10,"55":1,"56":9,"57":9,"58":0,"59":9,"60":13,"61":9,"62":0,"63":9,"64":9,"65":9,"66":27,"67":27,"68":27,"69":27,"70":27,"71":27,"72":39,"73":12,"74":27,"75":8,"76":8,"77":6,"78":6,"79":9,"80":2,"81":2,"82":0,"83":2,"84":2,"85":2,"86":0,"87":2,"88":2,"89":0,"90":2,"91":2,"92":2,"93":0},"f":{"0":16,"1":13,"2":3,"3":3,"4":10,"5":0,"6":10,"7":13,"8":2,"9":0},"b":{"0":[3,2],"1":[10,3],"2":[13,13,12],"3":[1,9],"4":[10,10],"5":[0,10],"6":[6,4],"7":[3,1],"8":[4,4],"9":[2,2],"10":[0,2],"11":[2,2],"12":[1,9],"13":[10,10],"14":[9,0],"15":[9,9],"16":[0,0],"17":[0,0],"18":[0,0],"19":[0,0],"20":[1,9],"21":[10,10],"22":[0,9],"23":[0,9],"24":[27,0],"25":[27,0],"26":[27,0],"27":[12,27],"28":[8,19],"29":[6,2],"30":[0,2],"31":[2,2],"32":[0,2],"33":[0,2]}}
,"D:\\minshuku-saas\\src\\wisdom\\reference\\mappers\\listing-search-result.mapper.ts": {"path":"D:\\minshuku-saas\\src\\wisdom\\reference\\mappers\\listing-search-result.mapper.ts","statementMap":{"0":{"start":{"line":7,"column":4},"end":{"line":27,"column":6}},"1":{"start":{"line":21,"column":10},"end":{"line":23,"column":12}},"2":{"start":{"line":31,"column":4},"end":{"line":31,"column":34}},"3":{"start":{"line":5,"column":0},"end":{"line":5,"column":13}}},"fnMap":{"0":{"name":"(anonymous_0)","decl":{"start":{"line":6,"column":2},"end":{"line":6,"column":8}},"loc":{"start":{"line":6,"column":26},"end":{"line":28,"column":3}}},"1":{"name":"(anonymous_1)","decl":{"start":{"line":20,"column":8},"end":{"line":20,"column":9}},"loc":{"start":{"line":21,"column":10},"end":{"line":23,"column":12}}},"2":{"name":"(anonymous_2)","decl":{"start":{"line":30,"column":2},"end":{"line":30,"column":8}},"loc":{"start":{"line":30,"column":32},"end":{"line":32,"column":3}}}},"branchMap":{"0":{"loc":{"start":{"line":19,"column":16},"end":{"line":19,"column":33}},"type":"binary-expr","locations":[{"start":{"line":19,"column":16},"end":{"line":19,"column":27}},{"start":{"line":19,"column":31},"end":{"line":19,"column":33}}]},"1":{"loc":{"start":{"line":21,"column":10},"end":{"line":23,"column":12}},"type":"binary-expr","locations":[{"start":{"line":21,"column":10},"end":{"line":21,"column":21}},{"start":{"line":22,"column":10},"end":{"line":22,"column":27}},{"start":{"line":23,"column":10},"end":{"line":23,"column":12}}]}},"s":{"0":0,"1":0,"2":1,"3":2},"f":{"0":0,"1":0,"2":1},"b":{"0":[0,0],"1":[0,0,0]}}
,"D:\\minshuku-saas\\src\\wisdom\\semantic\\semantic-context.ts": {"path":"D:\\minshuku-saas\\src\\wisdom\\semantic\\semantic-context.ts","statementMap":{"0":{"start":{"line":7,"column":0},"end":{"line":7,"column":9}},"1":{"start":{"line":7,"column":9},"end":{"line":7,"column":62}},"2":{"start":{"line":8,"column":0},"end":{"line":8,"column":9}},"3":{"start":{"line":8,"column":9},"end":{"line":8,"column":55}},"4":{"start":{"line":17,"column":20},"end":{"line":17,"column":36}},"5":{"start":{"line":18,"column":20},"end":{"line":18,"column":46}},"6":{"start":{"line":19,"column":20},"end":{"line":19,"column":49}},"7":{"start":{"line":20,"column":20},"end":{"line":20,"column":38}},"8":{"start":{"line":21,"column":20},"end":{"line":21,"column":36}},"9":{"start":{"line":22,"column":20},"end":{"line":22,"column":45}},"10":{"start":{"line":26,"column":4},"end":{"line":26,"column":63}},"11":{"start":{"line":30,"column":4},"end":{"line":30,"column":58}},"12":{"start":{"line":34,"column":4},"end":{"line":34,"column":34}},"13":{"start":{"line":15,"column":0},"end":{"line":15,"column":13}}},"fnMap":{"0":{"name":"(anonymous_0)","decl":{"start":{"line":7,"column":9},"end":{"line":7,"column":19}},"loc":{"start":{"line":7,"column":9},"end":{"line":7,"column":62}}},"1":{"name":"(anonymous_1)","decl":{"start":{"line":8,"column":9},"end":{"line":8,"column":17}},"loc":{"start":{"line":8,"column":9},"end":{"line":8,"column":55}}},"2":{"name":"(anonymous_2)","decl":{"start":{"line":16,"column":2},"end":{"line":16,"column":null}},"loc":{"start":{"line":22,"column":50},"end":{"line":23,"column":6}}},"3":{"name":"(anonymous_3)","decl":{"start":{"line":25,"column":2},"end":{"line":25,"column":11}},"loc":{"start":{"line":25,"column":31},"end":{"line":27,"column":3}}},"4":{"name":"(anonymous_4)","decl":{"start":{"line":29,"column":2},"end":{"line":29,"column":14}},"loc":{"start":{"line":29,"column":14},"end":{"line":31,"column":3}}},"5":{"name":"(anonymous_5)","decl":{"start":{"line":33,"column":2},"end":{"line":33,"column":11}},"loc":{"start":{"line":33,"column":28},"end":{"line":35,"column":3}}}},"branchMap":{"0":{"loc":{"start":{"line":22,"column":20},"end":{"line":22,"column":50}},"type":"default-arg","locations":[{"start":{"line":22,"column":45},"end":{"line":22,"column":50}}]},"1":{"loc":{"start":{"line":26,"column":11},"end":{"line":26,"column":62}},"type":"binary-expr","locations":[{"start":{"line":26,"column":11},"end":{"line":26,"column":31}},{"start":{"line":26,"column":35},"end":{"line":26,"column":62}}]},"2":{"loc":{"start":{"line":30,"column":11},"end":{"line":30,"column":57}},"type":"cond-expr","locations":[{"start":{"line":30,"column":34},"end":{"line":30,"column":50}},{"start":{"line":30,"column":53},"end":{"line":30,"column":57}}]}},"s":{"0":3,"1":8,"2":3,"3":3,"4":13,"5":13,"6":13,"7":13,"8":13,"9":13,"10":0,"11":0,"12":0,"13":3},"f":{"0":5,"1":0,"2":13,"3":0,"4":0,"5":0},"b":{"0":[0],"1":[0,0],"2":[0,0]}}
,"D:\\minshuku-saas\\src\\wisdom\\shared\\enums\\action.enum.ts": {"path":"D:\\minshuku-saas\\src\\wisdom\\shared\\enums\\action.enum.ts","statementMap":{"0":{"start":{"line":3,"column":0},"end":{"line":3,"column":null}},"1":{"start":{"line":5,"column":2},"end":{"line":5,"column":null}},"2":{"start":{"line":6,"column":2},"end":{"line":6,"column":null}},"3":{"start":{"line":7,"column":2},"end":{"line":7,"column":null}},"4":{"start":{"line":8,"column":2},"end":{"line":8,"column":null}},"5":{"start":{"line":9,"column":2},"end":{"line":9,"column":null}},"6":{"start":{"line":10,"column":2},"end":{"line":10,"column":null}},"7":{"start":{"line":11,"column":2},"end":{"line":11,"column":null}},"8":{"start":{"line":12,"column":2},"end":{"line":12,"column":null}},"9":{"start":{"line":13,"column":2},"end":{"line":13,"column":null}},"10":{"start":{"line":16,"column":2},"end":{"line":16,"column":null}},"11":{"start":{"line":17,"column":2},"end":{"line":17,"column":null}},"12":{"start":{"line":18,"column":2},"end":{"line":18,"column":null}},"13":{"start":{"line":19,"column":2},"end":{"line":19,"column":null}},"14":{"start":{"line":20,"column":2},"end":{"line":20,"column":null}},"15":{"start":{"line":21,"column":2},"end":{"line":21,"column":null}},"16":{"start":{"line":22,"column":2},"end":{"line":22,"column":null}},"17":{"start":{"line":23,"column":2},"end":{"line":23,"column":null}},"18":{"start":{"line":24,"column":2},"end":{"line":24,"column":null}},"19":{"start":{"line":25,"column":2},"end":{"line":25,"column":null}},"20":{"start":{"line":28,"column":2},"end":{"line":28,"column":null}},"21":{"start":{"line":29,"column":2},"end":{"line":29,"column":null}}},"fnMap":{"0":{"name":"(anonymous_0)","decl":{"start":{"line":3,"column":0},"end":{"line":3,"column":12}},"loc":{"start":{"line":3,"column":23},"end":{"line":30,"column":1}}}},"branchMap":{"0":{"loc":{"start":{"line":3,"column":12},"end":{"line":3,"column":null}},"type":"binary-expr","locations":[{"start":{"line":3,"column":12},"end":{"line":3,"column":23}},{"start":{"line":3,"column":23},"end":{"line":3,"column":null}}]}},"s":{"0":2,"1":2,"2":2,"3":2,"4":2,"5":2,"6":2,"7":2,"8":2,"9":2,"10":2,"11":2,"12":2,"13":2,"14":2,"15":2,"16":2,"17":2,"18":2,"19":2,"20":2,"21":2},"f":{"0":2},"b":{"0":[2,2]}}
,"D:\\minshuku-saas\\src\\wisdom\\shared\\enums\\domain.enum.ts": {"path":"D:\\minshuku-saas\\src\\wisdom\\shared\\enums\\domain.enum.ts","statementMap":{"0":{"start":{"line":3,"column":0},"end":{"line":3,"column":null}},"1":{"start":{"line":4,"column":2},"end":{"line":4,"column":null}},"2":{"start":{"line":5,"column":2},"end":{"line":5,"column":null}},"3":{"start":{"line":6,"column":2},"end":{"line":6,"column":null}},"4":{"start":{"line":7,"column":2},"end":{"line":7,"column":null}},"5":{"start":{"line":8,"column":2},"end":{"line":8,"column":null}},"6":{"start":{"line":9,"column":2},"end":{"line":9,"column":null}},"7":{"start":{"line":10,"column":2},"end":{"line":10,"column":null}}},"fnMap":{"0":{"name":"(anonymous_0)","decl":{"start":{"line":3,"column":0},"end":{"line":3,"column":12}},"loc":{"start":{"line":3,"column":20},"end":{"line":11,"column":1}}}},"branchMap":{"0":{"loc":{"start":{"line":3,"column":12},"end":{"line":3,"column":null}},"type":"binary-expr","locations":[{"start":{"line":3,"column":12},"end":{"line":3,"column":20}},{"start":{"line":3,"column":20},"end":{"line":3,"column":null}}]}},"s":{"0":3,"1":3,"2":3,"3":3,"4":3,"5":3,"6":3,"7":3},"f":{"0":3},"b":{"0":[3,3]}}
,"D:\\minshuku-saas\\src\\wisdom\\shared\\enums\\entity-type.enum.ts": {"path":"D:\\minshuku-saas\\src\\wisdom\\shared\\enums\\entity-type.enum.ts","statementMap":{"0":{"start":{"line":3,"column":0},"end":{"line":3,"column":null}},"1":{"start":{"line":4,"column":2},"end":{"line":4,"column":null}},"2":{"start":{"line":5,"column":2},"end":{"line":5,"column":null}},"3":{"start":{"line":6,"column":2},"end":{"line":6,"column":null}},"4":{"start":{"line":7,"column":2},"end":{"line":7,"column":null}},"5":{"start":{"line":8,"column":2},"end":{"line":8,"column":null}},"6":{"start":{"line":9,"column":2},"end":{"line":9,"column":null}},"7":{"start":{"line":10,"column":2},"end":{"line":10,"column":null}},"8":{"start":{"line":11,"column":2},"end":{"line":11,"column":null}},"9":{"start":{"line":12,"column":2},"end":{"line":12,"column":null}},"10":{"start":{"line":13,"column":2},"end":{"line":13,"column":null}},"11":{"start":{"line":14,"column":2},"end":{"line":14,"column":null}},"12":{"start":{"line":15,"column":2},"end":{"line":15,"column":null}},"13":{"start":{"line":16,"column":2},"end":{"line":16,"column":null}},"14":{"start":{"line":17,"column":2},"end":{"line":17,"column":null}},"15":{"start":{"line":18,"column":2},"end":{"line":18,"column":null}},"16":{"start":{"line":19,"column":2},"end":{"line":19,"column":null}},"17":{"start":{"line":20,"column":2},"end":{"line":20,"column":null}}},"fnMap":{"0":{"name":"(anonymous_0)","decl":{"start":{"line":3,"column":0},"end":{"line":3,"column":12}},"loc":{"start":{"line":3,"column":22},"end":{"line":21,"column":1}}}},"branchMap":{"0":{"loc":{"start":{"line":3,"column":12},"end":{"line":3,"column":null}},"type":"binary-expr","locations":[{"start":{"line":3,"column":12},"end":{"line":3,"column":22}},{"start":{"line":3,"column":22},"end":{"line":3,"column":null}}]}},"s":{"0":3,"1":3,"2":3,"3":3,"4":3,"5":3,"6":3,"7":3,"8":3,"9":3,"10":3,"11":3,"12":3,"13":3,"14":3,"15":3,"16":3,"17":3},"f":{"0":3},"b":{"0":[3,3]}}
}
