TN:
SF:src\core\account\domain\entity\value-objects\booking-context.vo.ts
FN:19,createBookingContext
FNF:1
FNH:0
FNDA:0,createBookingContext
DA:19,1
DA:20,0
DA:21,0
DA:22,0
DA:23,0
LF:5
LH:1
BRDA:20,0,0,0
BRDA:20,0,1,0
BRDA:21,1,0,0
BRDA:21,1,1,0
BRDA:22,2,0,0
BRDA:22,2,1,0
BRDA:27,3,0,0
BRDA:27,3,1,0
BRDA:28,4,0,0
BRDA:28,4,1,0
BRDA:29,5,0,0
BRDA:29,5,1,0
BRDA:30,6,0,0
BRDA:30,6,1,0
BRDA:31,7,0,0
BRDA:31,7,1,0
BRDA:32,8,0,0
BRDA:32,8,1,0
BRDA:33,9,0,0
BRDA:33,9,1,0
BRDA:34,10,0,0
BRDA:34,10,1,0
BRDA:35,11,0,0
BRDA:35,11,1,0
BRF:24
BRH:0
end_of_record
TN:
SF:src\core\account\domain\entity\value-objects\rule-result.vo.ts
FN:9,rulePassed
FN:13,ruleFailed
FNF:2
FNH:0
FNDA:0,rulePassed
FNDA:0,ruleFailed
DA:9,1
DA:10,0
DA:13,1
DA:14,0
LF:4
LH:2
BRDA:10,0,0,0
BRDA:10,0,1,0
BRF:2
BRH:0
end_of_record
TN:
SF:src\core\account\domain\rules\booking-validation.rule.ts
FN:21,(anonymous_0)
FN:102,(anonymous_1)
FN:108,(anonymous_2)
FN:110,(anonymous_3)
FNF:4
FNH:0
FNDA:0,(anonymous_0)
FNDA:0,(anonymous_1)
FNDA:0,(anonymous_2)
FNDA:0,(anonymous_3)
DA:4,1
DA:6,1
DA:7,1
DA:26,0
DA:29,0
DA:30,0
DA:37,0
DA:41,0
DA:42,0
DA:49,0
DA:52,0
DA:53,0
DA:60,0
DA:64,0
DA:65,0
DA:69,0
DA:73,0
DA:74,0
DA:81,0
DA:85,0
DA:86,0
DA:93,0
DA:96,0
DA:107,0
DA:108,0
DA:109,0
DA:110,0
DA:111,0
LF:28
LH:3
BRDA:23,0,0,0
BRDA:24,1,0,0
BRDA:29,2,0,0
BRDA:29,2,1,0
BRDA:41,3,0,0
BRDA:41,3,1,0
BRDA:52,4,0,0
BRDA:52,4,1,0
BRDA:64,5,0,0
BRDA:64,5,1,0
BRDA:73,6,0,0
BRDA:73,6,1,0
BRDA:85,7,0,0
BRDA:85,7,1,0
BRDA:104,8,0,0
BRDA:105,9,0,0
BRDA:109,10,0,0
BRDA:109,10,1,0
BRF:18
BRH:0
end_of_record
TN:
SF:src\core\account\domain\rules\cancellation-policy.rule.ts
FN:16,(anonymous_0)
FNF:1
FNH:0
FNDA:0,(anonymous_0)
DA:4,1
DA:6,1
DA:7,1
DA:8,1
DA:18,0
DA:21,0
DA:22,0
DA:29,0
DA:30,0
DA:37,0
LF:10
LH:4
BRDA:16,0,0,0
BRDA:21,1,0,0
BRDA:21,1,1,0
BRDA:29,2,0,0
BRDA:29,2,1,0
BRF:5
BRH:0
end_of_record
TN:
SF:src\core\account\domain\rules\cleaning-fee.rule.ts
FN:23,(anonymous_0)
FNF:1
FNH:0
FNDA:0,(anonymous_0)
DA:4,1
DA:7,1
DA:8,1
DA:9,1
DA:10,1
DA:12,1
DA:13,1
DA:24,0
DA:25,0
DA:29,0
DA:30,0
DA:37,0
DA:40,0
DA:41,0
DA:44,0
DA:45,0
DA:49,0
DA:50,0
DA:56,0
LF:19
LH:7
BRDA:29,0,0,0
BRDA:29,0,1,0
BRDA:44,1,0,0
BRDA:44,1,1,0
BRDA:49,2,0,0
BRDA:49,2,1,0
BRDA:59,3,0,0
BRDA:59,3,1,0
BRDA:59,4,0,0
BRDA:59,4,1,0
BRF:10
BRH:0
end_of_record
TN:
SF:src\core\account\domain\rules\coupon.rule.ts
FN:31,(anonymous_0)
FNF:1
FNH:0
FNDA:0,(anonymous_0)
DA:22,1
DA:24,1
DA:25,1
DA:36,0
DA:37,0
DA:47,0
DA:48,0
DA:58,0
DA:59,0
DA:69,0
DA:70,0
DA:71,0
DA:81,0
DA:82,0
DA:92,0
DA:97,0
DA:107,0
DA:108,0
DA:109,0
DA:120,0
DA:121,0
DA:122,0
DA:124,0
DA:128,0
DA:131,0
DA:133,0
LF:26
LH:3
BRDA:36,0,0,0
BRDA:36,0,1,0
BRDA:36,1,0,0
BRDA:36,1,1,0
BRDA:47,2,0,0
BRDA:47,2,1,0
BRDA:58,3,0,0
BRDA:58,3,1,0
BRDA:70,4,0,0
BRDA:70,4,1,0
BRDA:70,5,0,0
BRDA:70,5,1,0
BRDA:81,6,0,0
BRDA:81,6,1,0
BRDA:92,7,0,0
BRDA:92,7,1,0
BRDA:93,8,0,0
BRDA:93,8,1,0
BRDA:93,8,2,0
BRDA:107,9,0,0
BRDA:107,9,1,0
BRDA:107,10,0,0
BRDA:107,10,1,0
BRDA:108,11,0,0
BRDA:108,11,1,0
BRDA:121,12,0,0
BRDA:121,12,1,0
BRDA:138,13,0,0
BRDA:138,13,1,0
BRF:29
BRH:0
end_of_record
TN:
SF:src\core\account\domain\rules\holiday-pricing.rule.ts
FN:29,isHoliday
FN:34,isWeekend
FN:46,(anonymous_2)
FNF:3
FNH:0
FNDA:0,isHoliday
FNDA:0,isWeekend
FNDA:0,(anonymous_2)
DA:6,1
DA:8,1
DA:30,0
DA:31,0
DA:35,0
DA:36,0
DA:39,1
DA:40,1
DA:53,0
DA:54,0
DA:58,0
DA:59,0
DA:62,0
DA:63,0
DA:64,0
DA:65,0
DA:67,0
DA:68,0
DA:69,0
DA:70,0
DA:72,0
DA:73,0
DA:74,0
DA:75,0
DA:76,0
DA:77,0
DA:80,0
DA:81,0
DA:89,0
LF:29
LH:4
BRDA:36,0,0,0
BRDA:36,0,1,0
BRDA:58,1,0,0
BRDA:58,1,1,0
BRDA:72,2,0,0
BRDA:72,2,1,0
BRDA:75,3,0,0
BRDA:75,3,1,0
BRF:8
BRH:0
end_of_record
TN:
SF:src\core\account\domain\rules\multi-room-inventory.rule.ts
FN:18,(anonymous_0)
FNF:1
FNH:0
FNDA:0,(anonymous_0)
DA:4,1
DA:6,1
DA:8,1
DA:9,1
DA:21,0
DA:22,0
DA:23,0
DA:26,0
DA:27,0
DA:38,0
DA:39,0
DA:53,0
DA:54,0
DA:68,0
DA:69,0
DA:82,0
LF:16
LH:4
BRDA:21,0,0,0
BRDA:21,0,1,0
BRDA:26,1,0,0
BRDA:26,1,1,0
BRDA:38,2,0,0
BRDA:38,2,1,0
BRDA:53,3,0,0
BRDA:53,3,1,0
BRDA:68,4,0,0
BRDA:68,4,1,0
BRF:10
BRH:0
end_of_record
TN:
SF:src\core\account\domain\rules\occupancy-limit.rule.ts
FN:12,(anonymous_0)
FNF:1
FNH:0
FNDA:0,(anonymous_0)
DA:4,1
DA:6,1
DA:7,1
DA:13,0
DA:14,0
DA:20,0
DA:21,0
DA:27,0
DA:28,0
DA:34,0
LF:10
LH:3
BRDA:13,0,0,0
BRDA:13,0,1,0
BRDA:20,1,0,0
BRDA:20,1,1,0
BRDA:27,2,0,0
BRDA:27,2,1,0
BRF:6
BRH:0
end_of_record
TN:
SF:src\core\account\domain\rules\oversale-check.rule.ts
FN:16,(anonymous_0)
FNF:1
FNH:0
FNDA:0,(anonymous_0)
DA:4,1
DA:6,1
DA:7,1
DA:17,0
DA:18,0
DA:19,0
DA:21,0
DA:23,0
DA:24,0
DA:37,0
LF:10
LH:3
BRDA:17,0,0,0
BRDA:17,0,1,0
BRDA:23,1,0,0
BRDA:23,1,1,0
BRF:4
BRH:0
end_of_record
TN:
SF:src\core\account\domain\rules\refund.rule.ts
FN:19,(anonymous_0)
FNF:1
FNH:0
FNDA:0,(anonymous_0)
DA:7,1
DA:8,1
DA:9,1
DA:10,1
DA:12,1
DA:13,1
DA:21,0
DA:22,0
DA:30,0
DA:31,0
DA:32,0
DA:40,0
DA:45,0
DA:47,0
DA:48,0
DA:49,0
DA:51,0
DA:52,0
DA:53,0
DA:55,0
DA:56,0
DA:59,0
DA:60,0
DA:63,0
DA:66,0
DA:69,0
DA:71,0
LF:27
LH:6
BRDA:21,0,0,0
BRDA:21,0,1,0
BRDA:31,1,0,0
BRDA:31,1,1,0
BRDA:45,2,0,0
BRDA:45,2,1,0
BRDA:49,3,0,0
BRDA:49,3,1,0
BRDA:53,4,0,0
BRDA:53,4,1,0
BRF:10
BRH:0
end_of_record
TN:
SF:src\core\admin\application\usecase\createAuditLog.usecase.ts
FN:20,(anonymous_4)
FN:25,(anonymous_5)
FNF:2
FNH:2
FNDA:2,(anonymous_4)
FNDA:2,(anonymous_5)
DA:3,1
DA:4,1
DA:5,1
DA:7,1
DA:19,1
DA:22,2
DA:26,2
DA:37,2
LF:8
LH:8
BRF:0
BRH:0
end_of_record
TN:
SF:src\core\admin\application\usecase\createNotification.usecase.ts
FN:20,(anonymous_4)
FN:25,(anonymous_5)
FNF:2
FNH:2
FNDA:3,(anonymous_4)
FNDA:3,(anonymous_5)
DA:3,1
DA:4,1
DA:5,1
DA:7,1
DA:19,1
DA:22,3
DA:26,3
DA:38,3
LF:8
LH:8
BRF:0
BRH:0
end_of_record
TN:
SF:src\core\admin\application\usecase\deleteAdmin.usecase.ts
FN:6,(anonymous_4)
FN:11,(anonymous_5)
FNF:2
FNH:2
FNDA:4,(anonymous_4)
FNDA:4,(anonymous_5)
DA:1,1
DA:2,1
DA:5,1
DA:8,4
DA:12,4
LF:5
LH:5
BRF:0
BRH:0
end_of_record
TN:
SF:src\core\admin\application\usecase\deleteUser.usecase.ts
FN:10,(anonymous_4)
FN:15,(anonymous_5)
FNF:2
FNH:2
FNDA:5,(anonymous_4)
FNDA:5,(anonymous_5)
DA:3,1
DA:5,1
DA:6,1
DA:9,1
DA:12,5
DA:17,5
DA:19,5
DA:20,1
DA:24,4
DA:25,1
DA:29,3
DA:31,2
DA:32,2
DA:33,1
DA:39,2
LF:15
LH:15
BRDA:19,0,0,1
BRDA:19,0,1,4
BRDA:24,1,0,1
BRDA:24,1,1,3
BRDA:29,2,0,2
BRDA:29,2,1,1
BRDA:32,3,0,1
BRDA:32,3,1,1
BRF:8
BRH:8
end_of_record
TN:
SF:src\core\admin\application\usecase\demoteAdminToUser.usecase.ts
FN:6,(anonymous_4)
FN:11,(anonymous_5)
FNF:2
FNH:2
FNDA:4,(anonymous_4)
FNDA:4,(anonymous_5)
DA:1,1
DA:2,1
DA:5,1
DA:8,4
DA:12,4
LF:5
LH:5
BRF:0
BRH:0
end_of_record
TN:
SF:src\core\admin\application\usecase\getAdminById.usecase.ts
FN:7,(anonymous_4)
FN:12,(anonymous_5)
FNF:2
FNH:2
FNDA:4,(anonymous_4)
FNDA:4,(anonymous_5)
DA:1,1
DA:2,1
DA:6,1
DA:9,4
DA:13,4
LF:5
LH:5
BRF:0
BRH:0
end_of_record
TN:
SF:src\core\admin\application\usecase\getAllAdmins.usecase.ts
FN:9,(anonymous_4)
FN:14,(anonymous_5)
FN:18,(anonymous_6)
FNF:3
FNH:3
FNDA:4,(anonymous_4)
FNDA:4,(anonymous_5)
FNDA:3,(anonymous_6)
DA:1,1
DA:2,1
DA:5,1
DA:8,1
DA:11,4
DA:15,4
DA:16,4
DA:17,3
DA:18,3
LF:9
LH:9
BRF:0
BRH:0
end_of_record
TN:
SF:src\core\admin\application\usecase\getAuditLogCount.usecase.ts
FN:9,(anonymous_4)
FN:14,(anonymous_5)
FNF:2
FNH:2
FNDA:3,(anonymous_4)
FNDA:3,(anonymous_5)
DA:3,1
DA:5,1
DA:8,1
DA:11,3
DA:15,3
DA:16,2
DA:18,1
LF:7
LH:7
BRDA:15,0,0,2
BRDA:15,0,1,1
BRDA:15,1,0,3
BRDA:15,1,1,2
BRF:4
BRH:4
end_of_record
TN:
SF:src\core\admin\application\usecase\getAuditLogs.usecase.ts
FN:9,(anonymous_4)
FN:14,(anonymous_5)
FN:19,(anonymous_6)
FNF:3
FNH:3
FNDA:4,(anonymous_4)
FNDA:4,(anonymous_5)
FNDA:3,(anonymous_6)
DA:3,1
DA:5,1
DA:8,1
DA:11,4
DA:15,4
DA:19,4
LF:6
LH:6
BRDA:14,0,0,1
BRDA:15,1,0,1
BRDA:15,1,1,3
BRF:3
BRH:3
end_of_record
TN:
SF:src\core\admin\application\usecase\getNotifications.usecase.ts
FN:9,(anonymous_4)
FN:14,(anonymous_5)
FN:19,(anonymous_6)
FNF:3
FNH:3
FNDA:3,(anonymous_4)
FNDA:3,(anonymous_5)
FNDA:2,(anonymous_6)
DA:3,1
DA:5,1
DA:8,1
DA:11,3
DA:15,3
DA:16,3
DA:18,3
DA:19,2
LF:8
LH:8
BRDA:14,0,0,2
BRF:1
BRH:1
end_of_record
TN:
SF:src\core\admin\application\usecase\getSystemSettings.usecase.ts
FN:9,(anonymous_4)
FN:14,(anonymous_5)
FN:19,(anonymous_6)
FNF:3
FNH:3
FNDA:3,(anonymous_4)
FNDA:3,(anonymous_5)
FNDA:2,(anonymous_6)
DA:3,1
DA:5,1
DA:8,1
DA:11,3
DA:15,3
DA:19,3
LF:6
LH:6
BRDA:15,0,0,1
BRDA:15,0,1,2
BRF:2
BRH:2
end_of_record
TN:
SF:src\core\admin\application\usecase\getUserById.usecase.ts
FN:9,(anonymous_4)
FN:14,(anonymous_5)
FNF:2
FNH:2
FNDA:2,(anonymous_4)
FNDA:2,(anonymous_5)
DA:3,1
DA:5,1
DA:8,1
DA:11,2
DA:15,2
DA:16,2
DA:18,1
LF:7
LH:7
BRDA:16,0,0,1
BRDA:16,0,1,1
BRF:2
BRH:2
end_of_record
TN:
SF:src\core\admin\application\usecase\listAdmins.usecase.ts
FN:7,(anonymous_4)
FN:12,(anonymous_5)
FNF:2
FNH:2
FNDA:4,(anonymous_4)
FNDA:4,(anonymous_5)
DA:1,1
DA:2,1
DA:6,1
DA:9,4
DA:13,4
LF:5
LH:5
BRF:0
BRH:0
end_of_record
TN:
SF:src\core\admin\application\usecase\markNotificationRead.usecase.ts
FN:9,(anonymous_4)
FN:14,(anonymous_5)
FN:18,(anonymous_6)
FNF:3
FNH:3
FNDA:4,(anonymous_4)
FNDA:2,(anonymous_5)
FNDA:2,(anonymous_6)
DA:3,1
DA:5,1
DA:8,1
DA:11,4
DA:15,2
DA:19,2
LF:6
LH:6
BRF:0
BRH:0
end_of_record
TN:
SF:src\core\admin\application\usecase\promoteUserToAdmin.usecase.ts
FN:13,(anonymous_4)
FN:20,(anonymous_5)
FNF:2
FNH:2
FNDA:3,(anonymous_4)
FNDA:3,(anonymous_5)
DA:3,1
DA:4,1
DA:7,1
DA:8,1
DA:9,1
DA:12,1
DA:15,3
DA:17,3
DA:21,3
DA:22,2
DA:23,1
DA:25,1
DA:26,1
DA:27,1
LF:14
LH:14
BRDA:22,0,0,1
BRDA:22,0,1,1
BRF:2
BRH:2
end_of_record
TN:
SF:src\core\admin\application\usecase\updateAdmin.usecase.ts
FN:7,(anonymous_4)
FN:12,(anonymous_5)
FNF:2
FNH:2
FNDA:4,(anonymous_4)
FNDA:4,(anonymous_5)
DA:1,1
DA:2,1
DA:6,1
DA:9,4
DA:13,4
LF:5
LH:5
BRF:0
BRH:0
end_of_record
TN:
SF:src\core\admin\application\usecase\updateAdminUser.usecase.ts
FN:16,(anonymous_4)
FN:21,(anonymous_5)
FNF:2
FNH:2
FNDA:6,(anonymous_4)
FNDA:6,(anonymous_5)
DA:3,1
DA:5,1
DA:15,1
DA:18,6
DA:22,6
DA:23,6
DA:25,5
DA:26,5
DA:27,5
DA:28,5
DA:29,2
DA:32,5
DA:33,5
LF:13
LH:13
BRDA:23,0,0,1
BRDA:23,0,1,5
BRDA:25,1,0,2
BRDA:25,1,1,3
BRDA:26,2,0,1
BRDA:26,2,1,4
BRDA:27,3,0,0
BRDA:27,3,1,5
BRDA:28,4,0,2
BRDA:28,4,1,3
BRDA:29,5,0,1
BRDA:29,5,1,1
BRF:12
BRH:11
end_of_record
TN:
SF:src\core\admin\application\usecase\updateSystemSetting.usecase.ts
FN:17,(anonymous_4)
FN:22,(anonymous_5)
FNF:2
FNH:2
FNDA:4,(anonymous_4)
FNDA:4,(anonymous_5)
DA:3,1
DA:5,1
DA:16,1
DA:19,4
DA:23,4
DA:31,4
LF:6
LH:6
BRDA:26,0,0,4
BRDA:26,0,1,3
BRF:2
BRH:2
end_of_record
TN:
SF:src\core\admin\domain\entities\adminUser.ts
FN:21,(anonymous_0)
FN:26,(anonymous_1)
FN:38,(anonymous_2)
FN:39,(anonymous_3)
FN:40,(anonymous_4)
FN:41,(anonymous_5)
FN:42,(anonymous_6)
FN:43,(anonymous_7)
FN:44,(anonymous_8)
FN:45,(anonymous_9)
FN:46,(anonymous_10)
FN:47,(anonymous_11)
FN:49,(anonymous_12)
FN:54,(anonymous_13)
FN:59,(anonymous_14)
FN:64,(anonymous_15)
FN:69,(anonymous_16)
FN:74,(anonymous_17)
FN:77,(anonymous_18)
FN:91,(anonymous_19)
FNF:20
FNH:18
FNDA:0,(anonymous_0)
FNDA:25,(anonymous_1)
FNDA:6,(anonymous_2)
FNDA:6,(anonymous_3)
FNDA:9,(anonymous_4)
FNDA:7,(anonymous_5)
FNDA:7,(anonymous_6)
FNDA:8,(anonymous_7)
FNDA:3,(anonymous_8)
FNDA:8,(anonymous_9)
FNDA:5,(anonymous_10)
FNDA:7,(anonymous_11)
FNDA:3,(anonymous_12)
FNDA:2,(anonymous_13)
FNDA:2,(anonymous_14)
FNDA:2,(anonymous_15)
FNDA:1,(anonymous_16)
FNDA:10,(anonymous_17)
FNDA:0,(anonymous_18)
FNDA:25,(anonymous_19)
DA:5,3
DA:20,3
DA:22,0
DA:27,25
DA:35,25
DA:38,6
DA:39,6
DA:40,9
DA:41,7
DA:42,7
DA:43,8
DA:44,3
DA:45,8
DA:46,5
DA:47,7
DA:50,3
DA:51,3
DA:55,2
DA:56,2
DA:60,2
DA:61,2
DA:65,2
DA:66,2
DA:70,1
DA:71,1
DA:75,10
DA:78,0
DA:92,25
DA:93,24
DA:94,23
DA:95,22
DA:96,21
DA:97,20
DA:98,20
DA:99,19
DA:101,18
DA:102,18
LF:37
LH:35
BRDA:31,0,0,25
BRDA:31,0,1,2
BRDA:92,1,0,1
BRDA:92,1,1,24
BRDA:93,2,0,1
BRDA:93,2,1,23
BRDA:94,3,0,1
BRDA:94,3,1,22
BRDA:95,4,0,1
BRDA:95,4,1,21
BRDA:96,5,0,1
BRDA:96,5,1,20
BRDA:97,6,0,0
BRDA:97,6,1,20
BRDA:98,7,0,1
BRDA:98,7,1,19
BRDA:99,8,0,1
BRDA:99,8,1,18
BRDA:101,9,0,0
BRDA:101,9,1,18
BRDA:102,10,0,0
BRDA:102,10,1,18
BRF:22
BRH:19
end_of_record
TN:
SF:src\core\admin\domain\entities\auditLog.ts
FN:31,(anonymous_0)
FN:35,(anonymous_1)
FN:36,(anonymous_2)
FN:37,(anonymous_3)
FN:38,(anonymous_4)
FN:39,(anonymous_5)
FN:40,(anonymous_6)
FN:41,(anonymous_7)
FN:42,(anonymous_8)
FN:43,(anonymous_9)
FN:44,(anonymous_10)
FN:45,(anonymous_11)
FN:46,(anonymous_12)
FN:47,(anonymous_13)
FN:48,(anonymous_14)
FN:49,(anonymous_15)
FN:50,(anonymous_16)
FN:51,(anonymous_17)
FNF:18
FNH:9
FNDA:10,(anonymous_0)
FNDA:1,(anonymous_1)
FNDA:0,(anonymous_2)
FNDA:0,(anonymous_3)
FNDA:0,(anonymous_4)
FNDA:0,(anonymous_5)
FNDA:0,(anonymous_6)
FNDA:4,(anonymous_7)
FNDA:2,(anonymous_8)
FNDA:2,(anonymous_9)
FNDA:0,(anonymous_10)
FNDA:0,(anonymous_11)
FNDA:0,(anonymous_12)
FNDA:3,(anonymous_13)
FNDA:2,(anonymous_14)
FNDA:5,(anonymous_15)
FNDA:1,(anonymous_16)
FNDA:0,(anonymous_17)
DA:28,3
DA:32,10
DA:35,1
DA:36,0
DA:37,0
DA:38,0
DA:39,0
DA:40,0
DA:41,4
DA:42,2
DA:43,2
DA:44,0
DA:45,0
DA:46,0
DA:47,3
DA:48,2
DA:49,5
DA:50,1
DA:51,0
LF:19
LH:10
BRF:0
BRH:0
end_of_record
TN:
SF:src\core\admin\domain\entities\notification.ts
FN:18,(anonymous_0)
FN:22,(anonymous_1)
FN:23,(anonymous_2)
FN:24,(anonymous_3)
FN:25,(anonymous_4)
FN:26,(anonymous_5)
FN:27,(anonymous_6)
FN:28,(anonymous_7)
FN:29,(anonymous_8)
FN:30,(anonymous_9)
FN:32,(anonymous_10)
FN:36,(anonymous_11)
FNF:12
FNH:12
FNDA:11,(anonymous_0)
FNDA:1,(anonymous_1)
FNDA:1,(anonymous_2)
FNDA:5,(anonymous_3)
FNDA:1,(anonymous_4)
FNDA:1,(anonymous_5)
FNDA:2,(anonymous_6)
FNDA:2,(anonymous_7)
FNDA:5,(anonymous_8)
FNDA:1,(anonymous_9)
FNDA:1,(anonymous_10)
FNDA:1,(anonymous_11)
DA:15,2
DA:19,11
DA:22,1
DA:23,1
DA:24,5
DA:25,1
DA:26,1
DA:27,2
DA:28,2
DA:29,5
DA:30,1
DA:33,1
DA:37,1
LF:13
LH:13
BRF:0
BRH:0
end_of_record
TN:
SF:src\core\admin\domain\entities\systemSettings.ts
FN:17,(anonymous_0)
FN:21,(anonymous_1)
FN:22,(anonymous_2)
FN:23,(anonymous_3)
FN:24,(anonymous_4)
FN:25,(anonymous_5)
FN:26,(anonymous_6)
FN:27,(anonymous_7)
FN:28,(anonymous_8)
FN:30,(anonymous_9)
FNF:10
FNH:10
FNDA:4,(anonymous_0)
FNDA:1,(anonymous_1)
FNDA:1,(anonymous_2)
FNDA:3,(anonymous_3)
FNDA:1,(anonymous_4)
FNDA:2,(anonymous_5)
FNDA:4,(anonymous_6)
FNDA:2,(anonymous_7)
FNDA:1,(anonymous_8)
FNDA:2,(anonymous_9)
DA:14,1
DA:18,4
DA:21,1
DA:22,1
DA:23,3
DA:24,1
DA:25,2
DA:26,4
DA:27,2
DA:28,1
DA:31,2
DA:32,2
DA:33,2
LF:13
LH:13
BRF:0
BRH:0
end_of_record
TN:
SF:src\core\admin\domain\value-objects\email.ts
FN:6,(anonymous_0)
FN:13,(anonymous_1)
FN:17,(anonymous_2)
FNF:3
FNH:3
FNDA:36,(anonymous_0)
FNDA:28,(anonymous_1)
FNDA:33,(anonymous_2)
DA:3,4
DA:7,36
DA:8,7
DA:10,29
DA:14,28
DA:18,33
LF:6
LH:6
BRDA:7,0,0,7
BRDA:7,0,1,29
BRDA:7,1,0,36
BRDA:7,1,1,33
BRF:4
BRH:4
end_of_record
TN:
SF:src\core\admin\infrastructure\mappers\adminUser.mapper.ts
FN:7,(anonymous_0)
FN:22,(anonymous_1)
FNF:2
FNH:1
FNDA:3,(anonymous_0)
FNDA:0,(anonymous_1)
DA:3,1
DA:4,1
DA:6,1
DA:8,3
DA:23,0
LF:5
LH:4
BRF:0
BRH:0
end_of_record
TN:
SF:src\core\booking\application\reservation.number.ts
FN:3,generateReservationNumber
FNF:1
FNH:1
FNDA:4,generateReservationNumber
DA:3,1
DA:4,4
LF:2
LH:2
BRF:0
BRH:0
end_of_record
TN:
SF:src\core\booking\application\adapter\calendar.ts
FN:17,(anonymous_1)
FN:43,(anonymous_2)
FNF:2
FNH:0
FNDA:0,(anonymous_1)
FNDA:0,(anonymous_2)
DA:5,1
DA:15,1
DA:18,0
DA:40,0
DA:44,0
DA:66,0
LF:6
LH:2
BRF:0
BRH:0
end_of_record
TN:
SF:src\core\booking\application\usecases\cancel-booking.usecase.ts
FN:16,(anonymous_4)
FN:31,(anonymous_5)
FNF:2
FNH:2
FNDA:7,(anonymous_4)
FNDA:7,(anonymous_5)
DA:1,1
DA:3,1
DA:5,1
DA:7,1
DA:10,1
DA:11,1
DA:14,1
DA:20,7
DA:24,7
DA:28,7
DA:36,7
DA:38,7
DA:39,1
DA:42,6
DA:44,4
DA:48,4
DA:49,4
DA:55,1
DA:61,4
DA:72,4
LF:20
LH:20
BRDA:38,0,0,1
BRDA:38,0,1,6
BRF:2
BRH:2
end_of_record
TN:
SF:src\core\booking\application\usecases\confirm-booking.usecase.ts
FN:18,(anonymous_4)
FN:29,(anonymous_5)
FNF:2
FNH:2
FNDA:6,(anonymous_4)
FNDA:6,(anonymous_5)
DA:3,1
DA:4,1
DA:6,1
DA:7,1
DA:10,1
DA:12,1
DA:14,1
DA:17,1
DA:20,6
DA:23,6
DA:26,6
DA:30,6
DA:34,6
DA:36,6
DA:37,1
DA:39,5
DA:43,5
DA:44,3
DA:48,3
DA:49,3
DA:53,3
DA:54,3
DA:58,3
DA:59,2
DA:62,2
DA:73,2
DA:74,2
DA:76,2
DA:82,0
DA:87,0
DA:90,2
DA:103,2
LF:32
LH:30
BRDA:36,0,0,1
BRDA:36,0,1,5
BRDA:58,1,0,2
BRDA:58,1,1,1
BRF:4
BRH:4
end_of_record
TN:
SF:src\core\booking\application\usecases\create-booking.usecase.ts
FN:37,(anonymous_4)
FN:49,(anonymous_5)
FNF:2
FNH:2
FNDA:8,(anonymous_4)
FNDA:8,(anonymous_5)
DA:4,1
DA:6,1
DA:8,1
DA:10,1
DA:13,1
DA:14,1
DA:15,1
DA:17,1
DA:18,1
DA:19,1
DA:24,1
DA:26,1
DA:36,1
DA:39,8
DA:41,8
DA:43,8
DA:46,8
DA:51,8
DA:52,8
DA:53,8
DA:54,8
DA:56,8
DA:57,1
DA:62,7
DA:63,1
DA:66,6
DA:67,6
DA:69,6
DA:70,0
DA:73,6
DA:74,0
DA:77,6
DA:78,1
DA:82,5
DA:85,5
DA:92,5
DA:95,5
DA:97,4
DA:104,4
DA:105,4
DA:123,4
DA:126,4
DA:138,4
DA:143,1
DA:144,1
DA:151,0
DA:157,1
LF:47
LH:44
BRDA:52,0,0,0
BRDA:52,0,1,8
BRDA:53,1,0,1
BRDA:53,1,1,7
BRDA:54,2,0,1
BRDA:54,2,1,7
BRDA:56,3,0,1
BRDA:56,3,1,7
BRDA:62,4,0,1
BRDA:62,4,1,6
BRDA:69,5,0,0
BRDA:69,5,1,6
BRDA:73,6,0,0
BRDA:73,6,1,6
BRDA:77,7,0,1
BRDA:77,7,1,5
BRDA:110,8,0,4
BRDA:110,8,1,4
BRF:18
BRH:15
end_of_record
TN:
SF:src\core\booking\domain\entities\booking.entity.ts
FN:28,(anonymous_0)
FN:40,(anonymous_1)
FN:48,(anonymous_2)
FN:52,(anonymous_3)
FN:63,(anonymous_4)
FN:70,(anonymous_5)
FN:74,(anonymous_6)
FN:78,(anonymous_7)
FN:82,(anonymous_8)
FN:86,(anonymous_9)
FN:90,(anonymous_10)
FN:94,(anonymous_11)
FN:98,(anonymous_12)
FN:102,(anonymous_13)
FN:106,(anonymous_14)
FN:110,(anonymous_15)
FN:114,(anonymous_16)
FN:118,(anonymous_17)
FN:122,(anonymous_18)
FNF:19
FNH:13
FNDA:8,(anonymous_0)
FNDA:12,(anonymous_1)
FNDA:16,(anonymous_2)
FNDA:4,(anonymous_3)
FNDA:12,(anonymous_4)
FNDA:22,(anonymous_5)
FNDA:0,(anonymous_6)
FNDA:12,(anonymous_7)
FNDA:12,(anonymous_8)
FNDA:10,(anonymous_9)
FNDA:10,(anonymous_10)
FNDA:0,(anonymous_11)
FNDA:12,(anonymous_12)
FNDA:22,(anonymous_13)
FNDA:0,(anonymous_14)
FNDA:0,(anonymous_15)
FNDA:0,(anonymous_16)
FNDA:0,(anonymous_17)
FNDA:5,(anonymous_18)
DA:1,3
DA:27,3
DA:29,8
DA:30,1
DA:32,7
DA:33,1
DA:35,6
DA:36,6
DA:37,6
DA:41,12
DA:42,2
DA:44,10
DA:45,10
DA:46,10
DA:49,16
DA:54,4
DA:67,12
DA:71,22
DA:75,0
DA:79,12
DA:83,12
DA:87,10
DA:91,10
DA:95,0
DA:99,12
DA:103,22
DA:107,0
DA:111,0
DA:115,0
DA:119,0
DA:123,5
LF:31
LH:25
BRDA:29,0,0,1
BRDA:29,0,1,7
BRDA:32,1,0,1
BRDA:32,1,1,6
BRDA:41,2,0,2
BRDA:41,2,1,10
BRDA:127,3,0,5
BRDA:127,3,1,0
BRF:8
BRH:7
end_of_record
TN:
SF:src\core\booking\domain\events\booking-cancelled.event.ts
FN:8,(anonymous_0)
FNF:1
FNH:1
FNDA:4,(anonymous_0)
DA:1,1
DA:3,1
DA:5,4
DA:6,4
DA:9,4
DA:10,4
DA:11,4
DA:12,4
DA:13,4
DA:14,4
DA:15,4
DA:16,4
DA:18,4
LF:13
LH:13
BRF:0
BRH:0
end_of_record
TN:
SF:src\core\booking\domain\events\booking-confirm.event.ts
FN:11,(anonymous_0)
FNF:1
FNH:1
FNDA:2,(anonymous_0)
DA:4,1
DA:6,1
DA:8,2
DA:9,2
DA:12,2
DA:13,2
DA:14,2
DA:15,2
DA:16,2
DA:17,2
DA:18,2
DA:19,2
DA:21,2
LF:13
LH:13
BRDA:19,0,0,0
BRF:1
BRH:0
end_of_record
TN:
SF:src\core\booking\domain\events\booking-created.event.ts
FN:10,(anonymous_0)
FNF:1
FNH:1
FNDA:4,(anonymous_0)
DA:3,1
DA:5,1
DA:7,4
DA:8,4
DA:11,4
DA:12,4
DA:13,4
DA:14,4
DA:15,4
DA:16,4
DA:17,4
DA:19,4
LF:12
LH:12
BRF:0
BRH:0
end_of_record
TN:
SF:src\core\booking\domain\service\booking-pricing.service.ts
FN:5,(anonymous_0)
FNF:1
FNH:1
FNDA:4,(anonymous_0)
DA:3,1
DA:12,4
DA:14,4
DA:18,4
DA:19,0
DA:22,4
LF:6
LH:5
BRDA:18,0,0,0
BRDA:18,0,1,4
BRF:2
BRH:1
end_of_record
TN:
SF:src\core\booking\domain\state\booking-event.ts
FN:3,(anonymous_0)
FNF:1
FNH:1
FNDA:2,(anonymous_0)
DA:3,2
DA:4,2
DA:5,2
DA:6,2
DA:7,2
DA:8,2
DA:9,2
DA:10,2
DA:11,2
DA:12,2
DA:13,2
LF:11
LH:11
BRDA:3,0,0,2
BRDA:3,0,1,2
BRF:2
BRH:2
end_of_record
TN:
SF:src\core\booking\domain\state\booking-reducer.ts
FN:11,bookingReducer
FNF:1
FNH:1
FNDA:5,bookingReducer
DA:4,2
DA:11,2
DA:17,5
DA:25,5
DA:29,5
DA:47,0
LF:6
LH:5
BRDA:17,0,0,5
BRDA:17,0,1,5
BRDA:25,1,0,5
BRDA:25,1,1,0
BRF:4
BRH:3
end_of_record
TN:
SF:src\core\booking\domain\value-objects\booking-lifecycle.status.ts
FN:3,(anonymous_0)
FNF:1
FNH:1
FNDA:1,(anonymous_0)
DA:3,1
DA:4,1
DA:5,1
DA:6,1
LF:4
LH:4
BRDA:3,0,0,1
BRDA:3,0,1,1
BRF:2
BRH:2
end_of_record
TN:
SF:src\core\booking\domain\value-objects\booking-status.ts
FN:1,(anonymous_0)
FNF:1
FNH:1
FNDA:3,(anonymous_0)
DA:1,3
DA:2,3
DA:3,3
DA:4,3
DA:5,3
DA:6,3
LF:6
LH:6
BRDA:1,0,0,3
BRDA:1,0,1,3
BRF:2
BRH:2
end_of_record
TN:
SF:src\core\booking\domain\value-objects\date-range.vo.ts
FN:2,(anonymous_0)
FN:11,(anonymous_1)
FNF:2
FNH:2
FNDA:16,(anonymous_0)
FNDA:5,(anonymous_1)
DA:1,3
DA:3,16
DA:4,16
DA:6,16
DA:7,0
DA:12,5
LF:6
LH:5
BRDA:6,0,0,0
BRDA:6,0,1,16
BRF:2
BRH:1
end_of_record
TN:
SF:src\core\listing\application\usecase\searchListingUseCase.ts
FN:9,(anonymous_4)
FN:14,(anonymous_5)
FN:19,(anonymous_6)
FNF:3
FNH:0
FNDA:0,(anonymous_4)
FNDA:0,(anonymous_5)
FNDA:0,(anonymous_6)
DA:2,2
DA:3,2
DA:7,2
DA:11,0
DA:16,0
DA:18,0
DA:19,0
LF:7
LH:3
BRF:0
BRH:0
end_of_record
TN:
SF:src\core\payment\domain\entity\payment.entity.ts
FN:6,(anonymous_0)
FN:45,(anonymous_1)
FN:47,(anonymous_2)
FN:69,(anonymous_3)
FN:77,(anonymous_4)
FN:98,(anonymous_5)
FN:119,(anonymous_6)
FN:137,(anonymous_7)
FN:158,(anonymous_8)
FN:181,(anonymous_9)
FN:191,(anonymous_10)
FN:195,(anonymous_11)
FN:199,(anonymous_12)
FN:203,(anonymous_13)
FN:207,(anonymous_14)
FN:211,(anonymous_15)
FN:215,(anonymous_16)
FN:219,(anonymous_17)
FN:223,(anonymous_18)
FN:227,(anonymous_19)
FN:231,(anonymous_20)
FN:235,(anonymous_21)
FN:239,(anonymous_22)
FN:243,(anonymous_23)
FN:247,(anonymous_24)
FN:251,(anonymous_25)
FN:255,(anonymous_26)
FNF:27
FNH:3
FNDA:1,(anonymous_0)
FNDA:2,(anonymous_1)
FNDA:2,(anonymous_2)
FNDA:0,(anonymous_3)
FNDA:0,(anonymous_4)
FNDA:0,(anonymous_5)
FNDA:0,(anonymous_6)
FNDA:0,(anonymous_7)
FNDA:0,(anonymous_8)
FNDA:0,(anonymous_9)
FNDA:0,(anonymous_10)
FNDA:0,(anonymous_11)
FNDA:0,(anonymous_12)
FNDA:0,(anonymous_13)
FNDA:0,(anonymous_14)
FNDA:0,(anonymous_15)
FNDA:0,(anonymous_16)
FNDA:0,(anonymous_17)
FNDA:0,(anonymous_18)
FNDA:0,(anonymous_19)
FNDA:0,(anonymous_20)
FNDA:0,(anonymous_21)
FNDA:0,(anonymous_22)
FNDA:0,(anonymous_23)
FNDA:0,(anonymous_24)
FNDA:0,(anonymous_25)
FNDA:0,(anonymous_26)
DA:2,1
DA:3,1
DA:4,1
DA:6,1
DA:7,1
DA:8,1
DA:9,1
DA:10,1
DA:43,1
DA:45,2
DA:60,2
DA:70,0
DA:79,0
DA:84,0
DA:87,0
DA:90,0
DA:100,0
DA:105,0
DA:108,0
DA:111,0
DA:121,0
DA:126,0
DA:129,0
DA:139,0
DA:144,0
DA:147,0
DA:150,0
DA:162,0
DA:167,0
DA:170,0
DA:173,0
DA:182,0
DA:192,0
DA:196,0
DA:200,0
DA:204,0
DA:208,0
DA:212,0
DA:216,0
DA:220,0
DA:224,0
DA:228,0
DA:232,0
DA:236,0
DA:240,0
DA:244,0
DA:248,0
DA:252,0
DA:256,0
LF:49
LH:11
BRDA:6,0,0,1
BRDA:6,0,1,1
BRDA:63,1,0,2
BRDA:63,1,1,0
BRDA:64,2,0,2
BRDA:64,2,1,0
BRF:6
BRH:4
end_of_record
TN:
SF:src\core\payment\domain\service\paymentTransition.service.ts
FN:28,(anonymous_0)
FNF:1
FNH:0
FNDA:0,(anonymous_0)
DA:1,1
DA:3,1
DA:5,1
DA:33,0
DA:35,0
DA:36,0
LF:6
LH:3
BRDA:35,0,0,0
BRDA:35,0,1,0
BRF:2
BRH:0
end_of_record
TN:
SF:src\core\payment\domain\value-object\payment.status.ts
FN:1,(anonymous_0)
FNF:1
FNH:1
FNDA:1,(anonymous_0)
DA:1,1
DA:2,1
DA:3,1
DA:4,1
DA:5,1
DA:6,1
DA:7,1
LF:7
LH:7
BRDA:1,0,0,1
BRDA:1,0,1,1
BRF:2
BRH:2
end_of_record
TN:
SF:src\core\review\application\usecase\create.reviewUseCase.ts
FN:10,(anonymous_4)
FN:15,(anonymous_5)
FNF:2
FNH:2
FNDA:6,(anonymous_4)
FNDA:6,(anonymous_5)
DA:1,1
DA:2,1
DA:4,1
DA:5,1
DA:9,1
DA:12,6
DA:23,6
DA:24,6
DA:34,4
LF:9
LH:9
BRF:0
BRH:0
end_of_record
TN:
SF:src\core\review\application\usecase\submitOwnerReplyToCustomerReviewUseCase.ts
FN:11,(anonymous_4)
FN:20,(anonymous_5)
FNF:2
FNH:2
FNDA:3,(anonymous_4)
FNDA:3,(anonymous_5)
DA:3,1
DA:4,1
DA:6,1
DA:10,1
DA:13,3
DA:15,3
DA:17,3
DA:21,3
LF:8
LH:8
BRF:0
BRH:0
end_of_record
TN:
SF:src\core\review\infrastructure\models\ReviewMapper.ts
FN:6,(anonymous_0)
FN:24,(anonymous_1)
FN:33,(anonymous_2)
FNF:3
FNH:0
FNDA:0,(anonymous_0)
FNDA:0,(anonymous_1)
FNDA:0,(anonymous_2)
DA:1,1
DA:2,1
DA:5,1
DA:7,0
DA:25,0
DA:33,0
LF:6
LH:3
BRDA:16,0,0,0
BRDA:16,0,1,0
BRDA:17,1,0,0
BRDA:17,1,1,0
BRDA:18,2,0,0
BRDA:18,2,1,0
BRF:6
BRH:0
end_of_record
TN:
SF:src\core\review\infrastructure\services\rating.ts
FN:2,(anonymous_0)
FN:6,(anonymous_1)
FNF:2
FNH:2
FNDA:14,(anonymous_0)
FNDA:14,(anonymous_1)
DA:1,4
DA:2,14
DA:3,14
DA:7,14
DA:8,4
LF:5
LH:5
BRDA:7,0,0,4
BRDA:7,0,1,10
BRDA:7,1,0,14
BRDA:7,1,1,12
BRF:4
BRH:4
end_of_record
TN:
SF:src\core\review\infrastructure\services\review.ts
FN:8,(anonymous_0)
FN:33,(anonymous_1)
FN:37,(anonymous_2)
FNF:3
FNH:3
FNDA:3,(anonymous_0)
FNDA:13,(anonymous_1)
FNDA:13,(anonymous_2)
DA:8,3
DA:9,3
DA:10,3
DA:11,3
DA:12,3
DA:31,3
DA:33,13
DA:34,13
DA:38,13
DA:39,3
LF:10
LH:10
BRDA:8,0,0,3
BRDA:8,0,1,3
BRDA:38,1,0,3
BRDA:38,1,1,10
BRDA:38,2,0,13
BRDA:38,2,1,11
BRF:6
BRH:6
end_of_record
TN:
SF:src\core\shared\domain\role.ts
FN:7,(anonymous_0)
FN:38,hasMinRole
FN:46,normalizeRole
FNF:3
FNH:2
FNDA:8,(anonymous_0)
FNDA:7,hasMinRole
FNDA:0,normalizeRole
DA:7,8
DA:8,8
DA:9,8
DA:10,8
DA:11,8
DA:12,8
DA:13,8
DA:14,8
DA:15,8
DA:16,8
DA:22,8
DA:38,8
DA:39,7
DA:46,8
DA:47,0
DA:49,0
DA:67,0
LF:17
LH:14
BRDA:7,0,0,8
BRDA:7,0,1,8
BRDA:39,1,0,7
BRDA:39,1,1,0
BRDA:67,2,0,0
BRDA:67,2,1,0
BRF:6
BRH:3
end_of_record
TN:
SF:src\infrastructure\auth\withAuthorization.ts
FN:18,withAuthorization
FN:30,(anonymous_2)
FNF:2
FNH:2
FNDA:4,withAuthorization
FNDA:4,(anonymous_2)
DA:1,1
DA:3,1
DA:4,1
DA:18,1
DA:30,4
DA:31,4
DA:32,4
DA:33,0
DA:38,4
DA:39,4
DA:42,4
DA:50,4
DA:57,4
DA:58,4
DA:59,1
DA:64,3
LF:16
LH:15
BRDA:32,0,0,0
BRDA:32,0,1,4
BRDA:39,1,0,1
BRDA:39,1,1,3
BRDA:53,2,0,4
BRDA:53,2,1,3
BRDA:58,3,0,1
BRDA:58,3,1,3
BRF:8
BRH:7
end_of_record
TN:
SF:src\infrastructure\utils\errors.ts
FN:4,(anonymous_0)
FN:14,(anonymous_1)
FN:24,(anonymous_2)
FN:34,(anonymous_3)
FNF:4
FNH:2
FNDA:0,(anonymous_0)
FNDA:0,(anonymous_1)
FNDA:4,(anonymous_2)
FNDA:8,(anonymous_3)
DA:1,2
DA:5,0
DA:15,0
DA:25,4
DA:35,8
DA:43,2
LF:6
LH:4
BRF:0
BRH:0
end_of_record
TN:
SF:src\modules\audit\infrastructure\repositories\audit-log.repository.ts
FN:13,(anonymous_4)
FN:18,(anonymous_5)
FN:23,(anonymous_6)
FN:31,(anonymous_7)
FN:52,(anonymous_8)
FN:55,(anonymous_9)
FN:59,(anonymous_10)
FNF:7
FNH:7
FNDA:12,(anonymous_4)
FNDA:5,(anonymous_5)
FNDA:2,(anonymous_6)
FNDA:3,(anonymous_7)
FNDA:3,(anonymous_8)
FNDA:2,(anonymous_9)
FNDA:8,(anonymous_10)
DA:3,1
DA:5,1
DA:11,1
DA:15,12
DA:19,5
DA:20,4
DA:24,2
DA:25,2
DA:26,1
DA:28,1
DA:43,3
DA:45,3
DA:52,3
DA:56,2
DA:60,8
LF:15
LH:15
BRDA:25,0,0,1
BRDA:25,0,1,1
BRDA:40,1,0,2
BRDA:41,2,0,2
BRDA:42,3,0,2
BRDA:43,4,0,3
BRDA:43,4,1,2
BRF:7
BRH:7
end_of_record
TN:
SF:src\modules\audit\infrastructure\repositories\decision-log.repository.ts
FN:23,(anonymous_4)
FN:31,(anonymous_5)
FN:61,(anonymous_6)
FN:70,(anonymous_7)
FN:79,(anonymous_8)
FN:95,(anonymous_9)
FNF:6
FNH:6
FNDA:9,(anonymous_4)
FNDA:2,(anonymous_5)
FNDA:1,(anonymous_6)
FNDA:4,(anonymous_7)
FNDA:2,(anonymous_8)
FNDA:5,(anonymous_9)
DA:3,1
DA:18,1
DA:21,1
DA:27,9
DA:46,2
DA:49,2
DA:56,2
DA:65,1
DA:75,4
DA:77,3
DA:84,2
DA:88,2
DA:89,1
DA:92,1
DA:99,5
LF:15
LH:15
BRDA:41,0,0,1
BRDA:42,1,0,1
BRDA:43,2,0,1
BRDA:46,3,0,2
BRDA:46,3,1,1
BRDA:88,4,0,1
BRDA:88,4,1,1
BRF:7
BRH:7
end_of_record
TN:
SF:src\modules\audit\infrastructure\repositories\system-log.repository.ts
FN:15,(anonymous_4)
FN:20,(anonymous_5)
FN:50,(anonymous_6)
FN:59,(anonymous_7)
FN:69,(anonymous_8)
FN:85,(anonymous_9)
FNF:6
FNH:6
FNDA:9,(anonymous_4)
FNDA:2,(anonymous_5)
FNDA:1,(anonymous_6)
FNDA:4,(anonymous_7)
FNDA:2,(anonymous_8)
FNDA:6,(anonymous_9)
DA:2,1
DA:8,1
DA:13,1
DA:17,9
DA:35,2
DA:38,2
DA:45,2
DA:54,1
DA:64,4
DA:66,3
DA:74,2
DA:78,2
DA:79,1
DA:82,1
DA:89,6
LF:15
LH:15
BRDA:30,0,0,1
BRDA:31,1,0,1
BRDA:32,2,0,1
BRDA:35,3,0,2
BRDA:35,3,1,1
BRDA:78,4,0,1
BRDA:78,4,1,1
BRF:7
BRH:7
end_of_record
TN:
SF:src\modules\tokens\audit.tokens.ts
FNF:0
FNH:0
DA:2,3
LF:1
LH:1
BRF:0
BRH:0
end_of_record
TN:
SF:src\modules\tokens\auth.tokens.ts
FNF:0
FNH:0
DA:3,1
LF:1
LH:1
BRF:0
BRH:0
end_of_record
TN:
SF:src\modules\tokens\category.tokens.ts
FNF:0
FNH:0
DA:5,1
LF:1
LH:1
BRF:0
BRH:0
end_of_record
TN:
SF:src\modules\tokens\listing.tokens.ts
FNF:0
FNH:0
DA:1,2
LF:1
LH:1
BRF:0
BRH:0
end_of_record
TN:
SF:src\modules\tokens\picture.tokens.ts
FNF:0
FNH:0
DA:1,1
LF:1
LH:1
BRF:0
BRH:0
end_of_record
TN:
SF:src\modules\tokens\review.tokens.ts
FNF:0
FNH:0
DA:1,2
LF:1
LH:1
BRF:0
BRH:0
end_of_record
TN:
SF:src\modules\tokens\security.tokens.ts
FNF:0
FNH:0
DA:1,1
LF:1
LH:1
BRF:0
BRH:0
end_of_record
TN:
SF:src\modules\tokens\user.tokens.ts
FNF:0
FNH:0
DA:9,3
LF:1
LH:1
BRF:0
BRH:0
end_of_record
TN:
SF:src\rbac\policy.engine.ts
FN:12,(anonymous_0)
FN:18,(anonymous_1)
FN:24,(anonymous_2)
FN:30,(anonymous_3)
FN:39,(anonymous_4)
FN:41,(anonymous_5)
FN:46,(anonymous_6)
FN:57,(anonymous_7)
FN:63,(anonymous_8)
FN:68,(anonymous_9)
FN:78,(anonymous_10)
FN:80,(anonymous_11)
FN:85,(anonymous_12)
FN:91,(anonymous_13)
FN:103,(anonymous_14)
FN:110,(anonymous_15)
FN:115,(anonymous_16)
FN:121,(anonymous_17)
FN:128,(anonymous_18)
FN:133,(anonymous_19)
FN:139,(anonymous_20)
FN:158,(anonymous_21)
FNF:22
FNH:4
FNDA:4,(anonymous_0)
FNDA:0,(anonymous_1)
FNDA:0,(anonymous_2)
FNDA:0,(anonymous_3)
FNDA:0,(anonymous_4)
FNDA:0,(anonymous_5)
FNDA:0,(anonymous_6)
FNDA:0,(anonymous_7)
FNDA:0,(anonymous_8)
FNDA:0,(anonymous_9)
FNDA:0,(anonymous_10)
FNDA:2,(anonymous_11)
FNDA:1,(anonymous_12)
FNDA:0,(anonymous_13)
FNDA:0,(anonymous_14)
FNDA:0,(anonymous_15)
FNDA:0,(anonymous_16)
FNDA:0,(anonymous_17)
FNDA:0,(anonymous_18)
FNDA:0,(anonymous_19)
FNDA:0,(anonymous_20)
FNDA:4,(anonymous_21)
DA:4,1
DA:5,1
DA:9,1
DA:13,4
DA:19,0
DA:20,0
DA:21,0
DA:25,0
DA:26,0
DA:27,0
DA:31,0
DA:32,0
DA:39,0
DA:42,0
DA:43,0
DA:47,0
DA:48,0
DA:49,0
DA:58,0
DA:59,0
DA:60,0
DA:64,0
DA:65,0
DA:69,0
DA:70,0
DA:71,0
DA:78,0
DA:81,2
DA:82,2
DA:86,1
DA:87,1
DA:88,1
DA:92,0
DA:93,0
DA:104,0
DA:106,0
DA:107,0
DA:111,0
DA:112,0
DA:116,0
DA:117,0
DA:118,0
DA:122,0
DA:124,0
DA:125,0
DA:129,0
DA:130,0
DA:134,0
DA:136,0
DA:140,0
DA:143,0
DA:144,0
DA:148,0
DA:149,0
DA:153,0
DA:159,4
DA:161,4
DA:164,4
DA:167,3
DA:168,3
DA:169,3
DA:172,0
LF:62
LH:15
BRDA:19,0,0,0
BRDA:19,0,1,0
BRDA:20,1,0,0
BRDA:20,1,1,0
BRDA:25,2,0,0
BRDA:25,2,1,0
BRDA:26,3,0,0
BRDA:26,3,1,0
BRDA:31,4,0,0
BRDA:31,4,1,0
BRDA:42,5,0,0
BRDA:42,5,1,0
BRDA:47,6,0,0
BRDA:47,6,1,0
BRDA:48,7,0,0
BRDA:48,7,1,0
BRDA:58,8,0,0
BRDA:58,8,1,0
BRDA:59,9,0,0
BRDA:59,9,1,0
BRDA:64,10,0,0
BRDA:64,10,1,0
BRDA:69,11,0,0
BRDA:69,11,1,0
BRDA:70,12,0,0
BRDA:70,12,1,0
BRDA:81,13,0,0
BRDA:81,13,1,2
BRDA:86,14,0,0
BRDA:86,14,1,1
BRDA:87,15,0,0
BRDA:87,15,1,1
BRDA:92,16,0,0
BRDA:92,16,1,0
BRDA:104,17,0,0
BRDA:104,17,1,0
BRDA:106,18,0,0
BRDA:106,18,1,0
BRDA:111,19,0,0
BRDA:111,19,1,0
BRDA:116,20,0,0
BRDA:116,20,1,0
BRDA:117,21,0,0
BRDA:117,21,1,0
BRDA:122,22,0,0
BRDA:122,22,1,0
BRDA:124,23,0,0
BRDA:124,23,1,0
BRDA:129,24,0,0
BRDA:129,24,1,0
BRDA:134,25,0,0
BRDA:134,25,1,0
BRDA:140,26,0,0
BRDA:140,26,1,0
BRDA:143,27,0,0
BRDA:143,27,1,0
BRDA:148,28,0,0
BRDA:148,28,1,0
BRDA:161,29,0,0
BRDA:161,29,1,4
BRDA:164,30,0,1
BRDA:164,30,1,3
BRDA:169,31,0,3
BRDA:169,31,1,0
BRF:64
BRH:7
end_of_record
TN:
SF:src\security\risk.policy.service.ts
FN:18,(anonymous_0)
FN:21,(anonymous_1)
FNF:2
FNH:2
FNDA:5,(anonymous_0)
FNDA:7,(anonymous_1)
DA:20,5
DA:21,7
DA:25,5
DA:26,2
DA:34,3
DA:43,1
LF:6
LH:6
BRDA:21,0,0,7
BRDA:21,0,1,4
BRDA:25,1,0,2
BRDA:25,1,1,3
BRF:4
BRH:4
end_of_record
TN:
SF:src\security\blacklist\blacklist.ts
FN:7,(anonymous_2)
FN:10,(anonymous_3)
FN:16,(anonymous_4)
FN:21,(anonymous_5)
FN:25,(anonymous_6)
FNF:5
FNH:0
FNDA:0,(anonymous_2)
FNDA:0,(anonymous_3)
FNDA:0,(anonymous_4)
FNDA:0,(anonymous_5)
FNDA:0,(anonymous_6)
DA:2,1
DA:3,1
DA:6,1
DA:8,0
DA:11,0
DA:12,0
DA:13,0
DA:17,0
DA:18,0
DA:22,0
DA:26,0
LF:11
LH:3
BRDA:12,0,0,0
BRDA:12,0,1,0
BRF:2
BRH:0
end_of_record
TN:
SF:src\shared\eventbus\domain.event.ts
FN:7,(anonymous_0)
FNF:1
FNH:1
FNDA:10,(anonymous_0)
DA:3,3
DA:8,10
LF:2
LH:2
BRF:0
BRH:0
end_of_record
TN:
SF:src\subgraphs\account\account.resolver.ts
FN:31,(anonymous_0)
FN:42,(anonymous_1)
FN:53,(anonymous_2)
FN:72,(anonymous_3)
FN:83,(anonymous_4)
FN:94,(anonymous_5)
FN:105,(anonymous_6)
FN:116,(anonymous_7)
FN:132,(anonymous_8)
FN:143,(anonymous_9)
FN:152,(anonymous_10)
FN:171,(anonymous_11)
FN:180,(anonymous_12)
FN:229,(anonymous_13)
FN:234,(anonymous_14)
FN:239,(anonymous_15)
FN:253,(anonymous_16)
FNF:17
FNH:2
FNDA:3,(anonymous_0)
FNDA:4,(anonymous_1)
FNDA:0,(anonymous_2)
FNDA:0,(anonymous_3)
FNDA:0,(anonymous_4)
FNDA:0,(anonymous_5)
FNDA:0,(anonymous_6)
FNDA:0,(anonymous_7)
FNDA:0,(anonymous_8)
FNDA:0,(anonymous_9)
FNDA:0,(anonymous_10)
FNDA:0,(anonymous_11)
FNDA:0,(anonymous_12)
FNDA:0,(anonymous_13)
FNDA:0,(anonymous_14)
FNDA:0,(anonymous_15)
FNDA:0,(anonymous_16)
DA:2,1
DA:3,1
DA:6,1
DA:7,1
DA:8,1
DA:9,1
DA:10,1
DA:11,1
DA:12,1
DA:13,1
DA:14,1
DA:17,1
DA:26,1
DA:32,3
DA:33,3
DA:34,1
DA:36,2
DA:39,2
DA:43,4
DA:44,4
DA:45,1
DA:47,3
DA:48,3
DA:54,0
DA:55,0
DA:69,0
DA:73,0
DA:84,0
DA:95,0
DA:106,0
DA:119,0
DA:133,0
DA:144,0
DA:153,0
DA:169,0
DA:171,0
DA:181,0
DA:184,0
DA:198,0
DA:212,0
DA:230,0
DA:231,0
DA:235,0
DA:236,0
DA:240,0
DA:241,0
DA:253,0
LF:47
LH:23
BRDA:32,0,0,3
BRDA:32,0,1,2
BRDA:33,1,0,1
BRDA:33,1,1,2
BRDA:43,2,0,4
BRDA:43,2,1,2
BRDA:44,3,0,1
BRDA:44,3,1,3
BRDA:56,4,0,0
BRDA:56,4,1,0
BRDA:78,5,0,0
BRDA:78,5,1,0
BRDA:79,6,0,0
BRDA:79,6,1,0
BRDA:90,7,0,0
BRDA:90,7,1,0
BRDA:99,8,0,0
BRDA:99,8,1,0
BRDA:155,9,0,0
BRDA:155,9,1,0
BRDA:158,10,0,0
BRDA:158,10,1,0
BRDA:164,11,0,0
BRDA:164,11,1,0
BRDA:166,12,0,0
BRDA:166,12,1,0
BRDA:167,13,0,0
BRDA:167,13,1,0
BRDA:181,14,0,0
BRDA:181,14,1,0
BRDA:188,15,0,0
BRDA:188,15,1,0
BRDA:215,16,0,0
BRDA:215,16,1,0
BRF:34
BRH:8
end_of_record
TN:
SF:src\subgraphs\admin\guards\adminPermissions.ts
FN:12,(anonymous_0)
FN:66,hasPermission
FN:83,getPermissions
FN:99,getRoleLevel
FNF:4
FNH:3
FNDA:0,(anonymous_0)
FNDA:33,hasPermission
FNDA:4,getPermissions
FNDA:4,getRoleLevel
DA:9,1
DA:12,1
DA:38,1
DA:66,1
DA:67,33
DA:70,33
DA:71,229
DA:72,202
DA:73,202
DA:77,7
DA:83,1
DA:84,4
DA:85,4
DA:87,4
DA:88,36
DA:89,30
DA:93,4
DA:99,1
DA:100,4
LF:19
LH:19
BRDA:67,0,0,33
BRDA:67,0,1,0
BRDA:71,1,0,202
BRDA:71,1,1,27
BRDA:72,2,0,202
BRDA:72,2,1,150
BRDA:73,3,0,26
BRDA:73,3,1,176
BRDA:84,4,0,4
BRDA:84,4,1,0
BRDA:88,5,0,30
BRDA:88,5,1,6
BRDA:89,6,0,30
BRDA:89,6,1,21
BRDA:100,7,0,4
BRDA:100,7,1,1
BRF:16
BRH:14
end_of_record
TN:
SF:src\subgraphs\admin\guards\adminRole.guard.ts
FN:16,requireAdminRole
FN:17,(anonymous_1)
FN:71,requirePermission
FN:72,(anonymous_3)
FNF:4
FNH:4
FNDA:8,requireAdminRole
FNDA:8,(anonymous_1)
FNDA:5,requirePermission
FNDA:5,(anonymous_3)
DA:3,1
DA:4,1
DA:5,1
DA:7,1
DA:8,1
DA:16,1
DA:17,8
DA:23,8
DA:25,8
DA:26,2
DA:29,6
DA:33,6
DA:35,6
DA:36,1
DA:41,5
DA:42,1
DA:48,4
DA:49,4
DA:50,1
DA:57,3
DA:64,3
DA:71,1
DA:72,5
DA:78,5
DA:80,5
DA:81,1
DA:84,4
DA:88,4
DA:90,4
DA:91,1
DA:96,3
DA:97,1
DA:102,2
DA:104,2
DA:105,1
DA:111,1
DA:118,1
LF:37
LH:37
BRDA:16,0,0,1
BRDA:25,1,0,2
BRDA:25,1,1,6
BRDA:35,2,0,1
BRDA:35,2,1,5
BRDA:41,3,0,1
BRDA:41,3,1,4
BRDA:49,4,0,1
BRDA:49,4,1,3
BRDA:80,5,0,1
BRDA:80,5,1,4
BRDA:90,6,0,1
BRDA:90,6,1,3
BRDA:96,7,0,1
BRDA:96,7,1,2
BRDA:104,8,0,1
BRDA:104,8,1,1
BRF:17
BRH:17
end_of_record
TN:
SF:src\subgraphs\admin\guards\auditLogger.ts
FN:20,logAuditAction
FN:54,withAuditLog
FN:58,(anonymous_2)
FNF:3
FNH:3
FNDA:6,logAuditAction
FNDA:3,withAuditLog
FNDA:3,(anonymous_2)
DA:3,1
DA:4,1
DA:5,1
DA:7,1
DA:20,1
DA:24,6
DA:25,6
DA:26,6
DA:28,6
DA:39,6
DA:43,6
DA:46,1
DA:54,1
DA:58,3
DA:59,3
DA:62,3
DA:63,1
DA:64,1
DA:67,3
LF:19
LH:19
BRDA:25,0,0,6
BRDA:25,0,1,2
BRDA:25,0,2,1
BRDA:26,1,0,6
BRDA:26,1,1,3
BRDA:26,1,2,2
BRDA:35,2,0,6
BRDA:35,2,1,0
BRDA:35,3,0,0
BRDA:35,3,1,0
BRDA:62,4,0,1
BRDA:62,4,1,2
BRDA:62,5,0,3
BRDA:62,5,1,2
BRF:14
BRH:11
end_of_record
TN:
SF:src\subgraphs\admin\resolvers\admin.resolver.ts
FN:32,withPermission
FN:33,(anonymous_1)
FN:35,(anonymous_2)
FN:41,withRole
FN:42,(anonymous_4)
FN:44,(anonymous_5)
FN:52,(anonymous_6)
FN:61,(anonymous_7)
FN:74,(anonymous_8)
FN:82,(anonymous_9)
FN:91,(anonymous_10)
FN:104,(anonymous_11)
FN:112,(anonymous_12)
FN:119,(anonymous_13)
FN:127,(anonymous_14)
FN:134,(anonymous_15)
FN:147,(anonymous_16)
FN:154,(anonymous_17)
FN:166,(anonymous_18)
FN:172,(anonymous_19)
FN:181,(anonymous_20)
FN:187,(anonymous_21)
FN:196,(anonymous_22)
FN:202,(anonymous_23)
FN:211,(anonymous_24)
FN:220,(anonymous_25)
FN:226,(anonymous_26)
FN:236,(anonymous_27)
FN:242,(anonymous_28)
FN:251,(anonymous_29)
FN:257,(anonymous_30)
FN:266,(anonymous_31)
FN:273,(anonymous_32)
FN:280,(anonymous_33)
FN:287,(anonymous_34)
FNF:35
FNH:20
FNDA:21,withPermission
FNDA:19,(anonymous_1)
FNDA:19,(anonymous_2)
FNDA:0,withRole
FNDA:0,(anonymous_4)
FNDA:0,(anonymous_5)
FNDA:1,(anonymous_6)
FNDA:1,(anonymous_7)
FNDA:1,(anonymous_8)
FNDA:1,(anonymous_9)
FNDA:2,(anonymous_10)
FNDA:2,(anonymous_11)
FNDA:2,(anonymous_12)
FNDA:1,(anonymous_13)
FNDA:2,(anonymous_14)
FNDA:2,(anonymous_15)
FNDA:1,(anonymous_16)
FNDA:1,(anonymous_17)
FNDA:1,(anonymous_18)
FNDA:0,(anonymous_19)
FNDA:1,(anonymous_20)
FNDA:0,(anonymous_21)
FNDA:1,(anonymous_22)
FNDA:0,(anonymous_23)
FNDA:1,(anonymous_24)
FNDA:1,(anonymous_25)
FNDA:0,(anonymous_26)
FNDA:0,(anonymous_27)
FNDA:0,(anonymous_28)
FNDA:0,(anonymous_29)
FNDA:0,(anonymous_30)
FNDA:0,(anonymous_31)
FNDA:0,(anonymous_32)
FNDA:0,(anonymous_33)
FNDA:0,(anonymous_34)
DA:3,1
DA:4,1
DA:24,1
DA:25,1
DA:26,1
DA:28,1
DA:33,21
DA:34,19
DA:35,19
DA:36,19
DA:42,0
DA:43,0
DA:44,0
DA:45,0
DA:49,1
DA:53,1
DA:56,1
DA:57,1
DA:61,1
DA:75,1
DA:78,1
DA:83,1
DA:87,1
DA:89,1
DA:91,2
DA:105,2
DA:108,2
DA:113,2
DA:116,2
DA:120,1
DA:123,1
DA:128,2
DA:131,2
DA:135,2
DA:138,2
DA:139,2
DA:140,1
DA:141,1
DA:148,1
DA:151,1
DA:155,1
DA:158,1
DA:159,1
DA:167,1
DA:170,1
DA:172,0
DA:182,1
DA:185,1
DA:187,0
DA:197,1
DA:200,1
DA:202,0
DA:212,1
DA:215,1
DA:221,1
DA:224,1
DA:226,0
DA:237,0
DA:240,0
DA:242,0
DA:252,0
DA:255,0
DA:257,0
DA:267,0
DA:270,0
DA:274,0
DA:277,0
DA:281,0
DA:284,0
DA:288,0
DA:291,0
LF:71
LH:49
BRDA:41,0,0,0
BRDA:139,1,0,1
BRDA:139,1,1,1
BRDA:176,2,0,0
BRDA:176,2,1,0
BRF:5
BRH:2
end_of_record
TN:
SF:src\subgraphs\audit\resolvers\audit.resolver.ts
FN:8,(anonymous_1)
FN:12,(anonymous_2)
FN:18,(anonymous_3)
FN:31,(anonymous_4)
FNF:4
FNH:4
FNDA:3,(anonymous_1)
FNDA:3,(anonymous_2)
FNDA:9,(anonymous_3)
FNDA:3,(anonymous_4)
DA:1,1
DA:2,1
DA:3,1
DA:4,1
DA:6,1
DA:9,3
DA:10,3
DA:13,3
DA:14,3
DA:19,9
DA:20,3
DA:22,6
DA:23,1
DA:26,5
DA:27,5
DA:31,3
LF:16
LH:16
BRDA:19,0,0,3
BRDA:19,0,1,6
BRDA:19,1,0,9
BRDA:19,1,1,7
BRDA:22,2,0,1
BRDA:22,2,1,5
BRDA:22,3,0,6
BRDA:22,3,1,5
BRF:8
BRH:8
end_of_record
TN:
SF:src\subgraphs\auth\resolvers.ts
FN:36,(anonymous_1)
FN:36,(anonymous_2)
FN:43,(anonymous_3)
FN:44,(anonymous_4)
FN:48,(anonymous_5)
FN:51,(anonymous_6)
FN:57,(anonymous_7)
FN:58,(anonymous_8)
FN:59,(anonymous_9)
FN:66,(anonymous_10)
FN:112,(anonymous_11)
FN:116,(anonymous_12)
FN:231,(anonymous_13)
FN:267,(anonymous_14)
FN:308,(anonymous_15)
FN:314,(anonymous_16)
FN:415,(anonymous_17)
FNF:17
FNH:6
FNDA:0,(anonymous_1)
FNDA:0,(anonymous_2)
FNDA:0,(anonymous_3)
FNDA:0,(anonymous_4)
FNDA:0,(anonymous_5)
FNDA:0,(anonymous_6)
FNDA:1,(anonymous_7)
FNDA:0,(anonymous_8)
FNDA:0,(anonymous_9)
FNDA:0,(anonymous_10)
FNDA:1,(anonymous_11)
FNDA:2,(anonymous_12)
FNDA:0,(anonymous_13)
FNDA:0,(anonymous_14)
FNDA:1,(anonymous_15)
FNDA:2,(anonymous_16)
FNDA:3,(anonymous_17)
DA:4,1
DA:7,1
DA:10,1
DA:12,1
DA:36,1
DA:39,0
DA:42,1
DA:43,0
DA:44,0
DA:47,1
DA:48,0
DA:51,1
DA:53,0
DA:56,1
DA:57,1
DA:58,1
DA:59,0
DA:60,0
DA:63,1
DA:67,0
DA:69,0
DA:112,1
DA:132,2
DA:136,2
DA:141,2
DA:149,2
DA:154,2
DA:159,2
DA:164,2
DA:188,2
DA:193,2
DA:194,1
DA:236,0
DA:240,0
DA:242,0
DA:247,0
DA:248,0
DA:252,0
DA:256,0
DA:262,0
DA:268,0
DA:270,0
DA:276,0
DA:278,0
DA:309,1
DA:320,2
DA:324,2
DA:416,3
DA:417,1
DA:419,2
LF:50
LH:29
BRDA:67,0,0,0
BRDA:67,0,1,0
BRDA:170,1,0,2
BRDA:170,1,1,0
BRDA:170,1,2,0
BRDA:177,2,0,2
BRDA:177,2,1,1
BRDA:182,3,0,2
BRDA:182,3,1,1
BRDA:193,4,0,1
BRDA:193,4,1,1
BRDA:219,5,0,1
BRDA:219,5,1,0
BRDA:247,6,0,0
BRDA:247,6,1,0
BRDA:268,7,0,0
BRDA:268,7,1,0
BRDA:328,8,0,2
BRDA:328,8,1,1
BRDA:328,8,2,1
BRDA:329,9,0,2
BRDA:329,9,1,1
BRDA:330,10,0,2
BRDA:330,10,1,1
BRDA:416,11,0,1
BRDA:416,11,1,2
BRDA:419,12,0,1
BRDA:419,12,1,1
BRF:28
BRH:19
end_of_record
TN:
SF:src\subgraphs\auth\application\usecases\login.usecase.ts
FN:21,(anonymous_5)
FN:41,(anonymous_6)
FNF:2
FNH:2
FNDA:6,(anonymous_5)
FNDA:6,(anonymous_6)
DA:3,1
DA:5,1
DA:6,1
DA:7,1
DA:9,1
DA:10,1
DA:13,1
DA:14,1
DA:16,1
DA:20,1
DA:23,6
DA:26,6
DA:29,6
DA:32,6
DA:35,6
DA:38,6
DA:44,6
DA:45,5
DA:46,0
DA:49,0
DA:53,0
DA:58,0
DA:59,0
DA:60,0
DA:61,0
DA:65,0
DA:66,0
DA:67,0
DA:68,0
DA:70,0
DA:71,0
DA:76,0
DA:77,0
DA:78,0
DA:79,0
DA:80,0
DA:82,0
DA:83,0
DA:88,0
DA:89,0
DA:90,0
DA:99,0
DA:100,0
DA:103,0
DA:106,0
DA:117,0
DA:118,0
DA:122,0
DA:123,0
DA:130,0
DA:138,0
DA:139,0
DA:147,0
DA:151,0
LF:54
LH:18
BRDA:58,0,0,0
BRDA:58,0,1,0
BRDA:65,1,0,0
BRDA:65,1,1,0
BRDA:70,2,0,0
BRDA:70,2,1,0
BRDA:76,3,0,0
BRDA:76,3,1,0
BRDA:88,4,0,0
BRDA:88,4,1,0
BRDA:94,5,0,0
BRDA:94,5,1,0
BRDA:99,6,0,0
BRDA:99,6,1,0
BRDA:103,7,0,0
BRDA:103,8,0,0
BRDA:103,9,0,0
BRDA:103,10,0,0
BRDA:103,10,1,0
BRDA:117,11,0,0
BRDA:117,11,1,0
BRDA:122,12,0,0
BRDA:122,12,1,0
BRF:23
BRH:0
end_of_record
TN:
SF:src\subgraphs\auth\domain\entities\challenge.entity.ts
FN:2,(anonymous_0)
FN:11,(anonymous_1)
FN:18,(anonymous_2)
FNF:3
FNH:3
FNDA:7,(anonymous_0)
FNDA:3,(anonymous_1)
FNDA:3,(anonymous_2)
DA:1,1
DA:3,7
DA:4,7
DA:5,7
DA:6,7
DA:7,7
DA:8,7
DA:12,3
DA:13,2
DA:15,1
DA:19,3
DA:23,1
LF:12
LH:12
BRDA:12,0,0,2
BRDA:12,0,1,1
BRF:2
BRH:2
end_of_record
TN:
SF:src\subgraphs\auth\domain\entities\identity.entity.ts
FN:6,(anonymous_0)
FN:15,(anonymous_1)
FNF:2
FNH:2
FNDA:9,(anonymous_0)
FNDA:4,(anonymous_1)
DA:5,1
DA:7,9
DA:8,9
DA:9,9
DA:10,9
DA:11,9
DA:12,9
DA:16,4
LF:8
LH:8
BRDA:12,0,0,8
BRDA:16,1,0,4
BRDA:16,1,1,2
BRF:3
BRH:3
end_of_record
TN:
SF:src\subgraphs\auth\domain\entities\session.entity.ts
FN:4,(anonymous_0)
FN:13,(anonymous_1)
FNF:2
FNH:2
FNDA:4,(anonymous_0)
FNDA:3,(anonymous_1)
DA:3,1
DA:5,4
DA:6,4
DA:7,4
DA:8,4
DA:9,4
DA:10,4
DA:11,4
DA:14,3
LF:9
LH:9
BRDA:10,0,0,1
BRF:1
BRH:1
end_of_record
TN:
SF:src\subgraphs\auth\guards\auth.guard.ts
FN:18,(anonymous_5)
FN:30,(anonymous_6)
FN:66,(anonymous_7)
FN:67,(anonymous_8)
FNF:4
FNH:4
FNDA:12,(anonymous_5)
FNDA:8,(anonymous_6)
FNDA:4,(anonymous_7)
FNDA:4,(anonymous_8)
DA:1,1
DA:3,1
DA:6,1
DA:7,1
DA:9,1
DA:10,1
DA:11,1
DA:12,1
DA:17,1
DA:20,12
DA:22,12
DA:24,12
DA:31,8
DA:33,8
DA:34,8
DA:35,2
DA:37,6
DA:41,6
DA:42,6
DA:43,1
DA:45,5
DA:46,1
DA:48,4
DA:49,1
DA:52,3
DA:53,3
DA:54,2
DA:57,1
DA:67,4
DA:68,4
DA:70,4
DA:72,4
DA:73,1
DA:76,3
DA:77,3
DA:78,1
DA:85,1
DA:86,1
DA:88,3
DA:89,1
DA:90,1
DA:92,2
LF:42
LH:42
BRDA:34,0,0,2
BRDA:34,0,1,6
BRDA:34,1,0,8
BRDA:34,1,1,7
BRDA:42,2,0,1
BRDA:42,2,1,5
BRDA:45,3,0,1
BRDA:45,3,1,4
BRDA:48,4,0,1
BRDA:48,4,1,3
BRDA:48,5,0,4
BRDA:48,5,1,4
BRDA:53,6,0,2
BRDA:53,6,1,1
BRDA:53,7,0,3
BRDA:53,7,1,2
BRDA:72,8,0,1
BRDA:72,8,1,3
BRDA:88,9,0,1
BRDA:88,9,1,2
BRF:20
BRH:20
end_of_record
TN:
SF:src\subgraphs\auth\infrastructure\models\session.model.ts
FNF:0
FNH:0
DA:1,2
DA:4,2
DA:25,2
DA:27,2
LF:4
LH:4
BRF:0
BRH:0
end_of_record
TN:
SF:src\subgraphs\auth\infrastructure\repos\session.repo.ts
FN:22,(anonymous_5)
FN:29,(anonymous_6)
FN:41,(anonymous_7)
FN:60,(anonymous_8)
FN:65,(anonymous_9)
FN:72,(anonymous_10)
FN:79,(anonymous_11)
FN:86,(anonymous_12)
FN:90,(anonymous_13)
FN:94,(anonymous_14)
FN:101,(anonymous_15)
FN:113,(anonymous_16)
FN:124,(anonymous_17)
FN:128,(anonymous_18)
FN:132,(anonymous_19)
FN:136,(anonymous_20)
FNF:16
FNH:0
FNDA:0,(anonymous_5)
FNDA:0,(anonymous_6)
FNDA:0,(anonymous_7)
FNDA:0,(anonymous_8)
FNDA:0,(anonymous_9)
FNDA:0,(anonymous_10)
FNDA:0,(anonymous_11)
FNDA:0,(anonymous_12)
FNDA:0,(anonymous_13)
FNDA:0,(anonymous_14)
FNDA:0,(anonymous_15)
FNDA:0,(anonymous_16)
FNDA:0,(anonymous_17)
FNDA:0,(anonymous_18)
FNDA:0,(anonymous_19)
FNDA:0,(anonymous_20)
DA:2,1
DA:4,1
DA:5,1
DA:6,1
DA:21,1
DA:24,0
DA:30,0
DA:31,0
DA:32,0
DA:34,0
DA:35,0
DA:36,0
DA:38,0
DA:42,0
DA:57,0
DA:61,0
DA:62,0
DA:66,0
DA:73,0
DA:80,0
DA:87,0
DA:91,0
DA:95,0
DA:102,0
DA:114,0
DA:125,0
DA:129,0
DA:133,0
DA:137,0
LF:29
LH:5
BRDA:31,0,0,0
BRDA:31,0,1,0
BRF:2
BRH:0
end_of_record
TN:
SF:src\subgraphs\auth\infrastructure\services\jwt.service.ts
FN:13,(anonymous_2)
FN:23,(anonymous_3)
FN:38,(anonymous_4)
FN:54,(anonymous_5)
FN:66,(anonymous_6)
FNF:5
FNH:0
FNDA:0,(anonymous_2)
FNDA:0,(anonymous_3)
FNDA:0,(anonymous_4)
FNDA:0,(anonymous_5)
FNDA:0,(anonymous_6)
DA:1,1
DA:3,1
DA:4,1
DA:9,1
DA:14,0
DA:26,0
DA:41,0
DA:57,0
DA:67,0
DA:68,0
DA:69,0
DA:71,0
LF:12
LH:4
BRF:0
BRH:0
end_of_record
TN:
SF:src\subgraphs\auth\infrastructure\services\session.service.ts
FN:12,(anonymous_2)
FN:53,(anonymous_3)
FN:57,(anonymous_4)
FN:65,(anonymous_5)
FNF:4
FNH:2
FNDA:3,(anonymous_2)
FNDA:1,(anonymous_3)
FNDA:0,(anonymous_4)
FNDA:0,(anonymous_5)
DA:3,2
DA:5,2
DA:6,2
DA:7,2
DA:10,2
DA:21,3
DA:23,3
DA:35,3
DA:47,3
DA:58,0
DA:66,0
LF:11
LH:9
BRDA:28,0,0,3
BRDA:28,0,1,3
BRDA:29,1,0,3
BRDA:29,1,1,3
BRDA:40,2,0,3
BRDA:40,2,1,3
BRDA:41,3,0,3
BRDA:41,3,1,3
BRF:8
BRH:8
end_of_record
TN:
SF:src\subgraphs\booking\resolvers.ts
FN:22,(anonymous_1)
FN:29,(anonymous_2)
FN:37,(anonymous_3)
FN:59,(anonymous_4)
FN:85,(anonymous_5)
FN:110,(anonymous_6)
FN:122,(anonymous_7)
FN:131,(anonymous_8)
FN:136,(anonymous_9)
FN:150,(anonymous_10)
FN:154,(anonymous_11)
FN:157,(anonymous_12)
FN:168,(anonymous_13)
FN:178,(anonymous_14)
FN:185,(anonymous_15)
FN:195,(anonymous_16)
FN:197,(anonymous_17)
FN:202,(anonymous_18)
FN:207,(anonymous_19)
FN:208,(anonymous_20)
FN:209,(anonymous_21)
FN:210,(anonymous_22)
FN:211,(anonymous_23)
FN:214,(anonymous_24)
FNF:24
FNH:4
FNDA:2,(anonymous_1)
FNDA:0,(anonymous_2)
FNDA:4,(anonymous_3)
FNDA:3,(anonymous_4)
FNDA:0,(anonymous_5)
FNDA:1,(anonymous_6)
FNDA:0,(anonymous_7)
FNDA:0,(anonymous_8)
FNDA:0,(anonymous_9)
FNDA:0,(anonymous_10)
FNDA:0,(anonymous_11)
FNDA:0,(anonymous_12)
FNDA:0,(anonymous_13)
FNDA:0,(anonymous_14)
FNDA:0,(anonymous_15)
FNDA:0,(anonymous_16)
FNDA:0,(anonymous_17)
FNDA:0,(anonymous_18)
FNDA:0,(anonymous_19)
FNDA:0,(anonymous_20)
FNDA:0,(anonymous_21)
FNDA:0,(anonymous_22)
FNDA:0,(anonymous_23)
FNDA:0,(anonymous_24)
DA:1,1
DA:10,1
DA:11,1
DA:12,1
DA:13,1
DA:14,1
DA:17,1
DA:18,1
DA:20,1
DA:23,2
DA:24,2
DA:25,2
DA:26,2
DA:27,2
DA:31,0
DA:35,0
DA:38,4
DA:39,4
DA:40,4
DA:41,4
DA:42,4
DA:47,4
DA:48,1
DA:49,1
DA:53,3
DA:55,2
DA:59,3
DA:62,2
DA:67,2
DA:70,2
DA:71,2
DA:72,5
DA:74,2
DA:78,1
DA:87,0
DA:89,0
DA:90,0
DA:93,0
DA:101,0
DA:111,1
DA:113,1
DA:115,1
DA:123,0
DA:124,0
DA:125,0
DA:127,0
DA:132,0
DA:137,0
DA:140,0
DA:141,0
DA:145,0
DA:146,0
DA:151,0
DA:155,0
DA:158,0
DA:161,0
DA:162,0
DA:163,0
DA:164,0
DA:169,0
DA:170,0
DA:171,0
DA:179,0
DA:180,0
DA:181,0
DA:187,0
DA:195,0
DA:197,0
DA:202,0
DA:207,0
DA:208,0
DA:209,0
DA:210,0
DA:212,0
DA:215,0
DA:217,0
LF:76
LH:35
BRDA:47,0,0,1
BRDA:47,0,1,3
BRDA:47,1,0,4
BRDA:47,1,1,3
BRDA:53,2,0,2
BRDA:53,2,1,1
BRDA:53,3,0,3
BRDA:53,3,1,3
BRDA:62,4,0,2
BRDA:62,4,1,0
BRDA:89,5,0,0
BRDA:89,5,1,0
BRDA:113,6,0,1
BRDA:113,6,1,0
BRDA:125,7,0,0
BRDA:125,7,1,0
BRDA:141,8,0,0
BRDA:141,8,1,0
BRDA:146,9,0,0
BRDA:146,9,1,0
BRDA:162,10,0,0
BRDA:162,10,1,0
BRDA:164,11,0,0
BRDA:164,11,1,0
BRDA:181,12,0,0
BRDA:181,12,1,0
BRDA:195,13,0,0
BRDA:195,13,1,0
BRDA:207,14,0,0
BRDA:207,14,1,0
BRDA:207,14,2,0
BRDA:208,15,0,0
BRDA:208,15,1,0
BRDA:208,15,2,0
BRDA:209,16,0,0
BRDA:209,16,1,0
BRDA:209,16,2,0
BRDA:210,17,0,0
BRDA:210,17,1,0
BRDA:210,17,2,0
BRDA:217,18,0,0
BRDA:217,18,1,0
BRF:42
BRH:10
end_of_record
TN:
SF:src\subgraphs\listing\resolvers\listing.resolver.ts
FN:24,(anonymous_1)
FN:32,(anonymous_2)
FN:50,(anonymous_3)
FN:54,(anonymous_4)
FN:67,(anonymous_5)
FN:80,(anonymous_6)
FN:87,(anonymous_7)
FN:105,(anonymous_8)
FN:109,(anonymous_9)
FN:112,(anonymous_10)
FN:124,(anonymous_11)
FN:135,(anonymous_12)
FN:144,(anonymous_13)
FN:149,(anonymous_14)
FN:158,(anonymous_15)
FN:163,(anonymous_16)
FN:165,(anonymous_17)
FN:171,(anonymous_18)
FN:173,(anonymous_19)
FN:180,(anonymous_20)
FN:185,(anonymous_21)
FNF:21
FNH:8
FNDA:2,(anonymous_1)
FNDA:2,(anonymous_2)
FNDA:2,(anonymous_3)
FNDA:2,(anonymous_4)
FNDA:1,(anonymous_5)
FNDA:1,(anonymous_6)
FNDA:1,(anonymous_7)
FNDA:1,(anonymous_8)
FNDA:0,(anonymous_9)
FNDA:0,(anonymous_10)
FNDA:0,(anonymous_11)
FNDA:0,(anonymous_12)
FNDA:0,(anonymous_13)
FNDA:0,(anonymous_14)
FNDA:0,(anonymous_15)
FNDA:0,(anonymous_16)
FNDA:0,(anonymous_17)
FNDA:0,(anonymous_18)
FNDA:0,(anonymous_19)
FNDA:0,(anonymous_20)
FNDA:0,(anonymous_21)
DA:1,1
DA:3,1
DA:4,1
DA:11,1
DA:15,1
DA:20,1
DA:27,2
DA:31,2
DA:32,2
DA:50,2
DA:60,2
DA:63,2
DA:68,1
DA:69,1
DA:73,1
DA:75,0
DA:76,0
DA:82,1
DA:86,1
DA:87,1
DA:105,1
DA:110,0
DA:111,0
DA:112,0
DA:125,0
DA:126,0
DA:128,0
DA:129,0
DA:132,0
DA:136,0
DA:137,0
DA:139,0
DA:140,0
DA:142,0
DA:143,0
DA:144,0
DA:150,0
DA:151,0
DA:152,0
DA:154,0
DA:155,0
DA:158,0
DA:164,0
DA:165,0
DA:172,0
DA:173,0
DA:182,0
DA:183,0
DA:186,0
LF:49
LH:19
BRDA:46,0,0,2
BRDA:46,0,1,0
BRDA:47,1,0,2
BRDA:47,1,1,0
BRDA:73,2,0,1
BRDA:73,2,1,0
BRDA:101,3,0,1
BRDA:101,3,1,0
BRDA:102,4,0,1
BRDA:102,4,1,0
BRDA:125,5,0,0
BRDA:125,5,1,0
BRDA:136,6,0,0
BRDA:136,6,1,0
BRDA:139,7,0,0
BRDA:139,7,1,0
BRDA:164,8,0,0
BRDA:164,8,1,0
BRDA:172,9,0,0
BRDA:172,9,1,0
BRF:20
BRH:5
end_of_record
TN:
SF:src\subgraphs\review\review.resolver.ts
FN:14,(anonymous_0)
FN:18,(anonymous_1)
FN:24,(anonymous_2)
FN:30,(anonymous_3)
FN:36,(anonymous_4)
FN:40,(anonymous_5)
FN:47,(anonymous_6)
FN:54,(anonymous_7)
FN:55,(anonymous_8)
FN:56,(anonymous_9)
FNF:10
FNH:9
FNDA:2,(anonymous_0)
FNDA:2,(anonymous_1)
FNDA:1,(anonymous_2)
FNDA:1,(anonymous_3)
FNDA:0,(anonymous_4)
FNDA:1,(anonymous_5)
FNDA:1,(anonymous_6)
FNDA:1,(anonymous_7)
FNDA:1,(anonymous_8)
FNDA:1,(anonymous_9)
DA:6,1
DA:7,1
DA:8,1
DA:9,1
DA:12,1
DA:15,2
DA:16,2
DA:19,2
DA:20,2
DA:25,1
DA:26,1
DA:27,1
DA:31,1
DA:32,1
DA:33,1
DA:37,0
DA:38,0
DA:41,1
DA:42,1
DA:43,1
DA:48,1
DA:49,1
DA:50,1
DA:54,1
DA:55,1
DA:56,1
LF:26
LH:24
BRDA:43,0,0,1
BRDA:43,0,1,1
BRF:2
BRH:2
end_of_record
TN:
SF:src\subgraphs\tenant\resolvers\tenant.resolver.ts
FN:18,(anonymous_0)
FN:38,(anonymous_1)
FN:62,(anonymous_2)
FN:82,(anonymous_3)
FN:102,(anonymous_4)
FN:122,(anonymous_5)
FN:158,(anonymous_6)
FN:176,(anonymous_7)
FNF:8
FNH:7
FNDA:2,(anonymous_0)
FNDA:2,(anonymous_1)
FNDA:1,(anonymous_2)
FNDA:1,(anonymous_3)
FNDA:1,(anonymous_4)
FNDA:0,(anonymous_5)
FNDA:1,(anonymous_6)
FNDA:3,(anonymous_7)
DA:2,1
DA:4,1
DA:14,1
DA:28,2
DA:34,2
DA:48,2
DA:54,2
DA:72,1
DA:78,1
DA:92,1
DA:98,1
DA:112,1
DA:118,1
DA:132,0
DA:133,0
DA:136,0
DA:142,0
DA:145,0
DA:146,0
DA:147,0
DA:150,0
DA:166,1
DA:172,1
DA:178,3
DA:180,1
LF:25
LH:17
BRDA:54,0,0,2
BRDA:54,0,1,1
BRDA:132,1,0,0
BRDA:132,1,1,0
BRDA:145,2,0,0
BRDA:145,2,1,0
BRDA:178,3,0,2
BRDA:178,3,1,1
BRF:8
BRH:4
end_of_record
TN:
SF:src\subgraphs\user\application\usecase\createOAuthUserUseCase.ts
FN:19,(anonymous_4)
FN:24,(anonymous_5)
FNF:2
FNH:2
FNDA:4,(anonymous_4)
FNDA:4,(anonymous_5)
DA:3,1
DA:4,1
DA:6,1
DA:18,1
DA:21,4
DA:25,4
DA:26,4
DA:27,4
DA:28,4
DA:30,4
DA:31,3
DA:32,1
DA:35,2
LF:13
LH:13
BRDA:31,0,0,1
BRDA:31,0,1,2
BRDA:39,1,0,2
BRDA:39,1,1,1
BRF:4
BRH:4
end_of_record
TN:
SF:src\subgraphs\user\domain\entities\types.ts
FN:1,(anonymous_0)
FN:13,(anonymous_1)
FNF:2
FNH:2
FNDA:2,(anonymous_0)
FNDA:2,(anonymous_1)
DA:1,2
DA:2,2
DA:3,2
DA:4,2
DA:5,2
DA:7,2
DA:8,2
DA:9,2
DA:10,2
DA:13,2
DA:14,2
DA:15,2
DA:16,2
DA:17,2
DA:18,2
DA:19,2
LF:16
LH:16
BRDA:1,0,0,2
BRDA:1,0,1,2
BRDA:13,1,0,2
BRDA:13,1,1,2
BRF:4
BRH:4
end_of_record
TN:
SF:src\subgraphs\user\domain\entities\user.entity.ts
FN:16,(anonymous_0)
FN:35,(anonymous_1)
FN:36,(anonymous_2)
FN:37,(anonymous_3)
FN:42,(anonymous_4)
FN:52,(anonymous_5)
FN:59,(anonymous_6)
FN:66,(anonymous_7)
FN:74,(anonymous_8)
FN:79,(anonymous_9)
FNF:10
FNH:2
FNDA:3,(anonymous_0)
FNDA:0,(anonymous_1)
FNDA:0,(anonymous_2)
FNDA:0,(anonymous_3)
FNDA:0,(anonymous_4)
FNDA:0,(anonymous_5)
FNDA:0,(anonymous_6)
FNDA:0,(anonymous_7)
FNDA:0,(anonymous_8)
FNDA:1,(anonymous_9)
DA:3,1
DA:11,1
DA:17,3
DA:18,3
DA:19,3
DA:23,3
DA:24,3
DA:25,3
DA:26,3
DA:28,3
DA:29,3
DA:30,3
DA:35,0
DA:36,0
DA:37,0
DA:43,0
DA:44,0
DA:46,0
DA:47,0
DA:48,0
DA:53,0
DA:54,0
DA:55,0
DA:60,0
DA:61,0
DA:62,0
DA:67,0
DA:68,0
DA:69,0
DA:75,0
DA:79,1
DA:80,1
DA:81,1
DA:82,1
DA:83,1
DA:84,1
LF:36
LH:18
BRDA:21,0,0,0
BRDA:22,1,0,0
BRDA:23,2,0,0
BRDA:24,3,0,0
BRDA:25,4,0,0
BRDA:26,5,0,0
BRDA:43,6,0,0
BRDA:43,6,1,0
BRDA:43,7,0,0
BRDA:43,7,1,0
BRDA:46,8,0,0
BRDA:46,8,1,0
BRDA:53,9,0,0
BRDA:53,9,1,0
BRDA:79,10,0,1
BRDA:79,10,1,1
BRF:16
BRH:2
end_of_record
TN:
SF:src\subgraphs\user\infra\mappers\user.mapper.ts
FN:15,(anonymous_0)
FN:31,(anonymous_1)
FNF:2
FNH:1
FNDA:3,(anonymous_0)
FNDA:0,(anonymous_1)
DA:3,1
DA:4,1
DA:13,1
DA:16,3
DA:32,0
LF:5
LH:4
BRDA:17,0,0,3
BRDA:17,0,1,0
BRDA:20,1,0,3
BRDA:20,1,1,3
BRDA:21,2,0,3
BRDA:21,2,1,3
BRDA:22,3,0,3
BRDA:22,3,1,3
BRDA:23,4,0,3
BRDA:23,4,1,3
BRDA:24,5,0,3
BRDA:24,5,1,3
BRDA:25,6,0,3
BRDA:25,6,1,3
BRDA:26,7,0,3
BRDA:26,7,1,3
BRF:16
BRH:15
end_of_record
TN:
SF:src\subgraphs\user\infra\repos\user.repo.ts
FN:20,(anonymous_4)
FN:27,(anonymous_5)
FN:32,(anonymous_6)
FN:37,(anonymous_7)
FN:42,(anonymous_8)
FN:48,(anonymous_9)
FN:66,(anonymous_10)
FN:73,(anonymous_11)
FN:77,(anonymous_12)
FN:86,(anonymous_13)
FNF:10
FNH:6
FNDA:9,(anonymous_4)
FNDA:2,(anonymous_5)
FNDA:2,(anonymous_6)
FNDA:0,(anonymous_7)
FNDA:0,(anonymous_8)
FNDA:2,(anonymous_9)
FNDA:0,(anonymous_10)
FNDA:1,(anonymous_11)
FNDA:2,(anonymous_12)
FNDA:0,(anonymous_13)
DA:3,1
DA:4,1
DA:6,1
DA:9,1
DA:10,1
DA:19,1
DA:22,9
DA:28,2
DA:29,2
DA:33,2
DA:34,2
DA:38,0
DA:39,0
DA:43,0
DA:54,2
DA:63,1
DA:67,0
DA:74,1
DA:78,2
DA:83,2
DA:87,0
DA:92,0
LF:22
LH:16
BRDA:29,0,0,1
BRDA:29,0,1,1
BRDA:34,1,0,1
BRDA:34,1,1,1
BRDA:37,2,0,0
BRDA:37,3,0,0
BRDA:57,4,0,2
BRDA:57,4,1,2
BRDA:58,5,0,2
BRDA:58,5,1,2
BRF:10
BRH:8
end_of_record
TN:
SF:src\subgraphs\user\resolvers\user.resolver.ts
FN:25,(anonymous_9)
FN:35,(anonymous_10)
FN:43,(anonymous_11)
FN:52,(anonymous_12)
FN:60,(anonymous_13)
FN:65,(anonymous_14)
FN:70,(anonymous_15)
FN:75,(anonymous_16)
FN:80,(anonymous_17)
FN:81,(anonymous_18)
FN:90,(anonymous_19)
FN:99,(anonymous_20)
FN:104,(anonymous_21)
FN:105,(anonymous_22)
FN:112,(anonymous_23)
FN:118,(anonymous_24)
FN:123,(anonymous_25)
FNF:17
FNH:3
FNDA:2,(anonymous_9)
FNDA:2,(anonymous_10)
FNDA:0,(anonymous_11)
FNDA:0,(anonymous_12)
FNDA:0,(anonymous_13)
FNDA:0,(anonymous_14)
FNDA:0,(anonymous_15)
FNDA:0,(anonymous_16)
FNDA:0,(anonymous_17)
FNDA:0,(anonymous_18)
FNDA:1,(anonymous_19)
FNDA:0,(anonymous_20)
FNDA:0,(anonymous_21)
FNDA:0,(anonymous_22)
FNDA:0,(anonymous_23)
FNDA:0,(anonymous_24)
FNDA:0,(anonymous_25)
DA:3,1
DA:4,1
DA:21,1
DA:29,2
DA:30,2
DA:39,2
DA:40,2
DA:44,0
DA:45,0
DA:53,0
DA:54,0
DA:56,0
DA:57,0
DA:61,0
DA:62,0
DA:66,0
DA:67,0
DA:71,0
DA:72,0
DA:76,0
DA:77,0
DA:81,0
DA:82,0
DA:83,0
DA:91,1
DA:92,0
DA:94,1
DA:95,1
DA:96,1
DA:100,0
DA:101,0
DA:105,0
DA:108,0
DA:109,0
DA:113,0
DA:115,0
DA:120,0
DA:124,0
DA:125,0
DA:130,1
LF:40
LH:12
BRDA:53,0,0,0
BRDA:53,0,1,0
BRDA:65,1,0,0
BRDA:65,2,0,0
BRDA:91,3,0,0
BRDA:91,3,1,1
BRF:6
BRH:1
end_of_record
TN:
SF:src\subgraphs\user\services\user.service.ts
FN:17,(anonymous_4)
FN:24,(anonymous_5)
FN:32,(anonymous_6)
FN:37,(anonymous_7)
FN:42,(anonymous_8)
FN:48,(anonymous_9)
FN:62,(anonymous_10)
FN:68,(anonymous_11)
FNF:8
FNH:6
FNDA:8,(anonymous_4)
FNDA:3,(anonymous_5)
FNDA:2,(anonymous_6)
FNDA:0,(anonymous_7)
FNDA:0,(anonymous_8)
FNDA:2,(anonymous_9)
FNDA:1,(anonymous_10)
FNDA:4,(anonymous_11)
DA:3,1
DA:4,1
DA:16,1
DA:19,8
DA:26,3
DA:29,3
DA:33,2
DA:34,2
DA:38,0
DA:39,0
DA:43,0
DA:54,2
DA:55,2
DA:56,1
DA:58,1
DA:59,1
DA:63,1
DA:69,4
LF:18
LH:15
BRDA:26,0,0,1
BRDA:26,0,1,2
BRDA:29,1,0,2
BRDA:29,1,1,1
BRDA:34,2,0,1
BRDA:34,2,1,1
BRDA:37,3,0,0
BRDA:37,4,0,0
BRDA:55,5,0,1
BRDA:55,5,1,1
BRF:10
BRH:8
end_of_record
TN:
SF:src\wisdom\container\tokens\wisdom.tokens.ts
FNF:0
FNH:0
DA:5,2
LF:1
LH:1
BRF:0
BRH:0
end_of_record
TN:
SF:src\wisdom\memory\booking-state-updater.ts
FN:40,(anonymous_4)
FN:50,(anonymous_5)
FN:141,(anonymous_6)
FNF:3
FNH:3
FNDA:15,(anonymous_4)
FNDA:17,(anonymous_5)
FNDA:17,(anonymous_6)
DA:3,2
DA:7,2
DA:11,2
DA:15,2
DA:19,2
DA:28,2
DA:38,2
DA:43,15
DA:45,15
DA:60,17
DA:64,17
DA:66,14
DA:86,17
DA:92,17
DA:97,12
DA:100,12
DA:109,17
DA:111,5
DA:122,17
DA:131,17
DA:134,17
DA:147,17
DA:149,17
DA:159,17
DA:162,17
DA:163,12
DA:166,5
DA:181,5
DA:196,0
DA:199,0
DA:200,0
DA:203,0
DA:218,0
DA:222,0
LF:34
LH:28
BRDA:45,0,0,15
BRDA:64,1,0,14
BRDA:64,1,1,3
BRDA:92,2,0,12
BRDA:92,2,1,5
BRDA:98,3,0,12
BRDA:98,3,1,0
BRDA:109,4,0,5
BRDA:109,4,1,12
BRDA:149,5,0,5
BRDA:149,5,1,17
BRDA:149,5,2,0
BRDA:149,5,3,0
BRDA:149,5,4,0
BRDA:149,5,5,0
BRDA:149,5,6,0
BRDA:149,5,7,0
BRDA:159,6,0,17
BRDA:159,6,1,12
BRDA:162,7,0,12
BRDA:162,7,1,5
BRDA:196,8,0,0
BRDA:196,8,1,0
BRDA:199,9,0,0
BRDA:199,9,1,0
BRF:25
BRH:14
end_of_record
TN:
SF:src\wisdom\memory\booking\artifact-transition-mapper.ts
FN:31,(anonymous_0)
FNF:1
FNH:1
FNDA:17,(anonymous_0)
DA:14,2
DA:24,2
DA:32,17
DA:40,5
DA:46,0
DA:52,0
DA:58,0
DA:64,0
DA:70,0
DA:76,0
DA:81,12
LF:11
LH:5
BRDA:32,0,0,5
BRDA:32,0,1,0
BRDA:32,0,2,0
BRDA:32,0,3,0
BRDA:32,0,4,0
BRDA:32,0,5,0
BRDA:32,0,6,0
BRDA:32,0,7,12
BRF:8
BRH:2
end_of_record
TN:
SF:src\wisdom\memory\session\session-memory.store.ts
FN:9,(anonymous_1)
FN:14,(anonymous_2)
FN:21,(anonymous_3)
FN:48,(anonymous_4)
FN:60,(anonymous_5)
FN:85,(anonymous_6)
FNF:6
FNH:3
FNDA:15,(anonymous_1)
FNDA:31,(anonymous_2)
FNDA:0,(anonymous_3)
FNDA:17,(anonymous_4)
FNDA:0,(anonymous_5)
FNDA:0,(anonymous_6)
DA:4,2
DA:9,2
DA:11,15
DA:18,31
DA:26,0
DA:28,0
DA:30,0
DA:39,0
DA:45,0
DA:53,17
DA:55,17
DA:66,0
DA:68,0
DA:70,0
DA:74,0
DA:77,0
DA:79,0
DA:89,0
LF:18
LH:6
BRDA:28,0,0,0
BRDA:28,0,1,0
BRF:2
BRH:0
end_of_record
TN:
SF:src\wisdom\reference\IlistingReference-resolver.ts
FN:15,(anonymous_4)
FN:20,(anonymous_5)
FN:25,(anonymous_6)
FN:30,(anonymous_7)
FN:117,(anonymous_8)
FN:133,(anonymous_9)
FN:152,(anonymous_10)
FN:170,(anonymous_11)
FN:205,(anonymous_12)
FN:16,(anonymous_13)
FNF:10
FNH:8
FNDA:16,(anonymous_4)
FNDA:13,(anonymous_5)
FNDA:3,(anonymous_6)
FNDA:3,(anonymous_7)
FNDA:10,(anonymous_8)
FNDA:0,(anonymous_9)
FNDA:10,(anonymous_10)
FNDA:13,(anonymous_11)
FNDA:2,(anonymous_12)
FNDA:0,(anonymous_13)
DA:3,2
DA:6,2
DA:8,2
DA:10,2
DA:14,2
DA:16,0
DA:17,16
DA:24,13
DA:25,3
DA:29,13
DA:30,3
DA:32,13
DA:33,13
DA:35,10
DA:36,1
DA:37,1
DA:43,1
DA:52,10
DA:53,10
DA:54,0
DA:59,0
DA:63,10
DA:64,10
DA:65,6
DA:70,6
DA:74,4
DA:75,4
DA:76,3
DA:81,3
DA:85,4
DA:86,2
DA:90,2
DA:91,0
DA:93,0
DA:100,0
DA:106,0
DA:110,2
DA:111,2
DA:121,10
DA:122,10
DA:124,9
DA:127,9
DA:128,9
DA:130,9
DA:133,0
DA:134,0
DA:135,0
DA:136,0
DA:139,0
DA:140,0
DA:142,0
DA:156,10
DA:157,10
DA:161,9
DA:167,9
DA:170,13
DA:171,9
DA:173,9
DA:174,9
DA:176,9
DA:177,27
DA:178,27
DA:179,27
DA:180,27
DA:183,27
DA:184,27
DA:185,39
DA:186,12
DA:190,27
DA:191,8
DA:192,8
DA:193,6
DA:194,6
DA:202,9
DA:210,2
DA:211,2
DA:213,2
DA:216,2
DA:217,2
DA:219,2
DA:220,2
DA:222,2
LF:82
LH:68
BRDA:30,0,0,3
BRDA:30,0,1,2
BRDA:33,1,0,10
BRDA:33,1,1,3
BRDA:33,2,0,13
BRDA:33,2,1,13
BRDA:33,2,2,12
BRDA:35,3,0,1
BRDA:35,3,1,9
BRDA:35,4,0,10
BRDA:35,4,1,10
BRDA:53,5,0,0
BRDA:53,5,1,10
BRDA:64,6,0,6
BRDA:64,6,1,4
BRDA:75,7,0,3
BRDA:75,7,1,1
BRDA:75,8,0,4
BRDA:75,8,1,4
BRDA:85,9,0,2
BRDA:85,9,1,2
BRDA:90,10,0,0
BRDA:90,10,1,2
BRDA:90,11,0,2
BRDA:90,11,1,2
BRDA:122,12,0,1
BRDA:122,12,1,9
BRDA:122,13,0,10
BRDA:122,13,1,10
BRDA:130,14,0,9
BRDA:130,14,1,0
BRDA:130,15,0,9
BRDA:130,15,1,9
BRDA:134,16,0,0
BRDA:134,16,1,0
BRDA:135,17,0,0
BRDA:135,17,1,0
BRDA:136,18,0,0
BRDA:136,18,1,0
BRDA:140,19,0,0
BRDA:140,19,1,0
BRDA:157,20,0,1
BRDA:157,20,1,9
BRDA:157,21,0,10
BRDA:157,21,1,10
BRDA:167,22,0,0
BRDA:167,22,1,9
BRDA:171,23,0,0
BRDA:171,23,1,9
BRDA:177,24,0,27
BRDA:177,24,1,0
BRDA:178,25,0,27
BRDA:178,25,1,0
BRDA:179,26,0,27
BRDA:179,26,1,0
BRDA:185,27,0,12
BRDA:185,27,1,27
BRDA:190,28,0,8
BRDA:190,28,1,19
BRDA:192,29,0,6
BRDA:192,29,1,2
BRDA:211,30,0,0
BRDA:211,30,1,2
BRDA:211,31,0,2
BRDA:211,31,1,2
BRDA:217,32,0,0
BRDA:217,32,1,2
BRDA:220,33,0,0
BRDA:220,33,1,2
BRF:69
BRH:50
end_of_record
TN:
SF:src\wisdom\reference\mappers\listing-search-result.mapper.ts
FN:6,(anonymous_0)
FN:20,(anonymous_1)
FN:30,(anonymous_2)
FNF:3
FNH:1
FNDA:0,(anonymous_0)
FNDA:0,(anonymous_1)
FNDA:1,(anonymous_2)
DA:5,2
DA:7,0
DA:21,0
DA:31,1
LF:4
LH:2
BRDA:19,0,0,0
BRDA:19,0,1,0
BRDA:21,1,0,0
BRDA:21,1,1,0
BRDA:21,1,2,0
BRF:5
BRH:0
end_of_record
TN:
SF:src\wisdom\semantic\semantic-context.ts
FN:7,(anonymous_0)
FN:8,(anonymous_1)
FN:16,(anonymous_2)
FN:25,(anonymous_3)
FN:29,(anonymous_4)
FN:33,(anonymous_5)
FNF:6
FNH:2
FNDA:5,(anonymous_0)
FNDA:0,(anonymous_1)
FNDA:13,(anonymous_2)
FNDA:0,(anonymous_3)
FNDA:0,(anonymous_4)
FNDA:0,(anonymous_5)
DA:7,8
DA:8,3
DA:15,3
DA:17,13
DA:18,13
DA:19,13
DA:20,13
DA:21,13
DA:22,13
DA:26,0
DA:30,0
DA:34,0
LF:12
LH:9
BRDA:22,0,0,0
BRDA:26,1,0,0
BRDA:26,1,1,0
BRDA:30,2,0,0
BRDA:30,2,1,0
BRF:5
BRH:0
end_of_record
TN:
SF:src\wisdom\shared\enums\action.enum.ts
FN:3,(anonymous_0)
FNF:1
FNH:1
FNDA:2,(anonymous_0)
DA:3,2
DA:5,2
DA:6,2
DA:7,2
DA:8,2
DA:9,2
DA:10,2
DA:11,2
DA:12,2
DA:13,2
DA:16,2
DA:17,2
DA:18,2
DA:19,2
DA:20,2
DA:21,2
DA:22,2
DA:23,2
DA:24,2
DA:25,2
DA:28,2
DA:29,2
LF:22
LH:22
BRDA:3,0,0,2
BRDA:3,0,1,2
BRF:2
BRH:2
end_of_record
TN:
SF:src\wisdom\shared\enums\domain.enum.ts
FN:3,(anonymous_0)
FNF:1
FNH:1
FNDA:3,(anonymous_0)
DA:3,3
DA:4,3
DA:5,3
DA:6,3
DA:7,3
DA:8,3
DA:9,3
DA:10,3
LF:8
LH:8
BRDA:3,0,0,3
BRDA:3,0,1,3
BRF:2
BRH:2
end_of_record
TN:
SF:src\wisdom\shared\enums\entity-type.enum.ts
FN:3,(anonymous_0)
FNF:1
FNH:1
FNDA:3,(anonymous_0)
DA:3,3
DA:4,3
DA:5,3
DA:6,3
DA:7,3
DA:8,3
DA:9,3
DA:10,3
DA:11,3
DA:12,3
DA:13,3
DA:14,3
DA:15,3
DA:16,3
DA:17,3
DA:18,3
DA:19,3
DA:20,3
LF:18
LH:18
BRDA:3,0,0,3
BRDA:3,0,1,3
BRF:2
BRH:2
end_of_record
