TN:
SF:src\MQ\index.ts
FN:5,(anonymous_1)
FN:22,(anonymous_2)
FNF:2
FNH:0
FNDA:0,(anonymous_1)
FNDA:0,(anonymous_2)
DA:2,0
DA:5,0
DA:6,0
DA:7,0
DA:10,0
DA:12,0
DA:13,0
DA:16,0
DA:17,0
DA:22,0
DA:23,0
DA:24,0
DA:28,0
DA:29,0
DA:32,0
DA:33,0
DA:36,0
LF:17
LH:0
BRDA:32,0,0,0
BRDA:32,0,1,0
BRF:2
BRH:0
end_of_record
TN:
SF:src\MQ\validateMessage.ts
FN:1,validateMessage
FNF:1
FNH:0
FNDA:0,validateMessage
DA:1,0
DA:3,0
DA:4,0
DA:5,0
DA:6,0
DA:8,0
DA:10,0
LF:7
LH:0
BRDA:5,0,0,0
BRDA:5,0,1,0
BRF:2
BRH:0
end_of_record
TN:
SF:src\MQ\consumer\audit.consumer.ts
FN:13,(anonymous_4)
FN:23,(anonymous_5)
FNF:2
FNH:0
FNDA:0,(anonymous_4)
FNDA:0,(anonymous_5)
DA:3,0
DA:4,0
DA:7,0
DA:12,0
DA:15,0
DA:18,0
DA:20,0
DA:24,0
LF:8
LH:0
BRF:0
BRH:0
end_of_record
TN:
SF:src\MQ\consumer\bookingConsumer.ts
FN:25,(anonymous_1)
FN:43,(anonymous_2)
FN:99,(anonymous_3)
FN:118,(anonymous_4)
FN:136,(anonymous_5)
FN:147,(anonymous_6)
FN:165,(anonymous_7)
FN:176,(anonymous_8)
FN:191,(anonymous_9)
FN:195,(anonymous_10)
FNF:10
FNH:0
FNDA:0,(anonymous_1)
FNDA:0,(anonymous_2)
FNDA:0,(anonymous_3)
FNDA:0,(anonymous_4)
FNDA:0,(anonymous_5)
FNDA:0,(anonymous_6)
FNDA:0,(anonymous_7)
FNDA:0,(anonymous_8)
FNDA:0,(anonymous_9)
FNDA:0,(anonymous_10)
DA:5,0
DA:7,0
DA:8,0
DA:11,0
DA:23,0
DA:25,0
DA:26,0
DA:27,0
DA:29,0
DA:31,0
DA:35,0
DA:37,0
DA:38,0
DA:43,0
DA:44,0
DA:46,0
DA:47,0
DA:49,0
DA:51,0
DA:53,0
DA:56,0
DA:57,0
DA:58,0
DA:62,0
DA:63,0
DA:64,0
DA:68,0
DA:70,0
DA:79,0
DA:83,0
DA:86,0
DA:89,0
DA:91,0
DA:92,0
DA:99,0
DA:100,0
DA:102,0
DA:103,0
DA:106,0
DA:108,0
DA:118,0
DA:119,0
DA:126,0
DA:133,0
DA:136,0
DA:137,0
DA:144,0
DA:147,0
DA:148,0
DA:155,0
DA:162,0
DA:165,0
DA:166,0
DA:173,0
DA:176,0
DA:177,0
DA:184,0
DA:191,0
DA:192,0
DA:195,0
DA:196,0
DA:199,0
LF:62
LH:0
BRDA:44,0,0,0
BRDA:44,0,1,0
BRDA:51,1,0,0
BRDA:51,1,1,0
BRDA:53,2,0,0
BRDA:53,2,1,0
BRDA:53,2,2,0
BRDA:53,2,3,0
BRDA:53,2,4,0
BRDA:53,2,5,0
BRDA:102,3,0,0
BRDA:102,3,1,0
BRF:12
BRH:0
end_of_record
TN:
SF:src\MQ\consumer\payment.comsumer.ts
FN:48,(anonymous_1)
FN:68,(anonymous_2)
FN:128,(anonymous_3)
FN:147,(anonymous_4)
FN:165,(anonymous_5)
FN:176,(anonymous_6)
FN:194,(anonymous_7)
FN:205,(anonymous_8)
FN:220,(anonymous_9)
FN:224,(anonymous_10)
FN:233,handleBookingCreated
FNF:11
FNH:0
FNDA:0,(anonymous_1)
FNDA:0,(anonymous_2)
FNDA:0,(anonymous_3)
FNDA:0,(anonymous_4)
FNDA:0,(anonymous_5)
FNDA:0,(anonymous_6)
FNDA:0,(anonymous_7)
FNDA:0,(anonymous_8)
FNDA:0,(anonymous_9)
FNDA:0,(anonymous_10)
FNDA:0,handleBookingCreated
DA:7,0
DA:8,0
DA:9,0
DA:11,0
DA:12,0
DA:33,0
DA:46,0
DA:48,0
DA:49,0
DA:51,0
DA:53,0
DA:55,0
DA:59,0
DA:61,0
DA:62,0
DA:68,0
DA:70,0
DA:72,0
DA:74,0
DA:76,0
DA:78,0
DA:80,0
DA:85,0
DA:87,0
DA:91,0
DA:93,0
DA:97,0
DA:99,0
DA:103,0
DA:105,0
DA:109,0
DA:111,0
DA:115,0
DA:119,0
DA:121,0
DA:128,0
DA:129,0
DA:131,0
DA:132,0
DA:135,0
DA:137,0
DA:147,0
DA:148,0
DA:155,0
DA:162,0
DA:165,0
DA:166,0
DA:173,0
DA:176,0
DA:177,0
DA:184,0
DA:191,0
DA:194,0
DA:195,0
DA:202,0
DA:205,0
DA:206,0
DA:213,0
DA:220,0
DA:221,0
DA:224,0
DA:225,0
DA:228,0
DA:234,0
DA:235,0
DA:236,0
LF:66
LH:0
BRDA:70,0,0,0
BRDA:70,0,1,0
BRDA:78,1,0,0
BRDA:78,1,1,0
BRDA:80,2,0,0
BRDA:80,2,1,0
BRDA:80,2,2,0
BRDA:80,2,3,0
BRDA:80,2,4,0
BRDA:80,2,5,0
BRDA:131,3,0,0
BRDA:131,3,1,0
BRF:12
BRH:0
end_of_record
TN:
SF:src\core\account\application\adapter\booking.client.ts
FN:9,(anonymous_2)
FN:13,(anonymous_3)
FNF:2
FNH:0
FNDA:0,(anonymous_2)
FNDA:0,(anonymous_3)
DA:4,0
DA:5,0
DA:9,0
DA:11,0
DA:15,0
DA:37,0
DA:45,0
LF:7
LH:0
BRF:0
BRH:0
end_of_record
TN:
SF:src\core\account\application\adapter\listing.client.ts
FN:14,(anonymous_2)
FN:17,(anonymous_3)
FNF:2
FNH:0
FNDA:0,(anonymous_2)
FNDA:0,(anonymous_3)
DA:5,0
DA:6,0
DA:14,0
DA:15,0
DA:18,0
DA:26,0
DA:30,0
LF:7
LH:0
BRF:0
BRH:0
end_of_record
TN:
SF:src\core\account\application\usecase\get-admin-dashboard.usecase.ts
FN:10,(anonymous_4)
FN:19,(anonymous_5)
FNF:2
FNH:0
FNDA:0,(anonymous_4)
FNDA:0,(anonymous_5)
DA:2,0
DA:3,0
DA:4,0
DA:5,0
DA:6,0
DA:9,0
DA:11,0
DA:12,0
DA:13,0
DA:20,0
DA:25,0
LF:11
LH:0
BRF:0
BRH:0
end_of_record
TN:
SF:src\core\account\application\usecase\get-my-dashboard.usecase.ts
FN:10,(anonymous_4)
FN:16,(anonymous_5)
FNF:2
FNH:0
FNDA:0,(anonymous_4)
FNDA:0,(anonymous_5)
DA:2,0
DA:3,0
DA:4,0
DA:5,0
DA:6,0
DA:9,0
DA:11,0
DA:12,0
DA:13,0
DA:17,0
DA:23,0
LF:11
LH:0
BRF:0
BRH:0
end_of_record
TN:
SF:src\core\account\application\usecase\get-owner-dashboard.usecase.ts
FN:10,(anonymous_4)
FN:16,(anonymous_5)
FN:20,(anonymous_6)
FN:21,(anonymous_7)
FNF:4
FNH:0
FNDA:0,(anonymous_4)
FNDA:0,(anonymous_5)
FNDA:0,(anonymous_6)
FNDA:0,(anonymous_7)
DA:2,0
DA:3,0
DA:4,0
DA:5,0
DA:6,0
DA:9,0
DA:11,0
DA:12,0
DA:13,0
DA:17,0
DA:20,0
DA:21,0
DA:23,0
LF:13
LH:0
BRF:0
BRH:0
end_of_record
TN:
SF:src\core\account\domain\entity\value-objects\booking-context.vo.ts
FN:19,createBookingContext
FNF:1
FNH:0
FNDA:0,createBookingContext
DA:19,1
DA:20,0
DA:21,0
DA:22,0
DA:23,0
LF:5
LH:1
BRDA:20,0,0,0
BRDA:20,0,1,0
BRDA:21,1,0,0
BRDA:21,1,1,0
BRDA:22,2,0,0
BRDA:22,2,1,0
BRDA:27,3,0,0
BRDA:27,3,1,0
BRDA:28,4,0,0
BRDA:28,4,1,0
BRDA:29,5,0,0
BRDA:29,5,1,0
BRDA:30,6,0,0
BRDA:30,6,1,0
BRDA:31,7,0,0
BRDA:31,7,1,0
BRDA:32,8,0,0
BRDA:32,8,1,0
BRDA:33,9,0,0
BRDA:33,9,1,0
BRDA:34,10,0,0
BRDA:34,10,1,0
BRDA:35,11,0,0
BRDA:35,11,1,0
BRF:24
BRH:0
end_of_record
TN:
SF:src\core\account\domain\entity\value-objects\pricing-context.vo.ts
FN:23,createPricingContext
FNF:1
FNH:0
FNDA:0,createPricingContext
DA:23,0
DA:24,0
DA:25,0
LF:3
LH:0
BRDA:24,0,0,0
BRDA:24,0,1,0
BRDA:27,1,0,0
BRDA:27,1,1,0
BRDA:28,2,0,0
BRDA:28,2,1,0
BRDA:29,3,0,0
BRDA:29,3,1,0
BRDA:30,4,0,0
BRDA:30,4,1,0
BRDA:31,5,0,0
BRDA:31,5,1,0
BRF:12
BRH:0
end_of_record
TN:
SF:src\core\account\domain\entity\value-objects\rule-result.vo.ts
FN:9,rulePassed
FN:13,ruleFailed
FNF:2
FNH:0
FNDA:0,rulePassed
FNDA:0,ruleFailed
DA:9,1
DA:10,0
DA:13,1
DA:14,0
LF:4
LH:2
BRDA:10,0,0,0
BRDA:10,0,1,0
BRF:2
BRH:0
end_of_record
TN:
SF:src\core\account\domain\rules\booking-validation.rule.ts
FN:21,(anonymous_0)
FN:102,(anonymous_1)
FN:108,(anonymous_2)
FN:110,(anonymous_3)
FNF:4
FNH:0
FNDA:0,(anonymous_0)
FNDA:0,(anonymous_1)
FNDA:0,(anonymous_2)
FNDA:0,(anonymous_3)
DA:4,1
DA:6,1
DA:7,1
DA:26,0
DA:29,0
DA:30,0
DA:37,0
DA:41,0
DA:42,0
DA:49,0
DA:52,0
DA:53,0
DA:60,0
DA:64,0
DA:65,0
DA:69,0
DA:73,0
DA:74,0
DA:81,0
DA:85,0
DA:86,0
DA:93,0
DA:96,0
DA:107,0
DA:108,0
DA:109,0
DA:110,0
DA:111,0
LF:28
LH:3
BRDA:23,0,0,0
BRDA:24,1,0,0
BRDA:29,2,0,0
BRDA:29,2,1,0
BRDA:41,3,0,0
BRDA:41,3,1,0
BRDA:52,4,0,0
BRDA:52,4,1,0
BRDA:64,5,0,0
BRDA:64,5,1,0
BRDA:73,6,0,0
BRDA:73,6,1,0
BRDA:85,7,0,0
BRDA:85,7,1,0
BRDA:104,8,0,0
BRDA:105,9,0,0
BRDA:109,10,0,0
BRDA:109,10,1,0
BRF:18
BRH:0
end_of_record
TN:
SF:src\core\account\domain\rules\cancellation-policy.rule.ts
FN:16,(anonymous_0)
FNF:1
FNH:0
FNDA:0,(anonymous_0)
DA:4,1
DA:6,1
DA:7,1
DA:8,1
DA:18,0
DA:21,0
DA:22,0
DA:29,0
DA:30,0
DA:37,0
LF:10
LH:4
BRDA:16,0,0,0
BRDA:21,1,0,0
BRDA:21,1,1,0
BRDA:29,2,0,0
BRDA:29,2,1,0
BRF:5
BRH:0
end_of_record
TN:
SF:src\core\account\domain\rules\cleaning-fee.rule.ts
FN:23,(anonymous_0)
FNF:1
FNH:0
FNDA:0,(anonymous_0)
DA:4,1
DA:7,1
DA:8,1
DA:9,1
DA:10,1
DA:12,1
DA:13,1
DA:24,0
DA:25,0
DA:29,0
DA:30,0
DA:37,0
DA:40,0
DA:41,0
DA:44,0
DA:45,0
DA:49,0
DA:50,0
DA:56,0
LF:19
LH:7
BRDA:29,0,0,0
BRDA:29,0,1,0
BRDA:44,1,0,0
BRDA:44,1,1,0
BRDA:49,2,0,0
BRDA:49,2,1,0
BRDA:59,3,0,0
BRDA:59,3,1,0
BRDA:59,4,0,0
BRDA:59,4,1,0
BRF:10
BRH:0
end_of_record
TN:
SF:src\core\account\domain\rules\coupon.rule.ts
FN:31,(anonymous_0)
FNF:1
FNH:0
FNDA:0,(anonymous_0)
DA:22,1
DA:24,1
DA:25,1
DA:36,0
DA:37,0
DA:47,0
DA:48,0
DA:58,0
DA:59,0
DA:69,0
DA:70,0
DA:71,0
DA:81,0
DA:82,0
DA:92,0
DA:97,0
DA:107,0
DA:108,0
DA:109,0
DA:120,0
DA:121,0
DA:122,0
DA:124,0
DA:128,0
DA:131,0
DA:133,0
LF:26
LH:3
BRDA:36,0,0,0
BRDA:36,0,1,0
BRDA:36,1,0,0
BRDA:36,1,1,0
BRDA:47,2,0,0
BRDA:47,2,1,0
BRDA:58,3,0,0
BRDA:58,3,1,0
BRDA:70,4,0,0
BRDA:70,4,1,0
BRDA:70,5,0,0
BRDA:70,5,1,0
BRDA:81,6,0,0
BRDA:81,6,1,0
BRDA:92,7,0,0
BRDA:92,7,1,0
BRDA:93,8,0,0
BRDA:93,8,1,0
BRDA:93,8,2,0
BRDA:107,9,0,0
BRDA:107,9,1,0
BRDA:107,10,0,0
BRDA:107,10,1,0
BRDA:108,11,0,0
BRDA:108,11,1,0
BRDA:121,12,0,0
BRDA:121,12,1,0
BRDA:138,13,0,0
BRDA:138,13,1,0
BRF:29
BRH:0
end_of_record
TN:
SF:src\core\account\domain\rules\holiday-pricing.rule.ts
FN:29,isHoliday
FN:34,isWeekend
FN:46,(anonymous_2)
FNF:3
FNH:0
FNDA:0,isHoliday
FNDA:0,isWeekend
FNDA:0,(anonymous_2)
DA:6,1
DA:8,1
DA:30,0
DA:31,0
DA:35,0
DA:36,0
DA:39,1
DA:40,1
DA:53,0
DA:54,0
DA:58,0
DA:59,0
DA:62,0
DA:63,0
DA:64,0
DA:65,0
DA:67,0
DA:68,0
DA:69,0
DA:70,0
DA:72,0
DA:73,0
DA:74,0
DA:75,0
DA:76,0
DA:77,0
DA:80,0
DA:81,0
DA:89,0
LF:29
LH:4
BRDA:36,0,0,0
BRDA:36,0,1,0
BRDA:58,1,0,0
BRDA:58,1,1,0
BRDA:72,2,0,0
BRDA:72,2,1,0
BRDA:75,3,0,0
BRDA:75,3,1,0
BRF:8
BRH:0
end_of_record
TN:
SF:src\core\account\domain\rules\index.ts
FN:2,(anonymous_0)
FN:3,(anonymous_1)
FN:4,(anonymous_2)
FN:5,(anonymous_3)
FN:6,(anonymous_4)
FN:7,(anonymous_5)
FN:9,(anonymous_6)
FN:10,(anonymous_7)
FN:11,(anonymous_8)
FNF:9
FNH:0
FNDA:0,(anonymous_0)
FNDA:0,(anonymous_1)
FNDA:0,(anonymous_2)
FNDA:0,(anonymous_3)
FNDA:0,(anonymous_4)
FNDA:0,(anonymous_5)
FNDA:0,(anonymous_6)
FNDA:0,(anonymous_7)
FNDA:0,(anonymous_8)
DA:2,0
DA:3,0
DA:4,0
DA:5,0
DA:6,0
DA:7,0
DA:9,0
DA:10,0
DA:11,0
LF:9
LH:0
BRF:0
BRH:0
end_of_record
TN:
SF:src\core\account\domain\rules\multi-room-inventory.rule.ts
FN:18,(anonymous_0)
FNF:1
FNH:0
FNDA:0,(anonymous_0)
DA:4,1
DA:6,1
DA:8,1
DA:9,1
DA:21,0
DA:22,0
DA:23,0
DA:26,0
DA:27,0
DA:38,0
DA:39,0
DA:53,0
DA:54,0
DA:68,0
DA:69,0
DA:82,0
LF:16
LH:4
BRDA:21,0,0,0
BRDA:21,0,1,0
BRDA:26,1,0,0
BRDA:26,1,1,0
BRDA:38,2,0,0
BRDA:38,2,1,0
BRDA:53,3,0,0
BRDA:53,3,1,0
BRDA:68,4,0,0
BRDA:68,4,1,0
BRF:10
BRH:0
end_of_record
TN:
SF:src\core\account\domain\rules\occupancy-limit.rule.ts
FN:12,(anonymous_0)
FNF:1
FNH:0
FNDA:0,(anonymous_0)
DA:4,1
DA:6,1
DA:7,1
DA:13,0
DA:14,0
DA:20,0
DA:21,0
DA:27,0
DA:28,0
DA:34,0
LF:10
LH:3
BRDA:13,0,0,0
BRDA:13,0,1,0
BRDA:20,1,0,0
BRDA:20,1,1,0
BRDA:27,2,0,0
BRDA:27,2,1,0
BRF:6
BRH:0
end_of_record
TN:
SF:src\core\account\domain\rules\oversale-check.rule.ts
FN:16,(anonymous_0)
FNF:1
FNH:0
FNDA:0,(anonymous_0)
DA:4,1
DA:6,1
DA:7,1
DA:17,0
DA:18,0
DA:19,0
DA:21,0
DA:23,0
DA:24,0
DA:37,0
LF:10
LH:3
BRDA:17,0,0,0
BRDA:17,0,1,0
BRDA:23,1,0,0
BRDA:23,1,1,0
BRF:4
BRH:0
end_of_record
TN:
SF:src\core\account\domain\rules\refund.rule.ts
FN:19,(anonymous_0)
FNF:1
FNH:0
FNDA:0,(anonymous_0)
DA:7,1
DA:8,1
DA:9,1
DA:10,1
DA:12,1
DA:13,1
DA:21,0
DA:22,0
DA:30,0
DA:31,0
DA:32,0
DA:40,0
DA:45,0
DA:47,0
DA:48,0
DA:49,0
DA:51,0
DA:52,0
DA:53,0
DA:55,0
DA:56,0
DA:59,0
DA:60,0
DA:63,0
DA:66,0
DA:69,0
DA:71,0
LF:27
LH:6
BRDA:21,0,0,0
BRDA:21,0,1,0
BRDA:31,1,0,0
BRDA:31,1,1,0
BRDA:45,2,0,0
BRDA:45,2,1,0
BRDA:49,3,0,0
BRDA:49,3,1,0
BRDA:53,4,0,0
BRDA:53,4,1,0
BRF:10
BRH:0
end_of_record
TN:
SF:src\core\account\infra\booking.acl.ts
FN:23,(anonymous_4)
FN:26,(anonymous_5)
FN:34,(anonymous_6)
FN:36,(anonymous_7)
FN:55,(anonymous_8)
FNF:5
FNH:0
FNDA:0,(anonymous_4)
FNDA:0,(anonymous_5)
FNDA:0,(anonymous_6)
FNDA:0,(anonymous_7)
FNDA:0,(anonymous_8)
DA:2,0
DA:3,0
DA:4,0
DA:22,0
DA:24,0
DA:28,0
DA:35,0
DA:36,0
DA:56,0
LF:9
LH:0
BRDA:41,0,0,0
BRDA:41,0,1,0
BRDA:42,1,0,0
BRDA:42,1,1,0
BRDA:44,2,0,0
BRDA:44,2,1,0
BRDA:45,3,0,0
BRDA:45,3,1,0
BRDA:47,4,0,0
BRDA:47,4,1,0
BRF:10
BRH:0
end_of_record
TN:
SF:src\core\account\infra\listing.acl.ts
FN:17,(anonymous_4)
FN:25,(anonymous_5)
FN:40,(anonymous_6)
FNF:3
FNH:0
FNDA:0,(anonymous_4)
FNDA:0,(anonymous_5)
FNDA:0,(anonymous_6)
DA:2,0
DA:3,0
DA:4,0
DA:16,0
DA:19,0
DA:26,0
DA:27,0
DA:41,0
LF:8
LH:0
BRF:0
BRH:0
end_of_record
TN:
SF:src\core\account\infra\review.acl.ts
FN:18,(anonymous_4)
FN:21,(anonymous_5)
FN:29,(anonymous_6)
FN:31,(anonymous_7)
FNF:4
FNH:0
FNDA:0,(anonymous_4)
FNDA:0,(anonymous_5)
FNDA:0,(anonymous_6)
FNDA:0,(anonymous_7)
DA:2,0
DA:3,0
DA:4,0
DA:17,0
DA:19,0
DA:23,0
DA:30,0
DA:31,0
LF:8
LH:0
BRF:0
BRH:0
end_of_record
TN:
SF:src\core\account\infra\tenant.acl.ts
FN:7,(anonymous_1)
FNF:1
FNH:0
FNDA:0,(anonymous_1)
DA:1,0
DA:5,0
DA:11,0
LF:3
LH:0
BRF:0
BRH:0
end_of_record
TN:
SF:src\core\account\infra\gateways\booking.gateway.ts
FN:28,(anonymous_2)
FN:33,(anonymous_3)
FN:58,(anonymous_4)
FNF:3
FNH:0
FNDA:0,(anonymous_2)
FNDA:0,(anonymous_3)
FNDA:0,(anonymous_4)
DA:2,0
DA:3,0
DA:4,0
DA:27,0
DA:29,0
DA:34,0
DA:35,0
DA:36,0
DA:43,0
DA:59,0
DA:60,0
DA:64,0
DA:66,0
DA:67,0
DA:69,0
LF:15
LH:0
BRDA:35,0,0,0
BRDA:35,0,1,0
BRDA:58,1,0,0
BRDA:64,2,0,0
BRDA:64,2,1,0
BRDA:66,3,0,0
BRDA:66,3,1,0
BRF:7
BRH:0
end_of_record
TN:
SF:src\core\account\infra\gateways\listing.gateway.ts
FN:21,(anonymous_2)
FN:61,(anonymous_3)
FN:79,(anonymous_4)
FNF:3
FNH:0
FNDA:0,(anonymous_2)
FNDA:0,(anonymous_3)
FNDA:0,(anonymous_4)
DA:2,0
DA:3,0
DA:4,0
DA:18,0
DA:22,0
DA:23,0
DA:24,0
DA:31,0
DA:46,0
DA:62,0
DA:63,0
DA:67,0
DA:68,0
DA:70,0
DA:72,0
DA:73,0
DA:75,0
DA:80,0
DA:81,0
DA:85,0
DA:87,0
DA:88,0
DA:90,0
LF:23
LH:0
BRDA:23,0,0,0
BRDA:23,0,1,0
BRDA:61,1,0,0
BRDA:67,2,0,0
BRDA:67,2,1,0
BRDA:72,3,0,0
BRDA:72,3,1,0
BRDA:79,4,0,0
BRDA:85,5,0,0
BRDA:85,5,1,0
BRDA:87,6,0,0
BRDA:87,6,1,0
BRF:12
BRH:0
end_of_record
TN:
SF:src\core\account\infra\gateways\review.gateway.ts
FN:20,(anonymous_2)
FN:44,(anonymous_3)
FNF:2
FNH:0
FNDA:0,(anonymous_2)
FNDA:0,(anonymous_3)
DA:2,0
DA:3,0
DA:4,0
DA:17,0
DA:21,0
DA:22,0
DA:23,0
DA:30,0
DA:45,0
DA:46,0
DA:50,0
DA:52,0
DA:53,0
DA:55,0
LF:14
LH:0
BRDA:22,0,0,0
BRDA:22,0,1,0
BRDA:44,1,0,0
BRDA:50,2,0,0
BRDA:50,2,1,0
BRDA:52,3,0,0
BRDA:52,3,1,0
BRF:7
BRH:0
end_of_record
TN:
SF:src\core\admin\application\acl\admin.auditACL.ts
FN:58,toResourceId
FN:63,toAdminView
FN:88,toAuditFilter
FN:105,(anonymous_7)
FN:112,(anonymous_8)
FN:144,(anonymous_9)
FN:153,(anonymous_10)
FN:160,(anonymous_11)
FNF:8
FNH:8
FNDA:1,toResourceId
FNDA:2,toAdminView
FNDA:2,toAuditFilter
FNDA:4,(anonymous_7)
FNDA:1,(anonymous_8)
FNDA:1,(anonymous_9)
FNDA:1,(anonymous_10)
FNDA:1,(anonymous_11)
DA:3,1
DA:4,1
DA:5,1
DA:55,1
DA:56,1
DA:59,1
DA:60,0
DA:64,2
DA:65,2
DA:67,2
DA:72,2
DA:91,2
DA:92,2
DA:93,2
DA:94,2
DA:95,2
DA:96,2
DA:97,2
DA:98,2
DA:99,2
DA:100,2
DA:104,1
DA:107,4
DA:109,4
DA:113,1
DA:114,1
DA:131,1
DA:132,1
DA:148,1
DA:149,1
DA:150,1
DA:156,1
DA:157,1
DA:163,1
DA:164,1
LF:35
LH:34
BRDA:59,0,0,1
BRDA:59,0,1,0
BRDA:67,1,0,2
BRDA:67,1,1,0
BRDA:67,2,0,2
BRDA:67,2,1,2
BRDA:67,2,2,2
BRDA:74,3,0,2
BRDA:74,3,1,0
BRDA:77,4,0,2
BRDA:77,4,1,0
BRDA:78,5,0,0
BRDA:78,5,1,0
BRDA:92,6,0,0
BRDA:92,6,1,2
BRDA:93,7,0,2
BRDA:93,7,1,0
BRDA:94,8,0,1
BRDA:94,8,1,1
BRDA:95,9,0,0
BRDA:95,9,1,2
BRDA:96,10,0,0
BRDA:96,10,1,2
BRDA:97,11,0,0
BRDA:97,11,1,2
BRDA:98,12,0,0
BRDA:98,12,1,2
BRDA:99,13,0,0
BRDA:99,13,1,2
BRDA:113,14,0,1
BRDA:113,14,1,1
BRDA:116,15,0,1
BRDA:116,15,1,1
BRDA:122,16,0,1
BRDA:122,16,1,1
BRDA:123,17,0,1
BRDA:123,17,1,1
BRDA:124,18,0,1
BRDA:124,18,1,1
BRDA:140,19,0,1
BRDA:140,19,1,1
BRDA:145,20,0,0
BRDA:161,21,0,0
BRF:43
BRH:28
end_of_record
TN:
SF:src\core\admin\application\usecase\auditAction.logger.ts
FN:10,(anonymous_4)
FN:15,(anonymous_5)
FNF:2
FNH:0
FNDA:0,(anonymous_4)
FNDA:0,(anonymous_5)
DA:3,0
DA:5,0
DA:6,0
DA:9,0
DA:12,0
DA:16,0
DA:18,0
DA:23,0
DA:27,0
DA:28,0
DA:30,0
DA:40,0
LF:12
LH:0
BRDA:18,0,0,0
BRDA:18,0,1,0
BRDA:18,0,2,0
BRDA:23,1,0,0
BRDA:23,1,1,0
BRDA:23,1,2,0
BRDA:27,2,0,0
BRDA:27,2,1,0
BRDA:27,3,0,0
BRDA:27,3,1,0
BRF:10
BRH:0
end_of_record
TN:
SF:src\core\admin\application\usecase\createAdminUser.usecase.ts
FN:17,(anonymous_4)
FN:22,(anonymous_5)
FNF:2
FNH:0
FNDA:0,(anonymous_4)
FNDA:0,(anonymous_5)
DA:3,0
DA:4,0
DA:6,0
DA:16,0
DA:19,0
DA:23,0
DA:24,0
DA:26,0
DA:39,0
LF:9
LH:0
BRDA:30,0,0,0
BRDA:30,0,1,0
BRF:2
BRH:0
end_of_record
TN:
SF:src\core\admin\application\usecase\createNotification.usecase.ts
FN:20,(anonymous_4)
FN:25,(anonymous_5)
FNF:2
FNH:2
FNDA:3,(anonymous_4)
FNDA:3,(anonymous_5)
DA:3,1
DA:4,1
DA:5,1
DA:7,1
DA:19,1
DA:22,3
DA:26,3
DA:38,3
LF:8
LH:8
BRF:0
BRH:0
end_of_record
TN:
SF:src\core\admin\application\usecase\deleteAdmin.usecase.ts
FN:6,(anonymous_4)
FN:11,(anonymous_5)
FNF:2
FNH:2
FNDA:4,(anonymous_4)
FNDA:4,(anonymous_5)
DA:1,1
DA:2,1
DA:5,1
DA:8,4
DA:12,4
LF:5
LH:5
BRF:0
BRH:0
end_of_record
TN:
SF:src\core\admin\application\usecase\deleteNotification.usecase.ts
FN:9,(anonymous_4)
FN:14,(anonymous_5)
FNF:2
FNH:0
FNDA:0,(anonymous_4)
FNDA:0,(anonymous_5)
DA:3,0
DA:5,0
DA:8,0
DA:11,0
DA:15,0
LF:5
LH:0
BRF:0
BRH:0
end_of_record
TN:
SF:src\core\admin\application\usecase\deleteSystemSetting.usecase.ts
FN:9,(anonymous_4)
FN:14,(anonymous_5)
FNF:2
FNH:0
FNDA:0,(anonymous_4)
FNDA:0,(anonymous_5)
DA:3,0
DA:5,0
DA:8,0
DA:11,0
DA:15,0
LF:5
LH:0
BRF:0
BRH:0
end_of_record
TN:
SF:src\core\admin\application\usecase\deleteUser.usecase.ts
FN:10,(anonymous_4)
FN:15,(anonymous_5)
FNF:2
FNH:2
FNDA:5,(anonymous_4)
FNDA:5,(anonymous_5)
DA:3,1
DA:5,1
DA:6,1
DA:9,1
DA:12,5
DA:17,5
DA:19,5
DA:20,1
DA:24,4
DA:25,1
DA:29,3
DA:31,2
DA:32,2
DA:33,1
DA:39,2
LF:15
LH:15
BRDA:19,0,0,1
BRDA:19,0,1,4
BRDA:24,1,0,1
BRDA:24,1,1,3
BRDA:29,2,0,2
BRDA:29,2,1,1
BRDA:32,3,0,1
BRDA:32,3,1,1
BRF:8
BRH:8
end_of_record
TN:
SF:src\core\admin\application\usecase\demoteAdminToUser.usecase.ts
FN:6,(anonymous_4)
FN:11,(anonymous_5)
FNF:2
FNH:2
FNDA:4,(anonymous_4)
FNDA:4,(anonymous_5)
DA:1,1
DA:2,1
DA:5,1
DA:8,4
DA:12,4
LF:5
LH:5
BRF:0
BRH:0
end_of_record
TN:
SF:src\core\admin\application\usecase\getAdminById.usecase.ts
FN:7,(anonymous_4)
FN:12,(anonymous_5)
FNF:2
FNH:2
FNDA:4,(anonymous_4)
FNDA:4,(anonymous_5)
DA:1,1
DA:2,1
DA:6,1
DA:9,4
DA:13,4
LF:5
LH:5
BRF:0
BRH:0
end_of_record
TN:
SF:src\core\admin\application\usecase\getAllAdmins.usecase.ts
FN:9,(anonymous_4)
FN:14,(anonymous_5)
FN:18,(anonymous_6)
FNF:3
FNH:3
FNDA:4,(anonymous_4)
FNDA:4,(anonymous_5)
FNDA:3,(anonymous_6)
DA:1,1
DA:2,1
DA:5,1
DA:8,1
DA:11,4
DA:15,4
DA:16,4
DA:17,3
DA:18,3
LF:9
LH:9
BRF:0
BRH:0
end_of_record
TN:
SF:src\core\admin\application\usecase\getDashboardStats.usecase.ts
FN:13,(anonymous_4)
FN:20,(anonymous_5)
FN:30,(anonymous_6)
FN:33,(anonymous_7)
FN:36,(anonymous_8)
FN:49,(anonymous_9)
FN:62,(anonymous_10)
FN:71,(anonymous_11)
FN:72,(anonymous_12)
FN:77,(anonymous_13)
FN:80,(anonymous_14)
FN:82,(anonymous_15)
FN:87,(anonymous_16)
FN:88,(anonymous_17)
FN:92,(anonymous_18)
FNF:15
FNH:0
FNDA:0,(anonymous_4)
FNDA:0,(anonymous_5)
FNDA:0,(anonymous_6)
FNDA:0,(anonymous_7)
FNDA:0,(anonymous_8)
FNDA:0,(anonymous_9)
FNDA:0,(anonymous_10)
FNDA:0,(anonymous_11)
FNDA:0,(anonymous_12)
FNDA:0,(anonymous_13)
FNDA:0,(anonymous_14)
FNDA:0,(anonymous_15)
FNDA:0,(anonymous_16)
FNDA:0,(anonymous_17)
FNDA:0,(anonymous_18)
DA:3,0
DA:5,0
DA:6,0
DA:12,0
DA:15,0
DA:17,0
DA:21,0
DA:22,0
DA:24,0
DA:25,0
DA:26,0
DA:27,0
DA:28,0
DA:30,0
DA:32,0
DA:33,0
DA:36,0
DA:50,0
DA:63,0
DA:65,0
DA:66,0
DA:67,0
DA:70,0
DA:71,0
DA:73,0
DA:74,0
DA:77,0
DA:81,0
DA:82,0
DA:83,0
DA:86,0
DA:87,0
DA:88,0
DA:93,0
DA:94,0
DA:95,0
DA:96,0
DA:97,0
DA:98,0
LF:39
LH:0
BRDA:33,0,0,0
BRDA:33,0,1,0
BRDA:71,1,0,0
BRDA:71,1,1,0
BRDA:74,2,0,0
BRDA:74,2,1,0
BRDA:83,3,0,0
BRDA:83,3,1,0
BRDA:96,4,0,0
BRDA:96,4,1,0
BRDA:97,5,0,0
BRDA:97,5,1,0
BRF:12
BRH:0
end_of_record
TN:
SF:src\core\admin\application\usecase\getNotifications.usecase.ts
FN:9,(anonymous_4)
FN:14,(anonymous_5)
FN:19,(anonymous_6)
FNF:3
FNH:3
FNDA:3,(anonymous_4)
FNDA:3,(anonymous_5)
FNDA:2,(anonymous_6)
DA:3,1
DA:5,1
DA:8,1
DA:11,3
DA:15,3
DA:16,3
DA:18,3
DA:19,2
LF:8
LH:8
BRDA:14,0,0,2
BRF:1
BRH:1
end_of_record
TN:
SF:src\core\admin\application\usecase\getSystemSettings.usecase.ts
FN:9,(anonymous_4)
FN:14,(anonymous_5)
FN:19,(anonymous_6)
FNF:3
FNH:3
FNDA:3,(anonymous_4)
FNDA:3,(anonymous_5)
FNDA:2,(anonymous_6)
DA:3,1
DA:5,1
DA:8,1
DA:11,3
DA:15,3
DA:19,3
LF:6
LH:6
BRDA:15,0,0,1
BRDA:15,0,1,2
BRF:2
BRH:2
end_of_record
TN:
SF:src\core\admin\application\usecase\getUserById.usecase.ts
FN:9,(anonymous_4)
FN:14,(anonymous_5)
FNF:2
FNH:2
FNDA:2,(anonymous_4)
FNDA:2,(anonymous_5)
DA:3,1
DA:5,1
DA:8,1
DA:11,2
DA:15,2
DA:16,2
DA:18,1
LF:7
LH:7
BRDA:16,0,0,1
BRDA:16,0,1,1
BRF:2
BRH:2
end_of_record
TN:
SF:src\core\admin\application\usecase\listAdmins.usecase.ts
FN:7,(anonymous_4)
FN:12,(anonymous_5)
FNF:2
FNH:2
FNDA:4,(anonymous_4)
FNDA:4,(anonymous_5)
DA:1,1
DA:2,1
DA:6,1
DA:9,4
DA:13,4
LF:5
LH:5
BRF:0
BRH:0
end_of_record
TN:
SF:src\core\admin\application\usecase\markNotificationRead.usecase.ts
FN:9,(anonymous_4)
FN:14,(anonymous_5)
FN:18,(anonymous_6)
FNF:3
FNH:3
FNDA:4,(anonymous_4)
FNDA:2,(anonymous_5)
FNDA:2,(anonymous_6)
DA:3,1
DA:5,1
DA:8,1
DA:11,4
DA:15,2
DA:19,2
LF:6
LH:6
BRF:0
BRH:0
end_of_record
TN:
SF:src\core\admin\application\usecase\promoteUserToAdmin.usecase.ts
FN:13,(anonymous_4)
FN:20,(anonymous_5)
FNF:2
FNH:2
FNDA:3,(anonymous_4)
FNDA:3,(anonymous_5)
DA:3,1
DA:4,1
DA:7,1
DA:8,1
DA:9,1
DA:12,1
DA:15,3
DA:17,3
DA:21,3
DA:22,2
DA:23,1
DA:25,1
DA:26,1
DA:27,1
LF:14
LH:14
BRDA:22,0,0,1
BRDA:22,0,1,1
BRF:2
BRH:2
end_of_record
TN:
SF:src\core\admin\application\usecase\updateAdmin.usecase.ts
FN:7,(anonymous_4)
FN:12,(anonymous_5)
FNF:2
FNH:2
FNDA:4,(anonymous_4)
FNDA:4,(anonymous_5)
DA:1,1
DA:2,1
DA:6,1
DA:9,4
DA:13,4
LF:5
LH:5
BRF:0
BRH:0
end_of_record
TN:
SF:src\core\admin\application\usecase\updateAdminAccount.usecase.ts
FN:14,(anonymous_4)
FN:19,(anonymous_5)
FNF:2
FNH:0
FNDA:0,(anonymous_4)
FNDA:0,(anonymous_5)
DA:3,0
DA:5,0
DA:13,0
DA:16,0
DA:20,0
DA:21,0
DA:23,0
DA:24,0
DA:26,0
DA:28,0
LF:10
LH:0
BRDA:21,0,0,0
BRDA:21,0,1,0
BRDA:23,1,0,0
BRDA:23,1,1,0
BRDA:24,2,0,0
BRDA:24,2,1,0
BRF:6
BRH:0
end_of_record
TN:
SF:src\core\admin\application\usecase\updateAdminUser.usecase.ts
FN:16,(anonymous_4)
FN:21,(anonymous_5)
FNF:2
FNH:2
FNDA:6,(anonymous_4)
FNDA:6,(anonymous_5)
DA:3,1
DA:5,1
DA:15,1
DA:18,6
DA:22,6
DA:23,6
DA:25,5
DA:26,5
DA:27,5
DA:28,5
DA:29,2
DA:32,5
DA:33,5
LF:13
LH:13
BRDA:23,0,0,1
BRDA:23,0,1,5
BRDA:25,1,0,2
BRDA:25,1,1,3
BRDA:26,2,0,1
BRDA:26,2,1,4
BRDA:27,3,0,0
BRDA:27,3,1,5
BRDA:28,4,0,2
BRDA:28,4,1,3
BRDA:29,5,0,1
BRDA:29,5,1,1
BRF:12
BRH:11
end_of_record
TN:
SF:src\core\admin\application\usecase\updateSystemSetting.usecase.ts
FN:17,(anonymous_4)
FN:22,(anonymous_5)
FNF:2
FNH:2
FNDA:4,(anonymous_4)
FNDA:4,(anonymous_5)
DA:3,1
DA:5,1
DA:16,1
DA:19,4
DA:23,4
DA:31,4
LF:6
LH:6
BRDA:26,0,0,4
BRDA:26,0,1,3
BRF:2
BRH:2
end_of_record
TN:
SF:src\core\admin\domain\entities\adminRole.ts
FN:4,(anonymous_0)
FN:5,(anonymous_1)
FNF:2
FNH:0
FNDA:0,(anonymous_0)
FNDA:0,(anonymous_1)
DA:4,0
DA:5,0
LF:2
LH:0
BRF:0
BRH:0
end_of_record
TN:
SF:src\core\admin\domain\entities\adminUser.ts
FN:21,(anonymous_0)
FN:26,(anonymous_1)
FN:38,(anonymous_2)
FN:39,(anonymous_3)
FN:40,(anonymous_4)
FN:41,(anonymous_5)
FN:42,(anonymous_6)
FN:43,(anonymous_7)
FN:44,(anonymous_8)
FN:45,(anonymous_9)
FN:46,(anonymous_10)
FN:47,(anonymous_11)
FN:49,(anonymous_12)
FN:54,(anonymous_13)
FN:59,(anonymous_14)
FN:64,(anonymous_15)
FN:69,(anonymous_16)
FN:74,(anonymous_17)
FN:77,(anonymous_18)
FN:91,(anonymous_19)
FNF:20
FNH:18
FNDA:0,(anonymous_0)
FNDA:25,(anonymous_1)
FNDA:6,(anonymous_2)
FNDA:6,(anonymous_3)
FNDA:9,(anonymous_4)
FNDA:7,(anonymous_5)
FNDA:7,(anonymous_6)
FNDA:8,(anonymous_7)
FNDA:3,(anonymous_8)
FNDA:8,(anonymous_9)
FNDA:5,(anonymous_10)
FNDA:7,(anonymous_11)
FNDA:3,(anonymous_12)
FNDA:2,(anonymous_13)
FNDA:2,(anonymous_14)
FNDA:2,(anonymous_15)
FNDA:1,(anonymous_16)
FNDA:10,(anonymous_17)
FNDA:0,(anonymous_18)
FNDA:25,(anonymous_19)
DA:5,3
DA:20,3
DA:22,0
DA:27,25
DA:35,25
DA:38,6
DA:39,6
DA:40,9
DA:41,7
DA:42,7
DA:43,8
DA:44,3
DA:45,8
DA:46,5
DA:47,7
DA:50,3
DA:51,3
DA:55,2
DA:56,2
DA:60,2
DA:61,2
DA:65,2
DA:66,2
DA:70,1
DA:71,1
DA:75,10
DA:78,0
DA:92,25
DA:93,24
DA:94,23
DA:95,22
DA:96,21
DA:97,20
DA:98,20
DA:99,19
DA:101,18
DA:102,18
LF:37
LH:35
BRDA:31,0,0,25
BRDA:31,0,1,2
BRDA:92,1,0,1
BRDA:92,1,1,24
BRDA:93,2,0,1
BRDA:93,2,1,23
BRDA:94,3,0,1
BRDA:94,3,1,22
BRDA:95,4,0,1
BRDA:95,4,1,21
BRDA:96,5,0,1
BRDA:96,5,1,20
BRDA:97,6,0,0
BRDA:97,6,1,20
BRDA:98,7,0,1
BRDA:98,7,1,19
BRDA:99,8,0,1
BRDA:99,8,1,18
BRDA:101,9,0,0
BRDA:101,9,1,18
BRDA:102,10,0,0
BRDA:102,10,1,18
BRF:22
BRH:19
end_of_record
TN:
SF:src\core\admin\domain\entities\notification.ts
FN:18,(anonymous_0)
FN:22,(anonymous_1)
FN:23,(anonymous_2)
FN:24,(anonymous_3)
FN:25,(anonymous_4)
FN:26,(anonymous_5)
FN:27,(anonymous_6)
FN:28,(anonymous_7)
FN:29,(anonymous_8)
FN:30,(anonymous_9)
FN:32,(anonymous_10)
FN:36,(anonymous_11)
FNF:12
FNH:12
FNDA:11,(anonymous_0)
FNDA:1,(anonymous_1)
FNDA:1,(anonymous_2)
FNDA:5,(anonymous_3)
FNDA:1,(anonymous_4)
FNDA:1,(anonymous_5)
FNDA:2,(anonymous_6)
FNDA:2,(anonymous_7)
FNDA:5,(anonymous_8)
FNDA:1,(anonymous_9)
FNDA:1,(anonymous_10)
FNDA:1,(anonymous_11)
DA:15,2
DA:19,11
DA:22,1
DA:23,1
DA:24,5
DA:25,1
DA:26,1
DA:27,2
DA:28,2
DA:29,5
DA:30,1
DA:33,1
DA:37,1
LF:13
LH:13
BRF:0
BRH:0
end_of_record
TN:
SF:src\core\admin\domain\entities\systemSettings.ts
FN:17,(anonymous_0)
FN:21,(anonymous_1)
FN:22,(anonymous_2)
FN:23,(anonymous_3)
FN:24,(anonymous_4)
FN:25,(anonymous_5)
FN:26,(anonymous_6)
FN:27,(anonymous_7)
FN:28,(anonymous_8)
FN:30,(anonymous_9)
FNF:10
FNH:10
FNDA:4,(anonymous_0)
FNDA:1,(anonymous_1)
FNDA:1,(anonymous_2)
FNDA:3,(anonymous_3)
FNDA:1,(anonymous_4)
FNDA:2,(anonymous_5)
FNDA:4,(anonymous_6)
FNDA:2,(anonymous_7)
FNDA:1,(anonymous_8)
FNDA:2,(anonymous_9)
DA:14,1
DA:18,4
DA:21,1
DA:22,1
DA:23,3
DA:24,1
DA:25,2
DA:26,4
DA:27,2
DA:28,1
DA:31,2
DA:32,2
DA:33,2
LF:13
LH:13
BRF:0
BRH:0
end_of_record
TN:
SF:src\core\admin\domain\value-objects\email.ts
FN:6,(anonymous_0)
FN:13,(anonymous_1)
FN:17,(anonymous_2)
FNF:3
FNH:3
FNDA:36,(anonymous_0)
FNDA:28,(anonymous_1)
FNDA:33,(anonymous_2)
DA:3,4
DA:7,36
DA:8,7
DA:10,29
DA:14,28
DA:18,33
LF:6
LH:6
BRDA:7,0,0,7
BRDA:7,0,1,29
BRDA:7,1,0,36
BRDA:7,1,1,33
BRF:4
BRH:4
end_of_record
TN:
SF:src\core\admin\infrastructure\mappers\adminUser.mapper.ts
FN:7,(anonymous_0)
FN:22,(anonymous_1)
FNF:2
FNH:1
FNDA:3,(anonymous_0)
FNDA:0,(anonymous_1)
DA:3,1
DA:4,1
DA:6,1
DA:8,3
DA:23,0
LF:5
LH:4
BRF:0
BRH:0
end_of_record
TN:
SF:src\core\admin\infrastructure\mappers\notification.mapper.ts
FN:6,(anonymous_0)
FN:20,(anonymous_1)
FNF:2
FNH:0
FNDA:0,(anonymous_0)
FNDA:0,(anonymous_1)
DA:3,0
DA:5,0
DA:7,0
DA:21,0
LF:4
LH:0
BRF:0
BRH:0
end_of_record
TN:
SF:src\core\admin\infrastructure\mappers\systemSettings.mapper.ts
FN:6,(anonymous_0)
FN:19,(anonymous_1)
FNF:2
FNH:0
FNDA:0,(anonymous_0)
FNDA:0,(anonymous_1)
DA:3,0
DA:5,0
DA:7,0
DA:20,0
LF:4
LH:0
BRF:0
BRH:0
end_of_record
TN:
SF:src\core\admin\infrastructure\models\adminUser.model.ts
FN:8,(anonymous_0)
FNF:1
FNH:0
FNDA:0,(anonymous_0)
DA:3,0
DA:4,0
DA:5,0
DA:9,0
DA:13,0
DA:68,0
LF:6
LH:0
BRF:0
BRH:0
end_of_record
TN:
SF:src\core\admin\infrastructure\models\notification.model.ts
FNF:0
FNH:0
DA:3,0
DA:4,0
DA:5,0
DA:9,0
DA:57,0
LF:5
LH:0
BRF:0
BRH:0
end_of_record
TN:
SF:src\core\admin\infrastructure\models\systemSettings.model.ts
FNF:0
FNH:0
DA:3,0
DA:4,0
DA:5,0
DA:9,0
DA:55,0
LF:5
LH:0
BRF:0
BRH:0
end_of_record
TN:
SF:src\core\admin\infrastructure\persistence\adminRole.repository.ts
FN:14,(anonymous_4)
FN:20,(anonymous_5)
FN:23,(anonymous_6)
FN:29,(anonymous_7)
FN:35,(anonymous_8)
FN:39,(anonymous_9)
FN:42,(anonymous_10)
FN:55,(anonymous_11)
FN:60,(anonymous_12)
FN:66,(anonymous_13)
FNF:10
FNH:0
FNDA:0,(anonymous_4)
FNDA:0,(anonymous_5)
FNDA:0,(anonymous_6)
FNDA:0,(anonymous_7)
FNDA:0,(anonymous_8)
FNDA:0,(anonymous_9)
FNDA:0,(anonymous_10)
FNDA:0,(anonymous_11)
FNDA:0,(anonymous_12)
FNDA:0,(anonymous_13)
DA:3,0
DA:4,0
DA:5,0
DA:9,0
DA:13,0
DA:16,0
DA:21,0
DA:24,0
DA:30,0
DA:31,0
DA:32,0
DA:36,0
DA:37,0
DA:38,0
DA:39,0
DA:45,0
DA:46,0
DA:47,0
DA:49,0
DA:50,0
DA:52,0
DA:56,0
DA:57,0
DA:61,0
DA:62,0
DA:63,0
DA:67,0
DA:68,0
LF:28
LH:0
BRDA:46,0,0,0
BRDA:46,0,1,0
BRDA:57,1,0,0
BRDA:57,1,1,0
BRF:4
BRH:0
end_of_record
TN:
SF:src\core\admin\infrastructure\persistence\notification.repository.ts
FN:12,(anonymous_4)
FN:17,(anonymous_5)
FN:23,(anonymous_6)
FN:29,(anonymous_7)
FN:32,(anonymous_8)
FN:38,(anonymous_9)
FN:46,(anonymous_10)
FN:54,(anonymous_11)
FNF:8
FNH:0
FNDA:0,(anonymous_4)
FNDA:0,(anonymous_5)
FNDA:0,(anonymous_6)
FNDA:0,(anonymous_7)
FNDA:0,(anonymous_8)
FNDA:0,(anonymous_9)
FNDA:0,(anonymous_10)
FNDA:0,(anonymous_11)
DA:3,0
DA:4,0
DA:5,0
DA:11,0
DA:14,0
DA:18,0
DA:19,0
DA:20,0
DA:24,0
DA:29,0
DA:33,0
DA:39,0
DA:43,0
DA:47,0
DA:51,0
DA:55,0
DA:56,0
LF:17
LH:0
BRDA:23,0,0,0
BRF:1
BRH:0
end_of_record
TN:
SF:src\core\admin\infrastructure\persistence\systemSettings.repository.ts
FN:13,(anonymous_4)
FN:18,(anonymous_5)
FN:20,(anonymous_6)
FN:23,(anonymous_7)
FN:28,(anonymous_8)
FN:31,(anonymous_9)
FN:36,(anonymous_10)
FN:59,(anonymous_11)
FNF:8
FNH:0
FNDA:0,(anonymous_4)
FNDA:0,(anonymous_5)
FNDA:0,(anonymous_6)
FNDA:0,(anonymous_7)
FNDA:0,(anonymous_8)
FNDA:0,(anonymous_9)
FNDA:0,(anonymous_10)
FNDA:0,(anonymous_11)
DA:3,0
DA:4,0
DA:5,0
DA:6,0
DA:12,0
DA:15,0
DA:19,0
DA:20,0
DA:24,0
DA:28,0
DA:32,0
DA:33,0
DA:37,0
DA:39,0
DA:40,0
DA:44,0
DA:45,0
DA:48,0
DA:56,0
DA:60,0
DA:61,0
LF:21
LH:0
BRDA:33,0,0,0
BRDA:33,0,1,0
BRDA:39,1,0,0
BRDA:39,1,1,0
BRF:4
BRH:0
end_of_record
TN:
SF:src\core\amenity\application\useCase\createAmenityUseCase.ts
FN:16,(anonymous_4)
FN:21,(anonymous_5)
FNF:2
FNH:0
FNDA:0,(anonymous_4)
FNDA:0,(anonymous_5)
DA:3,0
DA:4,0
DA:6,0
DA:15,0
DA:18,0
DA:22,0
DA:28,0
DA:30,0
LF:8
LH:0
BRF:0
BRH:0
end_of_record
TN:
SF:src\core\amenity\application\useCase\getAmenitiesByIdsUseCase.ts
FN:9,(anonymous_4)
FN:14,(anonymous_5)
FNF:2
FNH:0
FNDA:0,(anonymous_4)
FNDA:0,(anonymous_5)
DA:3,0
DA:4,0
DA:8,0
DA:11,0
DA:15,0
LF:5
LH:0
BRF:0
BRH:0
end_of_record
TN:
SF:src\core\amenity\application\useCase\getAmenitiesUseCase.ts
FN:11,(anonymous_4)
FN:16,(anonymous_5)
FNF:2
FNH:0
FNDA:0,(anonymous_4)
FNDA:0,(anonymous_5)
DA:3,0
DA:4,0
DA:10,0
DA:13,0
DA:17,0
DA:18,0
LF:6
LH:0
BRF:0
BRH:0
end_of_record
TN:
SF:src\core\amenity\domain\entities\amenity.ts
FN:16,(anonymous_0)
FN:22,(anonymous_1)
FN:26,(anonymous_2)
FN:30,(anonymous_3)
FN:35,(anonymous_4)
FN:42,(anonymous_5)
FN:50,(anonymous_6)
FNF:7
FNH:0
FNDA:0,(anonymous_0)
FNDA:0,(anonymous_1)
FNDA:0,(anonymous_2)
FNDA:0,(anonymous_3)
FNDA:0,(anonymous_4)
FNDA:0,(anonymous_5)
FNDA:0,(anonymous_6)
DA:5,0
DA:13,0
DA:17,0
DA:18,0
DA:23,0
DA:27,0
DA:31,0
DA:36,0
DA:37,0
DA:39,0
DA:43,0
DA:44,0
DA:46,0
DA:51,0
DA:52,0
DA:55,0
DA:56,0
DA:59,0
DA:60,0
LF:19
LH:0
BRDA:36,0,0,0
BRDA:36,0,1,0
BRDA:36,1,0,0
BRDA:36,1,1,0
BRDA:43,2,0,0
BRDA:43,2,1,0
BRDA:51,3,0,0
BRDA:51,3,1,0
BRDA:55,4,0,0
BRDA:55,4,1,0
BRDA:55,5,0,0
BRDA:55,5,1,0
BRDA:59,6,0,0
BRDA:59,6,1,0
BRF:14
BRH:0
end_of_record
TN:
SF:src\core\amenity\domain\factories\amenityFactory.ts
FN:14,(anonymous_0)
FNF:1
FNH:0
FNDA:0,(anonymous_0)
DA:4,0
DA:5,0
DA:13,0
DA:15,0
LF:4
LH:0
BRF:0
BRH:0
end_of_record
TN:
SF:src\core\amenity\domain\value-objects\amenityCategory.ts
FN:3,(anonymous_0)
FN:11,isValidAmenityCategory
FNF:2
FNH:0
FNDA:0,(anonymous_0)
FNDA:0,isValidAmenityCategory
DA:3,0
DA:4,0
DA:5,0
DA:6,0
DA:7,0
DA:11,0
DA:12,0
LF:7
LH:0
BRDA:3,0,0,0
BRDA:3,0,1,0
BRF:2
BRH:0
end_of_record
TN:
SF:src\core\amenity\domain\value-objects\amenityFactory.ts
FN:13,(anonymous_0)
FNF:1
FNH:0
FNDA:0,(anonymous_0)
DA:3,0
DA:4,0
DA:12,0
DA:14,0
LF:4
LH:0
BRF:0
BRH:0
end_of_record
TN:
SF:src\core\amenity\infrastructure\mappers\amenity.mapper.ts
FN:11,(anonymous_0)
FN:19,(anonymous_1)
FNF:2
FNH:0
FNDA:0,(anonymous_0)
FNDA:0,(anonymous_1)
DA:5,0
DA:9,0
DA:12,0
DA:20,0
LF:4
LH:0
BRF:0
BRH:0
end_of_record
TN:
SF:src\core\amenity\infrastructure\models\amenityModel.ts
FNF:0
FNH:0
DA:3,0
DA:4,0
DA:9,0
DA:31,0
LF:4
LH:0
BRF:0
BRH:0
end_of_record
TN:
SF:src\core\amenity\infrastructure\persistence\amenity.repository.ts
FN:14,(anonymous_1)
FN:21,(anonymous_2)
FN:29,(anonymous_3)
FN:31,(anonymous_4)
FN:34,(anonymous_5)
FN:41,(anonymous_6)
FNF:6
FNH:0
FNDA:0,(anonymous_1)
FNDA:0,(anonymous_2)
FNDA:0,(anonymous_3)
FNDA:0,(anonymous_4)
FNDA:0,(anonymous_5)
FNDA:0,(anonymous_6)
DA:4,0
DA:6,0
DA:7,0
DA:8,0
DA:10,0
DA:12,0
DA:15,0
DA:16,0
DA:18,0
DA:22,0
DA:26,0
DA:30,0
DA:31,0
DA:35,0
DA:36,0
DA:42,0
DA:43,0
DA:45,0
DA:52,0
LF:19
LH:0
BRDA:16,0,0,0
BRDA:16,0,1,0
BRDA:42,1,0,0
BRDA:42,1,1,0
BRF:4
BRH:0
end_of_record
TN:
SF:src\core\audit\application\read\queries\get-audit-logs-by-resource.query.ts
FN:17,(anonymous_4)
FN:22,(anonymous_5)
FNF:2
FNH:0
FNDA:0,(anonymous_4)
FNDA:0,(anonymous_5)
DA:3,0
DA:5,0
DA:16,0
DA:19,0
DA:27,0
DA:37,0
LF:6
LH:0
BRDA:25,0,0,0
BRF:1
BRH:0
end_of_record
TN:
SF:src\core\audit\application\read\queries\get-audit-logs.query.ts
FN:21,(anonymous_4)
FN:26,(anonymous_5)
FNF:2
FNH:0
FNDA:0,(anonymous_4)
FNDA:0,(anonymous_5)
DA:1,0
DA:3,0
DA:20,0
DA:23,0
DA:33,0
DA:35,0
DA:37,0
LF:7
LH:0
BRDA:30,0,0,0
BRDA:31,1,0,0
BRF:2
BRH:0
end_of_record
TN:
SF:src\core\audit\application\read\queries\get-decision-logs.query.ts
FN:20,(anonymous_4)
FN:25,(anonymous_5)
FNF:2
FNH:0
FNDA:0,(anonymous_4)
FNDA:0,(anonymous_5)
DA:2,0
DA:4,0
DA:19,0
DA:22,0
DA:32,0
DA:34,0
DA:36,0
LF:7
LH:0
BRDA:29,0,0,0
BRDA:30,1,0,0
BRF:2
BRH:0
end_of_record
TN:
SF:src\core\audit\application\read\queries\get-system-logs.query.ts
FN:19,(anonymous_4)
FN:24,(anonymous_5)
FNF:2
FNH:0
FNDA:0,(anonymous_4)
FNDA:0,(anonymous_5)
DA:1,0
DA:5,0
DA:18,0
DA:21,0
DA:31,0
DA:33,0
DA:35,0
LF:7
LH:0
BRDA:28,0,0,0
BRDA:29,1,0,0
BRF:2
BRH:0
end_of_record
TN:
SF:src\core\audit\application\write\audit-log.service.ts
FN:8,(anonymous_0)
FN:10,(anonymous_1)
FNF:2
FNH:2
FNDA:4,(anonymous_0)
FNDA:4,(anonymous_1)
DA:7,1
DA:8,4
DA:11,4
LF:3
LH:3
BRF:0
BRH:0
end_of_record
TN:
SF:src\core\audit\application\write\services\audit.logger.ts
FN:24,(anonymous_4)
FN:32,(anonymous_5)
FNF:2
FNH:0
FNDA:0,(anonymous_4)
FNDA:0,(anonymous_5)
DA:3,0
DA:17,0
DA:22,0
DA:28,0
DA:36,0
LF:5
LH:0
BRF:0
BRH:0
end_of_record
TN:
SF:src\core\audit\application\write\services\decision-log.service.ts
FN:12,(anonymous_4)
FN:20,(anonymous_5)
FNF:2
FNH:0
FNDA:0,(anonymous_4)
FNDA:0,(anonymous_5)
DA:2,0
DA:5,0
DA:10,0
DA:16,0
DA:24,0
DA:37,0
LF:6
LH:0
BRDA:31,0,0,0
BRDA:31,0,1,0
BRF:2
BRH:0
end_of_record
TN:
SF:src\core\audit\application\write\services\system-log.service.ts
FN:17,(anonymous_4)
FN:22,(anonymous_5)
FN:28,(anonymous_6)
FNF:3
FNH:0
FNDA:0,(anonymous_4)
FNDA:0,(anonymous_5)
FNDA:0,(anonymous_6)
DA:4,0
DA:8,0
DA:16,0
DA:19,0
DA:25,0
DA:31,0
LF:6
LH:0
BRF:0
BRH:0
end_of_record
TN:
SF:src\core\audit\domain\enums\audit.enums.ts
FNF:0
FNH:0
DA:3,0
LF:1
LH:0
BRF:0
BRH:0
end_of_record
TN:
SF:src\core\audit\domain\enums\decision-log.enums.ts
FNF:0
FNH:0
DA:3,0
LF:1
LH:0
BRF:0
BRH:0
end_of_record
TN:
SF:src\core\audit\domain\enums\system-log.enums.ts
FNF:0
FNH:0
DA:2,0
DA:5,0
LF:2
LH:0
BRF:0
BRH:0
end_of_record
TN:
SF:src\core\audit\domain\event\aiDecision.event.ts
FN:8,(anonymous_0)
FNF:1
FNH:0
FNDA:0,(anonymous_0)
DA:3,0
DA:5,0
DA:6,0
DA:9,0
DA:10,0
DA:16,0
DA:17,0
DA:18,0
DA:19,0
DA:20,0
DA:21,0
DA:23,0
LF:12
LH:0
BRF:0
BRH:0
end_of_record
TN:
SF:src\core\audit\domain\event\audit.event.ts
FN:10,(anonymous_0)
FNF:1
FNH:0
FNDA:0,(anonymous_0)
DA:3,0
DA:7,0
DA:8,0
DA:11,0
DA:12,0
DA:13,0
DA:14,0
DA:15,0
DA:17,0
DA:18,0
DA:19,0
DA:20,0
DA:22,0
LF:13
LH:0
BRF:0
BRH:0
end_of_record
TN:
SF:src\core\audit\domain\event\auditEvent.publisher.ts
FN:12,(anonymous_4)
FN:17,(anonymous_5)
FNF:2
FNH:0
FNDA:0,(anonymous_4)
FNDA:0,(anonymous_5)
DA:5,0
DA:8,0
DA:11,0
DA:14,0
DA:18,0
LF:5
LH:0
BRF:0
BRH:0
end_of_record
TN:
SF:src\core\audit\domain\value-objects\audit-log.model.ts
FNF:0
FNH:0
DA:3,0
DA:4,0
DA:37,0
DA:112,0
DA:116,0
DA:120,0
DA:124,0
DA:128,0
DA:132,0
DA:136,0
DA:140,0
DA:147,0
LF:12
LH:0
BRF:0
BRH:0
end_of_record
TN:
SF:src\core\audit\domain\value-objects\audit.types.ts
FNF:0
FNH:0
DA:8,0
DA:17,0
LF:2
LH:0
BRF:0
BRH:0
end_of_record
TN:
SF:src\core\audit\domain\value-objects\resourceTypes.ts
FNF:0
FNH:0
DA:1,0
LF:1
LH:0
BRF:0
BRH:0
end_of_record
TN:
SF:src\core\audit\infrastructure\models\decision-log.model.ts
FNF:0
FNH:0
DA:2,0
DA:3,0
DA:36,0
DA:70,0
DA:72,0
LF:5
LH:0
BRF:0
BRH:0
end_of_record
TN:
SF:src\core\audit\infrastructure\models\system-log.model.ts
FNF:0
FNH:0
DA:3,0
DA:4,0
DA:6,0
DA:23,0
DA:53,0
DA:55,0
LF:6
LH:0
BRF:0
BRH:0
end_of_record
TN:
SF:src\core\audit\infrastructure\repositories\auditLog.repository.ts
FN:19,(anonymous_4)
FN:24,(anonymous_5)
FN:41,(anonymous_6)
FN:49,(anonymous_7)
FN:52,(anonymous_8)
FN:65,(anonymous_9)
FN:68,(anonymous_10)
FN:74,(anonymous_11)
FN:79,(anonymous_12)
FN:93,(anonymous_13)
FN:96,(anonymous_14)
FN:100,(anonymous_15)
FN:110,(anonymous_16)
FN:113,(anonymous_17)
FN:127,(anonymous_18)
FN:130,(anonymous_19)
FN:187,(anonymous_20)
FNF:17
FNH:7
FNDA:16,(anonymous_4)
FNDA:9,(anonymous_5)
FNDA:0,(anonymous_6)
FNDA:0,(anonymous_7)
FNDA:0,(anonymous_8)
FNDA:0,(anonymous_9)
FNDA:0,(anonymous_10)
FNDA:3,(anonymous_11)
FNDA:3,(anonymous_12)
FNDA:3,(anonymous_13)
FNDA:3,(anonymous_14)
FNDA:0,(anonymous_15)
FNDA:0,(anonymous_16)
FNDA:0,(anonymous_17)
FNDA:0,(anonymous_18)
FNDA:0,(anonymous_19)
FNDA:12,(anonymous_20)
DA:3,2
DA:12,2
DA:18,2
DA:21,16
DA:25,9
DA:38,7
DA:42,0
DA:49,0
DA:56,0
DA:58,0
DA:65,0
DA:69,0
DA:71,0
DA:75,3
DA:76,3
DA:83,3
DA:85,3
DA:88,3
DA:89,3
DA:90,3
DA:93,3
DA:97,3
DA:104,0
DA:110,0
DA:118,0
DA:127,0
DA:131,0
DA:133,0
DA:134,0
DA:137,0
DA:138,0
DA:141,0
DA:142,0
DA:145,0
DA:146,0
DA:152,0
DA:153,0
DA:156,0
DA:157,0
DA:160,0
DA:161,0
DA:164,0
DA:165,0
DA:168,0
DA:169,0
DA:172,0
DA:173,0
DA:175,0
DA:176,0
DA:179,0
DA:180,0
DA:184,0
DA:188,12
DA:189,12
LF:54
LH:17
BRDA:45,0,0,0
BRDA:45,0,1,0
BRDA:46,1,0,0
BRDA:46,1,1,0
BRDA:61,2,0,0
BRDA:61,2,1,0
BRDA:62,3,0,0
BRDA:62,3,1,0
BRDA:76,4,0,2
BRDA:76,4,1,1
BRDA:85,5,0,1
BRDA:85,5,1,2
BRDA:88,6,0,3
BRDA:88,6,1,2
BRDA:89,7,0,3
BRDA:89,7,1,2
BRDA:90,8,0,3
BRDA:90,8,1,0
BRDA:90,9,0,3
BRDA:90,9,1,3
BRDA:107,10,0,0
BRDA:107,10,1,0
BRDA:124,11,0,0
BRDA:124,11,1,0
BRDA:133,12,0,0
BRDA:133,12,1,0
BRDA:137,13,0,0
BRDA:137,13,1,0
BRDA:141,14,0,0
BRDA:141,14,1,0
BRDA:145,15,0,0
BRDA:145,15,1,0
BRDA:152,16,0,0
BRDA:152,16,1,0
BRDA:156,17,0,0
BRDA:156,17,1,0
BRDA:160,18,0,0
BRDA:160,18,1,0
BRDA:164,19,0,0
BRDA:164,19,1,0
BRDA:168,20,0,0
BRDA:168,20,1,0
BRDA:172,21,0,0
BRDA:172,21,1,0
BRDA:172,22,0,0
BRDA:172,22,1,0
BRDA:175,23,0,0
BRDA:175,23,1,0
BRDA:179,24,0,0
BRDA:179,24,1,0
BRDA:191,25,0,10
BRDA:191,25,1,2
BRF:52
BRH:13
end_of_record
TN:
SF:src\core\audit\infrastructure\repositories\decision-log.repository.ts
FN:15,(anonymous_4)
FN:23,(anonymous_5)
FN:53,(anonymous_6)
FN:62,(anonymous_7)
FN:71,(anonymous_8)
FN:87,(anonymous_9)
FNF:6
FNH:6
FNDA:9,(anonymous_4)
FNDA:2,(anonymous_5)
FNDA:1,(anonymous_6)
FNDA:4,(anonymous_7)
FNDA:2,(anonymous_8)
FNDA:5,(anonymous_9)
DA:3,1
DA:9,1
DA:13,1
DA:19,9
DA:38,2
DA:41,2
DA:48,2
DA:57,1
DA:67,4
DA:69,3
DA:76,2
DA:80,2
DA:81,1
DA:84,1
DA:91,5
LF:15
LH:15
BRDA:33,0,0,1
BRDA:34,1,0,1
BRDA:35,2,0,1
BRDA:38,3,0,2
BRDA:38,3,1,1
BRDA:80,4,0,1
BRDA:80,4,1,1
BRF:7
BRH:7
end_of_record
TN:
SF:src\core\audit\infrastructure\repositories\system-log.repository.ts
FN:17,(anonymous_4)
FN:22,(anonymous_5)
FN:52,(anonymous_6)
FN:61,(anonymous_7)
FN:71,(anonymous_8)
FN:87,(anonymous_9)
FNF:6
FNH:6
FNDA:9,(anonymous_4)
FNDA:2,(anonymous_5)
FNDA:1,(anonymous_6)
FNDA:4,(anonymous_7)
FNDA:2,(anonymous_8)
FNDA:6,(anonymous_9)
DA:2,1
DA:8,1
DA:15,1
DA:19,9
DA:37,2
DA:40,2
DA:47,2
DA:56,1
DA:66,4
DA:68,3
DA:76,2
DA:80,2
DA:81,1
DA:84,1
DA:91,6
LF:15
LH:15
BRDA:32,0,0,1
BRDA:33,1,0,1
BRDA:34,2,0,1
BRDA:37,3,0,2
BRDA:37,3,1,1
BRDA:80,4,0,1
BRDA:80,4,1,1
BRF:7
BRH:7
end_of_record
TN:
SF:src\core\booking\booking.resolver.ts
FN:7,(anonymous_0)
FNF:1
FNH:0
FNDA:0,(anonymous_0)
DA:1,0
DA:2,0
DA:5,0
DA:8,0
DA:9,0
LF:5
LH:0
BRF:0
BRH:0
end_of_record
TN:
SF:src\core\booking\bookingFraud.agent.ts
FN:9,(anonymous_4)
FN:14,(anonymous_5)
FNF:2
FNH:0
FNDA:0,(anonymous_4)
FNDA:0,(anonymous_5)
DA:1,0
DA:3,0
DA:4,0
DA:8,0
DA:11,0
DA:15,0
DA:17,0
LF:7
LH:0
BRF:0
BRH:0
end_of_record
TN:
SF:src\core\booking\bookingGateway.ts
FN:10,(anonymous_2)
FN:40,(anonymous_3)
FNF:2
FNH:0
FNDA:0,(anonymous_2)
FNDA:0,(anonymous_3)
DA:1,0
DA:2,0
DA:4,0
DA:7,0
DA:11,0
DA:12,0
DA:13,0
DA:21,0
DA:41,0
DA:45,0
DA:46,0
DA:51,0
DA:52,0
DA:55,0
DA:57,0
DA:58,0
DA:60,0
LF:17
LH:0
BRDA:12,0,0,0
BRDA:12,0,1,0
BRDA:40,1,0,0
BRDA:51,2,0,0
BRDA:51,2,1,0
BRDA:57,3,0,0
BRDA:57,3,1,0
BRF:7
BRH:0
end_of_record
TN:
SF:src\core\booking\bookingMQService.ts
FN:17,(anonymous_2)
FN:21,(anonymous_3)
FN:28,(anonymous_4)
FN:38,(anonymous_5)
FN:48,(anonymous_6)
FN:63,(anonymous_7)
FN:72,(anonymous_8)
FNF:7
FNH:0
FNDA:0,(anonymous_2)
FNDA:0,(anonymous_3)
FNDA:0,(anonymous_4)
FNDA:0,(anonymous_5)
FNDA:0,(anonymous_6)
FNDA:0,(anonymous_7)
FNDA:0,(anonymous_8)
DA:1,0
DA:3,0
DA:17,0
DA:18,0
DA:19,0
DA:22,0
DA:23,0
DA:24,0
DA:29,0
DA:30,0
DA:31,0
DA:32,0
DA:34,0
DA:39,0
DA:40,0
DA:41,0
DA:42,0
DA:44,0
DA:52,0
DA:53,0
DA:54,0
DA:56,0
DA:57,0
DA:59,0
DA:64,0
DA:65,0
DA:66,0
DA:68,0
DA:77,0
DA:78,0
DA:79,0
DA:80,0
DA:82,0
LF:33
LH:0
BRDA:22,0,0,0
BRDA:22,0,1,0
BRDA:50,1,0,0
BRDA:75,2,0,0
BRF:4
BRH:0
end_of_record
TN:
SF:src\core\booking\bookingOptimizationAgent.ts
FN:10,(anonymous_4)
FN:16,(anonymous_5)
FNF:2
FNH:0
FNDA:0,(anonymous_4)
FNDA:0,(anonymous_5)
DA:3,0
DA:4,0
DA:5,0
DA:9,0
DA:12,0
DA:17,0
LF:6
LH:0
BRF:0
BRH:0
end_of_record
TN:
SF:src\core\booking\application\reservation.number.ts
FN:3,generateReservationNumber
FNF:1
FNH:1
FNDA:4,generateReservationNumber
DA:3,1
DA:4,4
LF:2
LH:2
BRF:0
BRH:0
end_of_record
TN:
SF:src\core\booking\application\adapter\bookingACL.ts
FN:9,(anonymous_2)
FN:11,(anonymous_3)
FNF:2
FNH:0
FNDA:0,(anonymous_2)
FNDA:0,(anonymous_3)
DA:1,0
DA:4,0
DA:8,0
DA:9,0
DA:12,0
DA:15,0
LF:6
LH:0
BRF:0
BRH:0
end_of_record
TN:
SF:src\core\booking\application\adapter\calendar.ts
FN:17,(anonymous_1)
FN:43,(anonymous_2)
FNF:2
FNH:0
FNDA:0,(anonymous_1)
FNDA:0,(anonymous_2)
DA:5,1
DA:15,1
DA:18,0
DA:40,0
DA:44,0
DA:66,0
LF:6
LH:2
BRF:0
BRH:0
end_of_record
TN:
SF:src\core\booking\application\usecases\cancel-booking.usecase.ts
FN:16,(anonymous_4)
FN:31,(anonymous_5)
FNF:2
FNH:2
FNDA:7,(anonymous_4)
FNDA:7,(anonymous_5)
DA:1,1
DA:3,1
DA:5,1
DA:7,1
DA:10,1
DA:11,1
DA:14,1
DA:20,7
DA:24,7
DA:28,7
DA:36,7
DA:38,7
DA:39,1
DA:42,6
DA:44,4
DA:48,4
DA:49,4
DA:55,1
DA:61,4
DA:72,4
LF:20
LH:20
BRDA:38,0,0,1
BRDA:38,0,1,6
BRF:2
BRH:2
end_of_record
TN:
SF:src\core\booking\application\usecases\check-in-booking.usecase.ts
FN:7,(anonymous_4)
FN:12,(anonymous_5)
FNF:2
FNH:0
FNDA:0,(anonymous_4)
FNDA:0,(anonymous_5)
DA:1,0
DA:2,0
DA:6,0
DA:9,0
DA:13,0
DA:14,0
DA:16,0
DA:17,0
DA:19,0
LF:9
LH:0
BRDA:14,0,0,0
BRDA:14,0,1,0
BRF:2
BRH:0
end_of_record
TN:
SF:src\core\booking\application\usecases\complete-booking.usecase.ts
FN:13,(anonymous_4)
FN:20,(anonymous_5)
FNF:2
FNH:0
FNDA:0,(anonymous_4)
FNDA:0,(anonymous_5)
DA:3,0
DA:4,0
DA:6,0
DA:8,0
DA:11,0
DA:15,0
DA:17,0
DA:21,0
DA:23,0
DA:24,0
DA:28,0
DA:31,0
DA:35,0
DA:47,0
LF:14
LH:0
BRDA:23,0,0,0
BRDA:23,0,1,0
BRF:2
BRH:0
end_of_record
TN:
SF:src\core\booking\application\usecases\confirm-booking.usecase.ts
FN:18,(anonymous_4)
FN:29,(anonymous_5)
FNF:2
FNH:2
FNDA:6,(anonymous_4)
FNDA:6,(anonymous_5)
DA:3,1
DA:4,1
DA:6,1
DA:7,1
DA:10,1
DA:12,1
DA:14,1
DA:17,1
DA:20,6
DA:23,6
DA:26,6
DA:30,6
DA:34,6
DA:36,6
DA:37,1
DA:39,5
DA:43,5
DA:44,3
DA:48,3
DA:49,3
DA:53,3
DA:54,3
DA:58,3
DA:59,2
DA:62,2
DA:73,2
DA:74,2
DA:76,2
DA:82,0
DA:87,0
DA:90,2
DA:103,2
LF:32
LH:30
BRDA:36,0,0,1
BRDA:36,0,1,5
BRDA:58,1,0,2
BRDA:58,1,1,1
BRF:4
BRH:4
end_of_record
TN:
SF:src\core\booking\application\usecases\create-booking.usecase.ts
FN:37,(anonymous_4)
FN:49,(anonymous_5)
FNF:2
FNH:2
FNDA:8,(anonymous_4)
FNDA:8,(anonymous_5)
DA:4,1
DA:6,1
DA:8,1
DA:10,1
DA:13,1
DA:14,1
DA:15,1
DA:17,1
DA:18,1
DA:19,1
DA:24,1
DA:26,1
DA:36,1
DA:39,8
DA:41,8
DA:43,8
DA:46,8
DA:51,8
DA:52,8
DA:53,8
DA:54,8
DA:56,8
DA:57,1
DA:62,7
DA:63,1
DA:66,6
DA:67,6
DA:69,6
DA:70,0
DA:73,6
DA:74,0
DA:77,6
DA:78,1
DA:82,5
DA:85,5
DA:92,5
DA:95,5
DA:97,4
DA:104,4
DA:105,4
DA:123,4
DA:126,4
DA:138,4
DA:143,1
DA:144,1
DA:151,0
DA:157,1
LF:47
LH:44
BRDA:52,0,0,0
BRDA:52,0,1,8
BRDA:53,1,0,1
BRDA:53,1,1,7
BRDA:54,2,0,1
BRDA:54,2,1,7
BRDA:56,3,0,1
BRDA:56,3,1,7
BRDA:62,4,0,1
BRDA:62,4,1,6
BRDA:69,5,0,0
BRDA:69,5,1,6
BRDA:73,6,0,0
BRDA:73,6,1,6
BRDA:77,7,0,1
BRDA:77,7,1,5
BRDA:110,8,0,4
BRDA:110,8,1,4
BRF:18
BRH:15
end_of_record
TN:
SF:src\core\booking\application\usecases\get-booking.usecase.ts
FN:7,(anonymous_4)
FN:12,(anonymous_5)
FNF:2
FNH:0
FNDA:0,(anonymous_4)
FNDA:0,(anonymous_5)
DA:1,0
DA:3,0
DA:6,0
DA:9,0
DA:13,0
DA:14,0
DA:15,0
LF:7
LH:0
BRDA:14,0,0,0
BRDA:14,0,1,0
BRF:2
BRH:0
end_of_record
TN:
SF:src\core\booking\application\usecases\getBookingForUser.usecase.ts
FN:8,(anonymous_4)
FN:13,(anonymous_5)
FNF:2
FNH:0
FNDA:0,(anonymous_4)
FNDA:0,(anonymous_5)
DA:2,0
DA:4,0
DA:7,0
DA:10,0
DA:14,0
DA:15,0
DA:16,0
DA:21,0
DA:23,0
DA:25,0
DA:27,0
DA:28,0
LF:12
LH:0
BRDA:21,0,0,0
BRDA:21,0,1,0
BRDA:21,0,2,0
BRDA:21,0,3,0
BRF:4
BRH:0
end_of_record
TN:
SF:src\core\booking\application\usecases\getBookingsForCustomer.useCase.ts
FN:8,(anonymous_4)
FN:13,(anonymous_5)
FNF:2
FNH:0
FNDA:0,(anonymous_4)
FNDA:0,(anonymous_5)
DA:1,0
DA:3,0
DA:6,0
DA:10,0
DA:16,0
LF:5
LH:0
BRF:0
BRH:0
end_of_record
TN:
SF:src\core\booking\application\usecases\getLatestBookingForCustomer.useCase.ts
FN:10,(anonymous_4)
FN:15,(anonymous_5)
FNF:2
FNH:0
FNDA:0,(anonymous_4)
FNDA:0,(anonymous_5)
DA:3,0
DA:4,0
DA:5,0
DA:9,0
DA:12,0
DA:16,0
DA:17,0
DA:20,0
DA:22,0
DA:23,0
DA:26,0
LF:11
LH:0
BRDA:16,0,0,0
BRDA:16,0,1,0
BRDA:22,1,0,0
BRDA:22,1,1,0
BRF:4
BRH:0
end_of_record
TN:
SF:src\core\booking\application\usecases\runBookingAgent.usecase.ts
FN:11,(anonymous_4)
FN:17,(anonymous_5)
FNF:2
FNH:0
FNDA:0,(anonymous_4)
FNDA:0,(anonymous_5)
DA:2,0
DA:4,0
DA:5,0
DA:6,0
DA:10,0
DA:12,0
DA:14,0
DA:19,0
DA:22,0
LF:9
LH:0
BRF:0
BRH:0
end_of_record
TN:
SF:src\core\booking\application\usecases\update-booking.usecase.ts
FN:9,(anonymous_4)
FN:16,(anonymous_5)
FNF:2
FNH:0
FNDA:0,(anonymous_4)
FNDA:0,(anonymous_5)
DA:1,0
DA:2,0
DA:4,0
DA:8,0
DA:11,0
DA:13,0
DA:22,0
DA:23,0
DA:25,0
DA:27,0
DA:28,0
DA:29,0
DA:31,0
DA:32,0
DA:35,0
DA:36,0
DA:38,0
DA:39,0
DA:40,0
DA:41,0
DA:44,0
DA:45,0
DA:47,0
LF:23
LH:0
BRDA:23,0,0,0
BRDA:23,0,1,0
BRDA:27,1,0,0
BRDA:27,1,1,0
BRDA:27,2,0,0
BRDA:27,2,1,0
BRDA:31,3,0,0
BRDA:31,3,1,0
BRDA:31,4,0,0
BRDA:31,4,1,0
BRDA:40,5,0,0
BRDA:40,5,1,0
BRF:12
BRH:0
end_of_record
TN:
SF:src\core\booking\domain\entities\booking.entity.ts
FN:28,(anonymous_0)
FN:40,(anonymous_1)
FN:48,(anonymous_2)
FN:52,(anonymous_3)
FN:63,(anonymous_4)
FN:70,(anonymous_5)
FN:74,(anonymous_6)
FN:78,(anonymous_7)
FN:82,(anonymous_8)
FN:86,(anonymous_9)
FN:90,(anonymous_10)
FN:94,(anonymous_11)
FN:98,(anonymous_12)
FN:102,(anonymous_13)
FN:106,(anonymous_14)
FN:110,(anonymous_15)
FN:114,(anonymous_16)
FN:118,(anonymous_17)
FN:122,(anonymous_18)
FNF:19
FNH:13
FNDA:8,(anonymous_0)
FNDA:12,(anonymous_1)
FNDA:16,(anonymous_2)
FNDA:4,(anonymous_3)
FNDA:12,(anonymous_4)
FNDA:22,(anonymous_5)
FNDA:0,(anonymous_6)
FNDA:12,(anonymous_7)
FNDA:12,(anonymous_8)
FNDA:10,(anonymous_9)
FNDA:10,(anonymous_10)
FNDA:0,(anonymous_11)
FNDA:12,(anonymous_12)
FNDA:22,(anonymous_13)
FNDA:0,(anonymous_14)
FNDA:0,(anonymous_15)
FNDA:0,(anonymous_16)
FNDA:0,(anonymous_17)
FNDA:5,(anonymous_18)
DA:1,3
DA:27,3
DA:29,8
DA:30,1
DA:32,7
DA:33,1
DA:35,6
DA:36,6
DA:37,6
DA:41,12
DA:42,2
DA:44,10
DA:45,10
DA:46,10
DA:49,16
DA:54,4
DA:67,12
DA:71,22
DA:75,0
DA:79,12
DA:83,12
DA:87,10
DA:91,10
DA:95,0
DA:99,12
DA:103,22
DA:107,0
DA:111,0
DA:115,0
DA:119,0
DA:123,5
LF:31
LH:25
BRDA:29,0,0,1
BRDA:29,0,1,7
BRDA:32,1,0,1
BRDA:32,1,1,6
BRDA:41,2,0,2
BRDA:41,2,1,10
BRDA:127,3,0,5
BRDA:127,3,1,0
BRF:8
BRH:7
end_of_record
TN:
SF:src\core\booking\domain\entities\contexts\BookingACL.ts
FN:10,(anonymous_4)
FN:15,(anonymous_5)
FNF:2
FNH:0
FNDA:0,(anonymous_4)
FNDA:0,(anonymous_5)
DA:1,0
DA:5,0
DA:6,0
DA:9,0
DA:12,0
DA:16,0
DA:18,0
LF:7
LH:0
BRF:0
BRH:0
end_of_record
TN:
SF:src\core\booking\domain\entities\contexts\FraudDetectionTool.ts
FN:7,(anonymous_1)
FNF:1
FNH:0
FNDA:0,(anonymous_1)
DA:1,0
DA:6,0
DA:8,0
DA:9,0
LF:4
LH:0
BRDA:10,0,0,0
BRDA:10,0,1,0
BRF:2
BRH:0
end_of_record
TN:
SF:src\core\booking\domain\entities\contexts\PaymentACL.ts
FN:8,(anonymous_2)
FN:10,(anonymous_3)
FNF:2
FNH:0
FNDA:0,(anonymous_2)
FNDA:0,(anonymous_3)
DA:1,0
DA:2,0
DA:7,0
DA:8,0
DA:11,0
DA:13,0
LF:6
LH:0
BRF:0
BRH:0
end_of_record
TN:
SF:src\core\booking\domain\entities\contexts\ReviewACL.ts
FN:7,(anonymous_2)
FN:9,(anonymous_3)
FNF:2
FNH:0
FNDA:0,(anonymous_2)
FNDA:0,(anonymous_3)
DA:1,0
DA:2,0
DA:6,0
DA:7,0
DA:10,0
DA:12,0
LF:6
LH:0
BRF:0
BRH:0
end_of_record
TN:
SF:src\core\booking\domain\entities\contexts\paymentGateway.ts
FN:9,(anonymous_1)
FNF:1
FNH:0
FNDA:0,(anonymous_1)
DA:1,0
DA:4,0
DA:11,0
LF:3
LH:0
BRF:0
BRH:0
end_of_record
TN:
SF:src\core\booking\domain\entities\contexts\reviewGateway.ts
FN:9,(anonymous_1)
FNF:1
FNH:0
FNDA:0,(anonymous_1)
DA:1,0
DA:4,0
DA:11,0
LF:3
LH:0
BRF:0
BRH:0
end_of_record
TN:
SF:src\core\booking\domain\events\booking-cancelled.event.ts
FN:8,(anonymous_0)
FNF:1
FNH:1
FNDA:4,(anonymous_0)
DA:1,1
DA:3,1
DA:5,4
DA:6,4
DA:9,4
DA:10,4
DA:11,4
DA:12,4
DA:13,4
DA:14,4
DA:15,4
DA:16,4
DA:18,4
LF:13
LH:13
BRF:0
BRH:0
end_of_record
TN:
SF:src\core\booking\domain\events\booking-completed.event.ts
FN:15,(anonymous_2)
FNF:1
FNH:0
FNDA:0,(anonymous_2)
DA:4,0
DA:8,0
DA:11,0
DA:12,0
DA:13,0
DA:16,0
DA:17,0
DA:18,0
DA:19,0
DA:20,0
DA:21,0
DA:22,0
DA:23,0
DA:25,0
LF:14
LH:0
BRDA:23,0,0,0
BRF:1
BRH:0
end_of_record
TN:
SF:src\core\booking\domain\events\booking-confirm.event.ts
FN:11,(anonymous_0)
FNF:1
FNH:1
FNDA:2,(anonymous_0)
DA:4,1
DA:6,1
DA:8,2
DA:9,2
DA:12,2
DA:13,2
DA:14,2
DA:15,2
DA:16,2
DA:17,2
DA:18,2
DA:19,2
DA:21,2
LF:13
LH:13
BRDA:19,0,0,0
BRF:1
BRH:0
end_of_record
TN:
SF:src\core\booking\domain\events\booking-created.event.ts
FN:10,(anonymous_0)
FNF:1
FNH:1
FNDA:4,(anonymous_0)
DA:3,1
DA:5,1
DA:7,4
DA:8,4
DA:11,4
DA:12,4
DA:13,4
DA:14,4
DA:15,4
DA:16,4
DA:17,4
DA:19,4
LF:12
LH:12
BRF:0
BRH:0
end_of_record
TN:
SF:src\core\booking\domain\service\booking-pricing.service.ts
FN:5,(anonymous_0)
FNF:1
FNH:1
FNDA:4,(anonymous_0)
DA:3,1
DA:12,4
DA:14,4
DA:18,4
DA:19,0
DA:22,4
LF:6
LH:5
BRDA:18,0,0,0
BRDA:18,0,1,4
BRF:2
BRH:1
end_of_record
TN:
SF:src\core\booking\domain\service\booking-transition.service.ts
FN:27,(anonymous_0)
FNF:1
FNH:0
FNDA:0,(anonymous_0)
DA:2,0
DA:4,0
DA:26,0
DA:32,0
DA:34,0
DA:35,0
LF:6
LH:0
BRDA:34,0,0,0
BRDA:34,0,1,0
BRF:2
BRH:0
end_of_record
TN:
SF:src\core\booking\domain\state\booking-event.ts
FN:3,(anonymous_0)
FNF:1
FNH:1
FNDA:2,(anonymous_0)
DA:3,2
DA:4,2
DA:5,2
DA:6,2
DA:7,2
DA:8,2
DA:9,2
DA:10,2
DA:11,2
DA:12,2
DA:13,2
LF:11
LH:11
BRDA:3,0,0,2
BRDA:3,0,1,2
BRF:2
BRH:2
end_of_record
TN:
SF:src\core\booking\domain\state\booking-reducer.ts
FN:11,bookingReducer
FNF:1
FNH:1
FNDA:5,bookingReducer
DA:4,2
DA:11,2
DA:17,5
DA:25,5
DA:29,5
DA:47,0
LF:6
LH:5
BRDA:17,0,0,5
BRDA:17,0,1,5
BRDA:25,1,0,5
BRDA:25,1,1,0
BRF:4
BRH:3
end_of_record
TN:
SF:src\core\booking\domain\state\booking-state.ts
FN:3,(anonymous_0)
FNF:1
FNH:0
FNDA:0,(anonymous_0)
DA:3,0
DA:4,0
DA:5,0
DA:6,0
DA:7,0
DA:8,0
DA:10,0
DA:11,0
DA:12,0
DA:13,0
DA:14,0
DA:15,0
DA:16,0
DA:18,0
LF:14
LH:0
BRDA:3,0,0,0
BRDA:3,0,1,0
BRF:2
BRH:0
end_of_record
TN:
SF:src\core\booking\domain\state\help.ts
FN:4,canTransition
FNF:1
FNH:0
FNDA:0,canTransition
DA:5,0
LF:1
LH:0
BRF:0
BRH:0
end_of_record
TN:
SF:src\core\booking\domain\value-objects\booking-lifecycle.status.ts
FN:3,(anonymous_0)
FNF:1
FNH:1
FNDA:1,(anonymous_0)
DA:3,1
DA:4,1
DA:5,1
DA:6,1
LF:4
LH:4
BRDA:3,0,0,1
BRDA:3,0,1,1
BRF:2
BRH:2
end_of_record
TN:
SF:src\core\booking\domain\value-objects\booking-status.ts
FN:1,(anonymous_0)
FNF:1
FNH:1
FNDA:3,(anonymous_0)
DA:1,3
DA:2,3
DA:3,3
DA:4,3
DA:5,3
DA:6,3
LF:6
LH:6
BRDA:1,0,0,3
BRDA:1,0,1,3
BRF:2
BRH:2
end_of_record
TN:
SF:src\core\booking\domain\value-objects\date-range.vo.ts
FN:2,(anonymous_0)
FN:11,(anonymous_1)
FNF:2
FNH:2
FNDA:16,(anonymous_0)
FNDA:5,(anonymous_1)
DA:1,3
DA:3,16
DA:4,16
DA:6,16
DA:7,0
DA:12,5
LF:6
LH:5
BRDA:6,0,0,0
BRDA:6,0,1,16
BRF:2
BRH:1
end_of_record
TN:
SF:src\core\booking\infrastructure\adapters\listing.adapter.ts
FN:2,(anonymous_0)
FNF:1
FNH:0
FNDA:0,(anonymous_0)
DA:1,0
DA:3,0
LF:2
LH:0
BRF:0
BRH:0
end_of_record
TN:
SF:src\core\booking\infrastructure\gateways\listing.gateway.ts
FN:18,(anonymous_2)
FN:27,(anonymous_3)
FNF:2
FNH:0
FNDA:0,(anonymous_2)
FNDA:0,(anonymous_3)
DA:1,0
DA:2,0
DA:5,0
DA:15,0
DA:19,0
DA:20,0
DA:28,0
DA:33,0
DA:34,0
DA:37,0
LF:10
LH:0
BRDA:19,0,0,0
BRDA:19,0,1,0
BRDA:33,1,0,0
BRDA:33,1,1,0
BRF:4
BRH:0
end_of_record
TN:
SF:src\core\booking\infrastructure\mappers\booking.mapper.ts
FN:10,(anonymous_0)
FN:30,(anonymous_1)
FNF:2
FNH:0
FNDA:0,(anonymous_0)
FNDA:0,(anonymous_1)
DA:3,0
DA:4,0
DA:5,0
DA:8,0
DA:11,0
DA:31,0
LF:6
LH:0
BRF:0
BRH:0
end_of_record
TN:
SF:src\core\booking\infrastructure\models\booking.model.ts
FN:57,(anonymous_0)
FNF:1
FNH:0
FNDA:0,(anonymous_0)
DA:2,0
DA:35,0
DA:57,0
DA:58,0
DA:83,0
LF:5
LH:0
BRF:0
BRH:0
end_of_record
TN:
SF:src\core\booking\infrastructure\models\bookingItem.ts
FNF:0
FNH:0
DA:1,0
DA:2,0
DA:4,0
DA:51,0
LF:4
LH:0
BRF:0
BRH:0
end_of_record
TN:
SF:src\core\booking\infrastructure\models\payment.mapper.ts
FN:9,(anonymous_0)
FN:21,(anonymous_1)
FNF:2
FNH:0
FNDA:0,(anonymous_0)
FNDA:0,(anonymous_1)
DA:3,0
DA:5,0
DA:7,0
DA:11,0
DA:22,0
DA:40,0
LF:6
LH:0
BRF:0
BRH:0
end_of_record
TN:
SF:src\core\booking\infrastructure\repos\bookingRepository.ts
FN:19,(anonymous_1)
FN:22,(anonymous_2)
FN:25,(anonymous_3)
FN:49,(anonymous_4)
FN:56,(anonymous_5)
FN:59,(anonymous_6)
FN:65,(anonymous_7)
FN:68,(anonymous_8)
FN:81,(anonymous_9)
FN:102,(anonymous_10)
FN:109,(anonymous_11)
FN:115,(anonymous_12)
FN:118,(anonymous_13)
FN:128,(anonymous_14)
FNF:14
FNH:0
FNDA:0,(anonymous_1)
FNDA:0,(anonymous_2)
FNDA:0,(anonymous_3)
FNDA:0,(anonymous_4)
FNDA:0,(anonymous_5)
FNDA:0,(anonymous_6)
FNDA:0,(anonymous_7)
FNDA:0,(anonymous_8)
FNDA:0,(anonymous_9)
FNDA:0,(anonymous_10)
FNDA:0,(anonymous_11)
FNDA:0,(anonymous_12)
FNDA:0,(anonymous_13)
FNDA:0,(anonymous_14)
DA:3,0
DA:5,0
DA:7,0
DA:8,0
DA:11,0
DA:15,0
DA:18,0
DA:20,0
DA:23,0
DA:26,0
DA:32,0
DA:33,0
DA:40,0
DA:50,0
DA:53,0
DA:56,0
DA:60,0
DA:61,0
DA:65,0
DA:69,0
DA:70,0
DA:76,0
DA:78,0
DA:82,0
DA:84,0
DA:103,0
DA:104,0
DA:105,0
DA:110,0
DA:115,0
DA:119,0
DA:129,0
LF:32
LH:0
BRDA:30,0,0,0
BRDA:30,0,1,0
BRDA:30,1,0,0
BRDA:30,1,1,0
BRDA:32,2,0,0
BRDA:32,2,1,0
BRDA:50,3,0,0
BRDA:50,3,1,0
BRDA:60,4,0,0
BRDA:60,4,1,0
BRDA:60,5,0,0
BRDA:60,5,1,0
BRDA:69,6,0,0
BRDA:69,6,1,0
BRDA:76,7,0,0
BRDA:76,7,1,0
BRDA:104,8,0,0
BRDA:104,8,1,0
BRF:18
BRH:0
end_of_record
TN:
SF:src\core\booking\infrastructure\repos\cancelBookingRepository.ts
FN:10,(anonymous_4)
FN:15,(anonymous_5)
FNF:2
FNH:0
FNDA:0,(anonymous_4)
FNDA:0,(anonymous_5)
DA:3,0
DA:4,0
DA:6,0
DA:9,0
DA:12,0
DA:16,0
LF:6
LH:0
BRF:0
BRH:0
end_of_record
TN:
SF:src\core\booking\infrastructure\repos\sequelizeBookingRepository.ts
FN:14,(anonymous_1)
FN:18,(anonymous_2)
FN:26,(anonymous_3)
FN:46,(anonymous_4)
FN:52,(anonymous_5)
FN:55,(anonymous_6)
FN:61,(anonymous_7)
FN:64,(anonymous_8)
FN:71,(anonymous_9)
FN:74,(anonymous_10)
FN:81,(anonymous_11)
FN:89,(anonymous_12)
FN:94,(anonymous_13)
FN:97,(anonymous_14)
FN:107,(anonymous_15)
FNF:15
FNH:0
FNDA:0,(anonymous_1)
FNDA:0,(anonymous_2)
FNDA:0,(anonymous_3)
FNDA:0,(anonymous_4)
FNDA:0,(anonymous_5)
FNDA:0,(anonymous_6)
FNDA:0,(anonymous_7)
FNDA:0,(anonymous_8)
FNDA:0,(anonymous_9)
FNDA:0,(anonymous_10)
FNDA:0,(anonymous_11)
FNDA:0,(anonymous_12)
FNDA:0,(anonymous_13)
FNDA:0,(anonymous_14)
FNDA:0,(anonymous_15)
DA:3,0
DA:5,0
DA:6,0
DA:7,0
DA:10,0
DA:13,0
DA:15,0
DA:19,0
DA:21,0
DA:23,0
DA:27,0
DA:29,0
DA:47,0
DA:52,0
DA:56,0
DA:57,0
DA:61,0
DA:65,0
DA:68,0
DA:71,0
DA:75,0
DA:80,0
DA:81,0
DA:90,0
DA:94,0
DA:98,0
DA:108,0
LF:27
LH:0
BRDA:21,0,0,0
BRDA:21,0,1,0
BRDA:56,1,0,0
BRDA:56,1,1,0
BRDA:56,2,0,0
BRDA:56,2,1,0
BRDA:65,3,0,0
BRDA:65,3,1,0
BRDA:78,4,0,0
BRDA:78,4,1,0
BRDA:78,5,0,0
BRDA:78,5,1,0
BRF:12
BRH:0
end_of_record
TN:
SF:src\core\booking\infrastructure\services\bookingMQService.ts
FN:17,(anonymous_2)
FN:21,(anonymous_3)
FN:28,(anonymous_4)
FN:38,(anonymous_5)
FN:48,(anonymous_6)
FN:63,(anonymous_7)
FN:72,(anonymous_8)
FNF:7
FNH:0
FNDA:0,(anonymous_2)
FNDA:0,(anonymous_3)
FNDA:0,(anonymous_4)
FNDA:0,(anonymous_5)
FNDA:0,(anonymous_6)
FNDA:0,(anonymous_7)
FNDA:0,(anonymous_8)
DA:1,0
DA:3,0
DA:17,0
DA:18,0
DA:19,0
DA:22,0
DA:23,0
DA:24,0
DA:29,0
DA:30,0
DA:31,0
DA:32,0
DA:34,0
DA:39,0
DA:40,0
DA:41,0
DA:42,0
DA:44,0
DA:52,0
DA:53,0
DA:54,0
DA:56,0
DA:57,0
DA:59,0
DA:64,0
DA:65,0
DA:66,0
DA:68,0
DA:77,0
DA:78,0
DA:79,0
DA:80,0
DA:82,0
LF:33
LH:0
BRDA:22,0,0,0
BRDA:22,0,1,0
BRDA:50,1,0,0
BRDA:75,2,0,0
BRF:4
BRH:0
end_of_record
TN:
SF:src\core\booking\infrastructure\tools\analyzeBooking.tool.ts
FN:9,(anonymous_1)
FNF:1
FNH:0
FNDA:0,(anonymous_1)
DA:4,0
DA:8,0
DA:10,0
LF:3
LH:0
BRF:0
BRH:0
end_of_record
TN:
SF:src\core\booking\infrastructure\tools\bookingFraud.tool.ts
FN:7,(anonymous_1)
FNF:1
FNH:0
FNDA:0,(anonymous_1)
DA:1,0
DA:6,0
DA:8,0
DA:10,0
DA:11,0
DA:13,0
DA:15,0
LF:7
LH:0
BRDA:10,0,0,0
BRDA:10,0,1,0
BRDA:11,1,0,0
BRDA:11,1,1,0
BRDA:11,2,0,0
BRDA:11,2,1,0
BRDA:13,3,0,0
BRDA:13,3,1,0
BRF:8
BRH:0
end_of_record
TN:
SF:src\core\booking\infrastructure\tools\bookingOptimization.tool.ts
FN:8,(anonymous_2)
FN:10,(anonymous_3)
FNF:2
FNH:0
FNDA:0,(anonymous_2)
FNDA:0,(anonymous_3)
DA:2,0
DA:7,0
DA:12,0
LF:3
LH:0
BRF:0
BRH:0
end_of_record
TN:
SF:src\core\booking\interface\resolvers.ts
FN:9,(anonymous_0)
FN:15,(anonymous_1)
FN:22,(anonymous_2)
FNF:3
FNH:0
FNDA:0,(anonymous_0)
FNDA:0,(anonymous_1)
FNDA:0,(anonymous_2)
DA:1,0
DA:2,0
DA:3,0
DA:4,0
DA:7,0
DA:10,0
DA:16,0
DA:17,0
DA:23,0
LF:9
LH:0
BRDA:16,0,0,0
BRDA:16,0,1,0
BRDA:19,1,0,0
BRDA:19,1,1,0
BRDA:25,2,0,0
BRDA:25,2,1,0
BRF:6
BRH:0
end_of_record
TN:
SF:src\core\booking\interface\events\booking-event-bus.ts
FN:7,(anonymous_10)
FN:13,(anonymous_11)
FN:33,(anonymous_12)
FNF:3
FNH:0
FNDA:0,(anonymous_10)
FNDA:0,(anonymous_11)
FNDA:0,(anonymous_12)
DA:2,0
DA:3,0
DA:7,0
DA:11,0
DA:14,0
DA:15,0
DA:19,0
DA:21,0
DA:25,0
DA:27,0
DA:28,0
DA:34,0
DA:35,0
DA:38,0
DA:43,0
LF:15
LH:0
BRDA:34,0,0,0
BRDA:34,0,1,0
BRF:2
BRH:0
end_of_record
TN:
SF:src\core\calendar\application\usecases\block-dates.usecase.ts
FN:25,(anonymous_4)
FN:30,(anonymous_5)
FN:46,(anonymous_6)
FN:60,(anonymous_7)
FN:63,(anonymous_8)
FNF:5
FNH:0
FNDA:0,(anonymous_4)
FNDA:0,(anonymous_5)
FNDA:0,(anonymous_6)
FNDA:0,(anonymous_7)
FNDA:0,(anonymous_8)
DA:3,0
DA:4,0
DA:5,0
DA:7,0
DA:8,0
DA:9,0
DA:24,0
DA:27,0
DA:31,0
DA:32,0
DA:34,0
DA:35,0
DA:38,0
DA:44,0
DA:45,0
DA:46,0
DA:48,0
DA:54,0
DA:59,0
DA:60,0
DA:63,0
DA:64,0
DA:65,0
DA:67,0
DA:69,0
DA:70,0
DA:74,0
DA:83,0
DA:85,0
LF:29
LH:0
BRDA:44,0,0,0
BRDA:44,0,1,0
BRDA:67,1,0,0
BRDA:67,1,1,0
BRF:4
BRH:0
end_of_record
TN:
SF:src\core\calendar\application\usecases\get-availability.usecase.ts
FN:20,(anonymous_4)
FN:27,(anonymous_5)
FNF:2
FNH:0
FNDA:0,(anonymous_4)
FNDA:0,(anonymous_5)
DA:3,0
DA:4,0
DA:6,0
DA:19,0
DA:22,0
DA:24,0
DA:28,0
DA:29,0
DA:31,0
DA:32,0
DA:35,0
LF:11
LH:0
BRDA:31,0,0,0
BRDA:31,0,1,0
BRDA:31,1,0,0
BRDA:31,1,1,0
BRF:4
BRH:0
end_of_record
TN:
SF:src\core\calendar\application\usecases\getSlotsByListing.usecase.ts
FN:9,(anonymous_4)
FN:14,(anonymous_5)
FNF:2
FNH:0
FNDA:0,(anonymous_4)
FNDA:0,(anonymous_5)
DA:3,0
DA:5,0
DA:8,0
DA:11,0
DA:15,0
LF:5
LH:0
BRF:0
BRH:0
end_of_record
TN:
SF:src\core\calendar\application\usecases\release-slot.usecase.ts
FN:25,(anonymous_4)
FN:30,(anonymous_5)
FNF:2
FNH:0
FNDA:0,(anonymous_4)
FNDA:0,(anonymous_5)
DA:3,0
DA:4,0
DA:24,0
DA:27,0
DA:31,0
DA:33,0
DA:34,0
DA:42,0
DA:43,0
DA:44,0
DA:48,0
DA:55,0
DA:57,0
LF:13
LH:0
BRDA:33,0,0,0
BRDA:33,0,1,0
BRF:2
BRH:0
end_of_record
TN:
SF:src\core\calendar\application\usecases\reserve-slot.usecase.ts
FN:27,(anonymous_4)
FN:32,(anonymous_5)
FN:52,(anonymous_6)
FN:61,(anonymous_7)
FNF:4
FNH:0
FNDA:0,(anonymous_4)
FNDA:0,(anonymous_5)
FNDA:0,(anonymous_6)
FNDA:0,(anonymous_7)
DA:3,0
DA:4,0
DA:5,0
DA:7,0
DA:8,0
DA:9,0
DA:26,0
DA:29,0
DA:33,0
DA:34,0
DA:36,0
DA:37,0
DA:40,0
DA:41,0
DA:44,0
DA:50,0
DA:51,0
DA:52,0
DA:54,0
DA:61,0
DA:62,0
DA:72,0
DA:74,0
LF:23
LH:0
BRDA:36,0,0,0
BRDA:36,0,1,0
BRDA:36,1,0,0
BRDA:36,1,1,0
BRDA:50,2,0,0
BRDA:50,2,1,0
BRF:6
BRH:0
end_of_record
TN:
SF:src\core\calendar\domain\entities\calendar-slot.ts
FN:29,(anonymous_0)
FN:34,(anonymous_1)
FN:35,(anonymous_2)
FN:36,(anonymous_3)
FN:37,(anonymous_4)
FN:38,(anonymous_5)
FN:39,(anonymous_6)
FN:40,(anonymous_7)
FN:41,(anonymous_8)
FN:44,(anonymous_9)
FN:65,(anonymous_10)
FN:72,(anonymous_11)
FN:85,(anonymous_12)
FN:98,(anonymous_13)
FN:107,(anonymous_14)
FN:119,(anonymous_15)
FN:128,(anonymous_16)
FN:132,(anonymous_17)
FN:136,(anonymous_18)
FNF:19
FNH:0
FNDA:0,(anonymous_0)
FNDA:0,(anonymous_1)
FNDA:0,(anonymous_2)
FNDA:0,(anonymous_3)
FNDA:0,(anonymous_4)
FNDA:0,(anonymous_5)
FNDA:0,(anonymous_6)
FNDA:0,(anonymous_7)
FNDA:0,(anonymous_8)
FNDA:0,(anonymous_9)
FNDA:0,(anonymous_10)
FNDA:0,(anonymous_11)
FNDA:0,(anonymous_12)
FNDA:0,(anonymous_13)
FNDA:0,(anonymous_14)
FNDA:0,(anonymous_15)
FNDA:0,(anonymous_16)
FNDA:0,(anonymous_17)
FNDA:0,(anonymous_18)
DA:4,0
DA:26,0
DA:30,0
DA:34,0
DA:35,0
DA:36,0
DA:37,0
DA:38,0
DA:39,0
DA:40,0
DA:41,0
DA:52,0
DA:53,0
DA:66,0
DA:73,0
DA:74,0
DA:79,0
DA:80,0
DA:81,0
DA:86,0
DA:87,0
DA:92,0
DA:93,0
DA:94,0
DA:99,0
DA:100,0
DA:102,0
DA:103,0
DA:108,0
DA:109,0
DA:113,0
DA:114,0
DA:115,0
DA:120,0
DA:121,0
DA:123,0
DA:124,0
DA:125,0
DA:129,0
DA:133,0
DA:137,0
LF:41
LH:0
BRDA:57,0,0,0
BRDA:57,0,1,0
BRDA:73,1,0,0
BRDA:73,1,1,0
BRDA:86,2,0,0
BRDA:86,2,1,0
BRDA:86,3,0,0
BRDA:86,3,1,0
BRDA:99,4,0,0
BRDA:99,4,1,0
BRDA:108,5,0,0
BRDA:108,5,1,0
BRDA:120,6,0,0
BRDA:120,6,1,0
BRF:14
BRH:0
end_of_record
TN:
SF:src\core\calendar\domain\service\availability.service.ts
FN:33,(anonymous_1)
FNF:1
FNH:0
FNDA:0,(anonymous_1)
DA:3,0
DA:6,0
DA:7,0
DA:29,0
DA:39,0
DA:40,0
DA:41,0
DA:44,0
DA:45,0
DA:46,0
DA:47,0
DA:50,0
DA:51,0
DA:53,0
DA:54,0
DA:55,0
DA:57,0
DA:58,0
DA:59,0
DA:65,0
DA:72,0
LF:21
LH:0
BRDA:57,0,0,0
BRDA:57,0,1,0
BRDA:57,1,0,0
BRDA:57,1,1,0
BRDA:67,2,0,0
BRDA:67,2,1,0
BRF:6
BRH:0
end_of_record
TN:
SF:src\core\calendar\domain\value-objects\date-range.vo.ts
FN:4,(anonymous_0)
FN:14,(anonymous_1)
FN:24,(anonymous_2)
FN:28,(anonymous_3)
FNF:4
FNH:0
FNDA:0,(anonymous_0)
FNDA:0,(anonymous_1)
FNDA:0,(anonymous_2)
FNDA:0,(anonymous_3)
DA:3,0
DA:5,0
DA:6,0
DA:8,0
DA:9,0
DA:15,0
DA:16,0
DA:17,0
DA:18,0
DA:19,0
DA:21,0
DA:25,0
DA:29,0
LF:13
LH:0
BRDA:8,0,0,0
BRDA:8,0,1,0
BRDA:25,1,0,0
BRDA:25,1,1,0
BRF:4
BRH:0
end_of_record
TN:
SF:src\core\calendar\domain\value-objects\slot-status.ts
FN:3,(anonymous_0)
FNF:1
FNH:0
FNDA:0,(anonymous_0)
DA:3,0
DA:5,0
DA:7,0
DA:9,0
DA:11,0
LF:5
LH:0
BRDA:3,0,0,0
BRDA:3,0,1,0
BRF:2
BRH:0
end_of_record
TN:
SF:src\core\calendar\infrastructure\models\calendar-slot.model.ts
FN:40,(anonymous_0)
FNF:1
FNH:0
FNDA:0,(anonymous_0)
DA:3,0
DA:26,0
DA:40,0
DA:41,0
DA:85,0
LF:5
LH:0
BRF:0
BRH:0
end_of_record
TN:
SF:src\core\calendar\infrastructure\persistence\calendar.repository.ts
FN:12,(anonymous_1)
FN:16,(anonymous_2)
FN:31,(anonymous_3)
FN:34,(anonymous_4)
FN:39,(anonymous_5)
FN:42,(anonymous_6)
FN:47,(anonymous_7)
FN:50,(anonymous_8)
FN:63,(anonymous_9)
FN:82,(anonymous_10)
FN:85,(anonymous_11)
FN:87,(anonymous_12)
FN:106,(anonymous_13)
FN:114,(anonymous_14)
FNF:14
FNH:0
FNDA:0,(anonymous_1)
FNDA:0,(anonymous_2)
FNDA:0,(anonymous_3)
FNDA:0,(anonymous_4)
FNDA:0,(anonymous_5)
FNDA:0,(anonymous_6)
FNDA:0,(anonymous_7)
FNDA:0,(anonymous_8)
FNDA:0,(anonymous_9)
FNDA:0,(anonymous_10)
FNDA:0,(anonymous_11)
FNDA:0,(anonymous_12)
FNDA:0,(anonymous_13)
FNDA:0,(anonymous_14)
DA:3,0
DA:4,0
DA:6,0
DA:7,0
DA:8,0
DA:11,0
DA:13,0
DA:21,0
DA:31,0
DA:35,0
DA:39,0
DA:43,0
DA:47,0
DA:54,0
DA:60,0
DA:69,0
DA:82,0
DA:87,0
DA:88,0
DA:89,0
DA:101,0
DA:107,0
DA:115,0
LF:23
LH:0
BRDA:60,0,0,0
BRDA:60,0,1,0
BRF:2
BRH:0
end_of_record
TN:
SF:src\core\cart\infrastructure\models\cart.model.ts
FNF:0
FNH:0
DA:1,0
DA:2,0
DA:14,0
DA:22,0
LF:4
LH:0
BRF:0
BRH:0
end_of_record
TN:
SF:src\core\cart\infrastructure\models\cartItem.model.ts
FNF:0
FNH:0
DA:1,0
DA:2,0
DA:16,0
DA:26,0
LF:4
LH:0
BRF:0
BRH:0
end_of_record
TN:
SF:src\core\listing\application\adapters\amenity.adapter.ts
FN:4,(anonymous_0)
FN:24,(anonymous_1)
FNF:2
FNH:0
FNDA:0,(anonymous_0)
FNDA:0,(anonymous_1)
DA:5,0
DA:22,0
DA:23,0
DA:24,0
DA:28,0
LF:5
LH:0
BRDA:24,0,0,0
BRDA:24,0,1,0
BRF:2
BRH:0
end_of_record
TN:
SF:src\core\listing\application\adapters\category.adapter.ts
FN:10,(anonymous_4)
FN:15,(anonymous_5)
FNF:2
FNH:0
FNDA:0,(anonymous_4)
FNDA:0,(anonymous_5)
DA:3,0
DA:6,0
DA:9,0
DA:12,0
DA:16,0
LF:5
LH:0
BRF:0
BRH:0
end_of_record
TN:
SF:src\core\listing\application\adapters\tenant.adapter.ts
FN:13,(anonymous_1)
FNF:1
FNH:0
FNDA:0,(anonymous_1)
DA:3,0
DA:12,0
DA:14,0
DA:18,0
LF:4
LH:0
BRF:0
BRH:0
end_of_record
TN:
SF:src\core\listing\application\factories\listingAIContextFactory.ts
FN:10,(anonymous_1)
FN:25,(anonymous_2)
FNF:2
FNH:0
FNDA:0,(anonymous_1)
FNDA:0,(anonymous_2)
DA:3,0
DA:8,0
DA:11,0
DA:16,0
DA:20,0
DA:25,0
LF:6
LH:0
BRF:0
BRH:0
end_of_record
TN:
SF:src\core\listing\application\usecase\createListing.usecase.ts
FN:50,(anonymous_4)
FN:61,(anonymous_5)
FN:97,(anonymous_6)
FN:105,(anonymous_7)
FN:114,(anonymous_8)
FN:115,(anonymous_9)
FN:122,(anonymous_10)
FN:130,(anonymous_11)
FNF:8
FNH:3
FNDA:15,(anonymous_4)
FNDA:17,(anonymous_5)
FNDA:17,(anonymous_6)
FNDA:0,(anonymous_7)
FNDA:0,(anonymous_8)
FNDA:0,(anonymous_9)
FNDA:0,(anonymous_10)
FNDA:0,(anonymous_11)
DA:1,1
DA:2,1
DA:3,1
DA:4,1
DA:6,1
DA:7,1
DA:10,1
DA:13,1
DA:14,1
DA:15,1
DA:49,1
DA:52,15
DA:54,15
DA:56,15
DA:58,15
DA:62,17
DA:63,4
DA:65,13
DA:66,1
DA:68,12
DA:69,1
DA:71,11
DA:72,1
DA:74,10
DA:75,1
DA:77,9
DA:78,2
DA:80,7
DA:81,1
DA:83,6
DA:84,1
DA:86,5
DA:87,1
DA:89,4
DA:90,1
DA:92,3
DA:93,1
DA:98,17
DA:99,0
DA:101,17
DA:102,2
DA:103,0
DA:104,0
DA:105,0
DA:106,0
DA:107,0
DA:110,2
DA:111,2
DA:112,0
DA:114,2
DA:115,2
DA:116,2
DA:117,0
DA:120,2
DA:121,2
DA:122,0
DA:124,2
DA:125,0
DA:128,2
DA:130,2
DA:131,0
DA:142,2
DA:143,0
DA:144,0
DA:147,2
DA:167,2
LF:66
LH:53
BRDA:62,0,0,4
BRDA:62,0,1,13
BRDA:62,1,0,17
BRDA:62,1,1,15
BRDA:65,2,0,1
BRDA:65,2,1,12
BRDA:65,3,0,13
BRDA:65,3,1,13
BRDA:65,3,2,12
BRDA:68,4,0,1
BRDA:68,4,1,11
BRDA:68,5,0,12
BRDA:68,5,1,12
BRDA:68,5,2,12
BRDA:71,6,0,1
BRDA:71,6,1,10
BRDA:71,7,0,11
BRDA:71,7,1,11
BRDA:71,7,2,10
BRDA:74,8,0,1
BRDA:74,8,1,9
BRDA:74,9,0,10
BRDA:74,9,1,10
BRDA:74,9,2,10
BRDA:77,10,0,2
BRDA:77,10,1,7
BRDA:77,11,0,9
BRDA:77,11,1,8
BRDA:77,11,2,8
BRDA:80,12,0,1
BRDA:80,12,1,6
BRDA:80,13,0,7
BRDA:80,13,1,6
BRDA:80,13,2,6
BRDA:83,14,0,1
BRDA:83,14,1,5
BRDA:83,15,0,6
BRDA:83,15,1,5
BRDA:83,15,2,5
BRDA:86,16,0,1
BRDA:86,16,1,4
BRDA:86,17,0,5
BRDA:86,17,1,4
BRDA:86,17,2,4
BRDA:89,18,0,1
BRDA:89,18,1,3
BRDA:89,19,0,4
BRDA:89,19,1,3
BRDA:89,19,2,3
BRDA:92,20,0,1
BRDA:92,20,1,2
BRDA:97,21,0,17
BRDA:98,22,0,0
BRDA:98,22,1,17
BRDA:98,23,0,17
BRDA:98,23,1,0
BRDA:98,23,2,0
BRDA:102,24,0,0
BRDA:102,24,1,2
BRDA:102,25,0,2
BRDA:102,25,1,2
BRDA:106,26,0,0
BRDA:106,26,1,0
BRDA:111,27,0,0
BRDA:111,27,1,2
BRDA:111,28,0,2
BRDA:111,28,1,2
BRDA:116,29,0,0
BRDA:116,29,1,2
BRDA:120,30,0,2
BRDA:120,30,1,0
BRDA:121,31,0,2
BRDA:121,31,1,0
BRDA:124,32,0,0
BRDA:124,32,1,2
BRDA:130,33,0,2
BRDA:130,33,1,0
BRDA:142,34,0,0
BRDA:142,34,1,2
BRDA:142,35,0,2
BRDA:142,35,1,0
BRDA:160,36,0,2
BRDA:160,36,1,0
BRF:83
BRH:68
end_of_record
TN:
SF:src\core\listing\application\usecase\deleteListing.usecase.ts
FN:17,(anonymous_4)
FN:29,(anonymous_5)
FNF:2
FNH:0
FNDA:0,(anonymous_4)
FNDA:0,(anonymous_5)
DA:1,0
DA:3,0
DA:4,0
DA:7,0
DA:11,0
DA:16,0
DA:19,0
DA:22,0
DA:25,0
DA:34,0
DA:36,0
DA:37,0
DA:41,0
DA:53,0
DA:54,0
DA:60,0
DA:63,0
LF:17
LH:0
BRDA:36,0,0,0
BRDA:36,0,1,0
BRDA:53,1,0,0
BRDA:53,1,1,0
BRDA:22,2,0,0
BRDA:22,2,1,0
BRDA:22,3,0,0
BRDA:22,3,1,0
BRF:8
BRH:0
end_of_record
TN:
SF:src\core\listing\application\usecase\deletePicture.usecase.ts
FN:10,(anonymous_4)
FN:17,(anonymous_5)
FNF:2
FNH:0
FNDA:0,(anonymous_4)
FNDA:0,(anonymous_5)
DA:2,0
DA:3,0
DA:4,0
DA:9,0
DA:12,0
DA:14,0
DA:18,0
DA:19,0
DA:21,0
DA:22,0
DA:23,0
DA:25,0
DA:26,0
LF:13
LH:0
BRDA:18,0,0,0
BRDA:18,0,1,0
BRDA:18,1,0,0
BRDA:18,1,1,0
BRDA:22,2,0,0
BRDA:22,2,1,0
BRF:6
BRH:0
end_of_record
TN:
SF:src\core\listing\application\usecase\getFeaturedListings.usecase.ts
FN:7,(anonymous_4)
FN:12,(anonymous_5)
FN:14,(anonymous_6)
FN:20,(anonymous_7)
FNF:4
FNH:0
FNDA:0,(anonymous_4)
FNDA:0,(anonymous_5)
FNDA:0,(anonymous_6)
FNDA:0,(anonymous_7)
DA:1,0
DA:3,0
DA:5,0
DA:6,0
DA:9,0
DA:13,0
DA:14,0
DA:20,0
DA:28,0
LF:9
LH:0
BRDA:12,0,0,0
BRF:1
BRH:0
end_of_record
TN:
SF:src\core\listing\application\usecase\getListingById.usecase.ts
FN:13,(anonymous_4)
FN:21,(anonymous_5)
FN:47,(anonymous_6)
FNF:3
FNH:0
FNDA:0,(anonymous_4)
FNDA:0,(anonymous_5)
FNDA:0,(anonymous_6)
DA:3,0
DA:7,0
DA:9,0
DA:11,0
DA:17,0
DA:23,0
DA:25,0
DA:27,0
DA:47,0
DA:63,0
LF:10
LH:0
BRDA:25,0,0,0
BRDA:25,0,1,0
BRF:2
BRH:0
end_of_record
TN:
SF:src\core\listing\application\usecase\getListings.usecase.ts
FN:7,(anonymous_4)
FN:12,(anonymous_5)
FN:17,(anonymous_6)
FNF:3
FNH:0
FNDA:0,(anonymous_4)
FNDA:0,(anonymous_5)
FNDA:0,(anonymous_6)
DA:1,0
DA:3,0
DA:5,0
DA:6,0
DA:9,0
DA:13,0
DA:14,0
DA:15,0
DA:17,0
DA:37,0
LF:10
LH:0
BRDA:15,0,0,0
BRDA:15,0,1,0
BRF:2
BRH:0
end_of_record
TN:
SF:src\core\listing\application\usecase\runListingAgentUseCase.ts
FN:12,(anonymous_4)
FN:17,(anonymous_5)
FNF:2
FNH:0
FNDA:0,(anonymous_4)
FNDA:0,(anonymous_5)
DA:3,0
DA:4,0
DA:7,0
DA:11,0
DA:14,0
DA:18,0
LF:6
LH:0
BRF:0
BRH:0
end_of_record
TN:
SF:src\core\listing\application\usecase\searchListingUseCase.ts
FN:9,(anonymous_4)
FN:14,(anonymous_5)
FN:19,(anonymous_6)
FNF:3
FNH:0
FNDA:0,(anonymous_4)
FNDA:0,(anonymous_5)
FNDA:0,(anonymous_6)
DA:2,2
DA:3,2
DA:7,2
DA:11,0
DA:16,0
DA:18,0
DA:19,0
LF:7
LH:3
BRF:0
BRH:0
end_of_record
TN:
SF:src\core\listing\application\usecase\seoAnalysisUseCase.ts
FN:12,(anonymous_4)
FN:26,(anonymous_5)
FN:22,(anonymous_6)
FNF:3
FNH:0
FNDA:0,(anonymous_4)
FNDA:0,(anonymous_5)
FNDA:0,(anonymous_6)
DA:2,0
DA:4,0
DA:5,0
DA:6,0
DA:7,0
DA:10,0
DA:15,0
DA:19,0
DA:22,0
DA:23,0
DA:29,0
DA:31,0
DA:32,0
DA:38,0
DA:44,0
DA:48,0
DA:53,0
LF:17
LH:0
BRDA:31,0,0,0
BRDA:31,0,1,0
BRF:2
BRH:0
end_of_record
TN:
SF:src\core\listing\application\usecase\updateListing.usecase.ts
FN:35,(anonymous_4)
FN:42,(anonymous_5)
FN:77,(anonymous_6)
FNF:3
FNH:0
FNDA:0,(anonymous_4)
FNDA:0,(anonymous_5)
FNDA:0,(anonymous_6)
DA:1,0
DA:2,0
DA:4,0
DA:5,0
DA:6,0
DA:8,0
DA:34,0
DA:37,0
DA:39,0
DA:43,0
DA:44,0
DA:45,0
DA:47,0
DA:58,0
DA:59,0
DA:62,0
DA:77,0
DA:83,0
DA:84,0
LF:19
LH:0
BRDA:44,0,0,0
BRDA:44,0,1,0
BRDA:58,1,0,0
BRDA:58,1,1,0
BRDA:65,2,0,0
BRDA:65,2,1,0
BRDA:66,3,0,0
BRDA:66,3,1,0
BRDA:67,4,0,0
BRDA:67,4,1,0
BRDA:68,5,0,0
BRDA:68,5,1,0
BRDA:69,6,0,0
BRDA:69,6,1,0
BRDA:70,7,0,0
BRDA:70,7,1,0
BRDA:71,8,0,0
BRDA:71,8,1,0
BRDA:72,9,0,0
BRDA:72,9,1,0
BRDA:73,10,0,0
BRDA:73,10,1,0
BRDA:74,11,0,0
BRDA:74,11,1,0
BRDA:75,12,0,0
BRDA:75,12,1,0
BRDA:76,13,0,0
BRDA:76,13,1,0
BRDA:77,14,0,0
BRDA:77,14,1,0
BRDA:78,15,0,0
BRDA:78,15,1,0
BRF:32
BRH:0
end_of_record
TN:
SF:src\core\listing\application\usecase\uploadGeneratedImage.usecase.ts
FN:11,(anonymous_4)
FN:16,(anonymous_5)
FNF:2
FNH:0
FNDA:0,(anonymous_4)
FNDA:0,(anonymous_5)
DA:3,0
DA:6,0
DA:7,0
DA:10,0
DA:13,0
DA:17,0
DA:19,0
DA:20,0
DA:25,0
DA:27,0
DA:28,0
DA:30,0
LF:12
LH:0
BRDA:19,0,0,0
BRDA:19,0,1,0
BRDA:25,1,0,0
BRDA:25,1,1,0
BRF:4
BRH:0
end_of_record
TN:
SF:src\core\listing\application\usecase\uploadImages.usecase.ts
FN:11,(anonymous_4)
FN:18,(anonymous_5)
FN:38,(anonymous_6)
FN:39,(anonymous_7)
FN:40,(anonymous_8)
FNF:5
FNH:0
FNDA:0,(anonymous_4)
FNDA:0,(anonymous_5)
FNDA:0,(anonymous_6)
FNDA:0,(anonymous_7)
FNDA:0,(anonymous_8)
DA:1,0
DA:2,0
DA:4,0
DA:5,0
DA:7,0
DA:10,0
DA:13,0
DA:15,0
DA:23,0
DA:24,0
DA:25,0
DA:28,0
DA:30,0
DA:31,0
DA:32,0
DA:33,0
DA:35,0
DA:36,0
DA:38,0
DA:39,0
DA:40,0
DA:41,0
DA:44,0
DA:46,0
DA:53,0
DA:63,0
DA:64,0
DA:65,0
DA:67,0
DA:71,0
LF:30
LH:0
BRDA:21,0,0,0
BRDA:23,1,0,0
BRDA:24,2,0,0
BRDA:24,2,1,0
BRDA:49,3,0,0
BRDA:49,3,1,0
BRDA:63,4,0,0
BRDA:63,4,1,0
BRF:8
BRH:0
end_of_record
TN:
SF:src\core\listing\domain\entities\category.ts
FN:9,(anonymous_0)
FN:11,(anonymous_1)
FN:12,(anonymous_2)
FN:13,(anonymous_3)
FNF:4
FNH:0
FNDA:0,(anonymous_0)
FNDA:0,(anonymous_1)
FNDA:0,(anonymous_2)
FNDA:0,(anonymous_3)
DA:8,0
DA:10,0
DA:11,0
DA:12,0
DA:13,0
LF:5
LH:0
BRF:0
BRH:0
end_of_record
TN:
SF:src\core\listing\domain\entities\listing.ts
FN:40,(anonymous_0)
FN:46,(anonymous_1)
FN:48,(anonymous_2)
FN:51,(anonymous_3)
FN:52,(anonymous_4)
FN:55,(anonymous_5)
FN:56,(anonymous_6)
FN:57,(anonymous_7)
FN:58,(anonymous_8)
FN:59,(anonymous_9)
FN:60,(anonymous_10)
FN:61,(anonymous_11)
FN:62,(anonymous_12)
FN:63,(anonymous_13)
FN:64,(anonymous_14)
FN:65,(anonymous_15)
FN:66,(anonymous_16)
FN:67,(anonymous_17)
FN:68,(anonymous_18)
FN:69,(anonymous_19)
FN:70,(anonymous_20)
FN:78,(anonymous_21)
FN:82,(anonymous_22)
FN:87,(anonymous_23)
FN:93,(anonymous_24)
FN:99,(anonymous_25)
FN:105,(anonymous_26)
FN:109,(anonymous_27)
FN:113,(anonymous_28)
FN:117,(anonymous_29)
FNF:30
FNH:0
FNDA:0,(anonymous_0)
FNDA:0,(anonymous_1)
FNDA:0,(anonymous_2)
FNDA:0,(anonymous_3)
FNDA:0,(anonymous_4)
FNDA:0,(anonymous_5)
FNDA:0,(anonymous_6)
FNDA:0,(anonymous_7)
FNDA:0,(anonymous_8)
FNDA:0,(anonymous_9)
FNDA:0,(anonymous_10)
FNDA:0,(anonymous_11)
FNDA:0,(anonymous_12)
FNDA:0,(anonymous_13)
FNDA:0,(anonymous_14)
FNDA:0,(anonymous_15)
FNDA:0,(anonymous_16)
FNDA:0,(anonymous_17)
FNDA:0,(anonymous_18)
FNDA:0,(anonymous_19)
FNDA:0,(anonymous_20)
FNDA:0,(anonymous_21)
FNDA:0,(anonymous_22)
FNDA:0,(anonymous_23)
FNDA:0,(anonymous_24)
FNDA:0,(anonymous_25)
FNDA:0,(anonymous_26)
FNDA:0,(anonymous_27)
FNDA:0,(anonymous_28)
FNDA:0,(anonymous_29)
DA:4,0
DA:5,0
DA:37,0
DA:41,0
DA:42,0
DA:46,0
DA:49,0
DA:51,0
DA:53,0
DA:55,0
DA:56,0
DA:57,0
DA:58,0
DA:59,0
DA:60,0
DA:61,0
DA:62,0
DA:63,0
DA:64,0
DA:65,0
DA:66,0
DA:67,0
DA:68,0
DA:69,0
DA:71,0
DA:79,0
DA:80,0
DA:83,0
DA:84,0
DA:88,0
DA:89,0
DA:94,0
DA:100,0
DA:106,0
DA:110,0
DA:114,0
DA:118,0
DA:119,0
LF:38
LH:0
BRDA:66,0,0,0
BRDA:66,0,1,0
BRDA:118,1,0,0
BRDA:118,1,1,0
BRDA:119,2,0,0
BRDA:119,2,1,0
BRF:6
BRH:0
end_of_record
TN:
SF:src\core\listing\domain\entities\listingAI.suggestion.ts
FN:5,(anonymous_0)
FN:12,(anonymous_1)
FNF:2
FNH:0
FNDA:0,(anonymous_0)
FNDA:0,(anonymous_1)
DA:3,0
DA:6,0
DA:7,0
DA:8,0
DA:9,0
DA:18,0
LF:6
LH:0
BRF:0
BRH:0
end_of_record
TN:
SF:src\core\listing\domain\entities\openAIAdapter.ts
FN:19,(anonymous_3)
FN:31,(anonymous_4)
FNF:2
FNH:0
FNDA:0,(anonymous_3)
FNDA:0,(anonymous_4)
DA:1,0
DA:2,0
DA:15,0
DA:20,0
DA:24,0
DA:26,0
DA:27,0
DA:34,0
DA:36,0
DA:62,0
DA:63,0
DA:65,0
DA:67,0
DA:71,0
DA:73,0
LF:15
LH:0
BRDA:21,0,0,0
BRDA:21,0,1,0
BRDA:24,1,0,0
BRDA:24,1,1,0
BRDA:26,2,0,0
BRDA:26,2,1,0
BRDA:62,3,0,0
BRDA:62,3,1,0
BRDA:74,4,0,0
BRDA:74,4,1,0
BRF:10
BRH:0
end_of_record
TN:
SF:src\core\listing\domain\entities\picture.ts
FN:14,(anonymous_0)
FN:17,(anonymous_1)
FN:19,(anonymous_2)
FN:23,(anonymous_3)
FN:26,(anonymous_4)
FN:30,(anonymous_5)
FN:34,(anonymous_6)
FN:38,(anonymous_7)
FN:42,(anonymous_8)
FNF:9
FNH:0
FNDA:0,(anonymous_0)
FNDA:0,(anonymous_1)
FNDA:0,(anonymous_2)
FNDA:0,(anonymous_3)
FNDA:0,(anonymous_4)
FNDA:0,(anonymous_5)
FNDA:0,(anonymous_6)
FNDA:0,(anonymous_7)
FNDA:0,(anonymous_8)
DA:13,0
DA:15,0
DA:17,0
DA:20,0
DA:24,0
DA:27,0
DA:31,0
DA:35,0
DA:39,0
DA:43,0
LF:10
LH:0
BRF:0
BRH:0
end_of_record
TN:
SF:src\core\listing\domain\entities\suggestionStatus.ts
FN:2,(anonymous_0)
FNF:1
FNH:0
FNDA:0,(anonymous_0)
DA:2,0
DA:3,0
DA:4,0
DA:5,0
DA:6,0
LF:5
LH:0
BRDA:2,0,0,0
BRDA:2,0,1,0
BRF:2
BRH:0
end_of_record
TN:
SF:src\core\listing\domain\value-objects\Title.ts
FN:6,(anonymous_0)
FN:11,(anonymous_1)
FN:15,(anonymous_2)
FN:22,(anonymous_3)
FNF:4
FNH:0
FNDA:0,(anonymous_0)
FNDA:0,(anonymous_1)
FNDA:0,(anonymous_2)
FNDA:0,(anonymous_3)
DA:3,0
DA:7,0
DA:8,0
DA:12,0
DA:16,0
DA:17,0
DA:23,0
LF:7
LH:0
BRDA:16,0,0,0
BRDA:16,0,1,0
BRDA:16,1,0,0
BRDA:16,1,1,0
BRF:4
BRH:0
end_of_record
TN:
SF:src\core\listing\domain\value-objects\address.ts
FN:4,(anonymous_0)
FN:10,(anonymous_1)
FNF:2
FNH:0
FNDA:0,(anonymous_0)
FNDA:0,(anonymous_1)
DA:3,0
DA:4,0
DA:5,0
DA:6,0
DA:11,0
LF:5
LH:0
BRDA:5,0,0,0
BRDA:5,0,1,0
BRDA:5,1,0,0
BRDA:5,1,1,0
BRF:4
BRH:0
end_of_record
TN:
SF:src\core\listing\domain\value-objects\description.ts
FN:4,(anonymous_0)
FN:9,(anonymous_1)
FN:13,(anonymous_2)
FN:19,(anonymous_3)
FNF:4
FNH:0
FNDA:0,(anonymous_0)
FNDA:0,(anonymous_1)
FNDA:0,(anonymous_2)
FNDA:0,(anonymous_3)
DA:1,0
DA:5,0
DA:6,0
DA:10,0
DA:14,0
DA:15,0
DA:20,0
LF:7
LH:0
BRDA:14,0,0,0
BRDA:14,0,1,0
BRDA:14,1,0,0
BRDA:14,1,1,0
BRF:4
BRH:0
end_of_record
TN:
SF:src\core\listing\infrastructure\mappers\listing.mapper.ts
FN:8,(anonymous_1)
FN:49,(anonymous_2)
FN:65,(anonymous_3)
FNF:3
FNH:0
FNDA:0,(anonymous_1)
FNDA:0,(anonymous_2)
FNDA:0,(anonymous_3)
DA:1,0
DA:2,0
DA:3,0
DA:4,0
DA:6,0
DA:9,0
DA:49,0
DA:66,0
LF:8
LH:0
BRDA:26,0,0,0
BRDA:26,0,1,0
BRDA:29,1,0,0
BRDA:29,1,1,0
BRDA:32,2,0,0
BRDA:32,2,1,0
BRDA:35,3,0,0
BRDA:35,3,1,0
BRDA:38,4,0,0
BRDA:38,4,1,0
BRDA:41,5,0,0
BRDA:41,5,1,0
BRDA:44,6,0,0
BRDA:44,6,1,0
BRDA:47,7,0,0
BRDA:47,7,1,0
BRDA:49,8,0,0
BRDA:49,8,1,0
BRDA:52,9,0,0
BRDA:52,9,1,0
BRF:20
BRH:0
end_of_record
TN:
SF:src\core\listing\infrastructure\mappers\listingAISuggestionMapper.ts
FN:4,(anonymous_0)
FN:13,(anonymous_1)
FNF:2
FNH:0
FNDA:0,(anonymous_0)
FNDA:0,(anonymous_1)
DA:1,0
DA:3,0
DA:5,0
DA:14,0
LF:4
LH:0
BRDA:8,0,0,0
BRDA:8,0,1,0
BRDA:9,1,0,0
BRDA:9,1,1,0
BRF:4
BRH:0
end_of_record
TN:
SF:src\core\listing\infrastructure\mappers\listingDTOMapper.ts
FN:6,(anonymous_0)
FN:34,(anonymous_1)
FNF:2
FNH:0
FNDA:0,(anonymous_0)
FNDA:0,(anonymous_1)
DA:5,0
DA:7,0
DA:34,0
LF:3
LH:0
BRDA:22,0,0,0
BRDA:22,0,1,0
BRF:2
BRH:0
end_of_record
TN:
SF:src\core\listing\infrastructure\mappers\picture.mapper.ts
FN:6,(anonymous_0)
FN:18,(anonymous_1)
FNF:2
FNH:0
FNDA:0,(anonymous_0)
FNDA:0,(anonymous_1)
DA:3,0
DA:7,0
DA:19,0
DA:23,0
LF:4
LH:0
BRF:0
BRH:0
end_of_record
TN:
SF:src\core\listing\infrastructure\models\associations.ts
FN:6,initAssociations
FNF:1
FNH:0
FNDA:0,initAssociations
DA:3,0
DA:4,0
DA:6,0
DA:10,0
DA:15,0
LF:5
LH:0
BRF:0
BRH:0
end_of_record
TN:
SF:src\core\listing\infrastructure\models\category.model.ts
FNF:0
FNH:0
DA:2,0
DA:3,0
DA:5,0
DA:7,0
LF:4
LH:0
BRF:0
BRH:0
end_of_record
TN:
SF:src\core\listing\infrastructure\models\listing.ai.suggestion.model.ts
FNF:0
FNH:0
DA:3,0
DA:4,0
DA:5,0
DA:8,0
DA:52,0
LF:5
LH:0
BRF:0
BRH:0
end_of_record
TN:
SF:src\core\listing\infrastructure\models\listing.model.ts
FNF:0
FNH:0
DA:1,0
DA:8,0
DA:39,0
DA:124,0
LF:4
LH:0
BRF:0
BRH:0
end_of_record
TN:
SF:src\core\listing\infrastructure\models\listingAmenities.model.ts
FNF:0
FNH:0
DA:3,0
DA:4,0
DA:10,0
DA:28,0
LF:4
LH:0
BRF:0
BRH:0
end_of_record
TN:
SF:src\core\listing\infrastructure\models\listingCategories.model.ts
FNF:0
FNH:0
DA:1,0
DA:2,0
DA:7,0
DA:25,0
LF:4
LH:0
BRF:0
BRH:0
end_of_record
TN:
SF:src\core\listing\infrastructure\models\listingLocations.model.ts
FNF:0
FNH:0
DA:2,0
DA:3,0
DA:7,0
DA:26,0
LF:4
LH:0
BRF:0
BRH:0
end_of_record
TN:
SF:src\core\listing\infrastructure\models\picture.model.ts
FN:28,initPictureModel
FNF:1
FNH:0
FNDA:0,initPictureModel
DA:1,0
DA:9,0
DA:28,0
DA:29,0
DA:77,0
LF:5
LH:0
BRF:0
BRH:0
end_of_record
TN:
SF:src\core\listing\infrastructure\persistence\listing.ai.suggestion.repository.ts
FN:13,(anonymous_4)
FN:18,(anonymous_5)
FN:29,(anonymous_6)
FN:31,(anonymous_7)
FN:34,(anonymous_8)
FNF:5
FNH:0
FNDA:0,(anonymous_4)
FNDA:0,(anonymous_5)
FNDA:0,(anonymous_6)
FNDA:0,(anonymous_7)
FNDA:0,(anonymous_8)
DA:3,0
DA:5,0
DA:7,0
DA:12,0
DA:15,0
DA:19,0
DA:20,0
DA:22,0
DA:23,0
DA:24,0
DA:26,0
DA:30,0
DA:31,0
DA:35,0
DA:36,0
LF:15
LH:0
BRDA:19,0,0,0
BRDA:19,0,1,0
BRDA:23,1,0,0
BRDA:23,1,1,0
BRF:4
BRH:0
end_of_record
TN:
SF:src\core\listing\infrastructure\persistence\listing.repository.ts
FN:22,(anonymous_5)
FN:25,(anonymous_6)
FN:36,(anonymous_7)
FN:45,(anonymous_8)
FN:50,(anonymous_9)
FN:51,(anonymous_10)
FN:51,(anonymous_11)
FN:54,(anonymous_12)
FN:64,(anonymous_13)
FN:70,(anonymous_14)
FN:75,(anonymous_15)
FN:92,(anonymous_16)
FN:98,(anonymous_17)
FN:108,(anonymous_18)
FN:110,(anonymous_19)
FN:113,(anonymous_20)
FN:126,(anonymous_21)
FN:137,(anonymous_22)
FN:143,(anonymous_23)
FN:148,(anonymous_24)
FN:186,(anonymous_25)
FN:197,(anonymous_26)
FN:207,(anonymous_27)
FN:217,(anonymous_28)
FNF:24
FNH:0
FNDA:0,(anonymous_5)
FNDA:0,(anonymous_6)
FNDA:0,(anonymous_7)
FNDA:0,(anonymous_8)
FNDA:0,(anonymous_9)
FNDA:0,(anonymous_10)
FNDA:0,(anonymous_11)
FNDA:0,(anonymous_12)
FNDA:0,(anonymous_13)
FNDA:0,(anonymous_14)
FNDA:0,(anonymous_15)
[...]
FN:13,(anonymous_4)
FN:18,(anonymous_5)
FN:40,(anonymous_6)
FN:46,(anonymous_7)
FN:55,(anonymous_8)
FN:65,(anonymous_9)
FN:74,(anonymous_10)
FNF:7
FNH:0
FNDA:0,(anonymous_4)
FNDA:0,(anonymous_5)
FNDA:0,(anonymous_6)
FNDA:0,(anonymous_7)
FNDA:0,(anonymous_8)
FNDA:0,(anonymous_9)
FNDA:0,(anonymous_10)
DA:3,0
DA:4,0
DA:5,0
DA:8,0
DA:9,0
DA:12,0
DA:15,0
DA:19,0
DA:24,0
DA:27,0
DA:28,0
DA:29,0
DA:32,0
DA:37,0
DA:41,0
DA:42,0
DA:45,0
DA:46,0
DA:47,0
DA:48,0
DA:53,0
DA:54,0
DA:55,0
DA:57,0
DA:58,0
DA:63,0
DA:64,0
DA:65,0
DA:67,0
DA:68,0
DA:73,0
DA:74,0
DA:75,0
DA:76,0
LF:34
LH:0
BRDA:19,0,0,0
BRDA:19,0,1,0
BRDA:28,1,0,0
BRDA:28,1,1,0
BRDA:28,2,0,0
BRDA:28,2,1,0
BRDA:28,2,2,0
BRDA:45,3,0,0
BRDA:45,3,1,0
BRDA:47,4,0,0
BRDA:47,4,1,0
BRDA:53,5,0,0
BRDA:53,5,1,0
BRDA:55,6,0,0
BRDA:55,6,1,0
BRDA:57,7,0,0
BRDA:57,7,1,0
BRDA:63,8,0,0
BRDA:63,8,1,0
BRDA:65,9,0,0
BRDA:65,9,1,0
BRDA:67,10,0,0
BRDA:67,10,1,0
BRDA:73,11,0,0
BRDA:73,11,1,0
BRDA:75,12,0,0
BRDA:75,12,1,0
BRDA:76,13,0,0
BRDA:76,13,1,0
BRDA:15,14,0,0
BRDA:15,14,1,0
BRDA:15,15,0,0
BRDA:15,15,1,0
BRF:33
BRH:0
end_of_record
TN:
SF:src\wisdom\orchestration\stage\response.stage.ts
FN:9,(anonymous_1)
FNF:1
FNH:0
FNDA:0,(anonymous_1)
DA:3,0
DA:8,0
DA:10,0
DA:12,0
DA:26,0
DA:27,0
LF:6
LH:0
BRDA:13,0,0,0
BRDA:13,0,1,0
BRDA:14,1,0,0
BRDA:14,1,1,0
BRDA:15,2,0,0
BRDA:15,2,1,0
BRDA:16,3,0,0
BRDA:16,3,1,0
BRDA:17,4,0,0
BRDA:17,4,1,0
BRDA:19,5,0,0
BRDA:19,5,1,0
BRDA:20,6,0,0
BRDA:20,6,1,0
BRDA:23,7,0,0
BRDA:23,7,1,0
BRF:16
BRH:0
end_of_record
TN:
SF:src\wisdom\orchestration\stage\routing.stage.ts
FN:13,(anonymous_4)
FN:18,(anonymous_5)
FNF:2
FNH:0
FNDA:0,(anonymous_4)
FNDA:0,(anonymous_5)
DA:4,0
DA:8,0
DA:9,0
DA:12,0
DA:15,0
DA:19,0
DA:20,0
LF:7
LH:0
BRF:0
BRH:0
end_of_record
TN:
SF:src\wisdom\orchestration\stage\semantic.stage.ts
FN:10,(anonymous_4)
FN:15,(anonymous_5)
FNF:2
FNH:0
FNDA:0,(anonymous_4)
FNDA:0,(anonymous_5)
DA:2,0
DA:3,0
DA:9,0
DA:12,0
DA:17,0
DA:18,0
DA:19,0
DA:20,0
LF:8
LH:0
BRF:0
BRH:0
end_of_record
TN:
SF:src\wisdom\orchestration\stage\summary.stage.ts
FN:14,(anonymous_4)
FN:19,(anonymous_5)
FNF:2
FNH:0
FNDA:0,(anonymous_4)
FNDA:0,(anonymous_5)
DA:5,0
DA:6,0
DA:10,0
DA:13,0
DA:16,0
DA:20,0
DA:22,0
DA:28,0
DA:35,0
DA:40,0
LF:10
LH:0
BRDA:20,0,0,0
BRDA:20,0,1,0
BRDA:30,1,0,0
BRDA:30,1,1,0
BRF:4
BRH:0
end_of_record
TN:
SF:src\wisdom\reference\IlistingReference-resolver.ts
FN:15,(anonymous_4)
FN:20,(anonymous_5)
FN:25,(anonymous_6)
FN:30,(anonymous_7)
FN:117,(anonymous_8)
FN:133,(anonymous_9)
FN:152,(anonymous_10)
FN:170,(anonymous_11)
FN:205,(anonymous_12)
FN:16,(anonymous_13)
FNF:10
FNH:8
FNDA:16,(anonymous_4)
FNDA:13,(anonymous_5)
FNDA:3,(anonymous_6)
FNDA:3,(anonymous_7)
FNDA:10,(anonymous_8)
FNDA:0,(anonymous_9)
FNDA:10,(anonymous_10)
FNDA:13,(anonymous_11)
FNDA:2,(anonymous_12)
FNDA:0,(anonymous_13)
DA:3,2
DA:6,2
DA:8,2
DA:10,2
DA:14,2
DA:16,0
DA:17,16
DA:24,13
DA:25,3
DA:29,13
DA:30,3
DA:32,13
DA:33,13
DA:35,10
DA:36,1
DA:37,1
DA:43,1
DA:52,10
DA:53,10
DA:54,0
DA:59,0
DA:63,10
DA:64,10
DA:65,6
DA:70,6
DA:74,4
DA:75,4
DA:76,3
DA:81,3
DA:85,4
DA:86,2
DA:90,2
DA:91,0
DA:93,0
DA:100,0
DA:106,0
DA:110,2
DA:111,2
DA:121,10
DA:122,10
DA:124,9
DA:127,9
DA:128,9
DA:130,9
DA:133,0
DA:134,0
DA:135,0
DA:136,0
DA:139,0
DA:140,0
DA:142,0
DA:156,10
DA:157,10
DA:161,9
DA:167,9
DA:170,13
DA:171,9
DA:173,9
DA:174,9
DA:176,9
DA:177,27
DA:178,27
DA:179,27
DA:180,27
DA:183,27
DA:184,27
DA:185,39
DA:186,12
DA:190,27
DA:191,8
DA:192,8
DA:193,6
DA:194,6
DA:202,9
DA:210,2
DA:211,2
DA:213,2
DA:216,2
DA:217,2
DA:219,2
DA:220,2
DA:222,2
LF:82
LH:68
BRDA:30,0,0,3
BRDA:30,0,1,2
BRDA:33,1,0,10
BRDA:33,1,1,3
BRDA:33,2,0,13
BRDA:33,2,1,13
BRDA:33,2,2,12
BRDA:35,3,0,1
BRDA:35,3,1,9
BRDA:35,4,0,10
BRDA:35,4,1,10
BRDA:53,5,0,0
BRDA:53,5,1,10
BRDA:64,6,0,6
BRDA:64,6,1,4
BRDA:75,7,0,3
BRDA:75,7,1,1
BRDA:75,8,0,4
BRDA:75,8,1,4
BRDA:85,9,0,2
BRDA:85,9,1,2
BRDA:90,10,0,0
BRDA:90,10,1,2
BRDA:90,11,0,2
BRDA:90,11,1,2
BRDA:122,12,0,1
BRDA:122,12,1,9
BRDA:122,13,0,10
BRDA:122,13,1,10
BRDA:130,14,0,9
BRDA:130,14,1,0
BRDA:130,15,0,9
BRDA:130,15,1,9
BRDA:134,16,0,0
BRDA:134,16,1,0
BRDA:135,17,0,0
BRDA:135,17,1,0
BRDA:136,18,0,0
BRDA:136,18,1,0
BRDA:140,19,0,0
BRDA:140,19,1,0
BRDA:157,20,0,1
BRDA:157,20,1,9
BRDA:157,21,0,10
BRDA:157,21,1,10
BRDA:167,22,0,0
BRDA:167,22,1,9
BRDA:171,23,0,0
BRDA:171,23,1,9
BRDA:177,24,0,27
BRDA:177,24,1,0
BRDA:178,25,0,27
BRDA:178,25,1,0
BRDA:179,26,0,27
BRDA:179,26,1,0
BRDA:185,27,0,12
BRDA:185,27,1,27
BRDA:190,28,0,8
BRDA:190,28,1,19
BRDA:192,29,0,6
BRDA:192,29,1,2
BRDA:211,30,0,0
BRDA:211,30,1,2
BRDA:211,31,0,2
BRDA:211,31,1,2
BRDA:217,32,0,0
BRDA:217,32,1,2
BRDA:220,33,0,0
BRDA:220,33,1,2
BRF:69
BRH:50
end_of_record
TN:
SF:src\wisdom\reference\mappers\listing-search-result.mapper.ts
FN:6,(anonymous_0)
FN:20,(anonymous_1)
FN:30,(anonymous_2)
FNF:3
FNH:1
FNDA:0,(anonymous_0)
FNDA:0,(anonymous_1)
FNDA:1,(anonymous_2)
DA:5,2
DA:7,0
DA:21,0
DA:31,1
LF:4
LH:2
BRDA:19,0,0,0
BRDA:19,0,1,0
BRDA:21,1,0,0
BRDA:21,1,1,0
BRDA:21,1,2,0
BRF:5
BRH:0
end_of_record
TN:
SF:src\wisdom\resolvers\aiRequest.factory.ts
FN:13,(anonymous_5)
FN:22,(anonymous_6)
FN:45,(anonymous_7)
FN:99,(anonymous_8)
FN:154,(anonymous_9)
FNF:5
FNH:0
FNDA:0,(anonymous_5)
FNDA:0,(anonymous_6)
FNDA:0,(anonymous_7)
FNDA:0,(anonymous_8)
FNDA:0,(anonymous_9)
DA:3,0
DA:4,0
DA:7,0
DA:8,0
DA:12,0
DA:15,0
DA:26,0
DA:28,0
DA:31,0
DA:34,0
DA:37,0
DA:46,0
DA:47,0
DA:49,0
DA:55,0
DA:57,0
DA:59,0
DA:100,0
DA:101,0
DA:103,0
DA:109,0
DA:111,0
DA:155,0
DA:156,0
DA:158,0
DA:164,0
DA:166,0
DA:168,0
LF:28
LH:0
BRDA:26,0,0,0
BRDA:26,0,1,0
BRDA:26,0,2,0
BRDA:26,0,3,0
BRDA:47,1,0,0
BRDA:47,1,1,0
BRDA:51,2,0,0
BRDA:51,2,1,0
BRDA:64,3,0,0
BRDA:64,3,1,0
BRDA:78,4,0,0
BRDA:78,4,1,0
BRDA:82,5,0,0
BRDA:82,5,1,0
BRDA:83,6,0,0
BRDA:83,6,1,0
BRDA:84,7,0,0
BRDA:84,7,1,0
BRDA:85,8,0,0
BRDA:85,8,1,0
BRDA:101,9,0,0
BRDA:101,9,1,0
BRDA:105,10,0,0
BRDA:105,10,1,0
BRDA:124,11,0,0
BRDA:124,11,1,0
BRDA:137,12,0,0
BRDA:137,12,1,0
BRDA:138,13,0,0
BRDA:138,13,1,0
BRDA:139,14,0,0
BRDA:139,14,1,0
BRDA:140,15,0,0
BRDA:140,15,1,0
BRDA:156,16,0,0
BRDA:156,16,1,0
BRDA:160,17,0,0
BRDA:160,17,1,0
BRDA:173,18,0,0
BRDA:173,18,1,0
BRDA:186,19,0,0
BRDA:186,19,1,0
BRDA:198,20,0,0
BRDA:198,20,1,0
BRDA:199,21,0,0
BRDA:199,21,1,0
BRDA:200,22,0,0
BRDA:200,22,1,0
BRDA:201,23,0,0
BRDA:201,23,1,0
BRF:50
BRH:0
end_of_record
TN:
SF:src\wisdom\resolvers\resolvers.ts
FN:9,(anonymous_0)
FNF:1
FNH:0
FNDA:0,(anonymous_0)
DA:1,0
DA:3,0
DA:4,0
DA:7,0
DA:10,0
DA:12,0
DA:13,0
DA:14,0
DA:40,0
DA:41,0
DA:42,0
DA:43,0
DA:45,0
DA:46,0
DA:50,0
LF:15
LH:0
BRDA:45,0,0,0
BRDA:45,0,1,0
BRDA:52,1,0,0
BRDA:52,1,1,0
BRF:4
BRH:0
end_of_record
TN:
SF:src\wisdom\schemas\semantic.schema.ts
FN:41,(anonymous_0)
FN:57,(anonymous_1)
FN:67,(anonymous_2)
FNF:3
FNH:0
FNDA:0,(anonymous_0)
FNDA:0,(anonymous_1)
FNDA:0,(anonymous_2)
DA:3,0
DA:15,0
DA:44,0
DA:48,0
DA:53,0
DA:55,0
DA:57,0
DA:61,0
DA:66,0
DA:67,0
DA:81,0
LF:11
LH:0
BRDA:44,0,0,0
BRDA:44,0,1,0
BRDA:44,0,2,0
BRDA:48,1,0,0
BRDA:48,1,1,0
BRDA:48,2,0,0
BRDA:48,2,1,0
BRDA:55,3,0,0
BRDA:55,3,1,0
BRDA:61,4,0,0
BRDA:61,4,1,0
BRDA:62,5,0,0
BRDA:62,5,1,0
BRF:13
BRH:0
end_of_record
TN:
SF:src\wisdom\semantic\semantic-context.ts
FN:7,(anonymous_0)
FN:8,(anonymous_1)
FN:16,(anonymous_2)
FN:25,(anonymous_3)
FN:29,(anonymous_4)
FN:33,(anonymous_5)
FNF:6
FNH:2
FNDA:5,(anonymous_0)
FNDA:0,(anonymous_1)
FNDA:13,(anonymous_2)
FNDA:0,(anonymous_3)
FNDA:0,(anonymous_4)
FNDA:0,(anonymous_5)
DA:7,8
DA:8,3
DA:15,3
DA:17,13
DA:18,13
DA:19,13
DA:20,13
DA:21,13
DA:22,13
DA:26,0
DA:30,0
DA:34,0
LF:12
LH:9
BRDA:22,0,0,0
BRDA:26,1,0,0
BRDA:26,1,1,0
BRDA:30,2,0,0
BRDA:30,2,1,0
BRF:5
BRH:0
end_of_record
TN:
SF:src\wisdom\semantic\semantic-extractor.ts
FN:27,(anonymous_4)
FN:50,(anonymous_5)
FNF:2
FNH:0
FNDA:0,(anonymous_4)
FNDA:0,(anonymous_5)
DA:10,0
DA:12,0
DA:13,0
DA:14,0
DA:15,0
DA:16,0
DA:17,0
DA:18,0
DA:20,0
DA:22,0
DA:23,0
DA:26,0
DA:29,0
DA:32,0
DA:35,0
DA:38,0
DA:41,0
DA:44,0
DA:47,0
DA:51,0
DA:52,0
DA:58,0
DA:62,0
DA:63,0
DA:65,0
DA:74,0
DA:85,0
DA:86,0
DA:89,0
LF:29
LH:0
BRDA:85,0,0,0
BRDA:85,0,1,0
BRDA:85,1,0,0
BRDA:85,1,1,0
BRF:4
BRH:0
end_of_record
TN:
SF:src\wisdom\semantic\extractors\booking-id.extractor.ts
FN:21,(anonymous_1)
FN:25,(anonymous_2)
FNF:2
FNH:0
FNDA:0,(anonymous_1)
FNDA:0,(anonymous_2)
DA:8,0
DA:10,0
DA:14,0
DA:17,0
DA:22,0
DA:27,0
DA:28,0
DA:29,0
DA:37,0
DA:38,0
DA:45,0
LF:11
LH:0
BRDA:28,0,0,0
BRDA:28,0,1,0
BRDA:37,1,0,0
BRDA:37,1,1,0
BRF:4
BRH:0
end_of_record
TN:
SF:src\wisdom\semantic\extractors\customer.extractor.ts
FN:15,(anonymous_1)
FNF:1
FNH:0
FNDA:0,(anonymous_1)
DA:8,0
DA:10,0
DA:14,0
DA:17,0
DA:18,0
DA:19,0
DA:27,0
DA:28,0
DA:29,0
DA:36,0
LF:10
LH:0
BRDA:18,0,0,0
BRDA:18,0,1,0
BRDA:28,1,0,0
BRDA:28,1,1,0
BRF:4
BRH:0
end_of_record
TN:
SF:src\wisdom\semantic\extractors\date.extractor.ts
FN:21,(anonymous_1)
FN:32,(anonymous_2)
FN:40,(anonymous_3)
FN:107,(anonymous_4)
FN:138,(anonymous_5)
FN:190,(anonymous_6)
FN:254,(anonymous_7)
FN:262,(anonymous_8)
FNF:8
FNH:0
FNDA:0,(anonymous_1)
FNDA:0,(anonymous_2)
FNDA:0,(anonymous_3)
FNDA:0,(anonymous_4)
FNDA:0,(anonymous_5)
FNDA:0,(anonymous_6)
FNDA:0,(anonymous_7)
FNDA:0,(anonymous_8)
DA:8,0
DA:10,0
DA:13,0
DA:20,0
DA:22,0
DA:33,0
DA:34,0
DA:35,0
DA:41,0
DA:44,0
DA:45,0
DA:46,0
DA:47,0
DA:48,0
DA:49,0
DA:56,0
DA:57,0
DA:58,0
DA:59,0
DA:60,0
DA:61,0
DA:68,0
DA:69,0
DA:70,0
DA:71,0
DA:72,0
DA:73,0
DA:80,0
DA:81,0
DA:82,0
DA:83,0
DA:84,0
DA:85,0
DA:86,0
DA:93,0
DA:94,0
DA:95,0
DA:96,0
DA:102,0
DA:109,0
DA:112,0
DA:113,0
DA:114,0
DA:115,0
DA:116,0
DA:117,0
DA:124,0
DA:125,0
DA:126,0
DA:127,0
DA:128,0
DA:133,0
DA:139,0
DA:140,0
DA:142,0
DA:143,0
DA:144,0
DA:145,0
DA:146,0
DA:147,0
DA:153,0
DA:154,0
DA:155,0
DA:156,0
DA:157,0
DA:158,0
DA:159,0
DA:165,0
DA:166,0
DA:167,0
DA:168,0
DA:169,0
DA:170,0
DA:176,0
DA:177,0
DA:178,0
DA:179,0
DA:185,0
DA:192,0
DA:195,0
DA:196,0
DA:203,0
DA:206,0
DA:207,0
DA:208,0
DA:209,0
DA:210,0
DA:211,0
DA:218,0
DA:221,0
DA:222,0
DA:223,0
DA:224,0
DA:225,0
DA:232,0
DA:235,0
DA:236,0
DA:237,0
DA:238,0
DA:239,0
DA:241,0
DA:242,0
DA:249,0
DA:255,0
DA:256,0
DA:257,0
DA:259,0
DA:263,0
DA:264,0
DA:265,0
DA:267,0
LF:111
LH:0
BRDA:44,0,0,0
BRDA:44,0,1,0
BRDA:56,1,0,0
BRDA:56,1,1,0
BRDA:68,2,0,0
BRDA:68,2,1,0
BRDA:70,3,0,0
BRDA:70,3,1,0
BRDA:80,4,0,0
BRDA:80,4,1,0
BRDA:81,5,0,0
BRDA:81,5,1,0
BRDA:93,6,0,0
BRDA:93,6,1,0
BRDA:112,7,0,0
BRDA:112,7,1,0
BRDA:125,8,0,0
BRDA:125,8,1,0
BRDA:125,9,0,0
BRDA:125,9,1,0
BRDA:142,10,0,0
BRDA:142,10,1,0
BRDA:144,11,0,0
BRDA:144,11,1,0
BRDA:153,12,0,0
BRDA:153,12,1,0
BRDA:154,13,0,0
BRDA:154,13,1,0
BRDA:165,14,0,0
BRDA:165,14,1,0
BRDA:176,15,0,0
BRDA:176,15,1,0
BRDA:195,16,0,0
BRDA:195,16,1,0
BRDA:206,17,0,0
BRDA:206,17,1,0
BRDA:207,18,0,0
BRDA:207,18,1,0
BRDA:208,19,0,0
BRDA:208,19,1,0
BRDA:221,20,0,0
BRDA:221,20,1,0
BRDA:222,21,0,0
BRDA:222,21,1,0
BRDA:235,22,0,0
BRDA:235,22,1,0
BRDA:241,23,0,0
BRDA:241,23,1,0
BRDA:241,24,0,0
BRDA:241,24,1,0
BRDA:241,24,2,0
BRDA:256,25,0,0
BRDA:256,25,1,0
BRDA:264,26,0,0
BRDA:264,26,1,0
BRF:55
BRH:0
end_of_record
TN:
SF:src\wisdom\semantic\extractors\intent.extractor.ts
FN:28,(anonymous_1)
FN:69,(anonymous_2)
FNF:2
FNH:0
FNDA:0,(anonymous_1)
FNDA:0,(anonymous_2)
DA:8,0
DA:9,0
DA:10,0
DA:19,0
DA:27,0
DA:29,0
DA:32,0
DA:33,0
DA:34,0
DA:36,0
DA:37,0
DA:39,0
DA:40,0
DA:42,0
DA:43,0
DA:45,0
DA:48,0
DA:49,0
DA:52,0
DA:53,0
DA:56,0
DA:57,0
DA:63,0
DA:64,0
DA:68,0
DA:69,0
DA:70,0
DA:75,0
DA:76,0
DA:80,0
DA:81,0
DA:85,0
DA:92,0
DA:96,0
LF:34
LH:0
BRDA:32,0,0,0
BRDA:32,0,1,0
BRDA:32,1,0,0
BRDA:32,1,1,0
BRDA:32,1,2,0
BRDA:32,1,3,0
BRDA:33,2,0,0
BRDA:33,2,1,0
BRDA:33,3,0,0
BRDA:33,3,1,0
BRDA:33,3,2,0
BRDA:36,4,0,0
BRDA:36,4,1,0
BRDA:36,5,0,0
BRDA:36,5,1,0
BRDA:36,5,2,0
BRDA:39,6,0,0
BRDA:39,6,1,0
BRDA:39,7,0,0
BRDA:39,7,1,0
BRDA:39,7,2,0
BRDA:42,8,0,0
BRDA:42,8,1,0
BRDA:42,9,0,0
BRDA:42,9,1,0
BRDA:48,10,0,0
BRDA:48,10,1,0
BRDA:48,11,0,0
BRDA:48,11,1,0
BRDA:52,12,0,0
BRDA:52,12,1,0
BRDA:52,13,0,0
BRDA:52,13,1,0
BRDA:52,13,2,0
BRDA:56,14,0,0
BRDA:56,14,1,0
BRDA:56,15,0,0
BRDA:56,15,1,0
BRDA:56,15,2,0
BRDA:63,16,0,0
BRDA:63,16,1,0
BRDA:63,17,0,0
BRDA:63,17,1,0
BRDA:63,17,2,0
BRDA:63,17,3,0
BRDA:69,18,0,0
BRDA:69,18,1,0
BRDA:75,19,0,0
BRDA:75,19,1,0
BRDA:75,20,0,0
BRDA:75,20,1,0
BRDA:80,21,0,0
BRDA:80,21,1,0
BRDA:80,22,0,0
BRDA:80,22,1,0
BRDA:80,22,2,0
BRDA:85,23,0,0
BRDA:85,23,1,0
BRDA:85,24,0,0
BRDA:85,24,1,0
BRDA:85,24,2,0
BRDA:85,24,3,0
BRDA:85,24,4,0
BRDA:85,24,5,0
BRDA:85,24,6,0
BRDA:85,24,7,0
BRDA:85,24,8,0
BRDA:85,24,9,0
BRDA:85,24,10,0
BRDA:85,24,11,0
BRDA:85,24,12,0
BRDA:85,24,13,0
BRDA:85,24,14,0
BRDA:85,24,15,0
BRDA:85,24,16,0
BRDA:85,24,17,0
BRDA:85,24,18,0
BRF:77
BRH:0
end_of_record
TN:
SF:src\wisdom\semantic\extractors\listing.extractor.ts
FN:21,(anonymous_1)
FN:25,(anonymous_2)
FNF:2
FNH:0
FNDA:0,(anonymous_1)
FNDA:0,(anonymous_2)
DA:11,0
DA:13,0
DA:17,0
DA:22,0
DA:27,0
DA:32,0
DA:33,0
DA:34,0
DA:35,0
DA:44,0
DA:45,0
DA:52,0
LF:12
LH:0
BRDA:34,0,0,0
BRDA:34,0,1,0
BRDA:44,1,0,0
BRDA:44,1,1,0
BRF:4
BRH:0
end_of_record
TN:
SF:src\wisdom\semantic\extractors\llm.extractor.ts
FN:17,(anonymous_4)
FN:22,(anonymous_5)
FN:75,(anonymous_6)
FN:96,(anonymous_7)
FN:114,(anonymous_8)
FN:131,(anonymous_9)
FN:142,(anonymous_10)
FNF:7
FNH:0
FNDA:0,(anonymous_4)
FNDA:0,(anonymous_5)
FNDA:0,(anonymous_6)
FNDA:0,(anonymous_7)
FNDA:0,(anonymous_8)
FNDA:0,(anonymous_9)
FNDA:0,(anonymous_10)
DA:3,0
DA:4,0
DA:5,0
DA:6,0
DA:7,0
DA:10,0
DA:12,0
DA:16,0
DA:19,0
DA:23,0
DA:53,0
DA:54,0
DA:55,0
DA:61,0
DA:62,0
DA:63,0
DA:65,0
DA:75,0
DA:81,0
DA:97,0
DA:111,0
DA:115,0
DA:128,0
DA:132,0
DA:139,0
DA:143,0
DA:152,0
DA:154,0
DA:162,0
DA:164,0
LF:30
LH:0
BRDA:54,0,0,0
BRDA:54,0,1,0
BRDA:75,1,0,0
BRDA:75,1,1,0
BRDA:78,2,0,0
BRDA:78,2,1,0
BRDA:78,2,2,0
BRDA:111,3,0,0
BRDA:111,3,1,0
BRDA:128,4,0,0
BRDA:128,4,1,0
BRDA:139,5,0,0
BRDA:139,5,1,0
BRDA:152,6,0,0
BRDA:152,6,1,0
BRDA:162,7,0,0
BRDA:162,7,1,0
BRF:17
BRH:0
end_of_record
TN:
SF:src\wisdom\semantic\extractors\location.extractor.ts
FN:15,(anonymous_1)
FNF:1
FNH:0
FNDA:0,(anonymous_1)
DA:8,0
DA:10,0
DA:14,0
DA:16,0
DA:21,0
DA:22,0
DA:23,0
DA:31,0
DA:32,0
DA:33,0
DA:41,0
DA:42,0
DA:43,0
DA:51,0
DA:52,0
DA:55,0
DA:56,0
DA:57,0
DA:58,0
DA:67,0
DA:68,0
DA:69,0
DA:70,0
DA:71,0
DA:72,0
DA:73,0
DA:82,0
DA:83,0
DA:84,0
DA:94,0
DA:95,0
DA:96,0
DA:98,0
DA:99,0
DA:100,0
DA:107,0
DA:108,0
DA:109,0
DA:110,0
DA:111,0
DA:112,0
DA:113,0
DA:118,0
DA:124,0
DA:125,0
DA:126,0
DA:133,0
LF:47
LH:0
BRDA:22,0,0,0
BRDA:22,0,1,0
BRDA:32,1,0,0
BRDA:32,1,1,0
BRDA:42,2,0,0
BRDA:42,2,1,0
BRDA:52,3,0,0
BRDA:52,3,1,0
BRDA:57,4,0,0
BRDA:57,4,1,0
BRDA:68,5,0,0
BRDA:68,5,1,0
BRDA:72,6,0,0
BRDA:72,6,1,0
BRDA:83,7,0,0
BRDA:83,7,1,0
BRDA:98,8,0,0
BRDA:98,8,1,0
BRDA:112,9,0,0
BRDA:112,9,1,0
BRDA:125,10,0,0
BRDA:125,10,1,0
BRF:22
BRH:0
end_of_record
TN:
SF:src\wisdom\semantic\extractors\message-rule.extractor.ts
FN:44,(anonymous_1)
FN:58,(anonymous_2)
FN:63,(anonymous_3)
FN:64,(anonymous_4)
FN:74,(anonymous_5)
FN:105,(anonymous_6)
FN:162,(anonymous_7)
FN:170,(anonymous_8)
FN:176,(anonymous_9)
FN:182,(anonymous_10)
FNF:10
FNH:0
FNDA:0,(anonymous_1)
FNDA:0,(anonymous_2)
FNDA:0,(anonymous_3)
FNDA:0,(anonymous_4)
FNDA:0,(anonymous_5)
FNDA:0,(anonymous_6)
FNDA:0,(anonymous_7)
FNDA:0,(anonymous_8)
FNDA:0,(anonymous_9)
FNDA:0,(anonymous_10)
DA:8,0
DA:9,0
DA:10,0
DA:11,0
DA:13,0
DA:18,0
DA:20,0
DA:27,0
DA:38,0
DA:45,0
DA:62,0
DA:63,0
DA:64,0
DA:65,0
DA:68,0
DA:69,0
DA:73,0
DA:74,0
DA:77,0
DA:78,0
DA:81,0
DA:82,0
DA:85,0
DA:89,0
DA:90,0
DA:94,0
DA:95,0
DA:98,0
DA:106,0
DA:107,0
DA:109,0
DA:111,0
DA:163,0
DA:164,0
DA:166,0
DA:172,0
DA:178,0
DA:183,0
DA:185,0
DA:186,0
DA:187,0
DA:190,0
LF:42
LH:0
BRDA:68,0,0,0
BRDA:68,0,1,0
BRDA:68,1,0,0
BRDA:68,1,1,0
BRDA:74,2,0,0
BRDA:74,2,1,0
BRDA:77,3,0,0
BRDA:77,3,1,0
BRDA:81,4,0,0
BRDA:81,4,1,0
BRDA:89,5,0,0
BRDA:89,5,1,0
BRDA:89,6,0,0
BRDA:89,6,1,0
BRDA:94,7,0,0
BRDA:94,7,1,0
BRDA:94,8,0,0
BRDA:94,8,1,0
BRDA:109,9,0,0
BRDA:109,9,1,0
BRDA:164,10,0,0
BRDA:164,10,1,0
BRDA:186,11,0,0
BRDA:186,11,1,0
BRF:24
BRH:0
end_of_record
TN:
SF:src\wisdom\semantic\extractors\rule.extractor.ts
FN:15,(anonymous_1)
FN:30,(anonymous_2)
FN:50,(anonymous_3)
FN:61,(anonymous_4)
FNF:4
FNH:0
FNDA:0,(anonymous_1)
FNDA:0,(anonymous_2)
FNDA:0,(anonymous_3)
FNDA:0,(anonymous_4)
DA:3,0
DA:4,0
DA:5,0
DA:6,0
DA:8,0
DA:11,0
DA:14,0
DA:16,0
DA:17,0
DA:20,0
DA:21,0
DA:22,0
DA:23,0
DA:24,0
DA:26,0
DA:27,0
DA:29,0
DA:30,0
DA:38,0
DA:39,0
DA:40,0
DA:41,0
DA:42,0
DA:45,0
DA:46,0
DA:47,0
DA:49,0
DA:50,0
DA:56,0
DA:57,0
DA:58,0
DA:60,0
DA:61,0
DA:67,0
LF:34
LH:0
BRDA:16,0,0,0
BRDA:16,0,1,0
BRDA:20,1,0,0
BRDA:20,1,1,0
BRDA:23,2,0,0
BRDA:23,2,1,0
BRDA:26,3,0,0
BRDA:26,3,1,0
BRDA:26,4,0,0
BRDA:26,4,1,0
BRDA:40,5,0,0
BRDA:40,5,1,0
BRDA:45,6,0,0
BRDA:45,6,1,0
BRDA:46,7,0,0
BRDA:46,7,1,0
BRDA:46,8,0,0
BRDA:46,8,1,0
BRDA:56,9,0,0
BRDA:56,9,1,0
BRDA:57,10,0,0
BRDA:57,10,1,0
BRDA:57,11,0,0
BRDA:57,11,1,0
BRF:24
BRH:0
end_of_record
TN:
SF:src\wisdom\shared\enums\action.enum.ts
FN:3,(anonymous_0)
FNF:1
FNH:1
FNDA:2,(anonymous_0)
DA:3,2
DA:5,2
DA:6,2
DA:7,2
DA:8,2
DA:9,2
DA:10,2
DA:11,2
DA:12,2
DA:13,2
DA:16,2
DA:17,2
DA:18,2
DA:19,2
DA:20,2
DA:21,2
DA:22,2
DA:23,2
DA:24,2
DA:25,2
DA:28,2
DA:29,2
LF:22
LH:22
BRDA:3,0,0,2
BRDA:3,0,1,2
BRF:2
BRH:2
end_of_record
TN:
SF:src\wisdom\shared\enums\artifact-type.enum.ts
FN:3,(anonymous_0)
FNF:1
FNH:0
FNDA:0,(anonymous_0)
DA:3,0
DA:6,0
DA:7,0
DA:10,0
DA:11,0
DA:12,0
DA:13,0
DA:14,0
DA:15,0
DA:18,0
DA:19,0
DA:20,0
DA:23,0
DA:24,0
DA:25,0
DA:26,0
DA:27,0
DA:29,0
DA:30,0
LF:19
LH:0
BRDA:3,0,0,0
BRDA:3,0,1,0
BRF:2
BRH:0
end_of_record
TN:
SF:src\wisdom\shared\enums\domain.enum.ts
FN:3,(anonymous_0)
FNF:1
FNH:1
FNDA:3,(anonymous_0)
DA:3,3
DA:4,3
DA:5,3
DA:6,3
DA:7,3
DA:8,3
DA:9,3
DA:10,3
LF:8
LH:8
BRDA:3,0,0,3
BRDA:3,0,1,3
BRF:2
BRH:2
end_of_record
TN:
SF:src\wisdom\shared\enums\entity-type.enum.ts
FN:3,(anonymous_0)
FNF:1
FNH:1
FNDA:3,(anonymous_0)
DA:3,3
DA:4,3
DA:5,3
DA:6,3
DA:7,3
DA:8,3
DA:9,3
DA:10,3
DA:11,3
DA:12,3
DA:13,3
DA:14,3
DA:15,3
DA:16,3
DA:17,3
DA:18,3
DA:19,3
DA:20,3
LF:18
LH:18
BRDA:3,0,0,3
BRDA:3,0,1,3
BRF:2
BRH:2
end_of_record
TN:
SF:src\wisdom\tools\analyzeListing.tool.ts
FN:12,(anonymous_1)
FNF:1
FNH:0
FNDA:0,(anonymous_1)
DA:2,0
DA:8,0
DA:14,0
LF:3
LH:0
BRF:0
BRH:0
end_of_record
TN:
SF:src\wisdom\tools\categoryOptimizationTool.ts
FN:9,(anonymous_0)
FNF:1
FNH:0
FNDA:0,(anonymous_0)
DA:7,0
DA:11,0
LF:2
LH:0
BRF:0
BRH:0
end_of_record
TN:
SF:src\wisdom\tools\openai.tool.ts
FN:14,(anonymous_3)
FN:25,(anonymous_4)
FNF:2
FNH:0
FNDA:0,(anonymous_3)
FNDA:0,(anonymous_4)
DA:2,0
DA:3,0
DA:11,0
DA:15,0
DA:16,0
DA:17,0
DA:20,0
DA:26,0
DA:34,0
LF:9
LH:0
BRDA:16,0,0,0
BRDA:16,0,1,0
BRDA:34,1,0,0
BRDA:34,1,1,0
BRF:4
BRH:0
end_of_record
TN:
SF:src\wisdom\tools\priceOptimizationTool.ts
FN:11,(anonymous_0)
FNF:1
FNH:0
FNDA:0,(anonymous_0)
DA:9,0
DA:13,0
LF:2
LH:0
BRF:0
BRH:0
end_of_record
TN:
SF:src\wisdom\tools\rewriteDescriptionTool.ts
FN:7,(anonymous_0)
FNF:1
FNH:0
FNDA:0,(anonymous_0)
DA:5,0
DA:9,0
LF:2
LH:0
BRF:0
BRH:0
end_of_record
TN:
SF:src\wisdom\tools\rewriteTitleTool.ts
FN:9,(anonymous_0)
FNF:1
FNH:0
FNDA:0,(anonymous_0)
DA:7,0
DA:11,0
LF:2
LH:0
BRF:0
BRH:0
end_of_record
TN:
SF:src\wisdom\tools\llm\llm.provider.ts
FN:10,(anonymous_4)
FN:20,(anonymous_5)
FN:30,(anonymous_6)
FNF:3
FNH:0
FNDA:0,(anonymous_4)
FNDA:0,(anonymous_5)
FNDA:0,(anonymous_6)
DA:3,0
DA:6,0
DA:10,0
DA:11,0
DA:12,0
DA:13,0
DA:14,0
DA:15,0
DA:19,0
DA:22,0
DA:31,0
DA:33,0
DA:35,0
DA:39,0
DA:43,0
LF:15
LH:0
BRDA:10,0,0,0
BRDA:10,0,1,0
BRDA:31,1,0,0
BRDA:31,1,1,0
BRDA:33,2,0,0
BRDA:33,2,1,0
BRDA:33,2,2,0
BRF:7
BRH:0
end_of_record
TN:
SF:src\wisdom\tools\llm\llm.router.ts
FN:16,(anonymous_4)
FN:23,(anonymous_5)
FNF:2
FNH:0
FNDA:0,(anonymous_4)
FNDA:0,(anonymous_5)
DA:4,0
DA:9,0
DA:14,0
DA:19,0
DA:27,0
DA:29,0
DA:32,0
DA:47,0
LF:8
LH:0
BRDA:27,0,0,0
BRDA:27,0,1,0
BRDA:29,1,0,0
BRDA:29,1,1,0
BRF:4
BRH:0
end_of_record
TN:
SF:src\wisdom\tools\llm\llm.tokens.ts
FNF:0
FNH:0
DA:1,0
LF:1
LH:0
BRF:0
BRH:0
end_of_record
TN:
SF:src\wisdom\tools\llm\openai.provider.ts
FN:11,(anonymous_3)
FN:19,(anonymous_4)
FNF:2
FNH:0
FNDA:0,(anonymous_3)
FNDA:0,(anonymous_4)
DA:2,0
DA:3,0
DA:7,0
DA:13,0
DA:22,0
DA:36,0
LF:6
LH:0
BRDA:37,0,0,0
BRDA:37,0,1,0
BRF:2
BRH:0
end_of_record
